2023-12-22 06:20:31 LogWrapper init() ./logs/EUR_USD.log
2023-12-22 06:20:31 TradeSettings(pair=EUR_USD, bollinger_bands={'n_ma': 12, 'n_std': 2.5, 'maxspread': 0.0003, 'mingain': 0.0005, 'riskreward': 2.0}, ichimoku_cloud={'n1': 9, 'n2': 26, 'n3': 52}, cmf={'n_cmf': 20}, atr_settings={'n_atr': 14, 'tp_multiplier': 2.0, 'sl_multiplier': 1.0})
2023-12-22 06:20:38 CandleManager() init last_candle:last_candle:23-12-22 05:19 is_ready:False
2023-12-22 06:21:08 CandleManager() new candle:last_candle:23-12-22 05:20 is_ready:True
2023-12-22 06:21:09 tech_manager: max_rows:113 candle_time:2023-12-22 05:20:00+00:00 granularity:M1
2023-12-22 06:21:09 process_candles:
        PAIR                      time    mid_c    mid_o  SL  TP   SPREAD      GAIN     LOSS  SIGNAL
107  EUR_USD 2023-12-22 05:16:00+00:00  1.09981  1.09985   0   0  0.00016  0.618487  1.09981       0
108  EUR_USD 2023-12-22 05:17:00+00:00  1.09977  1.09983   0   0  0.00016  0.606519  1.09977       0
109  EUR_USD 2023-12-22 05:18:00+00:00  1.09976  1.09974   0   0  0.00015  0.603246  1.09976       0
110  EUR_USD 2023-12-22 05:19:00+00:00  1.09966  1.09976   0   0  0.00016  0.625655  1.09966       0
111  EUR_USD 2023-12-22 05:20:00+00:00  1.09963  1.09966   0   0  0.00016  0.598418  1.09963       0
2023-12-22 06:22:11 CandleManager() new candle:last_candle:23-12-22 05:21 is_ready:True
2023-12-22 06:22:12 tech_manager: max_rows:113 candle_time:2023-12-22 05:21:00+00:00 granularity:M1
2023-12-22 06:22:12 process_candles:
        PAIR                      time    mid_c    mid_o  SL  TP   SPREAD      GAIN     LOSS  SIGNAL
107  EUR_USD 2023-12-22 05:17:00+00:00  1.09977  1.09983   0   0  0.00016  0.606519  1.09977       0
108  EUR_USD 2023-12-22 05:18:00+00:00  1.09976  1.09974   0   0  0.00015  0.603246  1.09976       0
109  EUR_USD 2023-12-22 05:19:00+00:00  1.09966  1.09976   0   0  0.00016  0.625655  1.09966       0
110  EUR_USD 2023-12-22 05:20:00+00:00  1.09963  1.09966   0   0  0.00016  0.598418  1.09963       0
111  EUR_USD 2023-12-22 05:21:00+00:00  1.09964  1.09964   0   0  0.00015  0.584956  1.09964       0
2023-12-22 06:23:12 CandleManager() new candle:last_candle:23-12-22 05:22 is_ready:True
2023-12-22 06:23:13 tech_manager: max_rows:113 candle_time:2023-12-22 05:22:00+00:00 granularity:M1
2023-12-22 06:23:13 process_candles:
        PAIR                      time    mid_c    mid_o  SL  TP   SPREAD      GAIN     LOSS  SIGNAL
107  EUR_USD 2023-12-22 05:18:00+00:00  1.09976  1.09974   0   0  0.00015  0.603246  1.09976       0
108  EUR_USD 2023-12-22 05:19:00+00:00  1.09966  1.09976   0   0  0.00016  0.625655  1.09966       0
109  EUR_USD 2023-12-22 05:20:00+00:00  1.09963  1.09966   0   0  0.00016  0.598418  1.09963       0
110  EUR_USD 2023-12-22 05:21:00+00:00  1.09964  1.09964   0   0  0.00015  0.584956  1.09964       0
111  EUR_USD 2023-12-22 05:22:00+00:00  1.09967  1.09965   0   0  0.00016  0.607005  1.09967       0
2023-12-22 06:24:14 CandleManager() new candle:last_candle:23-12-22 05:23 is_ready:True
2023-12-22 06:24:16 tech_manager: max_rows:113 candle_time:2023-12-22 05:23:00+00:00 granularity:M1
2023-12-22 06:24:16 process_candles:
        PAIR                      time    mid_c    mid_o  SL  TP   SPREAD      GAIN     LOSS  SIGNAL
107  EUR_USD 2023-12-22 05:19:00+00:00  1.09966  1.09976   0   0  0.00016  0.625655  1.09966       0
108  EUR_USD 2023-12-22 05:20:00+00:00  1.09963  1.09966   0   0  0.00016  0.598418  1.09963       0
109  EUR_USD 2023-12-22 05:21:00+00:00  1.09964  1.09964   0   0  0.00015  0.584956  1.09964       0
110  EUR_USD 2023-12-22 05:22:00+00:00  1.09967  1.09965   0   0  0.00016  0.607005  1.09967       0
111  EUR_USD 2023-12-22 05:23:00+00:00  1.09972  1.09966   0   0  0.00016  0.574323  1.09972       0
2023-12-22 06:25:02 CandleManager() new candle:last_candle:23-12-22 05:24 is_ready:True
2023-12-22 06:25:03 tech_manager: max_rows:113 candle_time:2023-12-22 05:24:00+00:00 granularity:M1
2023-12-22 06:25:03 process_candles:
        PAIR                      time    mid_c    mid_o  SL  TP   SPREAD      GAIN     LOSS  SIGNAL
107  EUR_USD 2023-12-22 05:20:00+00:00  1.09963  1.09966   0   0  0.00016  0.598418  1.09963       0
108  EUR_USD 2023-12-22 05:21:00+00:00  1.09964  1.09964   0   0  0.00015  0.584956  1.09964       0
109  EUR_USD 2023-12-22 05:22:00+00:00  1.09967  1.09965   0   0  0.00016  0.607005  1.09967       0
110  EUR_USD 2023-12-22 05:23:00+00:00  1.09972  1.09966   0   0  0.00016  0.574323  1.09972       0
111  EUR_USD 2023-12-22 05:24:00+00:00  1.09969  1.09972   0   0  0.00016  0.592001  1.09969       0
2023-12-22 06:26:04 CandleManager() new candle:last_candle:23-12-22 05:25 is_ready:True
2023-12-22 06:26:05 tech_manager: max_rows:113 candle_time:2023-12-22 05:25:00+00:00 granularity:M1
2023-12-22 06:26:05 process_candles:
        PAIR                      time    mid_c    mid_o  SL  TP   SPREAD      GAIN     LOSS  SIGNAL
107  EUR_USD 2023-12-22 05:21:00+00:00  1.09964  1.09964   0   0  0.00015  0.584956  1.09964       0
108  EUR_USD 2023-12-22 05:22:00+00:00  1.09967  1.09965   0   0  0.00016  0.607005  1.09967       0
109  EUR_USD 2023-12-22 05:23:00+00:00  1.09972  1.09966   0   0  0.00016  0.574323  1.09972       0
110  EUR_USD 2023-12-22 05:24:00+00:00  1.09969  1.09972   0   0  0.00016  0.592001  1.09969       0
111  EUR_USD 2023-12-22 05:25:00+00:00  1.09972  1.09967   0   0  0.00016  0.540857  1.09972       0
2023-12-22 06:27:07 CandleManager() new candle:last_candle:23-12-22 05:26 is_ready:True
2023-12-22 06:27:08 tech_manager: max_rows:113 candle_time:2023-12-22 05:26:00+00:00 granularity:M1
2023-12-22 06:27:08 process_candles:
        PAIR                      time    mid_c    mid_o  SL  TP   SPREAD      GAIN     LOSS  SIGNAL
107  EUR_USD 2023-12-22 05:22:00+00:00  1.09967  1.09965   0   0  0.00016  0.607005  1.09967       0
108  EUR_USD 2023-12-22 05:23:00+00:00  1.09972  1.09966   0   0  0.00016  0.574323  1.09972       0
109  EUR_USD 2023-12-22 05:24:00+00:00  1.09969  1.09972   0   0  0.00016  0.592001  1.09969       0
110  EUR_USD 2023-12-22 05:25:00+00:00  1.09972  1.09967   0   0  0.00016  0.540857  1.09972       0
111  EUR_USD 2023-12-22 05:26:00+00:00  1.09973  1.09974   0   0  0.00016  0.494664  1.09973       0
2023-12-22 06:28:09 CandleManager() new candle:last_candle:23-12-22 05:27 is_ready:True
2023-12-22 06:28:11 tech_manager: max_rows:113 candle_time:2023-12-22 05:27:00+00:00 granularity:M1
2023-12-22 06:28:11 process_candles:
        PAIR                      time    mid_c    mid_o  SL  TP   SPREAD      GAIN     LOSS  SIGNAL
107  EUR_USD 2023-12-22 05:23:00+00:00  1.09972  1.09966   0   0  0.00016  0.574323  1.09972       0
108  EUR_USD 2023-12-22 05:24:00+00:00  1.09969  1.09972   0   0  0.00016  0.592001  1.09969       0
109  EUR_USD 2023-12-22 05:25:00+00:00  1.09972  1.09967   0   0  0.00016  0.540857  1.09972       0
110  EUR_USD 2023-12-22 05:26:00+00:00  1.09973  1.09974   0   0  0.00016  0.494664  1.09973       0
111  EUR_USD 2023-12-22 05:27:00+00:00  1.09982  1.09976   0   0  0.00015  0.493515  1.09982       0
2023-12-22 06:29:12 CandleManager() new candle:last_candle:23-12-22 05:28 is_ready:True
2023-12-22 06:29:14 tech_manager: max_rows:113 candle_time:2023-12-22 05:28:00+00:00 granularity:M1
2023-12-22 06:29:14 process_candles:
        PAIR                      time    mid_c    mid_o  SL  TP   SPREAD      GAIN     LOSS  SIGNAL
107  EUR_USD 2023-12-22 05:24:00+00:00  1.09969  1.09972   0   0  0.00016  0.592001  1.09969       0
108  EUR_USD 2023-12-22 05:25:00+00:00  1.09972  1.09967   0   0  0.00016  0.540857  1.09972       0
109  EUR_USD 2023-12-22 05:26:00+00:00  1.09973  1.09974   0   0  0.00016  0.494664  1.09973       0
110  EUR_USD 2023-12-22 05:27:00+00:00  1.09982  1.09976   0   0  0.00015  0.493515  1.09982       0
111  EUR_USD 2023-12-22 05:28:00+00:00  1.09982  1.09984   0   0  0.00015  0.507232  1.09982       0
2023-12-22 06:30:11 CandleManager() new candle:last_candle:23-12-22 05:29 is_ready:True
2023-12-22 06:30:12 tech_manager: max_rows:113 candle_time:2023-12-22 05:29:00+00:00 granularity:M1
2023-12-22 06:30:12 process_candles:
        PAIR                      time    mid_c    mid_o  SL  TP   SPREAD      GAIN     LOSS  SIGNAL
107  EUR_USD 2023-12-22 05:25:00+00:00  1.09972  1.09967   0   0  0.00016  0.540857  1.09972       0
108  EUR_USD 2023-12-22 05:26:00+00:00  1.09973  1.09974   0   0  0.00016  0.494664  1.09973       0
109  EUR_USD 2023-12-22 05:27:00+00:00  1.09982  1.09976   0   0  0.00015  0.493515  1.09982       0
110  EUR_USD 2023-12-22 05:28:00+00:00  1.09982  1.09984   0   0  0.00015  0.507232  1.09982       0
111  EUR_USD 2023-12-22 05:29:00+00:00  1.09986  1.09984   0   0  0.00016  0.479869  1.09986       0
2023-12-22 06:31:14 CandleManager() new candle:last_candle:23-12-22 05:30 is_ready:True
2023-12-22 06:31:15 tech_manager: max_rows:113 candle_time:2023-12-22 05:30:00+00:00 granularity:M1
2023-12-22 06:31:15 process_candles:
        PAIR                      time    mid_c    mid_o  SL  TP   SPREAD      GAIN     LOSS  SIGNAL
107  EUR_USD 2023-12-22 05:26:00+00:00  1.09973  1.09974   0   0  0.00016  0.494664  1.09973       0
108  EUR_USD 2023-12-22 05:27:00+00:00  1.09982  1.09976   0   0  0.00015  0.493515  1.09982       0
109  EUR_USD 2023-12-22 05:28:00+00:00  1.09982  1.09984   0   0  0.00015  0.507232  1.09982       0
110  EUR_USD 2023-12-22 05:29:00+00:00  1.09986  1.09984   0   0  0.00016  0.479869  1.09986       0
111  EUR_USD 2023-12-22 05:30:00+00:00  1.09992  1.09985   0   0  0.00016  0.447975  1.09992       0
2023-12-22 06:32:01 CandleManager() new candle:last_candle:23-12-22 05:31 is_ready:True
2023-12-22 06:32:01 tech_manager: max_rows:113 candle_time:2023-12-22 05:31:00+00:00 granularity:M1
2023-12-22 06:32:01 process_candles:
        PAIR                      time    mid_c    mid_o  SL  TP   SPREAD      GAIN     LOSS  SIGNAL
107  EUR_USD 2023-12-22 05:27:00+00:00  1.09982  1.09976   0   0  0.00015  0.493515  1.09982       0
108  EUR_USD 2023-12-22 05:28:00+00:00  1.09982  1.09984   0   0  0.00015  0.507232  1.09982       0
109  EUR_USD 2023-12-22 05:29:00+00:00  1.09986  1.09984   0   0  0.00016  0.479869  1.09986       0
110  EUR_USD 2023-12-22 05:30:00+00:00  1.09992  1.09985   0   0  0.00016  0.447975  1.09992       0
111  EUR_USD 2023-12-22 05:31:00+00:00  1.09988  1.09990   0   0  0.00015  0.469059  1.09988       0
2023-12-22 06:33:19 CandleManager() new candle:last_candle:23-12-22 05:32 is_ready:True
2023-12-22 06:33:20 tech_manager: max_rows:113 candle_time:2023-12-22 05:32:00+00:00 granularity:M1
2023-12-22 06:33:20 process_candles:
        PAIR                      time    mid_c    mid_o  SL  TP   SPREAD      GAIN     LOSS  SIGNAL
107  EUR_USD 2023-12-22 05:28:00+00:00  1.09982  1.09984   0   0  0.00015  0.507232  1.09982       0
108  EUR_USD 2023-12-22 05:29:00+00:00  1.09986  1.09984   0   0  0.00016  0.479869  1.09986       0
109  EUR_USD 2023-12-22 05:30:00+00:00  1.09992  1.09985   0   0  0.00016  0.447975  1.09992       0
110  EUR_USD 2023-12-22 05:31:00+00:00  1.09988  1.09990   0   0  0.00015  0.469059  1.09988       0
111  EUR_USD 2023-12-22 05:32:00+00:00  1.09987  1.09988   0   0  0.00016  0.507246  1.09987       0
2023-12-22 06:34:06 CandleManager() new candle:last_candle:23-12-22 05:33 is_ready:True
2023-12-22 06:34:07 tech_manager: max_rows:113 candle_time:2023-12-22 05:33:00+00:00 granularity:M1
2023-12-22 06:34:07 process_candles:
        PAIR                      time    mid_c    mid_o  SL  TP   SPREAD      GAIN     LOSS  SIGNAL
107  EUR_USD 2023-12-22 05:29:00+00:00  1.09986  1.09984   0   0  0.00016  0.479869  1.09986       0
108  EUR_USD 2023-12-22 05:30:00+00:00  1.09992  1.09985   0   0  0.00016  0.447975  1.09992       0
109  EUR_USD 2023-12-22 05:31:00+00:00  1.09988  1.09990   0   0  0.00015  0.469059  1.09988       0
110  EUR_USD 2023-12-22 05:32:00+00:00  1.09987  1.09988   0   0  0.00016  0.507246  1.09987       0
111  EUR_USD 2023-12-22 05:33:00+00:00  1.09987  1.09988   0   0  0.00016  0.526432  1.09987       0
2023-12-22 06:35:09 CandleManager() new candle:last_candle:23-12-22 05:34 is_ready:True
2023-12-22 06:35:10 tech_manager: max_rows:113 candle_time:2023-12-22 05:34:00+00:00 granularity:M1
2023-12-22 06:35:10 process_candles:
        PAIR                      time    mid_c    mid_o  SL  TP   SPREAD      GAIN     LOSS  SIGNAL
107  EUR_USD 2023-12-22 05:30:00+00:00  1.09992  1.09985   0   0  0.00016  0.447975  1.09992       0
108  EUR_USD 2023-12-22 05:31:00+00:00  1.09988  1.09990   0   0  0.00015  0.469059  1.09988       0
109  EUR_USD 2023-12-22 05:32:00+00:00  1.09987  1.09988   0   0  0.00016  0.507246  1.09987       0
110  EUR_USD 2023-12-22 05:33:00+00:00  1.09987  1.09988   0   0  0.00016  0.526432  1.09987       0
111  EUR_USD 2023-12-22 05:34:00+00:00  1.09987  1.09988   0   0  0.00016  0.548989  1.09987       0
2023-12-22 06:36:12 CandleManager() new candle:last_candle:23-12-22 05:35 is_ready:True
2023-12-22 06:36:13 tech_manager: max_rows:113 candle_time:2023-12-22 05:35:00+00:00 granularity:M1
2023-12-22 06:36:13 process_candles:
        PAIR                      time    mid_c    mid_o  SL  TP   SPREAD      GAIN     LOSS  SIGNAL
107  EUR_USD 2023-12-22 05:31:00+00:00  1.09988  1.09990   0   0  0.00015  0.469059  1.09988       0
108  EUR_USD 2023-12-22 05:32:00+00:00  1.09987  1.09988   0   0  0.00016  0.507246  1.09987       0
109  EUR_USD 2023-12-22 05:33:00+00:00  1.09987  1.09988   0   0  0.00016  0.526432  1.09987       0
110  EUR_USD 2023-12-22 05:34:00+00:00  1.09987  1.09988   0   0  0.00016  0.548989  1.09987       0
111  EUR_USD 2023-12-22 05:35:00+00:00  1.09967  1.09988   0   0  0.00016  0.560721  1.09967       0
2023-12-22 06:37:14 CandleManager() new candle:last_candle:23-12-22 05:36 is_ready:True
2023-12-22 06:37:15 tech_manager: max_rows:113 candle_time:2023-12-22 05:36:00+00:00 granularity:M1
2023-12-22 06:37:15 process_candles:
        PAIR                      time    mid_c    mid_o  SL  TP   SPREAD      GAIN     LOSS  SIGNAL
107  EUR_USD 2023-12-22 05:32:00+00:00  1.09987  1.09988   0   0  0.00016  0.507246  1.09987       0
108  EUR_USD 2023-12-22 05:33:00+00:00  1.09987  1.09988   0   0  0.00016  0.526432  1.09987       0
109  EUR_USD 2023-12-22 05:34:00+00:00  1.09987  1.09988   0   0  0.00016  0.548989  1.09987       0
110  EUR_USD 2023-12-22 05:35:00+00:00  1.09967  1.09988   0   0  0.00016  0.560721  1.09967       0
111  EUR_USD 2023-12-22 05:36:00+00:00  1.09973  1.09965   0   0  0.00016  0.513129  1.09973       0
2023-12-22 06:38:15 CandleManager() new candle:last_candle:23-12-22 05:37 is_ready:True
2023-12-22 06:38:16 tech_manager: max_rows:113 candle_time:2023-12-22 05:37:00+00:00 granularity:M1
2023-12-22 06:38:16 process_candles:
        PAIR                      time    mid_c    mid_o  SL  TP   SPREAD      GAIN     LOSS  SIGNAL
107  EUR_USD 2023-12-22 05:33:00+00:00  1.09987  1.09988   0   0  0.00016  0.526432  1.09987       0
108  EUR_USD 2023-12-22 05:34:00+00:00  1.09987  1.09988   0   0  0.00016  0.548989  1.09987       0
109  EUR_USD 2023-12-22 05:35:00+00:00  1.09967  1.09988   0   0  0.00016  0.560721  1.09967       0
110  EUR_USD 2023-12-22 05:36:00+00:00  1.09973  1.09965   0   0  0.00016  0.513129  1.09973       0
111  EUR_USD 2023-12-22 05:37:00+00:00  1.09984  1.09974   0   0  0.00017  0.475964  1.09984       0
2023-12-22 06:39:18 CandleManager() new candle:last_candle:23-12-22 05:38 is_ready:True
2023-12-22 06:39:19 tech_manager: max_rows:113 candle_time:2023-12-22 05:38:00+00:00 granularity:M1
2023-12-22 06:39:19 process_candles:
        PAIR                      time    mid_c    mid_o  SL  TP   SPREAD      GAIN     LOSS  SIGNAL
107  EUR_USD 2023-12-22 05:34:00+00:00  1.09987  1.09988   0   0  0.00016  0.548989  1.09987       0
108  EUR_USD 2023-12-22 05:35:00+00:00  1.09967  1.09988   0   0  0.00016  0.560721  1.09967       0
109  EUR_USD 2023-12-22 05:36:00+00:00  1.09973  1.09965   0   0  0.00016  0.513129  1.09973       0
110  EUR_USD 2023-12-22 05:37:00+00:00  1.09984  1.09974   0   0  0.00017  0.475964  1.09984       0
111  EUR_USD 2023-12-22 05:38:00+00:00  1.09992  1.09983   0   0  0.00016  0.464637  1.09992       0
2023-12-22 06:40:18 CandleManager() new candle:last_candle:23-12-22 05:39 is_ready:True
2023-12-22 06:40:19 tech_manager: max_rows:113 candle_time:2023-12-22 05:39:00+00:00 granularity:M1
2023-12-22 06:40:19 process_candles:
        PAIR                      time    mid_c    mid_o  SL  TP   SPREAD      GAIN     LOSS  SIGNAL
107  EUR_USD 2023-12-22 05:35:00+00:00  1.09967  1.09988   0   0  0.00016  0.560721  1.09967       0
108  EUR_USD 2023-12-22 05:36:00+00:00  1.09973  1.09965   0   0  0.00016  0.513129  1.09973       0
109  EUR_USD 2023-12-22 05:37:00+00:00  1.09984  1.09974   0   0  0.00017  0.475964  1.09984       0
110  EUR_USD 2023-12-22 05:38:00+00:00  1.09992  1.09983   0   0  0.00016  0.464637  1.09992       0
111  EUR_USD 2023-12-22 05:39:00+00:00  1.09990  1.09992   0   0  0.00015  0.462857  1.09990       0
2023-12-22 06:41:03 CandleManager() new candle:last_candle:23-12-22 05:40 is_ready:True
2023-12-22 06:41:04 tech_manager: max_rows:113 candle_time:2023-12-22 05:40:00+00:00 granularity:M1
2023-12-22 06:41:04 process_candles:
        PAIR                      time    mid_c    mid_o  SL  TP   SPREAD      GAIN     LOSS  SIGNAL
107  EUR_USD 2023-12-22 05:36:00+00:00  1.09973  1.09965   0   0  0.00016  0.513129  1.09973       0
108  EUR_USD 2023-12-22 05:37:00+00:00  1.09984  1.09974   0   0  0.00017  0.475964  1.09984       0
109  EUR_USD 2023-12-22 05:38:00+00:00  1.09992  1.09983   0   0  0.00016  0.464637  1.09992       0
110  EUR_USD 2023-12-22 05:39:00+00:00  1.09990  1.09992   0   0  0.00015  0.462857  1.09990       0
111  EUR_USD 2023-12-22 05:40:00+00:00  1.09981  1.09987   0   0  0.00016  0.478099  1.09981       0
2023-12-22 06:42:16 CandleManager() new candle:last_candle:23-12-22 05:41 is_ready:True
2023-12-22 06:42:23 tech_manager: max_rows:113 candle_time:2023-12-22 05:41:00+00:00 granularity:M1
2023-12-22 06:42:23 process_candles:
        PAIR                      time    mid_c    mid_o  SL  TP   SPREAD      GAIN     LOSS  SIGNAL
107  EUR_USD 2023-12-22 05:37:00+00:00  1.09984  1.09974   0   0  0.00017  0.475964  1.09984       0
108  EUR_USD 2023-12-22 05:38:00+00:00  1.09992  1.09983   0   0  0.00016  0.464637  1.09992       0
109  EUR_USD 2023-12-22 05:39:00+00:00  1.09990  1.09992   0   0  0.00015  0.462857  1.09990       0
110  EUR_USD 2023-12-22 05:40:00+00:00  1.09981  1.09987   0   0  0.00016  0.478099  1.09981       0
111  EUR_USD 2023-12-22 05:41:00+00:00  1.09976  1.09982   0   0  0.00015  0.472304  1.09976       0
2023-12-22 06:43:06 CandleManager() new candle:last_candle:23-12-22 05:42 is_ready:True
2023-12-22 06:43:06 tech_manager: max_rows:113 candle_time:2023-12-22 05:42:00+00:00 granularity:M1
2023-12-22 06:43:06 process_candles:
        PAIR                      time    mid_c    mid_o  SL  TP   SPREAD      GAIN     LOSS  SIGNAL
107  EUR_USD 2023-12-22 05:38:00+00:00  1.09992  1.09983   0   0  0.00016  0.464637  1.09992       0
108  EUR_USD 2023-12-22 05:39:00+00:00  1.09990  1.09992   0   0  0.00015  0.462857  1.09990       0
109  EUR_USD 2023-12-22 05:40:00+00:00  1.09981  1.09987   0   0  0.00016  0.478099  1.09981       0
110  EUR_USD 2023-12-22 05:41:00+00:00  1.09976  1.09982   0   0  0.00015  0.472304  1.09976       0
111  EUR_USD 2023-12-22 05:42:00+00:00  1.09978  1.09975   0   0  0.00017  0.444070  1.09978       0
2023-12-22 06:44:17 CandleManager() new candle:last_candle:23-12-22 05:43 is_ready:True
2023-12-22 06:44:18 tech_manager: max_rows:113 candle_time:2023-12-22 05:43:00+00:00 granularity:M1
2023-12-22 06:44:18 process_candles:
        PAIR                      time    mid_c    mid_o  SL  TP   SPREAD      GAIN     LOSS  SIGNAL
107  EUR_USD 2023-12-22 05:39:00+00:00  1.09990  1.09992   0   0  0.00015  0.462857  1.09990       0
108  EUR_USD 2023-12-22 05:40:00+00:00  1.09981  1.09987   0   0  0.00016  0.478099  1.09981       0
109  EUR_USD 2023-12-22 05:41:00+00:00  1.09976  1.09982   0   0  0.00015  0.472304  1.09976       0
110  EUR_USD 2023-12-22 05:42:00+00:00  1.09978  1.09975   0   0  0.00017  0.444070  1.09978       0
111  EUR_USD 2023-12-22 05:43:00+00:00  1.09982  1.09977   0   0  0.00017  0.440449  1.09982       0
2023-12-22 06:45:04 CandleManager() new candle:last_candle:23-12-22 05:44 is_ready:True
2023-12-22 06:45:05 tech_manager: max_rows:113 candle_time:2023-12-22 05:44:00+00:00 granularity:M1
2023-12-22 06:45:05 process_candles:
        PAIR                      time    mid_c    mid_o  SL  TP   SPREAD      GAIN     LOSS  SIGNAL
107  EUR_USD 2023-12-22 05:40:00+00:00  1.09981  1.09987   0   0  0.00016  0.478099  1.09981       0
108  EUR_USD 2023-12-22 05:41:00+00:00  1.09976  1.09982   0   0  0.00015  0.472304  1.09976       0
109  EUR_USD 2023-12-22 05:42:00+00:00  1.09978  1.09975   0   0  0.00017  0.444070  1.09978       0
110  EUR_USD 2023-12-22 05:43:00+00:00  1.09982  1.09977   0   0  0.00017  0.440449  1.09982       0
111  EUR_USD 2023-12-22 05:44:00+00:00  1.09980  1.09983   0   0  0.00015  0.443403  1.09980       0
2023-12-22 06:46:07 CandleManager() new candle:last_candle:23-12-22 05:45 is_ready:True
2023-12-22 06:46:08 tech_manager: max_rows:113 candle_time:2023-12-22 05:45:00+00:00 granularity:M1
2023-12-22 06:46:08 process_candles:
        PAIR                      time    mid_c    mid_o  SL  TP   SPREAD      GAIN     LOSS  SIGNAL
107  EUR_USD 2023-12-22 05:41:00+00:00  1.09976  1.09982   0   0  0.00015  0.472304  1.09976       0
108  EUR_USD 2023-12-22 05:42:00+00:00  1.09978  1.09975   0   0  0.00017  0.444070  1.09978       0
109  EUR_USD 2023-12-22 05:43:00+00:00  1.09982  1.09977   0   0  0.00017  0.440449  1.09982       0
110  EUR_USD 2023-12-22 05:44:00+00:00  1.09980  1.09983   0   0  0.00015  0.443403  1.09980       0
111  EUR_USD 2023-12-22 05:45:00+00:00  1.09962  1.09978   0   0  0.00015  0.498331  1.09962       0
2023-12-22 06:47:13 CandleManager() new candle:last_candle:23-12-22 05:46 is_ready:True
2023-12-22 06:47:15 tech_manager: max_rows:113 candle_time:2023-12-22 05:46:00+00:00 granularity:M1
2023-12-22 06:47:15 process_candles:
        PAIR                      time    mid_c    mid_o  SL  TP   SPREAD      GAIN     LOSS  SIGNAL
107  EUR_USD 2023-12-22 05:42:00+00:00  1.09978  1.09975   0   0  0.00017  0.444070  1.09978       0
108  EUR_USD 2023-12-22 05:43:00+00:00  1.09982  1.09977   0   0  0.00017  0.440449  1.09982       0
109  EUR_USD 2023-12-22 05:44:00+00:00  1.09980  1.09983   0   0  0.00015  0.443403  1.09980       0
110  EUR_USD 2023-12-22 05:45:00+00:00  1.09962  1.09978   0   0  0.00015  0.498331  1.09962       0
111  EUR_USD 2023-12-22 05:46:00+00:00  1.09964  1.09963   0   0  0.00016  0.517349  1.09964       0
2023-12-22 06:48:07 CandleManager() new candle:last_candle:23-12-22 05:47 is_ready:True
2023-12-22 06:48:07 tech_manager: max_rows:113 candle_time:2023-12-22 05:47:00+00:00 granularity:M1
2023-12-22 06:48:08 process_candles:
        PAIR                      time    mid_c    mid_o  SL  TP   SPREAD      GAIN     LOSS  SIGNAL
107  EUR_USD 2023-12-22 05:43:00+00:00  1.09982  1.09977   0   0  0.00017  0.440449  1.09982       0
108  EUR_USD 2023-12-22 05:44:00+00:00  1.09980  1.09983   0   0  0.00015  0.443403  1.09980       0
109  EUR_USD 2023-12-22 05:45:00+00:00  1.09962  1.09978   0   0  0.00015  0.498331  1.09962       0
110  EUR_USD 2023-12-22 05:46:00+00:00  1.09964  1.09963   0   0  0.00016  0.517349  1.09964       0
111  EUR_USD 2023-12-22 05:47:00+00:00  1.09966  1.09964   0   0  0.00016  0.488117  1.09966       0
2023-12-22 06:49:06 CandleManager() new candle:last_candle:23-12-22 05:48 is_ready:True
2023-12-22 06:49:07 tech_manager: max_rows:113 candle_time:2023-12-22 05:48:00+00:00 granularity:M1
2023-12-22 06:49:07 process_candles:
        PAIR                      time    mid_c    mid_o  SL  TP   SPREAD      GAIN     LOSS  SIGNAL
107  EUR_USD 2023-12-22 05:44:00+00:00  1.09980  1.09983   0   0  0.00015  0.443403  1.09980       0
108  EUR_USD 2023-12-22 05:45:00+00:00  1.09962  1.09978   0   0  0.00015  0.498331  1.09962       0
109  EUR_USD 2023-12-22 05:46:00+00:00  1.09964  1.09963   0   0  0.00016  0.517349  1.09964       0
110  EUR_USD 2023-12-22 05:47:00+00:00  1.09966  1.09964   0   0  0.00016  0.488117  1.09966       0
111  EUR_USD 2023-12-22 05:48:00+00:00  1.09968  1.09966   0   0  0.00015  0.466134  1.09968       0
2023-12-22 06:50:05 CandleManager() new candle:last_candle:23-12-22 05:49 is_ready:True
2023-12-22 06:50:06 tech_manager: max_rows:113 candle_time:2023-12-22 05:49:00+00:00 granularity:M1
2023-12-22 06:50:06 process_candles:
        PAIR                      time    mid_c    mid_o  SL  TP   SPREAD      GAIN     LOSS  SIGNAL
107  EUR_USD 2023-12-22 05:45:00+00:00  1.09962  1.09978   0   0  0.00015  0.498331  1.09962       0
108  EUR_USD 2023-12-22 05:46:00+00:00  1.09964  1.09963   0   0  0.00016  0.517349  1.09964       0
109  EUR_USD 2023-12-22 05:47:00+00:00  1.09966  1.09964   0   0  0.00016  0.488117  1.09966       0
110  EUR_USD 2023-12-22 05:48:00+00:00  1.09968  1.09966   0   0  0.00015  0.466134  1.09968       0
111  EUR_USD 2023-12-22 05:49:00+00:00  1.09960  1.09966   0   0  0.00015  0.486065  1.09960       0
2023-12-22 06:51:05 CandleManager() new candle:last_candle:23-12-22 05:50 is_ready:True
2023-12-22 06:51:05 tech_manager: max_rows:113 candle_time:2023-12-22 05:50:00+00:00 granularity:M1
2023-12-22 06:51:05 process_candles:
        PAIR                      time    mid_c    mid_o  SL  TP   SPREAD      GAIN     LOSS  SIGNAL
107  EUR_USD 2023-12-22 05:46:00+00:00  1.09964  1.09963   0   0  0.00016  0.517349  1.09964       0
108  EUR_USD 2023-12-22 05:47:00+00:00  1.09966  1.09964   0   0  0.00016  0.488117  1.09966       0
109  EUR_USD 2023-12-22 05:48:00+00:00  1.09968  1.09966   0   0  0.00015  0.466134  1.09968       0
110  EUR_USD 2023-12-22 05:49:00+00:00  1.09960  1.09966   0   0  0.00015  0.486065  1.09960       0
111  EUR_USD 2023-12-22 05:50:00+00:00  1.09966  1.09961   0   0  0.00016  0.519341  1.09966       0
2023-12-22 06:52:04 CandleManager() new candle:last_candle:23-12-22 05:51 is_ready:True
2023-12-22 06:52:04 tech_manager: max_rows:113 candle_time:2023-12-22 05:51:00+00:00 granularity:M1
2023-12-22 06:52:04 process_candles:
        PAIR                      time    mid_c    mid_o  SL  TP   SPREAD      GAIN     LOSS  SIGNAL
107  EUR_USD 2023-12-22 05:47:00+00:00  1.09966  1.09964   0   0  0.00016  0.488117  1.09966       0
108  EUR_USD 2023-12-22 05:48:00+00:00  1.09968  1.09966   0   0  0.00015  0.466134  1.09968       0
109  EUR_USD 2023-12-22 05:49:00+00:00  1.09960  1.09966   0   0  0.00015  0.486065  1.09960       0
110  EUR_USD 2023-12-22 05:50:00+00:00  1.09966  1.09961   0   0  0.00016  0.519341  1.09966       0
111  EUR_USD 2023-12-22 05:51:00+00:00  1.09971  1.09968   0   0  0.00016  0.485524  1.09971       0
2023-12-22 06:53:03 CandleManager() new candle:last_candle:23-12-22 05:52 is_ready:True
2023-12-22 06:53:03 tech_manager: max_rows:113 candle_time:2023-12-22 05:52:00+00:00 granularity:M1
2023-12-22 06:53:04 process_candles:
        PAIR                      time    mid_c    mid_o  SL  TP   SPREAD      GAIN     LOSS  SIGNAL
107  EUR_USD 2023-12-22 05:48:00+00:00  1.09968  1.09966   0   0  0.00015  0.466134  1.09968       0
108  EUR_USD 2023-12-22 05:49:00+00:00  1.09960  1.09966   0   0  0.00015  0.486065  1.09960       0
109  EUR_USD 2023-12-22 05:50:00+00:00  1.09966  1.09961   0   0  0.00016  0.519341  1.09966       0
110  EUR_USD 2023-12-22 05:51:00+00:00  1.09971  1.09968   0   0  0.00016  0.485524  1.09971       0
111  EUR_USD 2023-12-22 05:52:00+00:00  1.09966  1.09970   0   0  0.00016  0.476344  1.09966       0
2023-12-22 06:54:14 CandleManager() new candle:last_candle:23-12-22 05:53 is_ready:True
2023-12-22 06:54:19 tech_manager: max_rows:113 candle_time:2023-12-22 05:53:00+00:00 granularity:M1
2023-12-22 06:54:19 process_candles:
        PAIR                      time    mid_c    mid_o  SL  TP   SPREAD      GAIN     LOSS  SIGNAL
107  EUR_USD 2023-12-22 05:49:00+00:00  1.09960  1.09966   0   0  0.00015  0.486065  1.09960       0
108  EUR_USD 2023-12-22 05:50:00+00:00  1.09966  1.09961   0   0  0.00016  0.519341  1.09966       0
109  EUR_USD 2023-12-22 05:51:00+00:00  1.09971  1.09968   0   0  0.00016  0.485524  1.09971       0
110  EUR_USD 2023-12-22 05:52:00+00:00  1.09966  1.09970   0   0  0.00016  0.476344  1.09966       0
111  EUR_USD 2023-12-22 05:53:00+00:00  1.09966  1.09966   0   0  0.00014  0.447179  1.09966       0
2023-12-22 06:55:13 CandleManager() new candle:last_candle:23-12-22 05:54 is_ready:True
2023-12-22 06:55:14 tech_manager: max_rows:113 candle_time:2023-12-22 05:54:00+00:00 granularity:M1
2023-12-22 06:55:14 process_candles:
        PAIR                      time    mid_c    mid_o  SL  TP   SPREAD      GAIN     LOSS  SIGNAL
107  EUR_USD 2023-12-22 05:50:00+00:00  1.09966  1.09961   0   0  0.00016  0.519341  1.09966       0
108  EUR_USD 2023-12-22 05:51:00+00:00  1.09971  1.09968   0   0  0.00016  0.485524  1.09971       0
109  EUR_USD 2023-12-22 05:52:00+00:00  1.09966  1.09970   0   0  0.00016  0.476344  1.09966       0
110  EUR_USD 2023-12-22 05:53:00+00:00  1.09966  1.09966   0   0  0.00014  0.447179  1.09966       0
111  EUR_USD 2023-12-22 05:54:00+00:00  1.09974  1.09965   0   0  0.00017  0.428745  1.09974       0
2023-12-22 06:56:12 CandleManager() new candle:last_candle:23-12-22 05:55 is_ready:True
2023-12-22 06:56:13 tech_manager: max_rows:113 candle_time:2023-12-22 05:55:00+00:00 granularity:M1
2023-12-22 06:56:14 process_candles:
        PAIR                      time    mid_c    mid_o  SL  TP   SPREAD      GAIN     LOSS  SIGNAL
107  EUR_USD 2023-12-22 05:51:00+00:00  1.09971  1.09968   0   0  0.00016  0.485524  1.09971       0
108  EUR_USD 2023-12-22 05:52:00+00:00  1.09966  1.09970   0   0  0.00016  0.476344  1.09966       0
109  EUR_USD 2023-12-22 05:53:00+00:00  1.09966  1.09966   0   0  0.00014  0.447179  1.09966       0
110  EUR_USD 2023-12-22 05:54:00+00:00  1.09974  1.09965   0   0  0.00017  0.428745  1.09974       0
111  EUR_USD 2023-12-22 05:55:00+00:00  1.09964  1.09974   0   0  0.00015  0.432967  1.09964       0
2023-12-22 06:57:03 CandleManager() new candle:last_candle:23-12-22 05:56 is_ready:True
2023-12-22 06:57:08 tech_manager: max_rows:113 candle_time:2023-12-22 05:56:00+00:00 granularity:M1
2023-12-22 06:57:08 process_candles:
        PAIR                      time    mid_c    mid_o  SL  TP   SPREAD      GAIN     LOSS  SIGNAL
107  EUR_USD 2023-12-22 05:52:00+00:00  1.09966  1.09970   0   0  0.00016  0.476344  1.09966       0
108  EUR_USD 2023-12-22 05:53:00+00:00  1.09966  1.09966   0   0  0.00014  0.447179  1.09966       0
109  EUR_USD 2023-12-22 05:54:00+00:00  1.09974  1.09965   0   0  0.00017  0.428745  1.09974       0
110  EUR_USD 2023-12-22 05:55:00+00:00  1.09964  1.09974   0   0  0.00015  0.432967  1.09964       0
111  EUR_USD 2023-12-22 05:56:00+00:00  1.09970  1.09966   0   0  0.00017  0.442853  1.09970       0
2023-12-22 06:58:07 CandleManager() new candle:last_candle:23-12-22 05:57 is_ready:True
2023-12-22 06:58:07 tech_manager: max_rows:113 candle_time:2023-12-22 05:57:00+00:00 granularity:M1
2023-12-22 06:58:07 process_candles:
        PAIR                      time    mid_c    mid_o  SL  TP   SPREAD      GAIN     LOSS  SIGNAL
107  EUR_USD 2023-12-22 05:53:00+00:00  1.09966  1.09966   0   0  0.00014  0.447179  1.09966       0
108  EUR_USD 2023-12-22 05:54:00+00:00  1.09974  1.09965   0   0  0.00017  0.428745  1.09974       0
109  EUR_USD 2023-12-22 05:55:00+00:00  1.09964  1.09974   0   0  0.00015  0.432967  1.09964       0
110  EUR_USD 2023-12-22 05:56:00+00:00  1.09970  1.09966   0   0  0.00017  0.442853  1.09970       0
111  EUR_USD 2023-12-22 05:57:00+00:00  1.09969  1.09971   0   0  0.00014  0.472256  1.09969       0
2023-12-22 06:59:02 CandleManager() new candle:last_candle:23-12-22 05:58 is_ready:True
2023-12-22 06:59:02 tech_manager: max_rows:113 candle_time:2023-12-22 05:58:00+00:00 granularity:M1
2023-12-22 06:59:02 process_candles:
        PAIR                      time    mid_c    mid_o  SL  TP   SPREAD      GAIN     LOSS  SIGNAL
107  EUR_USD 2023-12-22 05:54:00+00:00  1.09974  1.09965   0   0  0.00017  0.428745  1.09974       0
108  EUR_USD 2023-12-22 05:55:00+00:00  1.09964  1.09974   0   0  0.00015  0.432967  1.09964       0
109  EUR_USD 2023-12-22 05:56:00+00:00  1.09970  1.09966   0   0  0.00017  0.442853  1.09970       0
110  EUR_USD 2023-12-22 05:57:00+00:00  1.09969  1.09971   0   0  0.00014  0.472256  1.09969       0
111  EUR_USD 2023-12-22 05:58:00+00:00  1.09968  1.09968   0   0  0.00017  0.467167  1.09968       0
2023-12-22 07:00:16 CandleManager() new candle:last_candle:23-12-22 05:59 is_ready:True
2023-12-22 07:00:18 tech_manager: max_rows:113 candle_time:2023-12-22 05:59:00+00:00 granularity:M1
2023-12-22 07:00:18 process_candles:
        PAIR                      time    mid_c    mid_o  SL  TP   SPREAD      GAIN     LOSS  SIGNAL
107  EUR_USD 2023-12-22 05:55:00+00:00  1.09964  1.09974   0   0  0.00015  0.432967  1.09964       0
108  EUR_USD 2023-12-22 05:56:00+00:00  1.09970  1.09966   0   0  0.00017  0.442853  1.09970       0
109  EUR_USD 2023-12-22 05:57:00+00:00  1.09969  1.09971   0   0  0.00014  0.472256  1.09969       0
110  EUR_USD 2023-12-22 05:58:00+00:00  1.09968  1.09968   0   0  0.00017  0.467167  1.09968       0
111  EUR_USD 2023-12-22 05:59:00+00:00  1.09969  1.09967   0   0  0.00016  0.423124  1.09969       0
2023-12-22 07:01:14 CandleManager() new candle:last_candle:23-12-22 06:00 is_ready:True
2023-12-22 07:01:15 tech_manager: max_rows:113 candle_time:2023-12-22 06:00:00+00:00 granularity:M1
2023-12-22 07:01:15 process_candles:
        PAIR                      time    mid_c    mid_o       SL       TP   SPREAD      GAIN     LOSS  SIGNAL
107  EUR_USD 2023-12-22 05:56:00+00:00  1.09970  1.09966  0.00000  0.00000  0.00017  0.442853  1.09970       0
108  EUR_USD 2023-12-22 05:57:00+00:00  1.09969  1.09971  0.00000  0.00000  0.00014  0.472256  1.09969       0
109  EUR_USD 2023-12-22 05:58:00+00:00  1.09968  1.09968  0.00000  0.00000  0.00017  0.467167  1.09968       0
110  EUR_USD 2023-12-22 05:59:00+00:00  1.09969  1.09967  0.00000  0.00000  0.00016  0.423124  1.09969       0
111  EUR_USD 2023-12-22 06:00:00+00:00  1.09982  1.09968  1.09998  1.09966  0.00015  0.384744  0.00016      -1
2023-12-22 07:01:15 Place Trade: TradeDecision(pair=EUR_USD, direction=-1, gain=0.3847, sl=1.1000, tp=1.0997)
2023-12-22 07:01:15 get_trade_units() price ApiPrice() EUR_USD 1.09982 1.09972 0.909281 0.909281
2023-12-22 07:01:15 0.0001 1.5999999999993797 6.250000000002423 68735.6
2023-12-22 07:01:16 Placed trade_id:107 for TradeDecision(pair=EUR_USD, direction=-1, gain=0.3847, sl=1.1000, tp=1.0997)
2023-12-22 07:02:01 CandleManager() new candle:last_candle:23-12-22 06:01 is_ready:True
2023-12-22 07:02:02 tech_manager: max_rows:113 candle_time:2023-12-22 06:01:00+00:00 granularity:M1
2023-12-22 07:02:02 process_candles:
        PAIR                      time    mid_c    mid_o       SL       TP   SPREAD      GAIN     LOSS  SIGNAL
107  EUR_USD 2023-12-22 05:57:00+00:00  1.09969  1.09971  0.00000  0.00000  0.00014  0.472256  1.09969       0
108  EUR_USD 2023-12-22 05:58:00+00:00  1.09968  1.09968  0.00000  0.00000  0.00017  0.467167  1.09968       0
109  EUR_USD 2023-12-22 05:59:00+00:00  1.09969  1.09967  0.00000  0.00000  0.00016  0.423124  1.09969       0
110  EUR_USD 2023-12-22 06:00:00+00:00  1.09982  1.09968  1.09998  1.09966  0.00015  0.384744  0.00016      -1
111  EUR_USD 2023-12-22 06:01:00+00:00  1.09982  1.09982  0.00000  0.00000  0.00017  0.352185  1.09982       0
2023-12-22 07:03:04 CandleManager() new candle:last_candle:23-12-22 06:02 is_ready:True
2023-12-22 07:03:05 tech_manager: max_rows:113 candle_time:2023-12-22 06:02:00+00:00 granularity:M1
2023-12-22 07:03:05 process_candles:
        PAIR                      time    mid_c    mid_o       SL       TP   SPREAD      GAIN     LOSS  SIGNAL
107  EUR_USD 2023-12-22 05:58:00+00:00  1.09968  1.09968  0.00000  0.00000  0.00017  0.467167  1.09968       0
108  EUR_USD 2023-12-22 05:59:00+00:00  1.09969  1.09967  0.00000  0.00000  0.00016  0.423124  1.09969       0
109  EUR_USD 2023-12-22 06:00:00+00:00  1.09982  1.09968  1.09998  1.09966  0.00015  0.384744  0.00016      -1
110  EUR_USD 2023-12-22 06:01:00+00:00  1.09982  1.09982  0.00000  0.00000  0.00017  0.352185  1.09982       0
111  EUR_USD 2023-12-22 06:02:00+00:00  1.09985  1.09980  0.00000  0.00000  0.00016  0.351790  1.09985       0
2023-12-22 07:04:05 CandleManager() new candle:last_candle:23-12-22 06:03 is_ready:True
2023-12-22 07:04:06 tech_manager: max_rows:113 candle_time:2023-12-22 06:03:00+00:00 granularity:M1
2023-12-22 07:04:06 process_candles:
        PAIR                      time    mid_c    mid_o       SL       TP   SPREAD      GAIN     LOSS  SIGNAL
108  EUR_USD 2023-12-22 05:59:00+00:00  1.09969  1.09967  0.00000  0.00000  0.00016  0.423124  1.09969       0
109  EUR_USD 2023-12-22 06:00:00+00:00  1.09982  1.09968  1.09998  1.09966  0.00015  0.384744  0.00016      -1
110  EUR_USD 2023-12-22 06:01:00+00:00  1.09982  1.09982  0.00000  0.00000  0.00017  0.352185  1.09982       0
111  EUR_USD 2023-12-22 06:02:00+00:00  1.09985  1.09980  0.00000  0.00000  0.00016  0.351790  1.09985       0
112  EUR_USD 2023-12-22 06:03:00+00:00  1.09992  1.09988  0.00000  0.00000  0.00017  0.357182  1.09992       0
2023-12-22 07:05:05 CandleManager() new candle:last_candle:23-12-22 06:04 is_ready:True
2023-12-22 07:05:06 tech_manager: max_rows:113 candle_time:2023-12-22 06:04:00+00:00 granularity:M1
2023-12-22 07:05:06 process_candles:
        PAIR                      time    mid_c    mid_o       SL       TP   SPREAD      GAIN     LOSS  SIGNAL
107  EUR_USD 2023-12-22 06:00:00+00:00  1.09982  1.09968  1.09998  1.09966  0.00015  0.384744  0.00016      -1
108  EUR_USD 2023-12-22 06:01:00+00:00  1.09982  1.09982  0.00000  0.00000  0.00017  0.352185  1.09982       0
109  EUR_USD 2023-12-22 06:02:00+00:00  1.09985  1.09980  0.00000  0.00000  0.00016  0.351790  1.09985       0
110  EUR_USD 2023-12-22 06:03:00+00:00  1.09992  1.09988  0.00000  0.00000  0.00017  0.357182  1.09992       0
111  EUR_USD 2023-12-22 06:04:00+00:00  1.09992  1.09994  0.00000  0.00000  0.00016  0.349840  1.09992       0
2023-12-22 07:06:08 CandleManager() new candle:last_candle:23-12-22 06:05 is_ready:True
2023-12-22 07:06:09 tech_manager: max_rows:113 candle_time:2023-12-22 06:05:00+00:00 granularity:M1
2023-12-22 07:06:09 process_candles:
        PAIR                      time    mid_c    mid_o   SL   TP   SPREAD      GAIN     LOSS  SIGNAL
107  EUR_USD 2023-12-22 06:01:00+00:00  1.09982  1.09982  0.0  0.0  0.00017  0.352185  1.09982       0
108  EUR_USD 2023-12-22 06:02:00+00:00  1.09985  1.09980  0.0  0.0  0.00016  0.351790  1.09985       0
109  EUR_USD 2023-12-22 06:03:00+00:00  1.09992  1.09988  0.0  0.0  0.00017  0.357182  1.09992       0
110  EUR_USD 2023-12-22 06:04:00+00:00  1.09992  1.09994  0.0  0.0  0.00016  0.349840  1.09992       0
111  EUR_USD 2023-12-22 06:05:00+00:00  1.09988  1.09996  0.0  0.0  0.00015  0.340168  1.09988       0
2023-12-22 07:07:08 CandleManager() new candle:last_candle:23-12-22 06:06 is_ready:True
2023-12-22 07:07:10 tech_manager: max_rows:113 candle_time:2023-12-22 06:06:00+00:00 granularity:M1
2023-12-22 07:07:10 process_candles:
        PAIR                      time    mid_c    mid_o   SL   TP   SPREAD      GAIN     LOSS  SIGNAL
107  EUR_USD 2023-12-22 06:02:00+00:00  1.09985  1.09980  0.0  0.0  0.00016  0.351790  1.09985       0
108  EUR_USD 2023-12-22 06:03:00+00:00  1.09992  1.09988  0.0  0.0  0.00017  0.357182  1.09992       0
109  EUR_USD 2023-12-22 06:04:00+00:00  1.09992  1.09994  0.0  0.0  0.00016  0.349840  1.09992       0
110  EUR_USD 2023-12-22 06:05:00+00:00  1.09988  1.09996  0.0  0.0  0.00015  0.340168  1.09988       0
111  EUR_USD 2023-12-22 06:06:00+00:00  1.09988  1.09988  0.0  0.0  0.00017  0.331518  1.09988       0
2023-12-22 07:08:11 CandleManager() new candle:last_candle:23-12-22 06:07 is_ready:True
2023-12-22 07:08:12 tech_manager: max_rows:113 candle_time:2023-12-22 06:07:00+00:00 granularity:M1
2023-12-22 07:08:12 process_candles:
        PAIR                      time    mid_c    mid_o   SL   TP   SPREAD      GAIN     LOSS  SIGNAL
107  EUR_USD 2023-12-22 06:03:00+00:00  1.09992  1.09988  0.0  0.0  0.00017  0.357182  1.09992       0
108  EUR_USD 2023-12-22 06:04:00+00:00  1.09992  1.09994  0.0  0.0  0.00016  0.349840  1.09992       0
109  EUR_USD 2023-12-22 06:05:00+00:00  1.09988  1.09996  0.0  0.0  0.00015  0.340168  1.09988       0
110  EUR_USD 2023-12-22 06:06:00+00:00  1.09988  1.09988  0.0  0.0  0.00017  0.331518  1.09988       0
111  EUR_USD 2023-12-22 06:07:00+00:00  1.09992  1.09987  0.0  0.0  0.00016  0.337215  1.09992       0
2023-12-22 07:09:14 CandleManager() new candle:last_candle:23-12-22 06:08 is_ready:True
2023-12-22 07:09:15 tech_manager: max_rows:113 candle_time:2023-12-22 06:08:00+00:00 granularity:M1
2023-12-22 07:09:15 process_candles:
        PAIR                      time    mid_c    mid_o   SL   TP   SPREAD      GAIN     LOSS  SIGNAL
107  EUR_USD 2023-12-22 06:04:00+00:00  1.09992  1.09994  0.0  0.0  0.00016  0.349840  1.09992       0
108  EUR_USD 2023-12-22 06:05:00+00:00  1.09988  1.09996  0.0  0.0  0.00015  0.340168  1.09988       0
109  EUR_USD 2023-12-22 06:06:00+00:00  1.09988  1.09988  0.0  0.0  0.00017  0.331518  1.09988       0
110  EUR_USD 2023-12-22 06:07:00+00:00  1.09992  1.09987  0.0  0.0  0.00016  0.337215  1.09992       0
111  EUR_USD 2023-12-22 06:08:00+00:00  1.09993  1.09992  0.0  0.0  0.00014  0.354056  1.09993       0
2023-12-22 07:10:17 CandleManager() new candle:last_candle:23-12-22 06:09 is_ready:True
2023-12-22 07:10:18 tech_manager: max_rows:113 candle_time:2023-12-22 06:09:00+00:00 granularity:M1
2023-12-22 07:10:18 process_candles:
        PAIR                      time    mid_c    mid_o  SL  TP   SPREAD      GAIN     LOSS  SIGNAL
107  EUR_USD 2023-12-22 06:05:00+00:00  1.09988  1.09996   0   0  0.00015  0.340168  1.09988       0
108  EUR_USD 2023-12-22 06:06:00+00:00  1.09988  1.09988   0   0  0.00017  0.331518  1.09988       0
109  EUR_USD 2023-12-22 06:07:00+00:00  1.09992  1.09987   0   0  0.00016  0.337215  1.09992       0
110  EUR_USD 2023-12-22 06:08:00+00:00  1.09993  1.09992   0   0  0.00014  0.354056  1.09993       0
111  EUR_USD 2023-12-22 06:09:00+00:00  1.09992  1.09994   0   0  0.00016  0.343151  1.09992       0
2023-12-22 07:11:04 CandleManager() new candle:last_candle:23-12-22 06:10 is_ready:True
2023-12-22 07:11:04 tech_manager: max_rows:113 candle_time:2023-12-22 06:10:00+00:00 granularity:M1
2023-12-22 07:11:04 process_candles:
        PAIR                      time    mid_c    mid_o  SL  TP   SPREAD      GAIN     LOSS  SIGNAL
107  EUR_USD 2023-12-22 06:06:00+00:00  1.09988  1.09988   0   0  0.00017  0.331518  1.09988       0
108  EUR_USD 2023-12-22 06:07:00+00:00  1.09992  1.09987   0   0  0.00016  0.337215  1.09992       0
109  EUR_USD 2023-12-22 06:08:00+00:00  1.09993  1.09992   0   0  0.00014  0.354056  1.09993       0
110  EUR_USD 2023-12-22 06:09:00+00:00  1.09992  1.09994   0   0  0.00016  0.343151  1.09992       0
111  EUR_USD 2023-12-22 06:10:00+00:00  1.09991  1.09994   0   0  0.00016  0.353498  1.09991       0
2023-12-22 07:12:06 CandleManager() new candle:last_candle:23-12-22 06:11 is_ready:True
2023-12-22 07:12:08 tech_manager: max_rows:113 candle_time:2023-12-22 06:11:00+00:00 granularity:M1
2023-12-22 07:12:08 process_candles:
        PAIR                      time    mid_c    mid_o  SL  TP   SPREAD      GAIN     LOSS  SIGNAL
107  EUR_USD 2023-12-22 06:07:00+00:00  1.09992  1.09987   0   0  0.00016  0.337215  1.09992       0
108  EUR_USD 2023-12-22 06:08:00+00:00  1.09993  1.09992   0   0  0.00014  0.354056  1.09993       0
109  EUR_USD 2023-12-22 06:09:00+00:00  1.09992  1.09994   0   0  0.00016  0.343151  1.09992       0
110  EUR_USD 2023-12-22 06:10:00+00:00  1.09991  1.09994   0   0  0.00016  0.353498  1.09991       0
111  EUR_USD 2023-12-22 06:11:00+00:00  1.09986  1.09990   0   0  0.00017  0.375685  1.09986       0
2023-12-22 07:13:09 CandleManager() new candle:last_candle:23-12-22 06:12 is_ready:True
2023-12-22 07:13:11 tech_manager: max_rows:113 candle_time:2023-12-22 06:12:00+00:00 granularity:M1
2023-12-22 07:13:11 process_candles:
        PAIR                      time    mid_c    mid_o  SL  TP   SPREAD      GAIN     LOSS  SIGNAL
107  EUR_USD 2023-12-22 06:08:00+00:00  1.09993  1.09992   0   0  0.00014  0.354056  1.09993       0
108  EUR_USD 2023-12-22 06:09:00+00:00  1.09992  1.09994   0   0  0.00016  0.343151  1.09992       0
109  EUR_USD 2023-12-22 06:10:00+00:00  1.09991  1.09994   0   0  0.00016  0.353498  1.09991       0
110  EUR_USD 2023-12-22 06:11:00+00:00  1.09986  1.09990   0   0  0.00017  0.375685  1.09986       0
111  EUR_USD 2023-12-22 06:12:00+00:00  1.09969  1.09986   0   0  0.00016  0.396674  1.09969       0
2023-12-22 07:14:12 CandleManager() new candle:last_candle:23-12-22 06:13 is_ready:True
2023-12-22 07:14:13 tech_manager: max_rows:113 candle_time:2023-12-22 06:13:00+00:00 granularity:M1
2023-12-22 07:14:13 process_candles:
        PAIR                      time    mid_c    mid_o  SL  TP   SPREAD      GAIN     LOSS  SIGNAL
107  EUR_USD 2023-12-22 06:09:00+00:00  1.09992  1.09994   0   0  0.00016  0.343151  1.09992       0
108  EUR_USD 2023-12-22 06:10:00+00:00  1.09991  1.09994   0   0  0.00016  0.353498  1.09991       0
109  EUR_USD 2023-12-22 06:11:00+00:00  1.09986  1.09990   0   0  0.00017  0.375685  1.09986       0
110  EUR_USD 2023-12-22 06:12:00+00:00  1.09969  1.09986   0   0  0.00016  0.396674  1.09969       0
111  EUR_USD 2023-12-22 06:13:00+00:00  1.09968  1.09968   0   0  0.00017  0.408935  1.09968       0
2023-12-22 07:15:12 CandleManager() new candle:last_candle:23-12-22 06:14 is_ready:True
2023-12-22 07:15:14 tech_manager: max_rows:113 candle_time:2023-12-22 06:14:00+00:00 granularity:M1
2023-12-22 07:15:14 process_candles:
        PAIR                      time    mid_c    mid_o  SL  TP   SPREAD      GAIN     LOSS  SIGNAL
107  EUR_USD 2023-12-22 06:10:00+00:00  1.09991  1.09994   0   0  0.00016  0.353498  1.09991       0
108  EUR_USD 2023-12-22 06:11:00+00:00  1.09986  1.09990   0   0  0.00017  0.375685  1.09986       0
109  EUR_USD 2023-12-22 06:12:00+00:00  1.09969  1.09986   0   0  0.00016  0.396674  1.09969       0
110  EUR_USD 2023-12-22 06:13:00+00:00  1.09968  1.09968   0   0  0.00017  0.408935  1.09968       0
111  EUR_USD 2023-12-22 06:14:00+00:00  1.09972  1.09967   0   0  0.00017  0.409984  1.09972       0
2023-12-22 07:16:15 CandleManager() new candle:last_candle:23-12-22 06:15 is_ready:True
2023-12-22 07:16:16 tech_manager: max_rows:113 candle_time:2023-12-22 06:15:00+00:00 granularity:M1
2023-12-22 07:16:16 process_candles:
        PAIR                      time    mid_c    mid_o  SL  TP   SPREAD      GAIN     LOSS  SIGNAL
107  EUR_USD 2023-12-22 06:11:00+00:00  1.09986  1.09990   0   0  0.00017  0.375685  1.09986       0
108  EUR_USD 2023-12-22 06:12:00+00:00  1.09969  1.09986   0   0  0.00016  0.396674  1.09969       0
109  EUR_USD 2023-12-22 06:13:00+00:00  1.09968  1.09968   0   0  0.00017  0.408935  1.09968       0
110  EUR_USD 2023-12-22 06:14:00+00:00  1.09972  1.09967   0   0  0.00017  0.409984  1.09972       0
111  EUR_USD 2023-12-22 06:15:00+00:00  1.09978  1.09974   0   0  0.00016  0.360765  1.09978       0
2023-12-22 07:17:02 CandleManager() new candle:last_candle:23-12-22 06:16 is_ready:True
2023-12-22 07:17:03 tech_manager: max_rows:113 candle_time:2023-12-22 06:16:00+00:00 granularity:M1
2023-12-22 07:17:03 process_candles:
        PAIR                      time    mid_c    mid_o  SL  TP   SPREAD      GAIN     LOSS  SIGNAL
107  EUR_USD 2023-12-22 06:12:00+00:00  1.09969  1.09986   0   0  0.00016  0.396674  1.09969       0
108  EUR_USD 2023-12-22 06:13:00+00:00  1.09968  1.09968   0   0  0.00017  0.408935  1.09968       0
109  EUR_USD 2023-12-22 06:14:00+00:00  1.09972  1.09967   0   0  0.00017  0.409984  1.09972       0
110  EUR_USD 2023-12-22 06:15:00+00:00  1.09978  1.09974   0   0  0.00016  0.360765  1.09978       0
111  EUR_USD 2023-12-22 06:16:00+00:00  1.09966  1.09976   0   0  0.00015  0.390154  1.09966       0
2023-12-22 07:18:05 CandleManager() new candle:last_candle:23-12-22 06:17 is_ready:True
2023-12-22 07:18:05 tech_manager: max_rows:113 candle_time:2023-12-22 06:17:00+00:00 granularity:M1
2023-12-22 07:18:05 process_candles:
        PAIR                      time    mid_c    mid_o  SL  TP   SPREAD      GAIN     LOSS  SIGNAL
107  EUR_USD 2023-12-22 06:13:00+00:00  1.09968  1.09968   0   0  0.00017  0.408935  1.09968       0
108  EUR_USD 2023-12-22 06:14:00+00:00  1.09972  1.09967   0   0  0.00017  0.409984  1.09972       0
109  EUR_USD 2023-12-22 06:15:00+00:00  1.09978  1.09974   0   0  0.00016  0.360765  1.09978       0
110  EUR_USD 2023-12-22 06:16:00+00:00  1.09966  1.09976   0   0  0.00015  0.390154  1.09966       0
111  EUR_USD 2023-12-22 06:17:00+00:00  1.09972  1.09968   0   0  0.00014  0.386243  1.09972       0
2023-12-22 07:19:07 CandleManager() new candle:last_candle:23-12-22 06:18 is_ready:True
2023-12-22 07:19:09 tech_manager: max_rows:113 candle_time:2023-12-22 06:18:00+00:00 granularity:M1
2023-12-22 07:19:09 process_candles:
        PAIR                      time    mid_c    mid_o  SL  TP   SPREAD      GAIN     LOSS  SIGNAL
107  EUR_USD 2023-12-22 06:14:00+00:00  1.09972  1.09967   0   0  0.00017  0.409984  1.09972       0
108  EUR_USD 2023-12-22 06:15:00+00:00  1.09978  1.09974   0   0  0.00016  0.360765  1.09978       0
109  EUR_USD 2023-12-22 06:16:00+00:00  1.09966  1.09976   0   0  0.00015  0.390154  1.09966       0
110  EUR_USD 2023-12-22 06:17:00+00:00  1.09972  1.09968   0   0  0.00014  0.386243  1.09972       0
111  EUR_USD 2023-12-22 06:18:00+00:00  1.09971  1.09970   0   0  0.00016  0.393499  1.09971       0
2023-12-22 07:20:10 CandleManager() new candle:last_candle:23-12-22 06:19 is_ready:True
2023-12-22 07:20:11 tech_manager: max_rows:113 candle_time:2023-12-22 06:19:00+00:00 granularity:M1
2023-12-22 07:20:11 process_candles:
        PAIR                      time    mid_c    mid_o  SL  TP   SPREAD      GAIN     LOSS  SIGNAL
107  EUR_USD 2023-12-22 06:15:00+00:00  1.09978  1.09974   0   0  0.00016  0.360765  1.09978       0
108  EUR_USD 2023-12-22 06:16:00+00:00  1.09966  1.09976   0   0  0.00015  0.390154  1.09966       0
109  EUR_USD 2023-12-22 06:17:00+00:00  1.09972  1.09968   0   0  0.00014  0.386243  1.09972       0
110  EUR_USD 2023-12-22 06:18:00+00:00  1.09971  1.09970   0   0  0.00016  0.393499  1.09971       0
111  EUR_USD 2023-12-22 06:19:00+00:00  1.09960  1.09972   0   0  0.00017  0.458963  1.09960       0
2023-12-22 07:21:12 CandleManager() new candle:last_candle:23-12-22 06:20 is_ready:True
2023-12-22 07:21:14 tech_manager: max_rows:113 candle_time:2023-12-22 06:20:00+00:00 granularity:M1
2023-12-22 07:21:14 process_candles:
        PAIR                      time    mid_c    mid_o  SL  TP   SPREAD      GAIN     LOSS  SIGNAL
107  EUR_USD 2023-12-22 06:16:00+00:00  1.09966  1.09976   0   0  0.00015  0.390154  1.09966       0
108  EUR_USD 2023-12-22 06:17:00+00:00  1.09972  1.09968   0   0  0.00014  0.386243  1.09972       0
109  EUR_USD 2023-12-22 06:18:00+00:00  1.09971  1.09970   0   0  0.00016  0.393499  1.09971       0
110  EUR_USD 2023-12-22 06:19:00+00:00  1.09960  1.09972   0   0  0.00017  0.458963  1.09960       0
111  EUR_USD 2023-12-22 06:20:00+00:00  1.09967  1.09959   0   0  0.00016  0.462845  1.09967       0
2023-12-22 07:22:15 CandleManager() new candle:last_candle:23-12-22 06:21 is_ready:True
2023-12-22 07:22:16 tech_manager: max_rows:113 candle_time:2023-12-22 06:21:00+00:00 granularity:M1
2023-12-22 07:22:16 process_candles:
        PAIR                      time    mid_c    mid_o  SL  TP   SPREAD      GAIN     LOSS  SIGNAL
107  EUR_USD 2023-12-22 06:17:00+00:00  1.09972  1.09968   0   0  0.00014  0.386243  1.09972       0
108  EUR_USD 2023-12-22 06:18:00+00:00  1.09971  1.09970   0   0  0.00016  0.393499  1.09971       0
109  EUR_USD 2023-12-22 06:19:00+00:00  1.09960  1.09972   0   0  0.00017  0.458963  1.09960       0
110  EUR_USD 2023-12-22 06:20:00+00:00  1.09967  1.09959   0   0  0.00016  0.462845  1.09967       0
111  EUR_USD 2023-12-22 06:21:00+00:00  1.09972  1.09968   0   0  0.00016  0.492159  1.09972       0
2023-12-22 07:23:13 CandleManager() new candle:last_candle:23-12-22 06:22 is_ready:True
2023-12-22 07:23:15 tech_manager: max_rows:113 candle_time:2023-12-22 06:22:00+00:00 granularity:M1
2023-12-22 07:23:15 process_candles:
        PAIR                      time    mid_c    mid_o  SL  TP   SPREAD      GAIN     LOSS  SIGNAL
107  EUR_USD 2023-12-22 06:18:00+00:00  1.09971  1.09970   0   0  0.00016  0.393499  1.09971       0
108  EUR_USD 2023-12-22 06:19:00+00:00  1.09960  1.09972   0   0  0.00017  0.458963  1.09960       0
109  EUR_USD 2023-12-22 06:20:00+00:00  1.09967  1.09959   0   0  0.00016  0.462845  1.09967       0
110  EUR_USD 2023-12-22 06:21:00+00:00  1.09972  1.09968   0   0  0.00016  0.492159  1.09972       0
111  EUR_USD 2023-12-22 06:22:00+00:00  1.09971  1.09974   0   0  0.00016  0.522060  1.09971       0
2023-12-22 07:24:14 CandleManager() new candle:last_candle:23-12-22 06:23 is_ready:True
2023-12-22 07:24:15 tech_manager: max_rows:113 candle_time:2023-12-22 06:23:00+00:00 granularity:M1
2023-12-22 07:24:15 process_candles:
        PAIR                      time    mid_c    mid_o  SL  TP   SPREAD      GAIN     LOSS  SIGNAL
107  EUR_USD 2023-12-22 06:19:00+00:00  1.09960  1.09972   0   0  0.00017  0.458963  1.09960       0
108  EUR_USD 2023-12-22 06:20:00+00:00  1.09967  1.09959   0   0  0.00016  0.462845  1.09967       0
109  EUR_USD 2023-12-22 06:21:00+00:00  1.09972  1.09968   0   0  0.00016  0.492159  1.09972       0
110  EUR_USD 2023-12-22 06:22:00+00:00  1.09971  1.09974   0   0  0.00016  0.522060  1.09971       0
111  EUR_USD 2023-12-22 06:23:00+00:00  1.09971  1.09972   0   0  0.00016  0.554101  1.09971       0
2023-12-22 07:25:01 CandleManager() new candle:last_candle:23-12-22 06:24 is_ready:True
2023-12-22 07:25:02 tech_manager: max_rows:113 candle_time:2023-12-22 06:24:00+00:00 granularity:M1
2023-12-22 07:25:02 process_candles:
        PAIR                      time    mid_c    mid_o  SL  TP   SPREAD      GAIN     LOSS  SIGNAL
107  EUR_USD 2023-12-22 06:20:00+00:00  1.09967  1.09959   0   0  0.00016  0.462845  1.09967       0
108  EUR_USD 2023-12-22 06:21:00+00:00  1.09972  1.09968   0   0  0.00016  0.492159  1.09972       0
109  EUR_USD 2023-12-22 06:22:00+00:00  1.09971  1.09974   0   0  0.00016  0.522060  1.09971       0
110  EUR_USD 2023-12-22 06:23:00+00:00  1.09971  1.09972   0   0  0.00016  0.554101  1.09971       0
111  EUR_USD 2023-12-22 06:24:00+00:00  1.09966  1.09968   0   0  0.00015  0.559361  1.09966       0
2023-12-22 07:26:04 CandleManager() new candle:last_candle:23-12-22 06:25 is_ready:True
2023-12-22 07:26:04 tech_manager: max_rows:113 candle_time:2023-12-22 06:25:00+00:00 granularity:M1
2023-12-22 07:26:04 process_candles:
        PAIR                      time    mid_c    mid_o  SL  TP   SPREAD      GAIN     LOSS  SIGNAL
107  EUR_USD 2023-12-22 06:21:00+00:00  1.09972  1.09968   0   0  0.00016  0.492159  1.09972       0
108  EUR_USD 2023-12-22 06:22:00+00:00  1.09971  1.09974   0   0  0.00016  0.522060  1.09971       0
109  EUR_USD 2023-12-22 06:23:00+00:00  1.09971  1.09972   0   0  0.00016  0.554101  1.09971       0
110  EUR_USD 2023-12-22 06:24:00+00:00  1.09966  1.09968   0   0  0.00015  0.559361  1.09966       0
111  EUR_USD 2023-12-22 06:25:00+00:00  1.09970  1.09968   0   0  0.00015  0.511293  1.09970       0
2023-12-22 07:27:06 CandleManager() new candle:last_candle:23-12-22 06:26 is_ready:True
2023-12-22 07:27:07 tech_manager: max_rows:113 candle_time:2023-12-22 06:26:00+00:00 granularity:M1
2023-12-22 07:27:07 process_candles:
        PAIR                      time    mid_c    mid_o  SL  TP   SPREAD      GAIN     LOSS  SIGNAL
107  EUR_USD 2023-12-22 06:22:00+00:00  1.09971  1.09974   0   0  0.00016  0.522060  1.09971       0
108  EUR_USD 2023-12-22 06:23:00+00:00  1.09971  1.09972   0   0  0.00016  0.554101  1.09971       0
109  EUR_USD 2023-12-22 06:24:00+00:00  1.09966  1.09968   0   0  0.00015  0.559361  1.09966       0
110  EUR_USD 2023-12-22 06:25:00+00:00  1.09970  1.09968   0   0  0.00015  0.511293  1.09970       0
111  EUR_USD 2023-12-22 06:26:00+00:00  1.09988  1.09971   0   0  0.00017  0.499565  1.09988       0
2023-12-22 07:28:09 CandleManager() new candle:last_candle:23-12-22 06:27 is_ready:True
2023-12-22 07:28:10 tech_manager: max_rows:113 candle_time:2023-12-22 06:27:00+00:00 granularity:M1
2023-12-22 07:28:10 process_candles:
        PAIR                      time    mid_c    mid_o  SL  TP   SPREAD      GAIN     LOSS  SIGNAL
107  EUR_USD 2023-12-22 06:23:00+00:00  1.09971  1.09972   0   0  0.00016  0.554101  1.09971       0
108  EUR_USD 2023-12-22 06:24:00+00:00  1.09966  1.09968   0   0  0.00015  0.559361  1.09966       0
109  EUR_USD 2023-12-22 06:25:00+00:00  1.09970  1.09968   0   0  0.00015  0.511293  1.09970       0
110  EUR_USD 2023-12-22 06:26:00+00:00  1.09988  1.09971   0   0  0.00017  0.499565  1.09988       0
111  EUR_USD 2023-12-22 06:27:00+00:00  1.09982  1.09987   0   0  0.00017  0.553006  1.09982       0
2023-12-22 07:29:09 CandleManager() new candle:last_candle:23-12-22 06:28 is_ready:True
2023-12-22 07:29:11 tech_manager: max_rows:113 candle_time:2023-12-22 06:28:00+00:00 granularity:M1
2023-12-22 07:29:11 process_candles:
        PAIR                      time    mid_c    mid_o  SL  TP   SPREAD      GAIN     LOSS  SIGNAL
107  EUR_USD 2023-12-22 06:24:00+00:00  1.09966  1.09968   0   0  0.00015  0.559361  1.09966       0
108  EUR_USD 2023-12-22 06:25:00+00:00  1.09970  1.09968   0   0  0.00015  0.511293  1.09970       0
109  EUR_USD 2023-12-22 06:26:00+00:00  1.09988  1.09971   0   0  0.00017  0.499565  1.09988       0
110  EUR_USD 2023-12-22 06:27:00+00:00  1.09982  1.09987   0   0  0.00017  0.553006  1.09982       0
111  EUR_USD 2023-12-22 06:28:00+00:00  1.09992  1.09981   0   0  0.00014  0.534505  1.09992       0
2023-12-22 07:30:12 CandleManager() new candle:last_candle:23-12-22 06:29 is_ready:True
2023-12-22 07:30:13 tech_manager: max_rows:113 candle_time:2023-12-22 06:29:00+00:00 granularity:M1
2023-12-22 07:30:13 process_candles:
        PAIR                      time    mid_c    mid_o  SL  TP   SPREAD      GAIN     LOSS  SIGNAL
107  EUR_USD 2023-12-22 06:25:00+00:00  1.09970  1.09968   0   0  0.00015  0.511293  1.09970       0
108  EUR_USD 2023-12-22 06:26:00+00:00  1.09988  1.09971   0   0  0.00017  0.499565  1.09988       0
109  EUR_USD 2023-12-22 06:27:00+00:00  1.09982  1.09987   0   0  0.00017  0.553006  1.09982       0
110  EUR_USD 2023-12-22 06:28:00+00:00  1.09992  1.09981   0   0  0.00014  0.534505  1.09992       0
111  EUR_USD 2023-12-22 06:29:00+00:00  1.09997  1.09992   0   0  0.00016  0.523662  1.09997       0
2023-12-22 07:31:14 CandleManager() new candle:last_candle:23-12-22 06:30 is_ready:True
2023-12-22 07:31:16 tech_manager: max_rows:113 candle_time:2023-12-22 06:30:00+00:00 granularity:M1
2023-12-22 07:31:16 process_candles:
        PAIR                      time    mid_c    mid_o  SL  TP   SPREAD      GAIN     LOSS  SIGNAL
107  EUR_USD 2023-12-22 06:26:00+00:00  1.09988  1.09971   0   0  0.00017  0.499565  1.09988       0
108  EUR_USD 2023-12-22 06:27:00+00:00  1.09982  1.09987   0   0  0.00017  0.553006  1.09982       0
109  EUR_USD 2023-12-22 06:28:00+00:00  1.09992  1.09981   0   0  0.00014  0.534505  1.09992       0
110  EUR_USD 2023-12-22 06:29:00+00:00  1.09997  1.09992   0   0  0.00016  0.523662  1.09997       0
111  EUR_USD 2023-12-22 06:30:00+00:00  1.09992  1.09994   0   0  0.00015  0.532714  1.09992       0
