2023-12-22 06:20:31 LogWrapper init() ./logs/EUR_GBP.log
2023-12-22 06:20:31 TradeSettings(pair=EUR_GBP, bollinger_bands={'n_ma': 12, 'n_std': 2.5, 'maxspread': 0.0003, 'mingain': 0.0005, 'riskreward': 2.0}, ichimoku_cloud={'n1': 9, 'n2': 26, 'n3': 52}, cmf={'n_cmf': 20}, atr_settings={'n_atr': 14, 'tp_multiplier': 2.0, 'sl_multiplier': 1.0})
2023-12-22 06:20:38 CandleManager() init last_candle:last_candle:23-12-22 05:19 is_ready:False
2023-12-22 06:21:08 CandleManager() new candle:last_candle:23-12-22 05:20 is_ready:True
2023-12-22 06:21:09 tech_manager: max_rows:113 candle_time:2023-12-22 05:20:00+00:00 granularity:M1
2023-12-22 06:21:09 process_candles:
        PAIR                      time    mid_c    mid_o  SL  TP   SPREAD      GAIN     LOSS  SIGNAL
108  EUR_GBP 2023-12-22 05:16:00+00:00  0.86712  0.86712   0   0  0.00015  0.373473  0.86712       0
109  EUR_GBP 2023-12-22 05:17:00+00:00  0.86712  0.86713   0   0  0.00015  0.359639  0.86712       0
110  EUR_GBP 2023-12-22 05:18:00+00:00  0.86712  0.86713   0   0  0.00015  0.344968  0.86712       0
111  EUR_GBP 2023-12-22 05:19:00+00:00  0.86710  0.86711   0   0  0.00016  0.352276  0.86710       0
112  EUR_GBP 2023-12-22 05:20:00+00:00  0.86706  0.86710   0   0  0.00015  0.379464  0.86706       0
2023-12-22 06:22:10 CandleManager() new candle:last_candle:23-12-22 05:21 is_ready:True
2023-12-22 06:22:12 tech_manager: max_rows:113 candle_time:2023-12-22 05:21:00+00:00 granularity:M1
2023-12-22 06:22:12 process_candles:
        PAIR                      time    mid_c    mid_o  SL  TP   SPREAD      GAIN     LOSS  SIGNAL
107  EUR_GBP 2023-12-22 05:17:00+00:00  0.86712  0.86713   0   0  0.00015  0.359639  0.86712       0
108  EUR_GBP 2023-12-22 05:18:00+00:00  0.86712  0.86713   0   0  0.00015  0.344968  0.86712       0
109  EUR_GBP 2023-12-22 05:19:00+00:00  0.86710  0.86711   0   0  0.00016  0.352276  0.86710       0
110  EUR_GBP 2023-12-22 05:20:00+00:00  0.86706  0.86710   0   0  0.00015  0.379464  0.86706       0
111  EUR_GBP 2023-12-22 05:21:00+00:00  0.86706  0.86706   0   0  0.00016  0.395530  0.86706       0
2023-12-22 06:23:11 CandleManager() new candle:last_candle:23-12-22 05:22 is_ready:True
2023-12-22 06:23:12 tech_manager: max_rows:113 candle_time:2023-12-22 05:22:00+00:00 granularity:M1
2023-12-22 06:23:13 process_candles:
        PAIR                      time    mid_c    mid_o  SL  TP   SPREAD      GAIN     LOSS  SIGNAL
107  EUR_GBP 2023-12-22 05:18:00+00:00  0.86712  0.86713   0   0  0.00015  0.344968  0.86712       0
108  EUR_GBP 2023-12-22 05:19:00+00:00  0.86710  0.86711   0   0  0.00016  0.352276  0.86710       0
109  EUR_GBP 2023-12-22 05:20:00+00:00  0.86706  0.86710   0   0  0.00015  0.379464  0.86706       0
110  EUR_GBP 2023-12-22 05:21:00+00:00  0.86706  0.86706   0   0  0.00016  0.395530  0.86706       0
111  EUR_GBP 2023-12-22 05:22:00+00:00  0.86706  0.86708   0   0  0.00016  0.411813  0.86706       0
2023-12-22 06:24:14 CandleManager() new candle:last_candle:23-12-22 05:23 is_ready:True
2023-12-22 06:24:15 tech_manager: max_rows:113 candle_time:2023-12-22 05:23:00+00:00 granularity:M1
2023-12-22 06:24:15 process_candles:
        PAIR                      time    mid_c    mid_o  SL  TP   SPREAD      GAIN     LOSS  SIGNAL
107  EUR_GBP 2023-12-22 05:19:00+00:00  0.86710  0.86711   0   0  0.00016  0.352276  0.86710       0
108  EUR_GBP 2023-12-22 05:20:00+00:00  0.86706  0.86710   0   0  0.00015  0.379464  0.86706       0
109  EUR_GBP 2023-12-22 05:21:00+00:00  0.86706  0.86706   0   0  0.00016  0.395530  0.86706       0
110  EUR_GBP 2023-12-22 05:22:00+00:00  0.86706  0.86708   0   0  0.00016  0.411813  0.86706       0
111  EUR_GBP 2023-12-22 05:23:00+00:00  0.86708  0.86708   0   0  0.00015  0.385846  0.86708       0
2023-12-22 06:25:01 CandleManager() new candle:last_candle:23-12-22 05:24 is_ready:True
2023-12-22 06:25:02 tech_manager: max_rows:113 candle_time:2023-12-22 05:24:00+00:00 granularity:M1
2023-12-22 06:25:02 process_candles:
        PAIR                      time    mid_c    mid_o  SL  TP   SPREAD      GAIN     LOSS  SIGNAL
107  EUR_GBP 2023-12-22 05:20:00+00:00  0.86706  0.86710   0   0  0.00015  0.379464  0.86706       0
108  EUR_GBP 2023-12-22 05:21:00+00:00  0.86706  0.86706   0   0  0.00016  0.395530  0.86706       0
109  EUR_GBP 2023-12-22 05:22:00+00:00  0.86706  0.86708   0   0  0.00016  0.411813  0.86706       0
110  EUR_GBP 2023-12-22 05:23:00+00:00  0.86708  0.86708   0   0  0.00015  0.385846  0.86708       0
111  EUR_GBP 2023-12-22 05:24:00+00:00  0.86711  0.86711   0   0  0.00016  0.368675  0.86711       0
2023-12-22 06:26:20 CandleManager() new candle:last_candle:23-12-22 05:25 is_ready:True
2023-12-22 06:26:21 tech_manager: max_rows:113 candle_time:2023-12-22 05:25:00+00:00 granularity:M1
2023-12-22 06:26:21 process_candles:
        PAIR                      time    mid_c    mid_o  SL  TP   SPREAD      GAIN     LOSS  SIGNAL
107  EUR_GBP 2023-12-22 05:21:00+00:00  0.86706  0.86706   0   0  0.00016  0.395530  0.86706       0
108  EUR_GBP 2023-12-22 05:22:00+00:00  0.86706  0.86708   0   0  0.00016  0.411813  0.86706       0
109  EUR_GBP 2023-12-22 05:23:00+00:00  0.86708  0.86708   0   0  0.00015  0.385846  0.86708       0
110  EUR_GBP 2023-12-22 05:24:00+00:00  0.86711  0.86711   0   0  0.00016  0.368675  0.86711       0
111  EUR_GBP 2023-12-22 05:25:00+00:00  0.86707  0.86710   0   0  0.00016  0.356529  0.86707       0
2023-12-22 06:27:06 CandleManager() new candle:last_candle:23-12-22 05:26 is_ready:True
2023-12-22 06:27:07 tech_manager: max_rows:113 candle_time:2023-12-22 05:26:00+00:00 granularity:M1
2023-12-22 06:27:07 process_candles:
        PAIR                      time    mid_c    mid_o  SL  TP   SPREAD      GAIN     LOSS  SIGNAL
107  EUR_GBP 2023-12-22 05:22:00+00:00  0.86706  0.86708   0   0  0.00016  0.411813  0.86706       0
108  EUR_GBP 2023-12-22 05:23:00+00:00  0.86708  0.86708   0   0  0.00015  0.385846  0.86708       0
109  EUR_GBP 2023-12-22 05:24:00+00:00  0.86711  0.86711   0   0  0.00016  0.368675  0.86711       0
110  EUR_GBP 2023-12-22 05:25:00+00:00  0.86707  0.86710   0   0  0.00016  0.356529  0.86707       0
111  EUR_GBP 2023-12-22 05:26:00+00:00  0.86708  0.86707   0   0  0.00016  0.349339  0.86708       0
2023-12-22 06:28:09 CandleManager() new candle:last_candle:23-12-22 05:27 is_ready:True
2023-12-22 06:28:10 tech_manager: max_rows:113 candle_time:2023-12-22 05:27:00+00:00 granularity:M1
2023-12-22 06:28:10 process_candles:
        PAIR                      time    mid_c    mid_o  SL  TP   SPREAD      GAIN     LOSS  SIGNAL
107  EUR_GBP 2023-12-22 05:23:00+00:00  0.86708  0.86708   0   0  0.00015  0.385846  0.86708       0
108  EUR_GBP 2023-12-22 05:24:00+00:00  0.86711  0.86711   0   0  0.00016  0.368675  0.86711       0
109  EUR_GBP 2023-12-22 05:25:00+00:00  0.86707  0.86710   0   0  0.00016  0.356529  0.86707       0
110  EUR_GBP 2023-12-22 05:26:00+00:00  0.86708  0.86707   0   0  0.00016  0.349339  0.86708       0
111  EUR_GBP 2023-12-22 05:27:00+00:00  0.86706  0.86706   0   0  0.00013  0.335805  0.86706       0
2023-12-22 06:29:12 CandleManager() new candle:last_candle:23-12-22 05:28 is_ready:True
2023-12-22 06:29:13 tech_manager: max_rows:113 candle_time:2023-12-22 05:28:00+00:00 granularity:M1
2023-12-22 06:29:13 process_candles:
        PAIR                      time    mid_c    mid_o  SL  TP   SPREAD      GAIN     LOSS  SIGNAL
107  EUR_GBP 2023-12-22 05:24:00+00:00  0.86711  0.86711   0   0  0.00016  0.368675  0.86711       0
108  EUR_GBP 2023-12-22 05:25:00+00:00  0.86707  0.86710   0   0  0.00016  0.356529  0.86707       0
109  EUR_GBP 2023-12-22 05:26:00+00:00  0.86708  0.86707   0   0  0.00016  0.349339  0.86708       0
110  EUR_GBP 2023-12-22 05:27:00+00:00  0.86706  0.86706   0   0  0.00013  0.335805  0.86706       0
111  EUR_GBP 2023-12-22 05:28:00+00:00  0.86706  0.86704   0   0  0.00015  0.313188  0.86706       0
2023-12-22 06:30:10 CandleManager() new candle:last_candle:23-12-22 05:29 is_ready:True
2023-12-22 06:30:12 tech_manager: max_rows:113 candle_time:2023-12-22 05:29:00+00:00 granularity:M1
2023-12-22 06:30:12 process_candles:
        PAIR                      time    mid_c    mid_o  SL  TP   SPREAD      GAIN     LOSS  SIGNAL
107  EUR_GBP 2023-12-22 05:25:00+00:00  0.86707  0.86710   0   0  0.00016  0.356529  0.86707       0
108  EUR_GBP 2023-12-22 05:26:00+00:00  0.86708  0.86707   0   0  0.00016  0.349339  0.86708       0
109  EUR_GBP 2023-12-22 05:27:00+00:00  0.86706  0.86706   0   0  0.00013  0.335805  0.86706       0
110  EUR_GBP 2023-12-22 05:28:00+00:00  0.86706  0.86704   0   0  0.00015  0.313188  0.86706       0
111  EUR_GBP 2023-12-22 05:29:00+00:00  0.86702  0.86706   0   0  0.00015  0.325007  0.86702       0
2023-12-22 06:31:13 CandleManager() new candle:last_candle:23-12-22 05:30 is_ready:True
2023-12-22 06:31:14 tech_manager: max_rows:113 candle_time:2023-12-22 05:30:00+00:00 granularity:M1
2023-12-22 06:31:14 process_candles:
        PAIR                      time    mid_c    mid_o  SL  TP   SPREAD      GAIN     LOSS  SIGNAL
107  EUR_GBP 2023-12-22 05:26:00+00:00  0.86708  0.86707   0   0  0.00016  0.349339  0.86708       0
108  EUR_GBP 2023-12-22 05:27:00+00:00  0.86706  0.86706   0   0  0.00013  0.335805  0.86706       0
109  EUR_GBP 2023-12-22 05:28:00+00:00  0.86706  0.86704   0   0  0.00015  0.313188  0.86706       0
110  EUR_GBP 2023-12-22 05:29:00+00:00  0.86702  0.86706   0   0  0.00015  0.325007  0.86702       0
111  EUR_GBP 2023-12-22 05:30:00+00:00  0.86700  0.86702   0   0  0.00016  0.366317  0.86700       0
2023-12-22 06:32:16 CandleManager() new candle:last_candle:23-12-22 05:31 is_ready:True
2023-12-22 06:32:17 tech_manager: max_rows:113 candle_time:2023-12-22 05:31:00+00:00 granularity:M1
2023-12-22 06:32:17 process_candles:
        PAIR                      time    mid_c    mid_o  SL  TP   SPREAD      GAIN     LOSS  SIGNAL
107  EUR_GBP 2023-12-22 05:27:00+00:00  0.86706  0.86706   0   0  0.00013  0.335805  0.86706       0
108  EUR_GBP 2023-12-22 05:28:00+00:00  0.86706  0.86704   0   0  0.00015  0.313188  0.86706       0
109  EUR_GBP 2023-12-22 05:29:00+00:00  0.86702  0.86706   0   0  0.00015  0.325007  0.86702       0
110  EUR_GBP 2023-12-22 05:30:00+00:00  0.86700  0.86702   0   0  0.00016  0.366317  0.86700       0
111  EUR_GBP 2023-12-22 05:31:00+00:00  0.86706  0.86702   0   0  0.00015  0.342237  0.86706       0
2023-12-22 06:33:19 CandleManager() new candle:last_candle:23-12-22 05:32 is_ready:True
2023-12-22 06:33:20 tech_manager: max_rows:113 candle_time:2023-12-22 05:32:00+00:00 granularity:M1
2023-12-22 06:33:20 process_candles:
        PAIR                      time    mid_c    mid_o  SL  TP   SPREAD      GAIN     LOSS  SIGNAL
107  EUR_GBP 2023-12-22 05:28:00+00:00  0.86706  0.86704   0   0  0.00015  0.313188  0.86706       0
108  EUR_GBP 2023-12-22 05:29:00+00:00  0.86702  0.86706   0   0  0.00015  0.325007  0.86702       0
109  EUR_GBP 2023-12-22 05:30:00+00:00  0.86700  0.86702   0   0  0.00016  0.366317  0.86700       0
110  EUR_GBP 2023-12-22 05:31:00+00:00  0.86706  0.86702   0   0  0.00015  0.342237  0.86706       0
111  EUR_GBP 2023-12-22 05:32:00+00:00  0.86706  0.86706   0   0  0.00015       NaN  0.86706       0
2023-12-22 06:34:05 CandleManager() new candle:last_candle:23-12-22 05:33 is_ready:True
2023-12-22 06:34:06 tech_manager: max_rows:113 candle_time:2023-12-22 05:33:00+00:00 granularity:M1
2023-12-22 06:34:06 process_candles:
        PAIR                      time    mid_c    mid_o  SL  TP   SPREAD      GAIN     LOSS  SIGNAL
108  EUR_GBP 2023-12-22 05:29:00+00:00  0.86702  0.86706   0   0  0.00015  0.325007  0.86702       0
109  EUR_GBP 2023-12-22 05:30:00+00:00  0.86700  0.86702   0   0  0.00016  0.366317  0.86700       0
110  EUR_GBP 2023-12-22 05:31:00+00:00  0.86706  0.86702   0   0  0.00015  0.342237  0.86706       0
111  EUR_GBP 2023-12-22 05:32:00+00:00  0.86706  0.86706   0   0  0.00015       NaN  0.86706       0
112  EUR_GBP 2023-12-22 05:33:00+00:00  0.86706  0.86702   0   0  0.00015       NaN  0.86706       0
2023-12-22 06:35:08 CandleManager() new candle:last_candle:23-12-22 05:34 is_ready:True
2023-12-22 06:35:09 tech_manager: max_rows:113 candle_time:2023-12-22 05:34:00+00:00 granularity:M1
2023-12-22 06:35:10 process_candles:
        PAIR                      time    mid_c    mid_o  SL  TP   SPREAD      GAIN     LOSS  SIGNAL
107  EUR_GBP 2023-12-22 05:30:00+00:00  0.86700  0.86702   0   0  0.00016  0.366317  0.86700       0
108  EUR_GBP 2023-12-22 05:31:00+00:00  0.86706  0.86702   0   0  0.00015  0.342237  0.86706       0
109  EUR_GBP 2023-12-22 05:32:00+00:00  0.86706  0.86706   0   0  0.00015       NaN  0.86706       0
110  EUR_GBP 2023-12-22 05:33:00+00:00  0.86706  0.86702   0   0  0.00015       NaN  0.86706       0
111  EUR_GBP 2023-12-22 05:34:00+00:00  0.86704  0.86704   0   0  0.00014       NaN  0.86704       0
2023-12-22 06:36:11 CandleManager() new candle:last_candle:23-12-22 05:35 is_ready:True
2023-12-22 06:36:12 tech_manager: max_rows:113 candle_time:2023-12-22 05:35:00+00:00 granularity:M1
2023-12-22 06:36:12 process_candles:
        PAIR                      time    mid_c    mid_o  SL  TP   SPREAD      GAIN     LOSS  SIGNAL
107  EUR_GBP 2023-12-22 05:31:00+00:00  0.86706  0.86702   0   0  0.00015  0.342237  0.86706       0
108  EUR_GBP 2023-12-22 05:32:00+00:00  0.86706  0.86706   0   0  0.00015       NaN  0.86706       0
109  EUR_GBP 2023-12-22 05:33:00+00:00  0.86706  0.86702   0   0  0.00015       NaN  0.86706       0
110  EUR_GBP 2023-12-22 05:34:00+00:00  0.86704  0.86704   0   0  0.00014       NaN  0.86704       0
111  EUR_GBP 2023-12-22 05:35:00+00:00  0.86702  0.86702   0   0  0.00014       NaN  0.86702       0
2023-12-22 06:37:13 CandleManager() new candle:last_candle:23-12-22 05:36 is_ready:True
2023-12-22 06:37:15 tech_manager: max_rows:113 candle_time:2023-12-22 05:36:00+00:00 granularity:M1
2023-12-22 06:37:15 process_candles:
        PAIR                      time    mid_c    mid_o  SL  TP   SPREAD  GAIN     LOSS  SIGNAL
107  EUR_GBP 2023-12-22 05:32:00+00:00  0.86706  0.86706   0   0  0.00015   NaN  0.86706       0
108  EUR_GBP 2023-12-22 05:33:00+00:00  0.86706  0.86702   0   0  0.00015   NaN  0.86706       0
109  EUR_GBP 2023-12-22 05:34:00+00:00  0.86704  0.86704   0   0  0.00014   NaN  0.86704       0
110  EUR_GBP 2023-12-22 05:35:00+00:00  0.86702  0.86702   0   0  0.00014   NaN  0.86702       0
111  EUR_GBP 2023-12-22 05:36:00+00:00  0.86708  0.86706   0   0  0.00013   NaN  0.86708       0
2023-12-22 06:38:01 CandleManager() new candle:last_candle:23-12-22 05:37 is_ready:True
2023-12-22 06:38:02 tech_manager: max_rows:113 candle_time:2023-12-22 05:37:00+00:00 granularity:M1
2023-12-22 06:38:02 process_candles:
        PAIR                      time    mid_c    mid_o  SL  TP   SPREAD  GAIN     LOSS  SIGNAL
107  EUR_GBP 2023-12-22 05:33:00+00:00  0.86706  0.86702   0   0  0.00015   NaN  0.86706       0
108  EUR_GBP 2023-12-22 05:34:00+00:00  0.86704  0.86704   0   0  0.00014   NaN  0.86704       0
109  EUR_GBP 2023-12-22 05:35:00+00:00  0.86702  0.86702   0   0  0.00014   NaN  0.86702       0
110  EUR_GBP 2023-12-22 05:36:00+00:00  0.86708  0.86706   0   0  0.00013   NaN  0.86708       0
111  EUR_GBP 2023-12-22 05:37:00+00:00  0.86712  0.86708   0   0  0.00015   NaN  0.86712       0
2023-12-22 06:39:01 CandleManager() new candle:last_candle:23-12-22 05:38 is_ready:True
2023-12-22 06:39:02 tech_manager: max_rows:113 candle_time:2023-12-22 05:38:00+00:00 granularity:M1
2023-12-22 06:39:02 process_candles:
        PAIR                      time    mid_c    mid_o  SL  TP   SPREAD  GAIN     LOSS  SIGNAL
107  EUR_GBP 2023-12-22 05:34:00+00:00  0.86704  0.86704   0   0  0.00014   NaN  0.86704       0
108  EUR_GBP 2023-12-22 05:35:00+00:00  0.86702  0.86702   0   0  0.00014   NaN  0.86702       0
109  EUR_GBP 2023-12-22 05:36:00+00:00  0.86708  0.86706   0   0  0.00013   NaN  0.86708       0
110  EUR_GBP 2023-12-22 05:37:00+00:00  0.86712  0.86708   0   0  0.00015   NaN  0.86712       0
111  EUR_GBP 2023-12-22 05:38:00+00:00  0.86713  0.86712   0   0  0.00014   NaN  0.86713       0
2023-12-22 06:40:18 CandleManager() new candle:last_candle:23-12-22 05:39 is_ready:True
2023-12-22 06:40:19 tech_manager: max_rows:113 candle_time:2023-12-22 05:39:00+00:00 granularity:M1
2023-12-22 06:40:19 process_candles:
        PAIR                      time    mid_c    mid_o  SL  TP   SPREAD  GAIN     LOSS  SIGNAL
107  EUR_GBP 2023-12-22 05:35:00+00:00  0.86702  0.86702   0   0  0.00014   NaN  0.86702       0
108  EUR_GBP 2023-12-22 05:36:00+00:00  0.86708  0.86706   0   0  0.00013   NaN  0.86708       0
109  EUR_GBP 2023-12-22 05:37:00+00:00  0.86712  0.86708   0   0  0.00015   NaN  0.86712       0
110  EUR_GBP 2023-12-22 05:38:00+00:00  0.86713  0.86712   0   0  0.00014   NaN  0.86713       0
111  EUR_GBP 2023-12-22 05:39:00+00:00  0.86712  0.86712   0   0  0.00015   NaN  0.86712       0
2023-12-22 06:41:17 CandleManager() new candle:last_candle:23-12-22 05:40 is_ready:True
2023-12-22 06:41:18 tech_manager: max_rows:113 candle_time:2023-12-22 05:40:00+00:00 granularity:M1
2023-12-22 06:41:18 process_candles:
        PAIR                      time    mid_c    mid_o  SL  TP   SPREAD  GAIN     LOSS  SIGNAL
107  EUR_GBP 2023-12-22 05:36:00+00:00  0.86708  0.86706   0   0  0.00013   NaN  0.86708       0
108  EUR_GBP 2023-12-22 05:37:00+00:00  0.86712  0.86708   0   0  0.00015   NaN  0.86712       0
109  EUR_GBP 2023-12-22 05:38:00+00:00  0.86713  0.86712   0   0  0.00014   NaN  0.86713       0
110  EUR_GBP 2023-12-22 05:39:00+00:00  0.86712  0.86712   0   0  0.00015   NaN  0.86712       0
111  EUR_GBP 2023-12-22 05:40:00+00:00  0.86712  0.86711   0   0  0.00015   NaN  0.86712       0
2023-12-22 06:42:11 CandleManager() new candle:last_candle:23-12-22 05:41 is_ready:True
2023-12-22 06:42:20 tech_manager: max_rows:113 candle_time:2023-12-22 05:41:00+00:00 granularity:M1
2023-12-22 06:42:21 process_candles:
        PAIR                      time    mid_c    mid_o  SL  TP   SPREAD  GAIN     LOSS  SIGNAL
107  EUR_GBP 2023-12-22 05:37:00+00:00  0.86712  0.86708   0   0  0.00015   NaN  0.86712       0
108  EUR_GBP 2023-12-22 05:38:00+00:00  0.86713  0.86712   0   0  0.00014   NaN  0.86713       0
109  EUR_GBP 2023-12-22 05:39:00+00:00  0.86712  0.86712   0   0  0.00015   NaN  0.86712       0
110  EUR_GBP 2023-12-22 05:40:00+00:00  0.86712  0.86711   0   0  0.00015   NaN  0.86712       0
111  EUR_GBP 2023-12-22 05:41:00+00:00  0.86708  0.86711   0   0  0.00015   NaN  0.86708       0
2023-12-22 06:43:21 CandleManager() new candle:last_candle:23-12-22 05:42 is_ready:True
2023-12-22 06:43:30 tech_manager: max_rows:113 candle_time:2023-12-22 05:42:00+00:00 granularity:M1
2023-12-22 06:43:31 process_candles:
        PAIR                      time    mid_c    mid_o  SL  TP   SPREAD  GAIN     LOSS  SIGNAL
107  EUR_GBP 2023-12-22 05:38:00+00:00  0.86713  0.86712   0   0  0.00014   NaN  0.86713       0
108  EUR_GBP 2023-12-22 05:39:00+00:00  0.86712  0.86712   0   0  0.00015   NaN  0.86712       0
109  EUR_GBP 2023-12-22 05:40:00+00:00  0.86712  0.86711   0   0  0.00015   NaN  0.86712       0
110  EUR_GBP 2023-12-22 05:41:00+00:00  0.86708  0.86711   0   0  0.00015   NaN  0.86708       0
111  EUR_GBP 2023-12-22 05:42:00+00:00  0.86710  0.86710   0   0  0.00016   NaN  0.86710       0
2023-12-22 06:44:16 CandleManager() new candle:last_candle:23-12-22 05:43 is_ready:True
2023-12-22 06:44:17 tech_manager: max_rows:113 candle_time:2023-12-22 05:43:00+00:00 granularity:M1
2023-12-22 06:44:18 process_candles:
        PAIR                      time    mid_c    mid_o  SL  TP   SPREAD  GAIN     LOSS  SIGNAL
107  EUR_GBP 2023-12-22 05:39:00+00:00  0.86712  0.86712   0   0  0.00015   NaN  0.86712       0
108  EUR_GBP 2023-12-22 05:40:00+00:00  0.86712  0.86711   0   0  0.00015   NaN  0.86712       0
109  EUR_GBP 2023-12-22 05:41:00+00:00  0.86708  0.86711   0   0  0.00015   NaN  0.86708       0
110  EUR_GBP 2023-12-22 05:42:00+00:00  0.86710  0.86710   0   0  0.00016   NaN  0.86710       0
111  EUR_GBP 2023-12-22 05:43:00+00:00  0.86708  0.86710   0   0  0.00014   NaN  0.86708       0
2023-12-22 06:45:04 CandleManager() new candle:last_candle:23-12-22 05:44 is_ready:True
2023-12-22 06:45:04 tech_manager: max_rows:113 candle_time:2023-12-22 05:44:00+00:00 granularity:M1
2023-12-22 06:45:05 process_candles:
        PAIR                      time    mid_c    mid_o  SL  TP   SPREAD  GAIN     LOSS  SIGNAL
107  EUR_GBP 2023-12-22 05:40:00+00:00  0.86712  0.86711   0   0  0.00015   NaN  0.86712       0
108  EUR_GBP 2023-12-22 05:41:00+00:00  0.86708  0.86711   0   0  0.00015   NaN  0.86708       0
109  EUR_GBP 2023-12-22 05:42:00+00:00  0.86710  0.86710   0   0  0.00016   NaN  0.86710       0
110  EUR_GBP 2023-12-22 05:43:00+00:00  0.86708  0.86710   0   0  0.00014   NaN  0.86708       0
111  EUR_GBP 2023-12-22 05:44:00+00:00  0.86704  0.86708   0   0  0.00014   NaN  0.86704       0
2023-12-22 06:46:06 CandleManager() new candle:last_candle:23-12-22 05:45 is_ready:True
2023-12-22 06:46:07 tech_manager: max_rows:113 candle_time:2023-12-22 05:45:00+00:00 granularity:M1
2023-12-22 06:46:07 process_candles:
        PAIR                      time    mid_c    mid_o  SL  TP   SPREAD  GAIN     LOSS  SIGNAL
107  EUR_GBP 2023-12-22 05:41:00+00:00  0.86708  0.86711   0   0  0.00015   NaN  0.86708       0
108  EUR_GBP 2023-12-22 05:42:00+00:00  0.86710  0.86710   0   0  0.00016   NaN  0.86710       0
109  EUR_GBP 2023-12-22 05:43:00+00:00  0.86708  0.86710   0   0  0.00014   NaN  0.86708       0
110  EUR_GBP 2023-12-22 05:44:00+00:00  0.86704  0.86708   0   0  0.00014   NaN  0.86704       0
111  EUR_GBP 2023-12-22 05:45:00+00:00  0.86706  0.86706   0   0  0.00013   NaN  0.86706       0
2023-12-22 06:47:09 CandleManager() new candle:last_candle:23-12-22 05:46 is_ready:True
2023-12-22 06:47:14 tech_manager: max_rows:113 candle_time:2023-12-22 05:46:00+00:00 granularity:M1
2023-12-22 06:47:14 process_candles:
        PAIR                      time    mid_c    mid_o  SL  TP   SPREAD  GAIN     LOSS  SIGNAL
107  EUR_GBP 2023-12-22 05:42:00+00:00  0.86710  0.86710   0   0  0.00016   NaN  0.86710       0
108  EUR_GBP 2023-12-22 05:43:00+00:00  0.86708  0.86710   0   0  0.00014   NaN  0.86708       0
109  EUR_GBP 2023-12-22 05:44:00+00:00  0.86704  0.86708   0   0  0.00014   NaN  0.86704       0
110  EUR_GBP 2023-12-22 05:45:00+00:00  0.86706  0.86706   0   0  0.00013   NaN  0.86706       0
111  EUR_GBP 2023-12-22 05:46:00+00:00  0.86706  0.86705   0   0  0.00015   NaN  0.86706       0
2023-12-22 06:48:02 CandleManager() new candle:last_candle:23-12-22 05:47 is_ready:True
2023-12-22 06:48:07 tech_manager: max_rows:113 candle_time:2023-12-22 05:47:00+00:00 granularity:M1
2023-12-22 06:48:07 process_candles:
        PAIR                      time    mid_c    mid_o  SL  TP   SPREAD  GAIN     LOSS  SIGNAL
107  EUR_GBP 2023-12-22 05:43:00+00:00  0.86708  0.86710   0   0  0.00014   NaN  0.86708       0
108  EUR_GBP 2023-12-22 05:44:00+00:00  0.86704  0.86708   0   0  0.00014   NaN  0.86704       0
109  EUR_GBP 2023-12-22 05:45:00+00:00  0.86706  0.86706   0   0  0.00013   NaN  0.86706       0
110  EUR_GBP 2023-12-22 05:46:00+00:00  0.86706  0.86705   0   0  0.00015   NaN  0.86706       0
111  EUR_GBP 2023-12-22 05:47:00+00:00  0.86708  0.86706   0   0  0.00013   NaN  0.86708       0
2023-12-22 06:49:01 CandleManager() new candle:last_candle:23-12-22 05:48 is_ready:True
2023-12-22 06:49:06 tech_manager: max_rows:113 candle_time:2023-12-22 05:48:00+00:00 granularity:M1
2023-12-22 06:49:06 process_candles:
        PAIR                      time    mid_c    mid_o  SL  TP   SPREAD  GAIN     LOSS  SIGNAL
107  EUR_GBP 2023-12-22 05:44:00+00:00  0.86704  0.86708   0   0  0.00014   NaN  0.86704       0
108  EUR_GBP 2023-12-22 05:45:00+00:00  0.86706  0.86706   0   0  0.00013   NaN  0.86706       0
109  EUR_GBP 2023-12-22 05:46:00+00:00  0.86706  0.86705   0   0  0.00015   NaN  0.86706       0
110  EUR_GBP 2023-12-22 05:47:00+00:00  0.86708  0.86706   0   0  0.00013   NaN  0.86708       0
111  EUR_GBP 2023-12-22 05:48:00+00:00  0.86709  0.86708   0   0  0.00012   NaN  0.86709       0
2023-12-22 06:50:01 CandleManager() new candle:last_candle:23-12-22 05:49 is_ready:True
2023-12-22 06:50:05 tech_manager: max_rows:113 candle_time:2023-12-22 05:49:00+00:00 granularity:M1
2023-12-22 06:50:05 process_candles:
        PAIR                      time    mid_c    mid_o  SL  TP   SPREAD  GAIN     LOSS  SIGNAL
107  EUR_GBP 2023-12-22 05:45:00+00:00  0.86706  0.86706   0   0  0.00013   NaN  0.86706       0
108  EUR_GBP 2023-12-22 05:46:00+00:00  0.86706  0.86705   0   0  0.00015   NaN  0.86706       0
109  EUR_GBP 2023-12-22 05:47:00+00:00  0.86708  0.86706   0   0  0.00013   NaN  0.86708       0
110  EUR_GBP 2023-12-22 05:48:00+00:00  0.86709  0.86708   0   0  0.00012   NaN  0.86709       0
111  EUR_GBP 2023-12-22 05:49:00+00:00  0.86708  0.86708   0   0  0.00015   NaN  0.86708       0
2023-12-22 06:51:20 CandleManager() new candle:last_candle:23-12-22 05:50 is_ready:True
2023-12-22 06:51:25 tech_manager: max_rows:113 candle_time:2023-12-22 05:50:00+00:00 granularity:M1
2023-12-22 06:51:25 process_candles:
        PAIR                      time    mid_c    mid_o  SL  TP   SPREAD  GAIN     LOSS  SIGNAL
107  EUR_GBP 2023-12-22 05:46:00+00:00  0.86706  0.86705   0   0  0.00015   NaN  0.86706       0
108  EUR_GBP 2023-12-22 05:47:00+00:00  0.86708  0.86706   0   0  0.00013   NaN  0.86708       0
109  EUR_GBP 2023-12-22 05:48:00+00:00  0.86709  0.86708   0   0  0.00012   NaN  0.86709       0
110  EUR_GBP 2023-12-22 05:49:00+00:00  0.86708  0.86708   0   0  0.00015   NaN  0.86708       0
111  EUR_GBP 2023-12-22 05:50:00+00:00  0.86708  0.86708   0   0  0.00014   NaN  0.86708       0
2023-12-22 06:52:21 CandleManager() new candle:last_candle:23-12-22 05:51 is_ready:True
2023-12-22 06:52:24 tech_manager: max_rows:113 candle_time:2023-12-22 05:51:00+00:00 granularity:M1
2023-12-22 06:52:24 process_candles:
        PAIR                      time    mid_c    mid_o  SL  TP   SPREAD  GAIN     LOSS  SIGNAL
107  EUR_GBP 2023-12-22 05:47:00+00:00  0.86708  0.86706   0   0  0.00013   NaN  0.86708       0
108  EUR_GBP 2023-12-22 05:48:00+00:00  0.86709  0.86708   0   0  0.00012   NaN  0.86709       0
109  EUR_GBP 2023-12-22 05:49:00+00:00  0.86708  0.86708   0   0  0.00015   NaN  0.86708       0
110  EUR_GBP 2023-12-22 05:50:00+00:00  0.86708  0.86708   0   0  0.00014   NaN  0.86708       0
111  EUR_GBP 2023-12-22 05:51:00+00:00  0.86704  0.86706   0   0  0.00014   NaN  0.86704       0
2023-12-22 06:53:18 CandleManager() new candle:last_candle:23-12-22 05:52 is_ready:True
2023-12-22 06:53:23 tech_manager: max_rows:113 candle_time:2023-12-22 05:52:00+00:00 granularity:M1
2023-12-22 06:53:24 process_candles:
        PAIR                      time    mid_c    mid_o  SL  TP   SPREAD  GAIN     LOSS  SIGNAL
107  EUR_GBP 2023-12-22 05:48:00+00:00  0.86709  0.86708   0   0  0.00012   NaN  0.86709       0
108  EUR_GBP 2023-12-22 05:49:00+00:00  0.86708  0.86708   0   0  0.00015   NaN  0.86708       0
109  EUR_GBP 2023-12-22 05:50:00+00:00  0.86708  0.86708   0   0  0.00014   NaN  0.86708       0
110  EUR_GBP 2023-12-22 05:51:00+00:00  0.86704  0.86706   0   0  0.00014   NaN  0.86704       0
111  EUR_GBP 2023-12-22 05:52:00+00:00  0.86708  0.86706   0   0  0.00013   NaN  0.86708       0
2023-12-22 06:54:13 CandleManager() new candle:last_candle:23-12-22 05:53 is_ready:True
2023-12-22 06:54:18 tech_manager: max_rows:113 candle_time:2023-12-22 05:53:00+00:00 granularity:M1
2023-12-22 06:54:18 process_candles:
        PAIR                      time    mid_c    mid_o  SL  TP   SPREAD  GAIN     LOSS  SIGNAL
107  EUR_GBP 2023-12-22 05:49:00+00:00  0.86708  0.86708   0   0  0.00015   NaN  0.86708       0
108  EUR_GBP 2023-12-22 05:50:00+00:00  0.86708  0.86708   0   0  0.00014   NaN  0.86708       0
109  EUR_GBP 2023-12-22 05:51:00+00:00  0.86704  0.86706   0   0  0.00014   NaN  0.86704       0
110  EUR_GBP 2023-12-22 05:52:00+00:00  0.86708  0.86706   0   0  0.00013   NaN  0.86708       0
111  EUR_GBP 2023-12-22 05:53:00+00:00  0.86708  0.86706   0   0  0.00013   NaN  0.86708       0
2023-12-22 06:55:12 CandleManager() new candle:last_candle:23-12-22 05:54 is_ready:True
2023-12-22 06:55:13 tech_manager: max_rows:113 candle_time:2023-12-22 05:54:00+00:00 granularity:M1
2023-12-22 06:55:14 process_candles:
        PAIR                      time    mid_c    mid_o  SL  TP   SPREAD     GAIN     LOSS  SIGNAL
107  EUR_GBP 2023-12-22 05:50:00+00:00  0.86708  0.86708   0   0  0.00014      NaN  0.86708       0
108  EUR_GBP 2023-12-22 05:51:00+00:00  0.86704  0.86706   0   0  0.00014      NaN  0.86704       0
109  EUR_GBP 2023-12-22 05:52:00+00:00  0.86708  0.86706   0   0  0.00013      NaN  0.86708       0
110  EUR_GBP 2023-12-22 05:53:00+00:00  0.86708  0.86706   0   0  0.00013      NaN  0.86708       0
111  EUR_GBP 2023-12-22 05:54:00+00:00  0.86702  0.86706   0   0  0.00013  0.47197  0.86702       0
2023-12-22 06:56:08 CandleManager() new candle:last_candle:23-12-22 05:55 is_ready:True
2023-12-22 06:56:13 tech_manager: max_rows:113 candle_time:2023-12-22 05:55:00+00:00 granularity:M1
2023-12-22 06:56:13 process_candles:
        PAIR                      time    mid_c    mid_o  SL  TP   SPREAD      GAIN     LOSS  SIGNAL
107  EUR_GBP 2023-12-22 05:51:00+00:00  0.86704  0.86706   0   0  0.00014       NaN  0.86704       0
108  EUR_GBP 2023-12-22 05:52:00+00:00  0.86708  0.86706   0   0  0.00013       NaN  0.86708       0
109  EUR_GBP 2023-12-22 05:53:00+00:00  0.86708  0.86706   0   0  0.00013       NaN  0.86708       0
110  EUR_GBP 2023-12-22 05:54:00+00:00  0.86702  0.86706   0   0  0.00013  0.471970  0.86702       0
111  EUR_GBP 2023-12-22 05:55:00+00:00  0.86692  0.86700   0   0  0.00013  0.480025  0.86692       0
2023-12-22 06:57:23 CandleManager() new candle:last_candle:23-12-22 05:56 is_ready:True
2023-12-22 06:57:28 tech_manager: max_rows:113 candle_time:2023-12-22 05:56:00+00:00 granularity:M1
2023-12-22 06:57:28 process_candles:
        PAIR                      time    mid_c    mid_o  SL  TP   SPREAD      GAIN     LOSS  SIGNAL
107  EUR_GBP 2023-12-22 05:52:00+00:00  0.86708  0.86706   0   0  0.00013       NaN  0.86708       0
108  EUR_GBP 2023-12-22 05:53:00+00:00  0.86708  0.86706   0   0  0.00013       NaN  0.86708       0
109  EUR_GBP 2023-12-22 05:54:00+00:00  0.86702  0.86706   0   0  0.00013  0.471970  0.86702       0
110  EUR_GBP 2023-12-22 05:55:00+00:00  0.86692  0.86700   0   0  0.00013  0.480025  0.86692       0
111  EUR_GBP 2023-12-22 05:56:00+00:00  0.86696  0.86692   0   0  0.00013  0.461009  0.86696       0
2023-12-22 06:58:02 CandleManager() new candle:last_candle:23-12-22 05:57 is_ready:True
2023-12-22 06:58:07 tech_manager: max_rows:113 candle_time:2023-12-22 05:57:00+00:00 granularity:M1
2023-12-22 06:58:07 process_candles:
        PAIR                      time    mid_c    mid_o  SL  TP   SPREAD      GAIN     LOSS  SIGNAL
107  EUR_GBP 2023-12-22 05:53:00+00:00  0.86708  0.86706   0   0  0.00013       NaN  0.86708       0
108  EUR_GBP 2023-12-22 05:54:00+00:00  0.86702  0.86706   0   0  0.00013  0.471970  0.86702       0
109  EUR_GBP 2023-12-22 05:55:00+00:00  0.86692  0.86700   0   0  0.00013  0.480025  0.86692       0
110  EUR_GBP 2023-12-22 05:56:00+00:00  0.86696  0.86692   0   0  0.00013  0.461009  0.86696       0
111  EUR_GBP 2023-12-22 05:57:00+00:00  0.86688  0.86698   0   0  0.00015  0.503322  0.86688       0
2023-12-22 06:59:17 CandleManager() new candle:last_candle:23-12-22 05:58 is_ready:True
2023-12-22 06:59:22 tech_manager: max_rows:113 candle_time:2023-12-22 05:58:00+00:00 granularity:M1
2023-12-22 06:59:22 process_candles:
        PAIR                      time    mid_c    mid_o  SL  TP   SPREAD      GAIN     LOSS  SIGNAL
107  EUR_GBP 2023-12-22 05:54:00+00:00  0.86702  0.86706   0   0  0.00013  0.471970  0.86702       0
108  EUR_GBP 2023-12-22 05:55:00+00:00  0.86692  0.86700   0   0  0.00013  0.480025  0.86692       0
109  EUR_GBP 2023-12-22 05:56:00+00:00  0.86696  0.86692   0   0  0.00013  0.461009  0.86696       0
110  EUR_GBP 2023-12-22 05:57:00+00:00  0.86688  0.86698   0   0  0.00015  0.503322  0.86688       0
111  EUR_GBP 2023-12-22 05:58:00+00:00  0.86688  0.86690   0   0  0.00013  0.556218  0.86688       0
2023-12-22 07:00:12 CandleManager() new candle:last_candle:23-12-22 05:59 is_ready:True
2023-12-22 07:00:17 tech_manager: max_rows:113 candle_time:2023-12-22 05:59:00+00:00 granularity:M1
2023-12-22 07:00:17 process_candles:
        PAIR                      time    mid_c    mid_o  SL  TP   SPREAD      GAIN     LOSS  SIGNAL
107  EUR_GBP 2023-12-22 05:55:00+00:00  0.86692  0.86700   0   0  0.00013  0.480025  0.86692       0
108  EUR_GBP 2023-12-22 05:56:00+00:00  0.86696  0.86692   0   0  0.00013  0.461009  0.86696       0
109  EUR_GBP 2023-12-22 05:57:00+00:00  0.86688  0.86698   0   0  0.00015  0.503322  0.86688       0
110  EUR_GBP 2023-12-22 05:58:00+00:00  0.86688  0.86690   0   0  0.00013  0.556218  0.86688       0
111  EUR_GBP 2023-12-22 05:59:00+00:00  0.86688  0.86688   0   0  0.00015  0.535209  0.86688       0
2023-12-22 07:01:09 CandleManager() new candle:last_candle:23-12-22 06:00 is_ready:True
2023-12-22 07:01:14 tech_manager: max_rows:113 candle_time:2023-12-22 06:00:00+00:00 granularity:M1
2023-12-22 07:01:15 process_candles:
        PAIR                      time    mid_c    mid_o  SL  TP   SPREAD      GAIN     LOSS  SIGNAL
107  EUR_GBP 2023-12-22 05:56:00+00:00  0.86696  0.86692   0   0  0.00013  0.461009  0.86696       0
108  EUR_GBP 2023-12-22 05:57:00+00:00  0.86688  0.86698   0   0  0.00015  0.503322  0.86688       0
109  EUR_GBP 2023-12-22 05:58:00+00:00  0.86688  0.86690   0   0  0.00013  0.556218  0.86688       0
110  EUR_GBP 2023-12-22 05:59:00+00:00  0.86688  0.86688   0   0  0.00015  0.535209  0.86688       0
111  EUR_GBP 2023-12-22 06:00:00+00:00  0.86684  0.86686   0   0  0.00014  0.531850  0.86684       0
2023-12-22 07:02:17 CandleManager() new candle:last_candle:23-12-22 06:01 is_ready:True
2023-12-22 07:02:18 tech_manager: max_rows:113 candle_time:2023-12-22 06:01:00+00:00 granularity:M1
2023-12-22 07:02:18 process_candles:
        PAIR                      time    mid_c    mid_o  SL  TP   SPREAD      GAIN     LOSS  SIGNAL
107  EUR_GBP 2023-12-22 05:57:00+00:00  0.86688  0.86698   0   0  0.00015  0.503322  0.86688       0
108  EUR_GBP 2023-12-22 05:58:00+00:00  0.86688  0.86690   0   0  0.00013  0.556218  0.86688       0
109  EUR_GBP 2023-12-22 05:59:00+00:00  0.86688  0.86688   0   0  0.00015  0.535209  0.86688       0
110  EUR_GBP 2023-12-22 06:00:00+00:00  0.86684  0.86686   0   0  0.00014  0.531850  0.86684       0
111  EUR_GBP 2023-12-22 06:01:00+00:00  0.86684  0.86684   0   0  0.00014  0.522075  0.86684       0
2023-12-22 07:03:03 CandleManager() new candle:last_candle:23-12-22 06:02 is_ready:True
2023-12-22 07:03:04 tech_manager: max_rows:113 candle_time:2023-12-22 06:02:00+00:00 granularity:M1
2023-12-22 07:03:04 process_candles:
        PAIR                      time    mid_c    mid_o  SL  TP   SPREAD      GAIN     LOSS  SIGNAL
107  EUR_GBP 2023-12-22 05:58:00+00:00  0.86688  0.86690   0   0  0.00013  0.556218  0.86688       0
108  EUR_GBP 2023-12-22 05:59:00+00:00  0.86688  0.86688   0   0  0.00015  0.535209  0.86688       0
109  EUR_GBP 2023-12-22 06:00:00+00:00  0.86684  0.86686   0   0  0.00014  0.531850  0.86684       0
110  EUR_GBP 2023-12-22 06:01:00+00:00  0.86684  0.86684   0   0  0.00014  0.522075  0.86684       0
111  EUR_GBP 2023-12-22 06:02:00+00:00  0.86679  0.86684   0   0  0.00016  0.572513  0.86679       0
2023-12-22 07:04:04 CandleManager() new candle:last_candle:23-12-22 06:03 is_ready:True
2023-12-22 07:04:05 tech_manager: max_rows:113 candle_time:2023-12-22 06:03:00+00:00 granularity:M1
2023-12-22 07:04:05 process_candles:
        PAIR                      time    mid_c    mid_o  SL  TP   SPREAD      GAIN     LOSS  SIGNAL
107  EUR_GBP 2023-12-22 05:59:00+00:00  0.86688  0.86688   0   0  0.00015  0.535209  0.86688       0
108  EUR_GBP 2023-12-22 06:00:00+00:00  0.86684  0.86686   0   0  0.00014  0.531850  0.86684       0
109  EUR_GBP 2023-12-22 06:01:00+00:00  0.86684  0.86684   0   0  0.00014  0.522075  0.86684       0
110  EUR_GBP 2023-12-22 06:02:00+00:00  0.86679  0.86684   0   0  0.00016  0.572513  0.86679       0
111  EUR_GBP 2023-12-22 06:03:00+00:00  0.86684  0.86678   0   0  0.00016  0.553820  0.86684       0
2023-12-22 07:05:05 CandleManager() new candle:last_candle:23-12-22 06:04 is_ready:True
2023-12-22 07:05:06 tech_manager: max_rows:113 candle_time:2023-12-22 06:04:00+00:00 granularity:M1
2023-12-22 07:05:06 process_candles:
        PAIR                      time    mid_c    mid_o  SL  TP   SPREAD      GAIN     LOSS  SIGNAL
107  EUR_GBP 2023-12-22 06:00:00+00:00  0.86684  0.86686   0   0  0.00014  0.531850  0.86684       0
108  EUR_GBP 2023-12-22 06:01:00+00:00  0.86684  0.86684   0   0  0.00014  0.522075  0.86684       0
109  EUR_GBP 2023-12-22 06:02:00+00:00  0.86679  0.86684   0   0  0.00016  0.572513  0.86679       0
110  EUR_GBP 2023-12-22 06:03:00+00:00  0.86684  0.86678   0   0  0.00016  0.553820  0.86684       0
111  EUR_GBP 2023-12-22 06:04:00+00:00  0.86685  0.86684   0   0  0.00016  0.506630  0.86685       0
2023-12-22 07:06:07 CandleManager() new candle:last_candle:23-12-22 06:05 is_ready:True
2023-12-22 07:06:08 tech_manager: max_rows:113 candle_time:2023-12-22 06:05:00+00:00 granularity:M1
2023-12-22 07:06:09 process_candles:
        PAIR                      time    mid_c    mid_o  SL  TP   SPREAD      GAIN     LOSS  SIGNAL
107  EUR_GBP 2023-12-22 06:01:00+00:00  0.86684  0.86684   0   0  0.00014  0.522075  0.86684       0
108  EUR_GBP 2023-12-22 06:02:00+00:00  0.86679  0.86684   0   0  0.00016  0.572513  0.86679       0
109  EUR_GBP 2023-12-22 06:03:00+00:00  0.86684  0.86678   0   0  0.00016  0.553820  0.86684       0
110  EUR_GBP 2023-12-22 06:04:00+00:00  0.86685  0.86684   0   0  0.00016  0.506630  0.86685       0
111  EUR_GBP 2023-12-22 06:05:00+00:00  0.86680  0.86685   0   0  0.00015  0.569731  0.86680       0
2023-12-22 07:07:08 CandleManager() new candle:last_candle:23-12-22 06:06 is_ready:True
2023-12-22 07:07:09 tech_manager: max_rows:113 candle_time:2023-12-22 06:06:00+00:00 granularity:M1
2023-12-22 07:07:09 process_candles:
        PAIR                      time    mid_c    mid_o  SL  TP   SPREAD      GAIN     LOSS  SIGNAL
107  EUR_GBP 2023-12-22 06:02:00+00:00  0.86679  0.86684   0   0  0.00016  0.572513  0.86679       0
108  EUR_GBP 2023-12-22 06:03:00+00:00  0.86684  0.86678   0   0  0.00016  0.553820  0.86684       0
109  EUR_GBP 2023-12-22 06:04:00+00:00  0.86685  0.86684   0   0  0.00016  0.506630  0.86685       0
110  EUR_GBP 2023-12-22 06:05:00+00:00  0.86680  0.86685   0   0  0.00015  0.569731  0.86680       0
111  EUR_GBP 2023-12-22 06:06:00+00:00  0.86677  0.86678   0   0  0.00014  0.562831  0.86677       0
2023-12-22 07:08:10 CandleManager() new candle:last_candle:23-12-22 06:07 is_ready:True
2023-12-22 07:08:11 tech_manager: max_rows:113 candle_time:2023-12-22 06:07:00+00:00 granularity:M1
2023-12-22 07:08:12 process_candles:
        PAIR                      time    mid_c    mid_o  SL  TP   SPREAD      GAIN     LOSS  SIGNAL
107  EUR_GBP 2023-12-22 06:03:00+00:00  0.86684  0.86678   0   0  0.00016  0.553820  0.86684       0
108  EUR_GBP 2023-12-22 06:04:00+00:00  0.86685  0.86684   0   0  0.00016  0.506630  0.86685       0
109  EUR_GBP 2023-12-22 06:05:00+00:00  0.86680  0.86685   0   0  0.00015  0.569731  0.86680       0
110  EUR_GBP 2023-12-22 06:06:00+00:00  0.86677  0.86678   0   0  0.00014  0.562831  0.86677       0
111  EUR_GBP 2023-12-22 06:07:00+00:00  0.86679  0.86678   0   0  0.00014  0.532284  0.86679       0
2023-12-22 07:09:13 CandleManager() new candle:last_candle:23-12-22 06:08 is_ready:True
2023-12-22 07:09:14 tech_manager: max_rows:113 candle_time:2023-12-22 06:08:00+00:00 granularity:M1
2023-12-22 07:09:15 process_candles:
        PAIR                      time    mid_c    mid_o  SL  TP   SPREAD      GAIN     LOSS  SIGNAL
108  EUR_GBP 2023-12-22 06:04:00+00:00  0.86685  0.86684   0   0  0.00016  0.506630  0.86685       0
109  EUR_GBP 2023-12-22 06:05:00+00:00  0.86680  0.86685   0   0  0.00015  0.569731  0.86680       0
110  EUR_GBP 2023-12-22 06:06:00+00:00  0.86677  0.86678   0   0  0.00014  0.562831  0.86677       0
111  EUR_GBP 2023-12-22 06:07:00+00:00  0.86679  0.86678   0   0  0.00014  0.532284  0.86679       0
112  EUR_GBP 2023-12-22 06:08:00+00:00  0.86680  0.86678   0   0  0.00015  0.540813  0.86680       0
2023-12-22 07:10:01 CandleManager() new candle:last_candle:23-12-22 06:09 is_ready:True
2023-12-22 07:10:01 tech_manager: max_rows:113 candle_time:2023-12-22 06:09:00+00:00 granularity:M1
2023-12-22 07:10:01 process_candles:
        PAIR                      time    mid_c    mid_o  SL  TP   SPREAD      GAIN     LOSS  SIGNAL
107  EUR_GBP 2023-12-22 06:05:00+00:00  0.86680  0.86685   0   0  0.00015  0.569731  0.86680       0
108  EUR_GBP 2023-12-22 06:06:00+00:00  0.86677  0.86678   0   0  0.00014  0.562831  0.86677       0
109  EUR_GBP 2023-12-22 06:07:00+00:00  0.86679  0.86678   0   0  0.00014  0.532284  0.86679       0
110  EUR_GBP 2023-12-22 06:08:00+00:00  0.86680  0.86678   0   0  0.00015  0.540813  0.86680       0
111  EUR_GBP 2023-12-22 06:09:00+00:00  0.86684  0.86683   0   0  0.00015  0.531470  0.86684       0
2023-12-22 07:11:19 CandleManager() new candle:last_candle:23-12-22 06:10 is_ready:True
2023-12-22 07:11:20 tech_manager: max_rows:113 candle_time:2023-12-22 06:10:00+00:00 granularity:M1
2023-12-22 07:11:20 process_candles:
        PAIR                      time    mid_c    mid_o  SL  TP   SPREAD      GAIN     LOSS  SIGNAL
107  EUR_GBP 2023-12-22 06:06:00+00:00  0.86677  0.86678   0   0  0.00014  0.562831  0.86677       0
108  EUR_GBP 2023-12-22 06:07:00+00:00  0.86679  0.86678   0   0  0.00014  0.532284  0.86679       0
109  EUR_GBP 2023-12-22 06:08:00+00:00  0.86680  0.86678   0   0  0.00015  0.540813  0.86680       0
110  EUR_GBP 2023-12-22 06:09:00+00:00  0.86684  0.86683   0   0  0.00015  0.531470  0.86684       0
111  EUR_GBP 2023-12-22 06:10:00+00:00  0.86685  0.86684   0   0  0.00016  0.478032  0.86685       0
2023-12-22 07:12:06 CandleManager() new candle:last_candle:23-12-22 06:11 is_ready:True
2023-12-22 07:12:07 tech_manager: max_rows:113 candle_time:2023-12-22 06:11:00+00:00 granularity:M1
2023-12-22 07:12:07 process_candles:
        PAIR                      time    mid_c    mid_o  SL  TP   SPREAD      GAIN     LOSS  SIGNAL
108  EUR_GBP 2023-12-22 06:07:00+00:00  0.86679  0.86678   0   0  0.00014  0.532284  0.86679       0
109  EUR_GBP 2023-12-22 06:08:00+00:00  0.86680  0.86678   0   0  0.00015  0.540813  0.86680       0
110  EUR_GBP 2023-12-22 06:09:00+00:00  0.86684  0.86683   0   0  0.00015  0.531470  0.86684       0
111  EUR_GBP 2023-12-22 06:10:00+00:00  0.86685  0.86684   0   0  0.00016  0.478032  0.86685       0
112  EUR_GBP 2023-12-22 06:11:00+00:00  0.86686  0.86685   0   0  0.00014  0.474119  0.86686       0
2023-12-22 07:13:08 CandleManager() new candle:last_candle:23-12-22 06:12 is_ready:True
2023-12-22 07:13:10 tech_manager: max_rows:113 candle_time:2023-12-22 06:12:00+00:00 granularity:M1
2023-12-22 07:13:10 process_candles:
        PAIR                      time    mid_c    mid_o  SL  TP   SPREAD      GAIN     LOSS  SIGNAL
108  EUR_GBP 2023-12-22 06:08:00+00:00  0.86680  0.86678   0   0  0.00015  0.540813  0.86680       0
109  EUR_GBP 2023-12-22 06:09:00+00:00  0.86684  0.86683   0   0  0.00015  0.531470  0.86684       0
110  EUR_GBP 2023-12-22 06:10:00+00:00  0.86685  0.86684   0   0  0.00016  0.478032  0.86685       0
111  EUR_GBP 2023-12-22 06:11:00+00:00  0.86686  0.86685   0   0  0.00014  0.474119  0.86686       0
112  EUR_GBP 2023-12-22 06:12:00+00:00  0.86681  0.86684   0   0  0.00014  0.512013  0.86681       0
2023-12-22 07:14:11 CandleManager() new candle:last_candle:23-12-22 06:13 is_ready:True
2023-12-22 07:14:13 tech_manager: max_rows:113 candle_time:2023-12-22 06:13:00+00:00 granularity:M1
2023-12-22 07:14:13 process_candles:
        PAIR                      time    mid_c    mid_o  SL  TP   SPREAD      GAIN     LOSS  SIGNAL
107  EUR_GBP 2023-12-22 06:09:00+00:00  0.86684  0.86683   0   0  0.00015  0.531470  0.86684       0
108  EUR_GBP 2023-12-22 06:10:00+00:00  0.86685  0.86684   0   0  0.00016  0.478032  0.86685       0
109  EUR_GBP 2023-12-22 06:11:00+00:00  0.86686  0.86685   0   0  0.00014  0.474119  0.86686       0
110  EUR_GBP 2023-12-22 06:12:00+00:00  0.86681  0.86684   0   0  0.00014  0.512013  0.86681       0
111  EUR_GBP 2023-12-22 06:13:00+00:00  0.86681  0.86681   0   0  0.00016  0.502303  0.86681       0
2023-12-22 07:15:12 CandleManager() new candle:last_candle:23-12-22 06:14 is_ready:True
2023-12-22 07:15:13 tech_manager: max_rows:113 candle_time:2023-12-22 06:14:00+00:00 granularity:M1
2023-12-22 07:15:13 process_candles:
        PAIR                      time    mid_c    mid_o  SL  TP   SPREAD      GAIN     LOSS  SIGNAL
107  EUR_GBP 2023-12-22 06:10:00+00:00  0.86685  0.86684   0   0  0.00016  0.478032  0.86685       0
108  EUR_GBP 2023-12-22 06:11:00+00:00  0.86686  0.86685   0   0  0.00014  0.474119  0.86686       0
109  EUR_GBP 2023-12-22 06:12:00+00:00  0.86681  0.86684   0   0  0.00014  0.512013  0.86681       0
110  EUR_GBP 2023-12-22 06:13:00+00:00  0.86681  0.86681   0   0  0.00016  0.502303  0.86681       0
111  EUR_GBP 2023-12-22 06:14:00+00:00  0.86686  0.86680   0   0  0.00015  0.484689  0.86686       0
2023-12-22 07:16:14 CandleManager() new candle:last_candle:23-12-22 06:15 is_ready:True
2023-12-22 07:16:15 tech_manager: max_rows:113 candle_time:2023-12-22 06:15:00+00:00 granularity:M1
2023-12-22 07:16:16 process_candles:
        PAIR                      time    mid_c    mid_o  SL  TP   SPREAD      GAIN     LOSS  SIGNAL
107  EUR_GBP 2023-12-22 06:11:00+00:00  0.86686  0.86685   0   0  0.00014  0.474119  0.86686       0
108  EUR_GBP 2023-12-22 06:12:00+00:00  0.86681  0.86684   0   0  0.00014  0.512013  0.86681       0
109  EUR_GBP 2023-12-22 06:13:00+00:00  0.86681  0.86681   0   0  0.00016  0.502303  0.86681       0
110  EUR_GBP 2023-12-22 06:14:00+00:00  0.86686  0.86680   0   0  0.00015  0.484689  0.86686       0
111  EUR_GBP 2023-12-22 06:15:00+00:00  0.86684  0.86684   0   0  0.00015  0.460001  0.86684       0
2023-12-22 07:17:02 CandleManager() new candle:last_candle:23-12-22 06:16 is_ready:True
2023-12-22 07:17:02 tech_manager: max_rows:113 candle_time:2023-12-22 06:16:00+00:00 granularity:M1
2023-12-22 07:17:03 process_candles:
        PAIR                      time    mid_c    mid_o  SL  TP   SPREAD      GAIN     LOSS  SIGNAL
107  EUR_GBP 2023-12-22 06:12:00+00:00  0.86681  0.86684   0   0  0.00014  0.512013  0.86681       0
108  EUR_GBP 2023-12-22 06:13:00+00:00  0.86681  0.86681   0   0  0.00016  0.502303  0.86681       0
109  EUR_GBP 2023-12-22 06:14:00+00:00  0.86686  0.86680   0   0  0.00015  0.484689  0.86686       0
110  EUR_GBP 2023-12-22 06:15:00+00:00  0.86684  0.86684   0   0  0.00015  0.460001  0.86684       0
111  EUR_GBP 2023-12-22 06:16:00+00:00  0.86684  0.86684   0   0  0.00016  0.497345  0.86684       0
2023-12-22 07:18:20 CandleManager() new candle:last_candle:23-12-22 06:17 is_ready:True
2023-12-22 07:18:21 tech_manager: max_rows:113 candle_time:2023-12-22 06:17:00+00:00 granularity:M1
2023-12-22 07:18:21 process_candles:
        PAIR                      time    mid_c    mid_o  SL  TP   SPREAD      GAIN     LOSS  SIGNAL
107  EUR_GBP 2023-12-22 06:13:00+00:00  0.86681  0.86681   0   0  0.00016  0.502303  0.86681       0
108  EUR_GBP 2023-12-22 06:14:00+00:00  0.86686  0.86680   0   0  0.00015  0.484689  0.86686       0
109  EUR_GBP 2023-12-22 06:15:00+00:00  0.86684  0.86684   0   0  0.00015  0.460001  0.86684       0
110  EUR_GBP 2023-12-22 06:16:00+00:00  0.86684  0.86684   0   0  0.00016  0.497345  0.86684       0
111  EUR_GBP 2023-12-22 06:17:00+00:00  0.86690  0.86686   0   0  0.00016  0.447645  0.86690       0
2023-12-22 07:19:07 CandleManager() new candle:last_candle:23-12-22 06:18 is_ready:True
2023-12-22 07:19:08 tech_manager: max_rows:113 candle_time:2023-12-22 06:18:00+00:00 granularity:M1
2023-12-22 07:19:08 process_candles:
        PAIR                      time    mid_c    mid_o  SL  TP   SPREAD      GAIN     LOSS  SIGNAL
107  EUR_GBP 2023-12-22 06:14:00+00:00  0.86686  0.86680   0   0  0.00015  0.484689  0.86686       0
108  EUR_GBP 2023-12-22 06:15:00+00:00  0.86684  0.86684   0   0  0.00015  0.460001  0.86684       0
109  EUR_GBP 2023-12-22 06:16:00+00:00  0.86684  0.86684   0   0  0.00016  0.497345  0.86684       0
110  EUR_GBP 2023-12-22 06:17:00+00:00  0.86690  0.86686   0   0  0.00016  0.447645  0.86690       0
111  EUR_GBP 2023-12-22 06:18:00+00:00  0.86682  0.86688   0   0  0.00015  0.429267  0.86682       0
2023-12-22 07:20:09 CandleManager() new candle:last_candle:23-12-22 06:19 is_ready:True
2023-12-22 07:20:10 tech_manager: max_rows:113 candle_time:2023-12-22 06:19:00+00:00 granularity:M1
2023-12-22 07:20:11 process_candles:
        PAIR                      time    mid_c    mid_o  SL  TP   SPREAD      GAIN     LOSS  SIGNAL
107  EUR_GBP 2023-12-22 06:15:00+00:00  0.86684  0.86684   0   0  0.00015  0.460001  0.86684       0
108  EUR_GBP 2023-12-22 06:16:00+00:00  0.86684  0.86684   0   0  0.00016  0.497345  0.86684       0
109  EUR_GBP 2023-12-22 06:17:00+00:00  0.86690  0.86686   0   0  0.00016  0.447645  0.86690       0
110  EUR_GBP 2023-12-22 06:18:00+00:00  0.86682  0.86688   0   0  0.00015  0.429267  0.86682       0
111  EUR_GBP 2023-12-22 06:19:00+00:00  0.86678  0.86682   0   0  0.00015  0.438826  0.86678       0
2023-12-22 07:21:12 CandleManager() new candle:last_candle:23-12-22 06:20 is_ready:True
2023-12-22 07:21:13 tech_manager: max_rows:113 candle_time:2023-12-22 06:20:00+00:00 granularity:M1
2023-12-22 07:21:13 process_candles:
        PAIR                      time    mid_c    mid_o  SL  TP   SPREAD      GAIN     LOSS  SIGNAL
107  EUR_GBP 2023-12-22 06:16:00+00:00  0.86684  0.86684   0   0  0.00016  0.497345  0.86684       0
108  EUR_GBP 2023-12-22 06:17:00+00:00  0.86690  0.86686   0   0  0.00016  0.447645  0.86690       0
109  EUR_GBP 2023-12-22 06:18:00+00:00  0.86682  0.86688   0   0  0.00015  0.429267  0.86682       0
110  EUR_GBP 2023-12-22 06:19:00+00:00  0.86678  0.86682   0   0  0.00015  0.438826  0.86678       0
111  EUR_GBP 2023-12-22 06:20:00+00:00  0.86678  0.86676   0   0  0.00016  0.433329  0.86678       0
2023-12-22 07:22:14 CandleManager() new candle:last_candle:23-12-22 06:21 is_ready:True
2023-12-22 07:22:16 tech_manager: max_rows:113 candle_time:2023-12-22 06:21:00+00:00 granularity:M1
2023-12-22 07:22:16 process_candles:
        PAIR                      time    mid_c    mid_o  SL  TP   SPREAD      GAIN     LOSS  SIGNAL
107  EUR_GBP 2023-12-22 06:17:00+00:00  0.86690  0.86686   0   0  0.00016  0.447645  0.86690       0
108  EUR_GBP 2023-12-22 06:18:00+00:00  0.86682  0.86688   0   0  0.00015  0.429267  0.86682       0
109  EUR_GBP 2023-12-22 06:19:00+00:00  0.86678  0.86682   0   0  0.00015  0.438826  0.86678       0
110  EUR_GBP 2023-12-22 06:20:00+00:00  0.86678  0.86676   0   0  0.00016  0.433329  0.86678       0
111  EUR_GBP 2023-12-22 06:21:00+00:00  0.86677  0.86677   0   0  0.00014  0.414679  0.86677       0
2023-12-22 07:23:13 CandleManager() new candle:last_candle:23-12-22 06:22 is_ready:True
2023-12-22 07:23:14 tech_manager: max_rows:113 candle_time:2023-12-22 06:22:00+00:00 granularity:M1
2023-12-22 07:23:14 process_candles:
        PAIR                      time    mid_c    mid_o  SL  TP   SPREAD      GAIN     LOSS  SIGNAL
107  EUR_GBP 2023-12-22 06:18:00+00:00  0.86682  0.86688   0   0  0.00015  0.429267  0.86682       0
108  EUR_GBP 2023-12-22 06:19:00+00:00  0.86678  0.86682   0   0  0.00015  0.438826  0.86678       0
109  EUR_GBP 2023-12-22 06:20:00+00:00  0.86678  0.86676   0   0  0.00016  0.433329  0.86678       0
110  EUR_GBP 2023-12-22 06:21:00+00:00  0.86677  0.86677   0   0  0.00014  0.414679  0.86677       0
111  EUR_GBP 2023-12-22 06:22:00+00:00  0.86679  0.86677   0   0  0.00016  0.383495  0.86679       0
2023-12-22 07:24:13 CandleManager() new candle:last_candle:23-12-22 06:23 is_ready:True
2023-12-22 07:24:15 tech_manager: max_rows:113 candle_time:2023-12-22 06:23:00+00:00 granularity:M1
2023-12-22 07:24:15 process_candles:
        PAIR                      time    mid_c    mid_o  SL  TP   SPREAD      GAIN     LOSS  SIGNAL
107  EUR_GBP 2023-12-22 06:19:00+00:00  0.86678  0.86682   0   0  0.00015  0.438826  0.86678       0
108  EUR_GBP 2023-12-22 06:20:00+00:00  0.86678  0.86676   0   0  0.00016  0.433329  0.86678       0
109  EUR_GBP 2023-12-22 06:21:00+00:00  0.86677  0.86677   0   0  0.00014  0.414679  0.86677       0
110  EUR_GBP 2023-12-22 06:22:00+00:00  0.86679  0.86677   0   0  0.00016  0.383495  0.86679       0
111  EUR_GBP 2023-12-22 06:23:00+00:00  0.86679  0.86678   0   0  0.00016  0.398815  0.86679       0
2023-12-22 07:25:01 CandleManager() new candle:last_candle:23-12-22 06:24 is_ready:True
2023-12-22 07:25:01 tech_manager: max_rows:113 candle_time:2023-12-22 06:24:00+00:00 granularity:M1
2023-12-22 07:25:02 process_candles:
        PAIR                      time    mid_c    mid_o  SL  TP   SPREAD      GAIN     LOSS  SIGNAL
107  EUR_GBP 2023-12-22 06:20:00+00:00  0.86678  0.86676   0   0  0.00016  0.433329  0.86678       0
108  EUR_GBP 2023-12-22 06:21:00+00:00  0.86677  0.86677   0   0  0.00014  0.414679  0.86677       0
109  EUR_GBP 2023-12-22 06:22:00+00:00  0.86679  0.86677   0   0  0.00016  0.383495  0.86679       0
110  EUR_GBP 2023-12-22 06:23:00+00:00  0.86679  0.86678   0   0  0.00016  0.398815  0.86679       0
111  EUR_GBP 2023-12-22 06:24:00+00:00  0.86678  0.86680   0   0  0.00015  0.468931  0.86678       0
2023-12-22 07:26:19 CandleManager() new candle:last_candle:23-12-22 06:25 is_ready:True
2023-12-22 07:26:20 tech_manager: max_rows:113 candle_time:2023-12-22 06:25:00+00:00 granularity:M1
2023-12-22 07:26:20 process_candles:
        PAIR                      time    mid_c    mid_o  SL  TP   SPREAD      GAIN     LOSS  SIGNAL
107  EUR_GBP 2023-12-22 06:21:00+00:00  0.86677  0.86677   0   0  0.00014  0.414679  0.86677       0
108  EUR_GBP 2023-12-22 06:22:00+00:00  0.86679  0.86677   0   0  0.00016  0.383495  0.86679       0
109  EUR_GBP 2023-12-22 06:23:00+00:00  0.86679  0.86678   0   0  0.00016  0.398815  0.86679       0
110  EUR_GBP 2023-12-22 06:24:00+00:00  0.86678  0.86680   0   0  0.00015  0.468931  0.86678       0
111  EUR_GBP 2023-12-22 06:25:00+00:00  0.86676  0.86681   0   0  0.00016  0.412680  0.86676       0
2023-12-22 07:27:06 CandleManager() new candle:last_candle:23-12-22 06:26 is_ready:True
2023-12-22 07:27:07 tech_manager: max_rows:113 candle_time:2023-12-22 06:26:00+00:00 granularity:M1
2023-12-22 07:27:07 process_candles:
        PAIR                      time    mid_c    mid_o  SL  TP   SPREAD      GAIN     LOSS  SIGNAL
107  EUR_GBP 2023-12-22 06:22:00+00:00  0.86679  0.86677   0   0  0.00016  0.383495  0.86679       0
108  EUR_GBP 2023-12-22 06:23:00+00:00  0.86679  0.86678   0   0  0.00016  0.398815  0.86679       0
109  EUR_GBP 2023-12-22 06:24:00+00:00  0.86678  0.86680   0   0  0.00015  0.468931  0.86678       0
110  EUR_GBP 2023-12-22 06:25:00+00:00  0.86676  0.86681   0   0  0.00016  0.412680  0.86676       0
111  EUR_GBP 2023-12-22 06:26:00+00:00  0.86684  0.86678   0   0  0.00015  0.373788  0.86684       0
2023-12-22 07:28:08 CandleManager() new candle:last_candle:23-12-22 06:27 is_ready:True
2023-12-22 07:28:09 tech_manager: max_rows:113 candle_time:2023-12-22 06:27:00+00:00 granularity:M1
2023-12-22 07:28:09 process_candles:
        PAIR                      time    mid_c    mid_o  SL  TP   SPREAD      GAIN     LOSS  SIGNAL
108  EUR_GBP 2023-12-22 06:23:00+00:00  0.86679  0.86678   0   0  0.00016  0.398815  0.86679       0
109  EUR_GBP 2023-12-22 06:24:00+00:00  0.86678  0.86680   0   0  0.00015  0.468931  0.86678       0
110  EUR_GBP 2023-12-22 06:25:00+00:00  0.86676  0.86681   0   0  0.00016  0.412680  0.86676       0
111  EUR_GBP 2023-12-22 06:26:00+00:00  0.86684  0.86678   0   0  0.00015  0.373788  0.86684       0
112  EUR_GBP 2023-12-22 06:27:00+00:00  0.86684  0.86684   0   0  0.00015  0.409713  0.86684       0
2023-12-22 07:29:09 CandleManager() new candle:last_candle:23-12-22 06:28 is_ready:True
2023-12-22 07:29:10 tech_manager: max_rows:113 candle_time:2023-12-22 06:28:00+00:00 granularity:M1
2023-12-22 07:29:10 process_candles:
        PAIR                      time    mid_c    mid_o  SL  TP   SPREAD      GAIN     LOSS  SIGNAL
107  EUR_GBP 2023-12-22 06:24:00+00:00  0.86678  0.86680   0   0  0.00015  0.468931  0.86678       0
108  EUR_GBP 2023-12-22 06:25:00+00:00  0.86676  0.86681   0   0  0.00016  0.412680  0.86676       0
109  EUR_GBP 2023-12-22 06:26:00+00:00  0.86684  0.86678   0   0  0.00015  0.373788  0.86684       0
110  EUR_GBP 2023-12-22 06:27:00+00:00  0.86684  0.86684   0   0  0.00015  0.409713  0.86684       0
111  EUR_GBP 2023-12-22 06:28:00+00:00  0.86686  0.86684   0   0  0.00013  0.357955  0.86686       0
2023-12-22 07:30:11 CandleManager() new candle:last_candle:23-12-22 06:29 is_ready:True
2023-12-22 07:30:13 tech_manager: max_rows:113 candle_time:2023-12-22 06:29:00+00:00 granularity:M1
2023-12-22 07:30:13 process_candles:
        PAIR                      time    mid_c    mid_o  SL  TP   SPREAD      GAIN     LOSS  SIGNAL
107  EUR_GBP 2023-12-22 06:25:00+00:00  0.86676  0.86681   0   0  0.00016  0.412680  0.86676       0
108  EUR_GBP 2023-12-22 06:26:00+00:00  0.86684  0.86678   0   0  0.00015  0.373788  0.86684       0
109  EUR_GBP 2023-12-22 06:27:00+00:00  0.86684  0.86684   0   0  0.00015  0.409713  0.86684       0
110  EUR_GBP 2023-12-22 06:28:00+00:00  0.86686  0.86684   0   0  0.00013  0.357955  0.86686       0
111  EUR_GBP 2023-12-22 06:29:00+00:00  0.86690  0.86686   0   0  0.00016  0.349515  0.86690       0
2023-12-22 07:31:14 CandleManager() new candle:last_candle:23-12-22 06:30 is_ready:True
2023-12-22 07:31:15 tech_manager: max_rows:113 candle_time:2023-12-22 06:30:00+00:00 granularity:M1
2023-12-22 07:31:15 process_candles:
        PAIR                      time    mid_c    mid_o  SL  TP   SPREAD      GAIN     LOSS  SIGNAL
107  EUR_GBP 2023-12-22 06:26:00+00:00  0.86684  0.86678   0   0  0.00015  0.373788  0.86684       0
108  EUR_GBP 2023-12-22 06:27:00+00:00  0.86684  0.86684   0   0  0.00015  0.409713  0.86684       0
109  EUR_GBP 2023-12-22 06:28:00+00:00  0.86686  0.86684   0   0  0.00013  0.357955  0.86686       0
110  EUR_GBP 2023-12-22 06:29:00+00:00  0.86690  0.86686   0   0  0.00016  0.349515  0.86690       0
111  EUR_GBP 2023-12-22 06:30:00+00:00  0.86686  0.86688   0   0  0.00016  0.381718  0.86686       0
