2023-12-22 06:20:31 LogWrapper init() ./logs/USD_CHF.log
2023-12-22 06:20:31 TradeSettings(pair=USD_CHF, bollinger_bands={'n_ma': 12, 'n_std': 2.5, 'maxspread': 0.0003, 'mingain': 0.0005, 'riskreward': 2.0}, ichimoku_cloud={'n1': 9, 'n2': 26, 'n3': 52}, cmf={'n_cmf': 20}, atr_settings={'n_atr': 14, 'tp_multiplier': 2.0, 'sl_multiplier': 1.0})
2023-12-22 06:20:38 CandleManager() init last_candle:last_candle:23-12-22 05:19 is_ready:False
2023-12-22 06:21:08 CandleManager() new candle:last_candle:23-12-22 05:20 is_ready:True
2023-12-22 06:21:09 tech_manager: max_rows:113 candle_time:2023-12-22 05:20:00+00:00 granularity:M1
2023-12-22 06:21:09 process_candles:
        PAIR                      time    mid_c    mid_o  SL  TP   SPREAD  GAIN     LOSS  SIGNAL
107  USD_CHF 2023-12-22 05:16:00+00:00  0.85718  0.85717   0   0  0.00013   NaN  0.85718       0
108  USD_CHF 2023-12-22 05:17:00+00:00  0.85722  0.85721   0   0  0.00013   NaN  0.85722       0
109  USD_CHF 2023-12-22 05:18:00+00:00  0.85720  0.85724   0   0  0.00018   NaN  0.85720       0
110  USD_CHF 2023-12-22 05:19:00+00:00  0.85728  0.85724   0   0  0.00017   NaN  0.85728       0
111  USD_CHF 2023-12-22 05:20:00+00:00  0.85729  0.85727   0   0  0.00016   NaN  0.85729       0
2023-12-22 06:22:11 CandleManager() new candle:last_candle:23-12-22 05:21 is_ready:True
2023-12-22 06:22:12 tech_manager: max_rows:113 candle_time:2023-12-22 05:21:00+00:00 granularity:M1
2023-12-22 06:22:12 process_candles:
        PAIR                      time    mid_c    mid_o  SL  TP   SPREAD  GAIN     LOSS  SIGNAL
107  USD_CHF 2023-12-22 05:17:00+00:00  0.85722  0.85721   0   0  0.00013   NaN  0.85722       0
108  USD_CHF 2023-12-22 05:18:00+00:00  0.85720  0.85724   0   0  0.00018   NaN  0.85720       0
109  USD_CHF 2023-12-22 05:19:00+00:00  0.85728  0.85724   0   0  0.00017   NaN  0.85728       0
110  USD_CHF 2023-12-22 05:20:00+00:00  0.85729  0.85727   0   0  0.00016   NaN  0.85729       0
111  USD_CHF 2023-12-22 05:21:00+00:00  0.85735  0.85730   0   0  0.00016   NaN  0.85735       0
2023-12-22 06:23:12 CandleManager() new candle:last_candle:23-12-22 05:22 is_ready:True
2023-12-22 06:23:13 tech_manager: max_rows:113 candle_time:2023-12-22 05:22:00+00:00 granularity:M1
2023-12-22 06:23:13 process_candles:
        PAIR                      time    mid_c    mid_o  SL  TP   SPREAD  GAIN     LOSS  SIGNAL
107  USD_CHF 2023-12-22 05:18:00+00:00  0.85720  0.85724   0   0  0.00018   NaN  0.85720       0
108  USD_CHF 2023-12-22 05:19:00+00:00  0.85728  0.85724   0   0  0.00017   NaN  0.85728       0
109  USD_CHF 2023-12-22 05:20:00+00:00  0.85729  0.85727   0   0  0.00016   NaN  0.85729       0
110  USD_CHF 2023-12-22 05:21:00+00:00  0.85735  0.85730   0   0  0.00016   NaN  0.85735       0
111  USD_CHF 2023-12-22 05:22:00+00:00  0.85733  0.85736   0   0  0.00018   NaN  0.85733       0
2023-12-22 06:24:14 CandleManager() new candle:last_candle:23-12-22 05:23 is_ready:True
2023-12-22 06:24:15 tech_manager: max_rows:113 candle_time:2023-12-22 05:23:00+00:00 granularity:M1
2023-12-22 06:24:16 process_candles:
        PAIR                      time    mid_c    mid_o  SL  TP   SPREAD  GAIN     LOSS  SIGNAL
107  USD_CHF 2023-12-22 05:19:00+00:00  0.85728  0.85724   0   0  0.00017   NaN  0.85728       0
108  USD_CHF 2023-12-22 05:20:00+00:00  0.85729  0.85727   0   0  0.00016   NaN  0.85729       0
109  USD_CHF 2023-12-22 05:21:00+00:00  0.85735  0.85730   0   0  0.00016   NaN  0.85735       0
110  USD_CHF 2023-12-22 05:22:00+00:00  0.85733  0.85736   0   0  0.00018   NaN  0.85733       0
111  USD_CHF 2023-12-22 05:23:00+00:00  0.85732  0.85734   0   0  0.00016   NaN  0.85732       0
2023-12-22 06:25:01 CandleManager() new candle:last_candle:23-12-22 05:24 is_ready:True
2023-12-22 06:25:02 tech_manager: max_rows:113 candle_time:2023-12-22 05:24:00+00:00 granularity:M1
2023-12-22 06:25:03 process_candles:
        PAIR                      time    mid_c    mid_o  SL  TP   SPREAD  GAIN     LOSS  SIGNAL
107  USD_CHF 2023-12-22 05:20:00+00:00  0.85729  0.85727   0   0  0.00016   NaN  0.85729       0
108  USD_CHF 2023-12-22 05:21:00+00:00  0.85735  0.85730   0   0  0.00016   NaN  0.85735       0
109  USD_CHF 2023-12-22 05:22:00+00:00  0.85733  0.85736   0   0  0.00018   NaN  0.85733       0
110  USD_CHF 2023-12-22 05:23:00+00:00  0.85732  0.85734   0   0  0.00016   NaN  0.85732       0
111  USD_CHF 2023-12-22 05:24:00+00:00  0.85732  0.85733   0   0  0.00019   NaN  0.85732       0
2023-12-22 06:26:20 CandleManager() new candle:last_candle:23-12-22 05:25 is_ready:True
2023-12-22 06:26:21 tech_manager: max_rows:113 candle_time:2023-12-22 05:25:00+00:00 granularity:M1
2023-12-22 06:26:21 process_candles:
        PAIR                      time    mid_c    mid_o  SL  TP   SPREAD  GAIN     LOSS  SIGNAL
107  USD_CHF 2023-12-22 05:21:00+00:00  0.85735  0.85730   0   0  0.00016   NaN  0.85735       0
108  USD_CHF 2023-12-22 05:22:00+00:00  0.85733  0.85736   0   0  0.00018   NaN  0.85733       0
109  USD_CHF 2023-12-22 05:23:00+00:00  0.85732  0.85734   0   0  0.00016   NaN  0.85732       0
110  USD_CHF 2023-12-22 05:24:00+00:00  0.85732  0.85733   0   0  0.00019   NaN  0.85732       0
111  USD_CHF 2023-12-22 05:25:00+00:00  0.85724  0.85732   0   0  0.00017   NaN  0.85724       0
2023-12-22 06:27:07 CandleManager() new candle:last_candle:23-12-22 05:26 is_ready:True
2023-12-22 06:27:08 tech_manager: max_rows:113 candle_time:2023-12-22 05:26:00+00:00 granularity:M1
2023-12-22 06:27:08 process_candles:
        PAIR                      time    mid_c    mid_o  SL  TP   SPREAD  GAIN     LOSS  SIGNAL
107  USD_CHF 2023-12-22 05:22:00+00:00  0.85733  0.85736   0   0  0.00018   NaN  0.85733       0
108  USD_CHF 2023-12-22 05:23:00+00:00  0.85732  0.85734   0   0  0.00016   NaN  0.85732       0
109  USD_CHF 2023-12-22 05:24:00+00:00  0.85732  0.85733   0   0  0.00019   NaN  0.85732       0
110  USD_CHF 2023-12-22 05:25:00+00:00  0.85724  0.85732   0   0  0.00017   NaN  0.85724       0
111  USD_CHF 2023-12-22 05:26:00+00:00  0.85724  0.85724   0   0  0.00017   NaN  0.85724       0
2023-12-22 06:28:09 CandleManager() new candle:last_candle:23-12-22 05:27 is_ready:True
2023-12-22 06:28:11 tech_manager: max_rows:113 candle_time:2023-12-22 05:27:00+00:00 granularity:M1
2023-12-22 06:28:11 process_candles:
        PAIR                      time    mid_c    mid_o  SL  TP   SPREAD  GAIN     LOSS  SIGNAL
107  USD_CHF 2023-12-22 05:23:00+00:00  0.85732  0.85734   0   0  0.00016   NaN  0.85732       0
108  USD_CHF 2023-12-22 05:24:00+00:00  0.85732  0.85733   0   0  0.00019   NaN  0.85732       0
109  USD_CHF 2023-12-22 05:25:00+00:00  0.85724  0.85732   0   0  0.00017   NaN  0.85724       0
110  USD_CHF 2023-12-22 05:26:00+00:00  0.85724  0.85724   0   0  0.00017   NaN  0.85724       0
111  USD_CHF 2023-12-22 05:27:00+00:00  0.85717  0.85724   0   0  0.00018   NaN  0.85717       0
2023-12-22 06:29:12 CandleManager() new candle:last_candle:23-12-22 05:28 is_ready:True
2023-12-22 06:29:14 tech_manager: max_rows:113 candle_time:2023-12-22 05:28:00+00:00 granularity:M1
2023-12-22 06:29:14 process_candles:
        PAIR                      time    mid_c    mid_o  SL  TP   SPREAD  GAIN     LOSS  SIGNAL
107  USD_CHF 2023-12-22 05:24:00+00:00  0.85732  0.85733   0   0  0.00019   NaN  0.85732       0
108  USD_CHF 2023-12-22 05:25:00+00:00  0.85724  0.85732   0   0  0.00017   NaN  0.85724       0
109  USD_CHF 2023-12-22 05:26:00+00:00  0.85724  0.85724   0   0  0.00017   NaN  0.85724       0
110  USD_CHF 2023-12-22 05:27:00+00:00  0.85717  0.85724   0   0  0.00018   NaN  0.85717       0
111  USD_CHF 2023-12-22 05:28:00+00:00  0.85720  0.85714   0   0  0.00018   NaN  0.85720       0
2023-12-22 06:30:11 CandleManager() new candle:last_candle:23-12-22 05:29 is_ready:True
2023-12-22 06:30:12 tech_manager: max_rows:113 candle_time:2023-12-22 05:29:00+00:00 granularity:M1
2023-12-22 06:30:12 process_candles:
        PAIR                      time    mid_c    mid_o  SL  TP   SPREAD  GAIN     LOSS  SIGNAL
107  USD_CHF 2023-12-22 05:25:00+00:00  0.85724  0.85732   0   0  0.00017   NaN  0.85724       0
108  USD_CHF 2023-12-22 05:26:00+00:00  0.85724  0.85724   0   0  0.00017   NaN  0.85724       0
109  USD_CHF 2023-12-22 05:27:00+00:00  0.85717  0.85724   0   0  0.00018   NaN  0.85717       0
110  USD_CHF 2023-12-22 05:28:00+00:00  0.85720  0.85714   0   0  0.00018   NaN  0.85720       0
111  USD_CHF 2023-12-22 05:29:00+00:00  0.85716  0.85720   0   0  0.00017   NaN  0.85716       0
2023-12-22 06:31:13 CandleManager() new candle:last_candle:23-12-22 05:30 is_ready:True
2023-12-22 06:31:15 tech_manager: max_rows:113 candle_time:2023-12-22 05:30:00+00:00 granularity:M1
2023-12-22 06:31:15 process_candles:
        PAIR                      time    mid_c    mid_o  SL  TP   SPREAD  GAIN     LOSS  SIGNAL
107  USD_CHF 2023-12-22 05:26:00+00:00  0.85724  0.85724   0   0  0.00017   NaN  0.85724       0
108  USD_CHF 2023-12-22 05:27:00+00:00  0.85717  0.85724   0   0  0.00018   NaN  0.85717       0
109  USD_CHF 2023-12-22 05:28:00+00:00  0.85720  0.85714   0   0  0.00018   NaN  0.85720       0
110  USD_CHF 2023-12-22 05:29:00+00:00  0.85716  0.85720   0   0  0.00017   NaN  0.85716       0
111  USD_CHF 2023-12-22 05:30:00+00:00  0.85709  0.85716   0   0  0.00018   NaN  0.85709       0
2023-12-22 06:32:17 CandleManager() new candle:last_candle:23-12-22 05:31 is_ready:True
2023-12-22 06:32:17 tech_manager: max_rows:113 candle_time:2023-12-22 05:31:00+00:00 granularity:M1
2023-12-22 06:32:17 process_candles:
        PAIR                      time    mid_c    mid_o  SL  TP   SPREAD  GAIN     LOSS  SIGNAL
108  USD_CHF 2023-12-22 05:27:00+00:00  0.85717  0.85724   0   0  0.00018   NaN  0.85717       0
109  USD_CHF 2023-12-22 05:28:00+00:00  0.85720  0.85714   0   0  0.00018   NaN  0.85720       0
110  USD_CHF 2023-12-22 05:29:00+00:00  0.85716  0.85720   0   0  0.00017   NaN  0.85716       0
111  USD_CHF 2023-12-22 05:30:00+00:00  0.85709  0.85716   0   0  0.00018   NaN  0.85709       0
112  USD_CHF 2023-12-22 05:31:00+00:00  0.85710  0.85708   0   0  0.00017   NaN  0.85710       0
2023-12-22 06:33:03 CandleManager() new candle:last_candle:23-12-22 05:32 is_ready:True
2023-12-22 06:33:04 tech_manager: max_rows:113 candle_time:2023-12-22 05:32:00+00:00 granularity:M1
2023-12-22 06:33:04 process_candles:
        PAIR                      time    mid_c    mid_o  SL  TP   SPREAD  GAIN     LOSS  SIGNAL
107  USD_CHF 2023-12-22 05:28:00+00:00  0.85720  0.85714   0   0  0.00018   NaN  0.85720       0
108  USD_CHF 2023-12-22 05:29:00+00:00  0.85716  0.85720   0   0  0.00017   NaN  0.85716       0
109  USD_CHF 2023-12-22 05:30:00+00:00  0.85709  0.85716   0   0  0.00018   NaN  0.85709       0
110  USD_CHF 2023-12-22 05:31:00+00:00  0.85710  0.85708   0   0  0.00017   NaN  0.85710       0
111  USD_CHF 2023-12-22 05:32:00+00:00  0.85710  0.85710   0   0  0.00018   NaN  0.85710       0
2023-12-22 06:34:06 CandleManager() new candle:last_candle:23-12-22 05:33 is_ready:True
2023-12-22 06:34:07 tech_manager: max_rows:113 candle_time:2023-12-22 05:33:00+00:00 granularity:M1
2023-12-22 06:34:07 process_candles:
        PAIR                      time    mid_c    mid_o  SL  TP   SPREAD  GAIN     LOSS  SIGNAL
107  USD_CHF 2023-12-22 05:29:00+00:00  0.85716  0.85720   0   0  0.00017   NaN  0.85716       0
108  USD_CHF 2023-12-22 05:30:00+00:00  0.85709  0.85716   0   0  0.00018   NaN  0.85709       0
109  USD_CHF 2023-12-22 05:31:00+00:00  0.85710  0.85708   0   0  0.00017   NaN  0.85710       0
110  USD_CHF 2023-12-22 05:32:00+00:00  0.85710  0.85710   0   0  0.00018   NaN  0.85710       0
111  USD_CHF 2023-12-22 05:33:00+00:00  0.85710  0.85712   0   0  0.00016   NaN  0.85710       0
2023-12-22 06:35:09 CandleManager() new candle:last_candle:23-12-22 05:34 is_ready:True
2023-12-22 06:35:10 tech_manager: max_rows:113 candle_time:2023-12-22 05:34:00+00:00 granularity:M1
2023-12-22 06:35:10 process_candles:
        PAIR                      time    mid_c    mid_o  SL  TP   SPREAD      GAIN     LOSS  SIGNAL
107  USD_CHF 2023-12-22 05:30:00+00:00  0.85709  0.85716   0   0  0.00018       NaN  0.85709       0
108  USD_CHF 2023-12-22 05:31:00+00:00  0.85710  0.85708   0   0  0.00017       NaN  0.85710       0
109  USD_CHF 2023-12-22 05:32:00+00:00  0.85710  0.85710   0   0  0.00018       NaN  0.85710       0
110  USD_CHF 2023-12-22 05:33:00+00:00  0.85710  0.85712   0   0  0.00016       NaN  0.85710       0
111  USD_CHF 2023-12-22 05:34:00+00:00  0.85709  0.85710   0   0  0.00018  0.516544  0.85709       0
2023-12-22 06:36:11 CandleManager() new candle:last_candle:23-12-22 05:35 is_ready:True
2023-12-22 06:36:13 tech_manager: max_rows:113 candle_time:2023-12-22 05:35:00+00:00 granularity:M1
2023-12-22 06:36:13 process_candles:
        PAIR                      time    mid_c    mid_o  SL  TP   SPREAD      GAIN     LOSS  SIGNAL
107  USD_CHF 2023-12-22 05:31:00+00:00  0.85710  0.85708   0   0  0.00017       NaN  0.85710       0
108  USD_CHF 2023-12-22 05:32:00+00:00  0.85710  0.85710   0   0  0.00018       NaN  0.85710       0
109  USD_CHF 2023-12-22 05:33:00+00:00  0.85710  0.85712   0   0  0.00016       NaN  0.85710       0
110  USD_CHF 2023-12-22 05:34:00+00:00  0.85709  0.85710   0   0  0.00018  0.516544  0.85709       0
111  USD_CHF 2023-12-22 05:35:00+00:00  0.85720  0.85710   0   0  0.00016  0.493469  0.85720       0
2023-12-22 06:37:14 CandleManager() new candle:last_candle:23-12-22 05:36 is_ready:True
2023-12-22 06:37:15 tech_manager: max_rows:113 candle_time:2023-12-22 05:36:00+00:00 granularity:M1
2023-12-22 06:37:15 process_candles:
        PAIR                      time    mid_c    mid_o  SL  TP   SPREAD      GAIN     LOSS  SIGNAL
107  USD_CHF 2023-12-22 05:32:00+00:00  0.85710  0.85710   0   0  0.00018       NaN  0.85710       0
108  USD_CHF 2023-12-22 05:33:00+00:00  0.85710  0.85712   0   0  0.00016       NaN  0.85710       0
109  USD_CHF 2023-12-22 05:34:00+00:00  0.85709  0.85710   0   0  0.00018  0.516544  0.85709       0
110  USD_CHF 2023-12-22 05:35:00+00:00  0.85720  0.85710   0   0  0.00016  0.493469  0.85720       0
111  USD_CHF 2023-12-22 05:36:00+00:00  0.85715  0.85723   0   0  0.00016  0.516464  0.85715       0
2023-12-22 06:38:15 CandleManager() new candle:last_candle:23-12-22 05:37 is_ready:True
2023-12-22 06:38:16 tech_manager: max_rows:113 candle_time:2023-12-22 05:37:00+00:00 granularity:M1
2023-12-22 06:38:16 process_candles:
        PAIR                      time    mid_c    mid_o  SL  TP   SPREAD      GAIN     LOSS  SIGNAL
107  USD_CHF 2023-12-22 05:33:00+00:00  0.85710  0.85712   0   0  0.00016       NaN  0.85710       0
108  USD_CHF 2023-12-22 05:34:00+00:00  0.85709  0.85710   0   0  0.00018  0.516544  0.85709       0
109  USD_CHF 2023-12-22 05:35:00+00:00  0.85720  0.85710   0   0  0.00016  0.493469  0.85720       0
110  USD_CHF 2023-12-22 05:36:00+00:00  0.85715  0.85723   0   0  0.00016  0.516464  0.85715       0
111  USD_CHF 2023-12-22 05:37:00+00:00  0.85716  0.85714   0   0  0.00015  0.532183  0.85716       0
2023-12-22 06:39:02 CandleManager() new candle:last_candle:23-12-22 05:38 is_ready:True
2023-12-22 06:39:03 tech_manager: max_rows:113 candle_time:2023-12-22 05:38:00+00:00 granularity:M1
2023-12-22 06:39:03 process_candles:
        PAIR                      time    mid_c    mid_o  SL  TP   SPREAD      GAIN     LOSS  SIGNAL
107  USD_CHF 2023-12-22 05:34:00+00:00  0.85709  0.85710   0   0  0.00018  0.516544  0.85709       0
108  USD_CHF 2023-12-22 05:35:00+00:00  0.85720  0.85710   0   0  0.00016  0.493469  0.85720       0
109  USD_CHF 2023-12-22 05:36:00+00:00  0.85715  0.85723   0   0  0.00016  0.516464  0.85715       0
110  USD_CHF 2023-12-22 05:37:00+00:00  0.85716  0.85714   0   0  0.00015  0.532183  0.85716       0
111  USD_CHF 2023-12-22 05:38:00+00:00  0.85708  0.85718   0   0  0.00016  0.535115  0.85708       0
2023-12-22 06:40:18 CandleManager() new candle:last_candle:23-12-22 05:39 is_ready:True
2023-12-22 06:40:19 tech_manager: max_rows:113 candle_time:2023-12-22 05:39:00+00:00 granularity:M1
2023-12-22 06:40:19 process_candles:
        PAIR                      time    mid_c    mid_o  SL  TP   SPREAD      GAIN     LOSS  SIGNAL
107  USD_CHF 2023-12-22 05:35:00+00:00  0.85720  0.85710   0   0  0.00016  0.493469  0.85720       0
108  USD_CHF 2023-12-22 05:36:00+00:00  0.85715  0.85723   0   0  0.00016  0.516464  0.85715       0
109  USD_CHF 2023-12-22 05:37:00+00:00  0.85716  0.85714   0   0  0.00015  0.532183  0.85716       0
110  USD_CHF 2023-12-22 05:38:00+00:00  0.85708  0.85718   0   0  0.00016  0.535115  0.85708       0
111  USD_CHF 2023-12-22 05:39:00+00:00  0.85709  0.85708   0   0  0.00014  0.575002  0.85709       0
2023-12-22 06:41:17 CandleManager() new candle:last_candle:23-12-22 05:40 is_ready:True
2023-12-22 06:41:18 tech_manager: max_rows:113 candle_time:2023-12-22 05:40:00+00:00 granularity:M1
2023-12-22 06:41:18 process_candles:
        PAIR                      time    mid_c    mid_o  SL  TP   SPREAD      GAIN     LOSS  SIGNAL
107  USD_CHF 2023-12-22 05:36:00+00:00  0.85715  0.85723   0   0  0.00016  0.516464  0.85715       0
108  USD_CHF 2023-12-22 05:37:00+00:00  0.85716  0.85714   0   0  0.00015  0.532183  0.85716       0
109  USD_CHF 2023-12-22 05:38:00+00:00  0.85708  0.85718   0   0  0.00016  0.535115  0.85708       0
110  USD_CHF 2023-12-22 05:39:00+00:00  0.85709  0.85708   0   0  0.00014  0.575002  0.85709       0
111  USD_CHF 2023-12-22 05:40:00+00:00  0.85714  0.85710   0   0  0.00014  0.527124  0.85714       0
2023-12-22 06:42:16 CandleManager() new candle:last_candle:23-12-22 05:41 is_ready:True
2023-12-22 06:42:21 tech_manager: max_rows:113 candle_time:2023-12-22 05:41:00+00:00 granularity:M1
2023-12-22 06:42:23 process_candles:
        PAIR                      time    mid_c    mid_o  SL  TP   SPREAD      GAIN     LOSS  SIGNAL
107  USD_CHF 2023-12-22 05:37:00+00:00  0.85716  0.85714   0   0  0.00015  0.532183  0.85716       0
108  USD_CHF 2023-12-22 05:38:00+00:00  0.85708  0.85718   0   0  0.00016  0.535115  0.85708       0
109  USD_CHF 2023-12-22 05:39:00+00:00  0.85709  0.85708   0   0  0.00014  0.575002  0.85709       0
110  USD_CHF 2023-12-22 05:40:00+00:00  0.85714  0.85710   0   0  0.00014  0.527124  0.85714       0
111  USD_CHF 2023-12-22 05:41:00+00:00  0.85718  0.85716   0   0  0.00016  0.549003  0.85718       0
2023-12-22 06:43:06 CandleManager() new candle:last_candle:23-12-22 05:42 is_ready:True
2023-12-22 06:43:06 tech_manager: max_rows:113 candle_time:2023-12-22 05:42:00+00:00 granularity:M1
2023-12-22 06:43:06 process_candles:
        PAIR                      time    mid_c    mid_o  SL  TP   SPREAD      GAIN     LOSS  SIGNAL
107  USD_CHF 2023-12-22 05:38:00+00:00  0.85708  0.85718   0   0  0.00016  0.535115  0.85708       0
108  USD_CHF 2023-12-22 05:39:00+00:00  0.85709  0.85708   0   0  0.00014  0.575002  0.85709       0
109  USD_CHF 2023-12-22 05:40:00+00:00  0.85714  0.85710   0   0  0.00014  0.527124  0.85714       0
110  USD_CHF 2023-12-22 05:41:00+00:00  0.85718  0.85716   0   0  0.00016  0.549003  0.85718       0
111  USD_CHF 2023-12-22 05:42:00+00:00  0.85720  0.85719   0   0  0.00015  0.546920  0.85720       0
2023-12-22 06:44:17 CandleManager() new candle:last_candle:23-12-22 05:43 is_ready:True
2023-12-22 06:44:18 tech_manager: max_rows:113 candle_time:2023-12-22 05:43:00+00:00 granularity:M1
2023-12-22 06:44:18 process_candles:
        PAIR                      time    mid_c    mid_o  SL  TP   SPREAD      GAIN     LOSS  SIGNAL
107  USD_CHF 2023-12-22 05:39:00+00:00  0.85709  0.85708   0   0  0.00014  0.575002  0.85709       0
108  USD_CHF 2023-12-22 05:40:00+00:00  0.85714  0.85710   0   0  0.00014  0.527124  0.85714       0
109  USD_CHF 2023-12-22 05:41:00+00:00  0.85718  0.85716   0   0  0.00016  0.549003  0.85718       0
110  USD_CHF 2023-12-22 05:42:00+00:00  0.85720  0.85719   0   0  0.00015  0.546920  0.85720       0
111  USD_CHF 2023-12-22 05:43:00+00:00  0.85716  0.85718   0   0  0.00017  0.584761  0.85716       0
2023-12-22 06:45:04 CandleManager() new candle:last_candle:23-12-22 05:44 is_ready:True
2023-12-22 06:45:05 tech_manager: max_rows:113 candle_time:2023-12-22 05:44:00+00:00 granularity:M1
2023-12-22 06:45:05 process_candles:
        PAIR                      time    mid_c    mid_o  SL  TP   SPREAD      GAIN     LOSS  SIGNAL
107  USD_CHF 2023-12-22 05:40:00+00:00  0.85714  0.85710   0   0  0.00014  0.527124  0.85714       0
108  USD_CHF 2023-12-22 05:41:00+00:00  0.85718  0.85716   0   0  0.00016  0.549003  0.85718       0
109  USD_CHF 2023-12-22 05:42:00+00:00  0.85720  0.85719   0   0  0.00015  0.546920  0.85720       0
110  USD_CHF 2023-12-22 05:43:00+00:00  0.85716  0.85718   0   0  0.00017  0.584761  0.85716       0
111  USD_CHF 2023-12-22 05:44:00+00:00  0.85718  0.85714   0   0  0.00016  0.573302  0.85718       0
2023-12-22 06:46:07 CandleManager() new candle:last_candle:23-12-22 05:45 is_ready:True
2023-12-22 06:46:08 tech_manager: max_rows:113 candle_time:2023-12-22 05:45:00+00:00 granularity:M1
2023-12-22 06:46:08 process_candles:
        PAIR                      time    mid_c    mid_o  SL  TP   SPREAD      GAIN     LOSS  SIGNAL
107  USD_CHF 2023-12-22 05:41:00+00:00  0.85718  0.85716   0   0  0.00016  0.549003  0.85718       0
108  USD_CHF 2023-12-22 05:42:00+00:00  0.85720  0.85719   0   0  0.00015  0.546920  0.85720       0
109  USD_CHF 2023-12-22 05:43:00+00:00  0.85716  0.85718   0   0  0.00017  0.584761  0.85716       0
110  USD_CHF 2023-12-22 05:44:00+00:00  0.85718  0.85714   0   0  0.00016  0.573302  0.85718       0
111  USD_CHF 2023-12-22 05:45:00+00:00  0.85731  0.85717   0   0  0.00016  0.499328  0.85731       0
2023-12-22 06:47:13 CandleManager() new candle:last_candle:23-12-22 05:46 is_ready:True
2023-12-22 06:47:14 tech_manager: max_rows:113 candle_time:2023-12-22 05:46:00+00:00 granularity:M1
2023-12-22 06:47:15 process_candles:
        PAIR                      time    mid_c    mid_o  SL  TP   SPREAD      GAIN     LOSS  SIGNAL
107  USD_CHF 2023-12-22 05:42:00+00:00  0.85720  0.85719   0   0  0.00015  0.546920  0.85720       0
108  USD_CHF 2023-12-22 05:43:00+00:00  0.85716  0.85718   0   0  0.00017  0.584761  0.85716       0
109  USD_CHF 2023-12-22 05:44:00+00:00  0.85718  0.85714   0   0  0.00016  0.573302  0.85718       0
110  USD_CHF 2023-12-22 05:45:00+00:00  0.85731  0.85717   0   0  0.00016  0.499328  0.85731       0
111  USD_CHF 2023-12-22 05:46:00+00:00  0.85728  0.85728   0   0  0.00014  0.457371  0.85728       0
2023-12-22 06:48:07 CandleManager() new candle:last_candle:23-12-22 05:47 is_ready:True
2023-12-22 06:48:07 tech_manager: max_rows:113 candle_time:2023-12-22 05:47:00+00:00 granularity:M1
2023-12-22 06:48:07 process_candles:
        PAIR                      time    mid_c    mid_o  SL  TP   SPREAD      GAIN     LOSS  SIGNAL
107  USD_CHF 2023-12-22 05:43:00+00:00  0.85716  0.85718   0   0  0.00017  0.584761  0.85716       0
108  USD_CHF 2023-12-22 05:44:00+00:00  0.85718  0.85714   0   0  0.00016  0.573302  0.85718       0
109  USD_CHF 2023-12-22 05:45:00+00:00  0.85731  0.85717   0   0  0.00016  0.499328  0.85731       0
110  USD_CHF 2023-12-22 05:46:00+00:00  0.85728  0.85728   0   0  0.00014  0.457371  0.85728       0
111  USD_CHF 2023-12-22 05:47:00+00:00  0.85726  0.85728   0   0  0.00015  0.450869  0.85726       0
2023-12-22 06:49:06 CandleManager() new candle:last_candle:23-12-22 05:48 is_ready:True
2023-12-22 06:49:07 tech_manager: max_rows:113 candle_time:2023-12-22 05:48:00+00:00 granularity:M1
2023-12-22 06:49:07 process_candles:
        PAIR                      time    mid_c    mid_o  SL  TP   SPREAD      GAIN     LOSS  SIGNAL
107  USD_CHF 2023-12-22 05:44:00+00:00  0.85718  0.85714   0   0  0.00016  0.573302  0.85718       0
108  USD_CHF 2023-12-22 05:45:00+00:00  0.85731  0.85717   0   0  0.00016  0.499328  0.85731       0
109  USD_CHF 2023-12-22 05:46:00+00:00  0.85728  0.85728   0   0  0.00014  0.457371  0.85728       0
110  USD_CHF 2023-12-22 05:47:00+00:00  0.85726  0.85728   0   0  0.00015  0.450869  0.85726       0
111  USD_CHF 2023-12-22 05:48:00+00:00  0.85726  0.85725   0   0  0.00015  0.455448  0.85726       0
2023-12-22 06:50:05 CandleManager() new candle:last_candle:23-12-22 05:49 is_ready:True
2023-12-22 06:50:05 tech_manager: max_rows:113 candle_time:2023-12-22 05:49:00+00:00 granularity:M1
2023-12-22 06:50:06 process_candles:
        PAIR                      time    mid_c    mid_o  SL  TP   SPREAD      GAIN     LOSS  SIGNAL
107  USD_CHF 2023-12-22 05:45:00+00:00  0.85731  0.85717   0   0  0.00016  0.499328  0.85731       0
108  USD_CHF 2023-12-22 05:46:00+00:00  0.85728  0.85728   0   0  0.00014  0.457371  0.85728       0
109  USD_CHF 2023-12-22 05:47:00+00:00  0.85726  0.85728   0   0  0.00015  0.450869  0.85726       0
110  USD_CHF 2023-12-22 05:48:00+00:00  0.85726  0.85725   0   0  0.00015  0.455448  0.85726       0
111  USD_CHF 2023-12-22 05:49:00+00:00  0.85730  0.85724   0   0  0.00015  0.416120  0.85730       0
2023-12-22 06:51:04 CandleManager() new candle:last_candle:23-12-22 05:50 is_ready:True
2023-12-22 06:51:05 tech_manager: max_rows:113 candle_time:2023-12-22 05:50:00+00:00 granularity:M1
2023-12-22 06:51:05 process_candles:
        PAIR                      time    mid_c    mid_o  SL  TP   SPREAD      GAIN     LOSS  SIGNAL
107  USD_CHF 2023-12-22 05:46:00+00:00  0.85728  0.85728   0   0  0.00014  0.457371  0.85728       0
108  USD_CHF 2023-12-22 05:47:00+00:00  0.85726  0.85728   0   0  0.00015  0.450869  0.85726       0
109  USD_CHF 2023-12-22 05:48:00+00:00  0.85726  0.85725   0   0  0.00015  0.455448  0.85726       0
110  USD_CHF 2023-12-22 05:49:00+00:00  0.85730  0.85724   0   0  0.00015  0.416120  0.85730       0
111  USD_CHF 2023-12-22 05:50:00+00:00  0.85727  0.85730   0   0  0.00016  0.384398  0.85727       0
2023-12-22 06:52:04 CandleManager() new candle:last_candle:23-12-22 05:51 is_ready:True
2023-12-22 06:52:04 tech_manager: max_rows:113 candle_time:2023-12-22 05:51:00+00:00 granularity:M1
2023-12-22 06:52:04 process_candles:
        PAIR                      time    mid_c    mid_o  SL  TP   SPREAD      GAIN     LOSS  SIGNAL
107  USD_CHF 2023-12-22 05:47:00+00:00  0.85726  0.85728   0   0  0.00015  0.450869  0.85726       0
108  USD_CHF 2023-12-22 05:48:00+00:00  0.85726  0.85725   0   0  0.00015  0.455448  0.85726       0
109  USD_CHF 2023-12-22 05:49:00+00:00  0.85730  0.85724   0   0  0.00015  0.416120  0.85730       0
110  USD_CHF 2023-12-22 05:50:00+00:00  0.85727  0.85730   0   0  0.00016  0.384398  0.85727       0
111  USD_CHF 2023-12-22 05:51:00+00:00  0.85724  0.85726   0   0  0.00013  0.368190  0.85724       0
2023-12-22 06:53:03 CandleManager() new candle:last_candle:23-12-22 05:52 is_ready:True
2023-12-22 06:53:03 tech_manager: max_rows:113 candle_time:2023-12-22 05:52:00+00:00 granularity:M1
2023-12-22 06:53:03 process_candles:
        PAIR                      time    mid_c    mid_o  SL  TP   SPREAD      GAIN     LOSS  SIGNAL
107  USD_CHF 2023-12-22 05:48:00+00:00  0.85726  0.85725   0   0  0.00015  0.455448  0.85726       0
108  USD_CHF 2023-12-22 05:49:00+00:00  0.85730  0.85724   0   0  0.00015  0.416120  0.85730       0
109  USD_CHF 2023-12-22 05:50:00+00:00  0.85727  0.85730   0   0  0.00016  0.384398  0.85727       0
110  USD_CHF 2023-12-22 05:51:00+00:00  0.85724  0.85726   0   0  0.00013  0.368190  0.85724       0
111  USD_CHF 2023-12-22 05:52:00+00:00  0.85723  0.85724   0   0  0.00016  0.360453  0.85723       0
2023-12-22 06:54:13 CandleManager() new candle:last_candle:23-12-22 05:53 is_ready:True
2023-12-22 06:54:19 tech_manager: max_rows:113 candle_time:2023-12-22 05:53:00+00:00 granularity:M1
2023-12-22 06:54:19 process_candles:
        PAIR                      time    mid_c    mid_o  SL  TP   SPREAD      GAIN     LOSS  SIGNAL
107  USD_CHF 2023-12-22 05:49:00+00:00  0.85730  0.85724   0   0  0.00015  0.416120  0.85730       0
108  USD_CHF 2023-12-22 05:50:00+00:00  0.85727  0.85730   0   0  0.00016  0.384398  0.85727       0
109  USD_CHF 2023-12-22 05:51:00+00:00  0.85724  0.85726   0   0  0.00013  0.368190  0.85724       0
110  USD_CHF 2023-12-22 05:52:00+00:00  0.85723  0.85724   0   0  0.00016  0.360453  0.85723       0
111  USD_CHF 2023-12-22 05:53:00+00:00  0.85724  0.85723   0   0  0.00017  0.362477  0.85724       0
2023-12-22 06:55:13 CandleManager() new candle:last_candle:23-12-22 05:54 is_ready:True
2023-12-22 06:55:14 tech_manager: max_rows:113 candle_time:2023-12-22 05:54:00+00:00 granularity:M1
2023-12-22 06:55:14 process_candles:
        PAIR                      time    mid_c    mid_o  SL  TP   SPREAD      GAIN     LOSS  SIGNAL
107  USD_CHF 2023-12-22 05:50:00+00:00  0.85727  0.85730   0   0  0.00016  0.384398  0.85727       0
108  USD_CHF 2023-12-22 05:51:00+00:00  0.85724  0.85726   0   0  0.00013  0.368190  0.85724       0
109  USD_CHF 2023-12-22 05:52:00+00:00  0.85723  0.85724   0   0  0.00016  0.360453  0.85723       0
110  USD_CHF 2023-12-22 05:53:00+00:00  0.85724  0.85723   0   0  0.00017  0.362477  0.85724       0
111  USD_CHF 2023-12-22 05:54:00+00:00  0.85716  0.85728   0   0  0.00015  0.319440  0.85716       0
2023-12-22 06:56:12 CandleManager() new candle:last_candle:23-12-22 05:55 is_ready:True
2023-12-22 06:56:13 tech_manager: max_rows:113 candle_time:2023-12-22 05:55:00+00:00 granularity:M1
2023-12-22 06:56:13 process_candles:
        PAIR                      time    mid_c    mid_o  SL  TP   SPREAD      GAIN     LOSS  SIGNAL
107  USD_CHF 2023-12-22 05:51:00+00:00  0.85724  0.85726   0   0  0.00013  0.368190  0.85724       0
108  USD_CHF 2023-12-22 05:52:00+00:00  0.85723  0.85724   0   0  0.00016  0.360453  0.85723       0
109  USD_CHF 2023-12-22 05:53:00+00:00  0.85724  0.85723   0   0  0.00017  0.362477  0.85724       0
110  USD_CHF 2023-12-22 05:54:00+00:00  0.85716  0.85728   0   0  0.00015  0.319440  0.85716       0
111  USD_CHF 2023-12-22 05:55:00+00:00  0.85718  0.85718   0   0  0.00017  0.349594  0.85718       0
2023-12-22 06:57:03 CandleManager() new candle:last_candle:23-12-22 05:56 is_ready:True
2023-12-22 06:57:08 tech_manager: max_rows:113 candle_time:2023-12-22 05:56:00+00:00 granularity:M1
2023-12-22 06:57:08 process_candles:
        PAIR                      time    mid_c    mid_o  SL  TP   SPREAD      GAIN     LOSS  SIGNAL
107  USD_CHF 2023-12-22 05:52:00+00:00  0.85723  0.85724   0   0  0.00016  0.360453  0.85723       0
108  USD_CHF 2023-12-22 05:53:00+00:00  0.85724  0.85723   0   0  0.00017  0.362477  0.85724       0
109  USD_CHF 2023-12-22 05:54:00+00:00  0.85716  0.85728   0   0  0.00015  0.319440  0.85716       0
110  USD_CHF 2023-12-22 05:55:00+00:00  0.85718  0.85718   0   0  0.00017  0.349594  0.85718       0
111  USD_CHF 2023-12-22 05:56:00+00:00  0.85718  0.85718   0   0  0.00016  0.292073  0.85718       0
2023-12-22 06:58:06 CandleManager() new candle:last_candle:23-12-22 05:57 is_ready:True
2023-12-22 06:58:07 tech_manager: max_rows:113 candle_time:2023-12-22 05:57:00+00:00 granularity:M1
2023-12-22 06:58:07 process_candles:
        PAIR                      time    mid_c    mid_o  SL  TP   SPREAD      GAIN     LOSS  SIGNAL
107  USD_CHF 2023-12-22 05:53:00+00:00  0.85724  0.85723   0   0  0.00017  0.362477  0.85724       0
108  USD_CHF 2023-12-22 05:54:00+00:00  0.85716  0.85728   0   0  0.00015  0.319440  0.85716       0
109  USD_CHF 2023-12-22 05:55:00+00:00  0.85718  0.85718   0   0  0.00017  0.349594  0.85718       0
110  USD_CHF 2023-12-22 05:56:00+00:00  0.85718  0.85718   0   0  0.00016  0.292073  0.85718       0
111  USD_CHF 2023-12-22 05:57:00+00:00  0.85718  0.85718   0   0  0.00013  0.262320  0.85718       0
2023-12-22 06:59:02 CandleManager() new candle:last_candle:23-12-22 05:58 is_ready:True
2023-12-22 06:59:02 tech_manager: max_rows:113 candle_time:2023-12-22 05:58:00+00:00 granularity:M1
2023-12-22 06:59:02 process_candles:
        PAIR                      time    mid_c    mid_o  SL  TP   SPREAD      GAIN     LOSS  SIGNAL
107  USD_CHF 2023-12-22 05:54:00+00:00  0.85716  0.85728   0   0  0.00015  0.319440  0.85716       0
108  USD_CHF 2023-12-22 05:55:00+00:00  0.85718  0.85718   0   0  0.00017  0.349594  0.85718       0
109  USD_CHF 2023-12-22 05:56:00+00:00  0.85718  0.85718   0   0  0.00016  0.292073  0.85718       0
110  USD_CHF 2023-12-22 05:57:00+00:00  0.85718  0.85718   0   0  0.00013  0.262320  0.85718       0
111  USD_CHF 2023-12-22 05:58:00+00:00  0.85719  0.85719   0   0  0.00014  0.303468  0.85719       0
2023-12-22 07:00:16 CandleManager() new candle:last_candle:23-12-22 05:59 is_ready:True
2023-12-22 07:00:18 tech_manager: max_rows:113 candle_time:2023-12-22 05:59:00+00:00 granularity:M1
2023-12-22 07:00:18 process_candles:
        PAIR                      time    mid_c    mid_o  SL  TP   SPREAD      GAIN     LOSS  SIGNAL
107  USD_CHF 2023-12-22 05:55:00+00:00  0.85718  0.85718   0   0  0.00017  0.349594  0.85718       0
108  USD_CHF 2023-12-22 05:56:00+00:00  0.85718  0.85718   0   0  0.00016  0.292073  0.85718       0
109  USD_CHF 2023-12-22 05:57:00+00:00  0.85718  0.85718   0   0  0.00013  0.262320  0.85718       0
110  USD_CHF 2023-12-22 05:58:00+00:00  0.85719  0.85719   0   0  0.00014  0.303468  0.85719       0
111  USD_CHF 2023-12-22 05:59:00+00:00  0.85724  0.85720   0   0  0.00017  0.296764  0.85724       0
2023-12-22 07:01:14 CandleManager() new candle:last_candle:23-12-22 06:00 is_ready:True
2023-12-22 07:01:15 tech_manager: max_rows:113 candle_time:2023-12-22 06:00:00+00:00 granularity:M1
2023-12-22 07:01:15 process_candles:
        PAIR                      time    mid_c    mid_o  SL  TP   SPREAD      GAIN     LOSS  SIGNAL
107  USD_CHF 2023-12-22 05:56:00+00:00  0.85718  0.85718   0   0  0.00016  0.292073  0.85718       0
108  USD_CHF 2023-12-22 05:57:00+00:00  0.85718  0.85718   0   0  0.00013  0.262320  0.85718       0
109  USD_CHF 2023-12-22 05:58:00+00:00  0.85719  0.85719   0   0  0.00014  0.303468  0.85719       0
110  USD_CHF 2023-12-22 05:59:00+00:00  0.85724  0.85720   0   0  0.00017  0.296764  0.85724       0
111  USD_CHF 2023-12-22 06:00:00+00:00  0.85716  0.85726   0   0  0.00015  0.377073  0.85716       0
2023-12-22 07:02:01 CandleManager() new candle:last_candle:23-12-22 06:01 is_ready:True
2023-12-22 07:02:02 tech_manager: max_rows:113 candle_time:2023-12-22 06:01:00+00:00 granularity:M1
2023-12-22 07:02:02 process_candles:
        PAIR                      time    mid_c    mid_o  SL  TP   SPREAD      GAIN     LOSS  SIGNAL
107  USD_CHF 2023-12-22 05:57:00+00:00  0.85718  0.85718   0   0  0.00013  0.262320  0.85718       0
108  USD_CHF 2023-12-22 05:58:00+00:00  0.85719  0.85719   0   0  0.00014  0.303468  0.85719       0
109  USD_CHF 2023-12-22 05:59:00+00:00  0.85724  0.85720   0   0  0.00017  0.296764  0.85724       0
110  USD_CHF 2023-12-22 06:00:00+00:00  0.85716  0.85726   0   0  0.00015  0.377073  0.85716       0
111  USD_CHF 2023-12-22 06:01:00+00:00  0.85714  0.85716   0   0  0.00017  0.404958  0.85714       0
2023-12-22 07:03:04 CandleManager() new candle:last_candle:23-12-22 06:02 is_ready:True
2023-12-22 07:03:05 tech_manager: max_rows:113 candle_time:2023-12-22 06:02:00+00:00 granularity:M1
2023-12-22 07:03:05 process_candles:
        PAIR                      time    mid_c    mid_o  SL  TP   SPREAD      GAIN     LOSS  SIGNAL
107  USD_CHF 2023-12-22 05:58:00+00:00  0.85719  0.85719   0   0  0.00014  0.303468  0.85719       0
108  USD_CHF 2023-12-22 05:59:00+00:00  0.85724  0.85720   0   0  0.00017  0.296764  0.85724       0
109  USD_CHF 2023-12-22 06:00:00+00:00  0.85716  0.85726   0   0  0.00015  0.377073  0.85716       0
110  USD_CHF 2023-12-22 06:01:00+00:00  0.85714  0.85716   0   0  0.00017  0.404958  0.85714       0
111  USD_CHF 2023-12-22 06:02:00+00:00  0.85708  0.85714   0   0  0.00015  0.453871  0.85708       0
2023-12-22 07:04:05 CandleManager() new candle:last_candle:23-12-22 06:03 is_ready:True
2023-12-22 07:04:06 tech_manager: max_rows:113 candle_time:2023-12-22 06:03:00+00:00 granularity:M1
2023-12-22 07:04:06 process_candles:
        PAIR                      time    mid_c    mid_o  SL  TP   SPREAD      GAIN     LOSS  SIGNAL
107  USD_CHF 2023-12-22 05:59:00+00:00  0.85724  0.85720   0   0  0.00017  0.296764  0.85724       0
108  USD_CHF 2023-12-22 06:00:00+00:00  0.85716  0.85726   0   0  0.00015  0.377073  0.85716       0
109  USD_CHF 2023-12-22 06:01:00+00:00  0.85714  0.85716   0   0  0.00017  0.404958  0.85714       0
110  USD_CHF 2023-12-22 06:02:00+00:00  0.85708  0.85714   0   0  0.00015  0.453871  0.85708       0
111  USD_CHF 2023-12-22 06:03:00+00:00  0.85701  0.85706   0   0  0.00014  0.455724  0.85701       0
2023-12-22 07:05:05 CandleManager() new candle:last_candle:23-12-22 06:04 is_ready:True
2023-12-22 07:05:06 tech_manager: max_rows:113 candle_time:2023-12-22 06:04:00+00:00 granularity:M1
2023-12-22 07:05:06 process_candles:
        PAIR                      time    mid_c    mid_o  SL  TP   SPREAD      GAIN     LOSS  SIGNAL
107  USD_CHF 2023-12-22 06:00:00+00:00  0.85716  0.85726   0   0  0.00015  0.377073  0.85716       0
108  USD_CHF 2023-12-22 06:01:00+00:00  0.85714  0.85716   0   0  0.00017  0.404958  0.85714       0
109  USD_CHF 2023-12-22 06:02:00+00:00  0.85708  0.85714   0   0  0.00015  0.453871  0.85708       0
110  USD_CHF 2023-12-22 06:03:00+00:00  0.85701  0.85706   0   0  0.00014  0.455724  0.85701       0
111  USD_CHF 2023-12-22 06:04:00+00:00  0.85706  0.85702   0   0  0.00015  0.445180  0.85706       0
2023-12-22 07:06:08 CandleManager() new candle:last_candle:23-12-22 06:05 is_ready:True
2023-12-22 07:06:09 tech_manager: max_rows:113 candle_time:2023-12-22 06:05:00+00:00 granularity:M1
2023-12-22 07:06:09 process_candles:
        PAIR                      time    mid_c    mid_o  SL  TP   SPREAD      GAIN     LOSS  SIGNAL
107  USD_CHF 2023-12-22 06:01:00+00:00  0.85714  0.85716   0   0  0.00017  0.404958  0.85714       0
108  USD_CHF 2023-12-22 06:02:00+00:00  0.85708  0.85714   0   0  0.00015  0.453871  0.85708       0
109  USD_CHF 2023-12-22 06:03:00+00:00  0.85701  0.85706   0   0  0.00014  0.455724  0.85701       0
110  USD_CHF 2023-12-22 06:04:00+00:00  0.85706  0.85702   0   0  0.00015  0.445180  0.85706       0
111  USD_CHF 2023-12-22 06:05:00+00:00  0.85702  0.85704   0   0  0.00015  0.495808  0.85702       0
2023-12-22 07:07:08 CandleManager() new candle:last_candle:23-12-22 06:06 is_ready:True
2023-12-22 07:07:09 tech_manager: max_rows:113 candle_time:2023-12-22 06:06:00+00:00 granularity:M1
2023-12-22 07:07:10 process_candles:
        PAIR                      time    mid_c    mid_o  SL  TP   SPREAD      GAIN     LOSS  SIGNAL
107  USD_CHF 2023-12-22 06:02:00+00:00  0.85708  0.85714   0   0  0.00015  0.453871  0.85708       0
108  USD_CHF 2023-12-22 06:03:00+00:00  0.85701  0.85706   0   0  0.00014  0.455724  0.85701       0
109  USD_CHF 2023-12-22 06:04:00+00:00  0.85706  0.85702   0   0  0.00015  0.445180  0.85706       0
110  USD_CHF 2023-12-22 06:05:00+00:00  0.85702  0.85704   0   0  0.00015  0.495808  0.85702       0
111  USD_CHF 2023-12-22 06:06:00+00:00  0.85698  0.85701   0   0  0.00016  0.516367  0.85698       0
2023-12-22 07:08:11 CandleManager() new candle:last_candle:23-12-22 06:07 is_ready:True
2023-12-22 07:08:12 tech_manager: max_rows:113 candle_time:2023-12-22 06:07:00+00:00 granularity:M1
2023-12-22 07:08:12 process_candles:
        PAIR                      time    mid_c    mid_o  SL  TP   SPREAD      GAIN     LOSS  SIGNAL
107  USD_CHF 2023-12-22 06:03:00+00:00  0.85701  0.85706   0   0  0.00014  0.455724  0.85701       0
108  USD_CHF 2023-12-22 06:04:00+00:00  0.85706  0.85702   0   0  0.00015  0.445180  0.85706       0
109  USD_CHF 2023-12-22 06:05:00+00:00  0.85702  0.85704   0   0  0.00015  0.495808  0.85702       0
110  USD_CHF 2023-12-22 06:06:00+00:00  0.85698  0.85701   0   0  0.00016  0.516367  0.85698       0
111  USD_CHF 2023-12-22 06:07:00+00:00  0.85698  0.85695   0   0  0.00015  0.511015  0.85698       0
2023-12-22 07:09:14 CandleManager() new candle:last_candle:23-12-22 06:08 is_ready:True
2023-12-22 07:09:15 tech_manager: max_rows:113 candle_time:2023-12-22 06:08:00+00:00 granularity:M1
2023-12-22 07:09:15 process_candles:
        PAIR                      time    mid_c    mid_o  SL  TP   SPREAD      GAIN     LOSS  SIGNAL
107  USD_CHF 2023-12-22 06:04:00+00:00  0.85706  0.85702   0   0  0.00015  0.445180  0.85706       0
108  USD_CHF 2023-12-22 06:05:00+00:00  0.85702  0.85704   0   0  0.00015  0.495808  0.85702       0
109  USD_CHF 2023-12-22 06:06:00+00:00  0.85698  0.85701   0   0  0.00016  0.516367  0.85698       0
110  USD_CHF 2023-12-22 06:07:00+00:00  0.85698  0.85695   0   0  0.00015  0.511015  0.85698       0
111  USD_CHF 2023-12-22 06:08:00+00:00  0.85698  0.85696   0   0  0.00016  0.522916  0.85698       0
2023-12-22 07:10:01 CandleManager() new candle:last_candle:23-12-22 06:09 is_ready:True
2023-12-22 07:10:02 tech_manager: max_rows:113 candle_time:2023-12-22 06:09:00+00:00 granularity:M1
2023-12-22 07:10:02 process_candles:
        PAIR                      time    mid_c    mid_o  SL  TP   SPREAD      GAIN     LOSS  SIGNAL
107  USD_CHF 2023-12-22 06:05:00+00:00  0.85702  0.85704   0   0  0.00015  0.495808  0.85702       0
108  USD_CHF 2023-12-22 06:06:00+00:00  0.85698  0.85701   0   0  0.00016  0.516367  0.85698       0
109  USD_CHF 2023-12-22 06:07:00+00:00  0.85698  0.85695   0   0  0.00015  0.511015  0.85698       0
110  USD_CHF 2023-12-22 06:08:00+00:00  0.85698  0.85696   0   0  0.00016  0.522916  0.85698       0
111  USD_CHF 2023-12-22 06:09:00+00:00  0.85704  0.85699   0   0  0.00013  0.532999  0.85704       0
2023-12-22 07:11:04 CandleManager() new candle:last_candle:23-12-22 06:10 is_ready:True
2023-12-22 07:11:04 tech_manager: max_rows:113 candle_time:2023-12-22 06:10:00+00:00 granularity:M1
2023-12-22 07:11:04 process_candles:
        PAIR                      time    mid_c    mid_o  SL  TP   SPREAD      GAIN     LOSS  SIGNAL
107  USD_CHF 2023-12-22 06:06:00+00:00  0.85698  0.85701   0   0  0.00016  0.516367  0.85698       0
108  USD_CHF 2023-12-22 06:07:00+00:00  0.85698  0.85695   0   0  0.00015  0.511015  0.85698       0
109  USD_CHF 2023-12-22 06:08:00+00:00  0.85698  0.85696   0   0  0.00016  0.522916  0.85698       0
110  USD_CHF 2023-12-22 06:09:00+00:00  0.85704  0.85699   0   0  0.00013  0.532999  0.85704       0
111  USD_CHF 2023-12-22 06:10:00+00:00  0.85702  0.85704   0   0  0.00015  0.552875  0.85702       0
2023-12-22 07:12:06 CandleManager() new candle:last_candle:23-12-22 06:11 is_ready:True
2023-12-22 07:12:07 tech_manager: max_rows:113 candle_time:2023-12-22 06:11:00+00:00 granularity:M1
2023-12-22 07:12:08 process_candles:
        PAIR                      time    mid_c    mid_o  SL  TP   SPREAD      GAIN     LOSS  SIGNAL
107  USD_CHF 2023-12-22 06:07:00+00:00  0.85698  0.85695   0   0  0.00015  0.511015  0.85698       0
108  USD_CHF 2023-12-22 06:08:00+00:00  0.85698  0.85696   0   0  0.00016  0.522916  0.85698       0
109  USD_CHF 2023-12-22 06:09:00+00:00  0.85704  0.85699   0   0  0.00013  0.532999  0.85704       0
110  USD_CHF 2023-12-22 06:10:00+00:00  0.85702  0.85704   0   0  0.00015  0.552875  0.85702       0
111  USD_CHF 2023-12-22 06:11:00+00:00  0.85706  0.85703   0   0  0.00013  0.551429  0.85706       0
2023-12-22 07:13:09 CandleManager() new candle:last_candle:23-12-22 06:12 is_ready:True
2023-12-22 07:13:10 tech_manager: max_rows:113 candle_time:2023-12-22 06:12:00+00:00 granularity:M1
2023-12-22 07:13:11 process_candles:
        PAIR                      time    mid_c    mid_o  SL  TP   SPREAD      GAIN     LOSS  SIGNAL
108  USD_CHF 2023-12-22 06:08:00+00:00  0.85698  0.85696   0   0  0.00016  0.522916  0.85698       0
109  USD_CHF 2023-12-22 06:09:00+00:00  0.85704  0.85699   0   0  0.00013  0.532999  0.85704       0
110  USD_CHF 2023-12-22 06:10:00+00:00  0.85702  0.85704   0   0  0.00015  0.552875  0.85702       0
111  USD_CHF 2023-12-22 06:11:00+00:00  0.85706  0.85703   0   0  0.00013  0.551429  0.85706       0
112  USD_CHF 2023-12-22 06:12:00+00:00  0.85720  0.85707   0   0  0.00013  0.542610  0.85720       0
2023-12-22 07:15:12 CandleManager() new candle:last_candle:23-12-22 06:14 is_ready:True
2023-12-22 07:15:13 tech_manager: max_rows:113 candle_time:2023-12-22 06:14:00+00:00 granularity:M1
2023-12-22 07:15:14 process_candles:
        PAIR                      time    mid_c    mid_o  SL  TP   SPREAD      GAIN     LOSS  SIGNAL
107  USD_CHF 2023-12-22 06:09:00+00:00  0.85704  0.85699   0   0  0.00013  0.532999  0.85704       0
108  USD_CHF 2023-12-22 06:10:00+00:00  0.85702  0.85704   0   0  0.00015  0.552875  0.85702       0
109  USD_CHF 2023-12-22 06:11:00+00:00  0.85706  0.85703   0   0  0.00013  0.551429  0.85706       0
110  USD_CHF 2023-12-22 06:12:00+00:00  0.85720  0.85707   0   0  0.00013  0.542610  0.85720       0
111  USD_CHF 2023-12-22 06:14:00+00:00  0.85716  0.85722   0   0  0.00014  0.557552  0.85716       0
2023-12-22 07:16:15 CandleManager() new candle:last_candle:23-12-22 06:15 is_ready:True
2023-12-22 07:16:16 tech_manager: max_rows:113 candle_time:2023-12-22 06:15:00+00:00 granularity:M1
2023-12-22 07:16:16 process_candles:
        PAIR                      time    mid_c    mid_o  SL  TP   SPREAD      GAIN     LOSS  SIGNAL
107  USD_CHF 2023-12-22 06:10:00+00:00  0.85702  0.85704   0   0  0.00015  0.552875  0.85702       0
108  USD_CHF 2023-12-22 06:11:00+00:00  0.85706  0.85703   0   0  0.00013  0.551429  0.85706       0
109  USD_CHF 2023-12-22 06:12:00+00:00  0.85720  0.85707   0   0  0.00013  0.542610  0.85720       0
110  USD_CHF 2023-12-22 06:14:00+00:00  0.85716  0.85722   0   0  0.00014  0.557552  0.85716       0
111  USD_CHF 2023-12-22 06:15:00+00:00  0.85718  0.85716   0   0  0.00013  0.551552  0.85718       0
2023-12-22 07:17:02 CandleManager() new candle:last_candle:23-12-22 06:16 is_ready:True
2023-12-22 07:17:03 tech_manager: max_rows:113 candle_time:2023-12-22 06:16:00+00:00 granularity:M1
2023-12-22 07:17:03 process_candles:
        PAIR                      time    mid_c    mid_o  SL  TP   SPREAD      GAIN     LOSS  SIGNAL
107  USD_CHF 2023-12-22 06:11:00+00:00  0.85706  0.85703   0   0  0.00013  0.551429  0.85706       0
108  USD_CHF 2023-12-22 06:12:00+00:00  0.85720  0.85707   0   0  0.00013  0.542610  0.85720       0
109  USD_CHF 2023-12-22 06:14:00+00:00  0.85716  0.85722   0   0  0.00014  0.557552  0.85716       0
110  USD_CHF 2023-12-22 06:15:00+00:00  0.85718  0.85716   0   0  0.00013  0.551552  0.85718       0
111  USD_CHF 2023-12-22 06:16:00+00:00  0.85724  0.85720   0   0  0.00013  0.542220  0.85724       0
2023-12-22 07:18:05 CandleManager() new candle:last_candle:23-12-22 06:17 is_ready:True
2023-12-22 07:18:05 tech_manager: max_rows:113 candle_time:2023-12-22 06:17:00+00:00 granularity:M1
2023-12-22 07:18:05 process_candles:
        PAIR                      time    mid_c    mid_o  SL  TP   SPREAD      GAIN     LOSS  SIGNAL
107  USD_CHF 2023-12-22 06:12:00+00:00  0.85720  0.85707   0   0  0.00013  0.542610  0.85720       0
108  USD_CHF 2023-12-22 06:14:00+00:00  0.85716  0.85722   0   0  0.00014  0.557552  0.85716       0
109  USD_CHF 2023-12-22 06:15:00+00:00  0.85718  0.85716   0   0  0.00013  0.551552  0.85718       0
110  USD_CHF 2023-12-22 06:16:00+00:00  0.85724  0.85720   0   0  0.00013  0.542220  0.85724       0
111  USD_CHF 2023-12-22 06:17:00+00:00  0.85721  0.85727   0   0  0.00014  0.599973  0.85721       0
2023-12-22 07:19:07 CandleManager() new candle:last_candle:23-12-22 06:18 is_ready:True
2023-12-22 07:19:08 tech_manager: max_rows:113 candle_time:2023-12-22 06:18:00+00:00 granularity:M1
2023-12-22 07:19:09 process_candles:
        PAIR                      time    mid_c    mid_o  SL  TP   SPREAD      GAIN     LOSS  SIGNAL
107  USD_CHF 2023-12-22 06:14:00+00:00  0.85716  0.85722   0   0  0.00014  0.557552  0.85716       0
108  USD_CHF 2023-12-22 06:15:00+00:00  0.85718  0.85716   0   0  0.00013  0.551552  0.85718       0
109  USD_CHF 2023-12-22 06:16:00+00:00  0.85724  0.85720   0   0  0.00013  0.542220  0.85724       0
110  USD_CHF 2023-12-22 06:17:00+00:00  0.85721  0.85727   0   0  0.00014  0.599973  0.85721       0
111  USD_CHF 2023-12-22 06:18:00+00:00  0.85716  0.85720   0   0  0.00017  0.631559  0.85716       0
2023-12-22 07:20:10 CandleManager() new candle:last_candle:23-12-22 06:19 is_ready:True
2023-12-22 07:20:11 tech_manager: max_rows:113 candle_time:2023-12-22 06:19:00+00:00 granularity:M1
2023-12-22 07:20:11 process_candles:
        PAIR                      time    mid_c    mid_o  SL  TP   SPREAD      GAIN     LOSS  SIGNAL
107  USD_CHF 2023-12-22 06:15:00+00:00  0.85718  0.85716   0   0  0.00013  0.551552  0.85718       0
108  USD_CHF 2023-12-22 06:16:00+00:00  0.85724  0.85720   0   0  0.00013  0.542220  0.85724       0
109  USD_CHF 2023-12-22 06:17:00+00:00  0.85721  0.85727   0   0  0.00014  0.599973  0.85721       0
110  USD_CHF 2023-12-22 06:18:00+00:00  0.85716  0.85720   0   0  0.00017  0.631559  0.85716       0
111  USD_CHF 2023-12-22 06:19:00+00:00  0.85721  0.85716   0   0  0.00014  0.593059  0.85721       0
2023-12-22 07:21:12 CandleManager() new candle:last_candle:23-12-22 06:20 is_ready:True
2023-12-22 07:21:13 tech_manager: max_rows:113 candle_time:2023-12-22 06:20:00+00:00 granularity:M1
2023-12-22 07:21:14 process_candles:
        PAIR                      time    mid_c    mid_o  SL  TP   SPREAD      GAIN     LOSS  SIGNAL
107  USD_CHF 2023-12-22 06:16:00+00:00  0.85724  0.85720   0   0  0.00013  0.542220  0.85724       0
108  USD_CHF 2023-12-22 06:17:00+00:00  0.85721  0.85727   0   0  0.00014  0.599973  0.85721       0
109  USD_CHF 2023-12-22 06:18:00+00:00  0.85716  0.85720   0   0  0.00017  0.631559  0.85716       0
110  USD_CHF 2023-12-22 06:19:00+00:00  0.85721  0.85716   0   0  0.00014  0.593059  0.85721       0
111  USD_CHF 2023-12-22 06:20:00+00:00  0.85714  0.85724   0   0  0.00014  0.605532  0.85714       0
2023-12-22 07:22:15 CandleManager() new candle:last_candle:23-12-22 06:21 is_ready:True
2023-12-22 07:22:16 tech_manager: max_rows:113 candle_time:2023-12-22 06:21:00+00:00 granularity:M1
2023-12-22 07:22:16 process_candles:
        PAIR                      time    mid_c    mid_o  SL  TP   SPREAD      GAIN     LOSS  SIGNAL
107  USD_CHF 2023-12-22 06:17:00+00:00  0.85721  0.85727   0   0  0.00014  0.599973  0.85721       0
108  USD_CHF 2023-12-22 06:18:00+00:00  0.85716  0.85720   0   0  0.00017  0.631559  0.85716       0
109  USD_CHF 2023-12-22 06:19:00+00:00  0.85721  0.85716   0   0  0.00014  0.593059  0.85721       0
110  USD_CHF 2023-12-22 06:20:00+00:00  0.85714  0.85724   0   0  0.00014  0.605532  0.85714       0
111  USD_CHF 2023-12-22 06:21:00+00:00  0.85706  0.85710   0   0  0.00015  0.604403  0.85706       0
2023-12-22 07:23:13 CandleManager() new candle:last_candle:23-12-22 06:22 is_ready:True
2023-12-22 07:23:15 tech_manager: max_rows:113 candle_time:2023-12-22 06:22:00+00:00 granularity:M1
2023-12-22 07:23:15 process_candles:
        PAIR                      time    mid_c    mid_o  SL  TP   SPREAD      GAIN     LOSS  SIGNAL
108  USD_CHF 2023-12-22 06:18:00+00:00  0.85716  0.85720   0   0  0.00017  0.631559  0.85716       0
109  USD_CHF 2023-12-22 06:19:00+00:00  0.85721  0.85716   0   0  0.00014  0.593059  0.85721       0
110  USD_CHF 2023-12-22 06:20:00+00:00  0.85714  0.85724   0   0  0.00014  0.605532  0.85714       0
111  USD_CHF 2023-12-22 06:21:00+00:00  0.85706  0.85710   0   0  0.00015  0.604403  0.85706       0
112  USD_CHF 2023-12-22 06:22:00+00:00  0.85706  0.85706   0   0  0.00015  0.598088  0.85706       0
2023-12-22 07:24:14 CandleManager() new candle:last_candle:23-12-22 06:23 is_ready:True
2023-12-22 07:24:15 tech_manager: max_rows:113 candle_time:2023-12-22 06:23:00+00:00 granularity:M1
2023-12-22 07:24:15 process_candles:
        PAIR                      time    mid_c    mid_o  SL  TP   SPREAD      GAIN     LOSS  SIGNAL
107  USD_CHF 2023-12-22 06:19:00+00:00  0.85721  0.85716   0   0  0.00014  0.593059  0.85721       0
108  USD_CHF 2023-12-22 06:20:00+00:00  0.85714  0.85724   0   0  0.00014  0.605532  0.85714       0
109  USD_CHF 2023-12-22 06:21:00+00:00  0.85706  0.85710   0   0  0.00015  0.604403  0.85706       0
110  USD_CHF 2023-12-22 06:22:00+00:00  0.85706  0.85706   0   0  0.00015  0.598088  0.85706       0
111  USD_CHF 2023-12-22 06:23:00+00:00  0.85706  0.85703   0   0  0.00016  0.558471  0.85706       0
2023-12-22 07:25:17 CandleManager() new candle:last_candle:23-12-22 06:24 is_ready:True
2023-12-22 07:25:18 tech_manager: max_rows:113 candle_time:2023-12-22 06:24:00+00:00 granularity:M1
2023-12-22 07:25:18 process_candles:
        PAIR                      time    mid_c    mid_o  SL  TP   SPREAD      GAIN     LOSS  SIGNAL
107  USD_CHF 2023-12-22 06:20:00+00:00  0.85714  0.85724   0   0  0.00014  0.605532  0.85714       0
108  USD_CHF 2023-12-22 06:21:00+00:00  0.85706  0.85710   0   0  0.00015  0.604403  0.85706       0
109  USD_CHF 2023-12-22 06:22:00+00:00  0.85706  0.85706   0   0  0.00015  0.598088  0.85706       0
110  USD_CHF 2023-12-22 06:23:00+00:00  0.85706  0.85703   0   0  0.00016  0.558471  0.85706       0
111  USD_CHF 2023-12-22 06:24:00+00:00  0.85710  0.85706   0   0  0.00014  0.547911  0.85710       0
2023-12-22 07:26:04 CandleManager() new candle:last_candle:23-12-22 06:25 is_ready:True
2023-12-22 07:26:04 tech_manager: max_rows:113 candle_time:2023-12-22 06:25:00+00:00 granularity:M1
2023-12-22 07:26:04 process_candles:
        PAIR                      time    mid_c    mid_o  SL  TP   SPREAD      GAIN     LOSS  SIGNAL
107  USD_CHF 2023-12-22 06:21:00+00:00  0.85706  0.85710   0   0  0.00015  0.604403  0.85706       0
108  USD_CHF 2023-12-22 06:22:00+00:00  0.85706  0.85706   0   0  0.00015  0.598088  0.85706       0
109  USD_CHF 2023-12-22 06:23:00+00:00  0.85706  0.85703   0   0  0.00016  0.558471  0.85706       0
110  USD_CHF 2023-12-22 06:24:00+00:00  0.85710  0.85706   0   0  0.00014  0.547911  0.85710       0
111  USD_CHF 2023-12-22 06:25:00+00:00  0.85706  0.85712   0   0  0.00018  0.601390  0.85706       0
2023-12-22 07:27:06 CandleManager() new candle:last_candle:23-12-22 06:26 is_ready:True
2023-12-22 07:27:07 tech_manager: max_rows:113 candle_time:2023-12-22 06:26:00+00:00 granularity:M1
2023-12-22 07:27:07 process_candles:
        PAIR                      time    mid_c    mid_o  SL  TP   SPREAD      GAIN     LOSS  SIGNAL
107  USD_CHF 2023-12-22 06:22:00+00:00  0.85706  0.85706   0   0  0.00015  0.598088  0.85706       0
108  USD_CHF 2023-12-22 06:23:00+00:00  0.85706  0.85703   0   0  0.00016  0.558471  0.85706       0
109  USD_CHF 2023-12-22 06:24:00+00:00  0.85710  0.85706   0   0  0.00014  0.547911  0.85710       0
110  USD_CHF 2023-12-22 06:25:00+00:00  0.85706  0.85712   0   0  0.00018  0.601390  0.85706       0
111  USD_CHF 2023-12-22 06:26:00+00:00  0.85702  0.85704   0   0  0.00017  0.569102  0.85702       0
2023-12-22 07:28:09 CandleManager() new candle:last_candle:23-12-22 06:27 is_ready:True
2023-12-22 07:28:10 tech_manager: max_rows:113 candle_time:2023-12-22 06:27:00+00:00 granularity:M1
2023-12-22 07:28:10 process_candles:
        PAIR                      time    mid_c    mid_o  SL  TP   SPREAD      GAIN     LOSS  SIGNAL
107  USD_CHF 2023-12-22 06:23:00+00:00  0.85706  0.85703   0   0  0.00016  0.558471  0.85706       0
108  USD_CHF 2023-12-22 06:24:00+00:00  0.85710  0.85706   0   0  0.00014  0.547911  0.85710       0
109  USD_CHF 2023-12-22 06:25:00+00:00  0.85706  0.85712   0   0  0.00018  0.601390  0.85706       0
110  USD_CHF 2023-12-22 06:26:00+00:00  0.85702  0.85704   0   0  0.00017  0.569102  0.85702       0
111  USD_CHF 2023-12-22 06:27:00+00:00  0.85707  0.85702   0   0  0.00016  0.540560  0.85707       0
2023-12-22 07:29:09 CandleManager() new candle:last_candle:23-12-22 06:28 is_ready:True
2023-12-22 07:29:10 tech_manager: max_rows:113 candle_time:2023-12-22 06:28:00+00:00 granularity:M1
2023-12-22 07:29:11 process_candles:
        PAIR                      time    mid_c    mid_o  SL  TP   SPREAD      GAIN     LOSS  SIGNAL
107  USD_CHF 2023-12-22 06:24:00+00:00  0.85710  0.85706   0   0  0.00014  0.547911  0.85710       0
108  USD_CHF 2023-12-22 06:25:00+00:00  0.85706  0.85712   0   0  0.00018  0.601390  0.85706       0
109  USD_CHF 2023-12-22 06:26:00+00:00  0.85702  0.85704   0   0  0.00017  0.569102  0.85702       0
110  USD_CHF 2023-12-22 06:27:00+00:00  0.85707  0.85702   0   0  0.00016  0.540560  0.85707       0
111  USD_CHF 2023-12-22 06:28:00+00:00  0.85700  0.85708   0   0  0.00017  0.598319  0.85700       0
2023-12-22 07:30:12 CandleManager() new candle:last_candle:23-12-22 06:29 is_ready:True
2023-12-22 07:30:13 tech_manager: max_rows:113 candle_time:2023-12-22 06:29:00+00:00 granularity:M1
2023-12-22 07:30:13 process_candles:
        PAIR                      time    mid_c    mid_o  SL  TP   SPREAD      GAIN     LOSS  SIGNAL
107  USD_CHF 2023-12-22 06:25:00+00:00  0.85706  0.85712   0   0  0.00018  0.601390  0.85706       0
108  USD_CHF 2023-12-22 06:26:00+00:00  0.85702  0.85704   0   0  0.00017  0.569102  0.85702       0
109  USD_CHF 2023-12-22 06:27:00+00:00  0.85707  0.85702   0   0  0.00016  0.540560  0.85707       0
110  USD_CHF 2023-12-22 06:28:00+00:00  0.85700  0.85708   0   0  0.00017  0.598319  0.85700       0
111  USD_CHF 2023-12-22 06:29:00+00:00  0.85698  0.85700   0   0  0.00016  0.598131  0.85698       0
2023-12-22 07:31:14 CandleManager() new candle:last_candle:23-12-22 06:30 is_ready:True
2023-12-22 07:31:15 tech_manager: max_rows:113 candle_time:2023-12-22 06:30:00+00:00 granularity:M1
2023-12-22 07:31:16 process_candles:
        PAIR                      time    mid_c    mid_o  SL  TP   SPREAD      GAIN     LOSS  SIGNAL
107  USD_CHF 2023-12-22 06:26:00+00:00  0.85702  0.85704   0   0  0.00017  0.569102  0.85702       0
108  USD_CHF 2023-12-22 06:27:00+00:00  0.85707  0.85702   0   0  0.00016  0.540560  0.85707       0
109  USD_CHF 2023-12-22 06:28:00+00:00  0.85700  0.85708   0   0  0.00017  0.598319  0.85700       0
110  USD_CHF 2023-12-22 06:29:00+00:00  0.85698  0.85700   0   0  0.00016  0.598131  0.85698       0
111  USD_CHF 2023-12-22 06:30:00+00:00  0.85702  0.85698   0   0  0.00016  0.585587  0.85702       0
