2024-02-05 10:27:19 LogWrapper init() ./logs/WorkProcessor.log
2024-02-05 10:27:41 Processing new work: LiveApiPrice() AUD_JPY 96.536 96.521 2024-02-05 09:27:37.569540+00:00
2024-02-05 10:27:48 Processing new work: LiveApiPrice() AUD_JPY 96.536 96.517 2024-02-05 09:27:41.761746+00:00
2024-02-05 10:27:55 Processing new work: LiveApiPrice() EUR_GBP 0.85337 0.85329 2024-02-05 09:27:43.507336+00:00
2024-02-05 10:28:02 Processing new work: LiveApiPrice() GBP_JPY 187.237 187.209 2024-02-05 09:27:43.492146+00:00
2024-02-05 10:28:09 Processing new work: LiveApiPrice() USD_CHF 0.86892 0.86877 2024-02-05 09:27:49.815028+00:00
2024-02-05 10:28:16 Processing new work: LiveApiPrice() EUR_USD 1.07617 1.07607 2024-02-05 09:27:51.112022+00:00
2024-02-05 10:28:23 Processing new work: LiveApiPrice() GBP_CHF 1.09586 1.09566 2024-02-05 09:27:54.289931+00:00
2024-02-05 10:28:30 Processing new work: LiveApiPrice() GBP_JPY 187.244 187.213 2024-02-05 09:27:54.412847+00:00
2024-02-05 10:28:37 Processing new work: LiveApiPrice() GBP_JPY 187.247 187.215 2024-02-05 09:28:00.108577+00:00
2024-02-05 10:28:44 Processing new work: LiveApiPrice() EUR_CHF 0.93509 0.93494 2024-02-05 09:28:03.772205+00:00
2024-02-05 10:28:51 Processing new work: LiveApiPrice() GBP_JPY 187.235 187.205 2024-02-05 09:28:03.770573+00:00
2024-02-05 10:28:58 Processing new work: LiveApiPrice() EUR_GBP 0.8534 0.85332 2024-02-05 09:28:10.227912+00:00
2024-02-05 10:29:05 Processing new work: LiveApiPrice() GBP_USD 1.26103 1.26092 2024-02-05 09:28:14.429090+00:00
2024-02-05 10:29:12 Processing new work: LiveApiPrice() EUR_USD 1.07618 1.0761 2024-02-05 09:28:16.129505+00:00
2024-02-05 10:29:19 Processing new work: LiveApiPrice() GBP_JPY 187.219 187.185 2024-02-05 09:28:19.143787+00:00
2024-02-05 10:29:26 Processing new work: LiveApiPrice() AUD_JPY 96.524 96.505 2024-02-05 09:28:23.143266+00:00
2024-02-05 10:29:33 Processing new work: LiveApiPrice() USD_CAD 1.34864 1.34843 2024-02-05 09:28:26.095992+00:00
2024-02-05 10:29:40 Processing new work: LiveApiPrice() AUD_JPY 96.523 96.505 2024-02-05 09:28:29.909228+00:00
2024-02-05 10:29:47 Processing new work: LiveApiPrice() GBP_JPY 187.21 187.176 2024-02-05 09:28:32.394579+00:00
2024-02-05 10:29:54 Processing new work: LiveApiPrice() GBP_USD 1.26099 1.26087 2024-02-05 09:28:43.576596+00:00
2024-02-05 10:30:01 Processing new work: LiveApiPrice() EUR_GBP 0.85351 0.85342 2024-02-05 09:28:44.267562+00:00
2024-02-05 10:30:08 Processing new work: LiveApiPrice() USD_CHF 0.86893 0.86878 2024-02-05 09:28:44.168008+00:00
2024-02-05 10:30:15 Processing new work: LiveApiPrice() USD_CAD 1.34862 1.34845 2024-02-05 09:28:48.130715+00:00
2024-02-05 10:30:22 Processing new work: LiveApiPrice() GBP_CHF 1.09561 1.09546 2024-02-05 09:28:57.953710+00:00
2024-02-05 10:30:29 Processing new work: LiveApiPrice() EUR_USD 1.07616 1.07606 2024-02-05 09:28:59.024426+00:00
