2023-12-21 21:19:23 LogWrapper init() ./logs/AUD_USD.log
2023-12-21 21:19:23 {'bollinger_bands_settings': {'n_ma': 12.0, 'n_std': 2.5, 'maxspread': 0.0003, 'mingain': 0.0005, 'riskreward': 2.0}, 'ichimoku_cloud_settings': {'n1': 9.0, 'n2': 26.0, 'n3': 52.0}, 'cmf_settings': {'n_cmf': 20.0}}
2023-12-21 21:19:33 CandleManager() init last_candle:last_candle:23-12-21 20:18 is_ready:False
2023-12-21 21:20:07 CandleManager() new candle:last_candle:23-12-21 20:19 is_ready:True
2023-12-21 21:20:13 tech_manager: max_rows:113.0 candle_time:2023-12-21 20:19:00+00:00 granularity:M1
2023-12-21 21:20:13 process_candles:
        PAIR                      time    mid_c    mid_o   SL   TP   SPREAD      GAIN     LOSS  SIGNAL
107  AUD_USD 2023-12-21 20:15:00+00:00  0.67951  0.67958  0.0  0.0  0.00012  0.327933  0.67951       0
108  AUD_USD 2023-12-21 20:16:00+00:00  0.67956  0.67952  0.0  0.0  0.00011  0.305954  0.67956       0
109  AUD_USD 2023-12-21 20:17:00+00:00  0.67957  0.67958  0.0  0.0  0.00012  0.308466  0.67957       0
110  AUD_USD 2023-12-21 20:18:00+00:00  0.67957  0.67952  0.0  0.0  0.00012  0.325565  0.67957       0
111  AUD_USD 2023-12-21 20:19:00+00:00  0.67958  0.67954  0.0  0.0  0.00011  0.358041  0.67958       0
2023-12-21 21:21:11 CandleManager() new candle:last_candle:23-12-21 20:20 is_ready:True
2023-12-21 21:21:13 tech_manager: max_rows:113.0 candle_time:2023-12-21 20:20:00+00:00 granularity:M1
2023-12-21 21:21:13 process_candles:
        PAIR                      time    mid_c    mid_o   SL   TP   SPREAD      GAIN     LOSS  SIGNAL
107  AUD_USD 2023-12-21 20:16:00+00:00  0.67956  0.67952  0.0  0.0  0.00011  0.305954  0.67956       0
108  AUD_USD 2023-12-21 20:17:00+00:00  0.67957  0.67958  0.0  0.0  0.00012  0.308466  0.67957       0
109  AUD_USD 2023-12-21 20:18:00+00:00  0.67957  0.67952  0.0  0.0  0.00012  0.325565  0.67957       0
110  AUD_USD 2023-12-21 20:19:00+00:00  0.67958  0.67954  0.0  0.0  0.00011  0.358041  0.67958       0
111  AUD_USD 2023-12-21 20:20:00+00:00  0.67962  0.67962  0.0  0.0  0.00011  0.331641  0.67962       0
2023-12-21 21:22:12 CandleManager() new candle:last_candle:23-12-21 20:21 is_ready:True
2023-12-21 21:22:13 tech_manager: max_rows:113.0 candle_time:2023-12-21 20:21:00+00:00 granularity:M1
2023-12-21 21:22:13 process_candles:
        PAIR                      time    mid_c    mid_o   SL   TP   SPREAD      GAIN     LOSS  SIGNAL
108  AUD_USD 2023-12-21 20:17:00+00:00  0.67957  0.67958  0.0  0.0  0.00012  0.308466  0.67957       0
109  AUD_USD 2023-12-21 20:18:00+00:00  0.67957  0.67952  0.0  0.0  0.00012  0.325565  0.67957       0
110  AUD_USD 2023-12-21 20:19:00+00:00  0.67958  0.67954  0.0  0.0  0.00011  0.358041  0.67958       0
111  AUD_USD 2023-12-21 20:20:00+00:00  0.67962  0.67962  0.0  0.0  0.00011  0.331641  0.67962       0
112  AUD_USD 2023-12-21 20:21:00+00:00  0.67958  0.67961  0.0  0.0  0.00012  0.346828  0.67958       0
2023-12-21 21:23:06 CandleManager() new candle:last_candle:23-12-21 20:22 is_ready:True
2023-12-21 21:23:07 tech_manager: max_rows:113.0 candle_time:2023-12-21 20:22:00+00:00 granularity:M1
2023-12-21 21:23:07 process_candles:
        PAIR                      time    mid_c    mid_o   SL   TP   SPREAD      GAIN     LOSS  SIGNAL
107  AUD_USD 2023-12-21 20:18:00+00:00  0.67957  0.67952  0.0  0.0  0.00012  0.325565  0.67957       0
108  AUD_USD 2023-12-21 20:19:00+00:00  0.67958  0.67954  0.0  0.0  0.00011  0.358041  0.67958       0
109  AUD_USD 2023-12-21 20:20:00+00:00  0.67962  0.67962  0.0  0.0  0.00011  0.331641  0.67962       0
110  AUD_USD 2023-12-21 20:21:00+00:00  0.67958  0.67961  0.0  0.0  0.00012  0.346828  0.67958       0
111  AUD_USD 2023-12-21 20:22:00+00:00  0.67957  0.67954  0.0  0.0  0.00012  0.327696  0.67957       0
2023-12-21 21:24:19 CandleManager() new candle:last_candle:23-12-21 20:23 is_ready:True
2023-12-21 21:24:25 tech_manager: max_rows:113.0 candle_time:2023-12-21 20:23:00+00:00 granularity:M1
2023-12-21 21:24:25 process_candles:
        PAIR                      time    mid_c    mid_o   SL   TP   SPREAD      GAIN     LOSS  SIGNAL
107  AUD_USD 2023-12-21 20:19:00+00:00  0.67958  0.67954  0.0  0.0  0.00011  0.358041  0.67958       0
108  AUD_USD 2023-12-21 20:20:00+00:00  0.67962  0.67962  0.0  0.0  0.00011  0.331641  0.67962       0
109  AUD_USD 2023-12-21 20:21:00+00:00  0.67958  0.67961  0.0  0.0  0.00012  0.346828  0.67958       0
110  AUD_USD 2023-12-21 20:22:00+00:00  0.67957  0.67954  0.0  0.0  0.00012  0.327696  0.67957       0
111  AUD_USD 2023-12-21 20:23:00+00:00  0.67952  0.67958  0.0  0.0  0.00012  0.344389  0.67952       0
2023-12-21 21:25:04 CandleManager() new candle:last_candle:23-12-21 20:24 is_ready:True
2023-12-21 21:25:04 tech_manager: max_rows:113.0 candle_time:2023-12-21 20:24:00+00:00 granularity:M1
2023-12-21 21:25:04 process_candles:
        PAIR                      time    mid_c    mid_o   SL   TP   SPREAD      GAIN     LOSS  SIGNAL
107  AUD_USD 2023-12-21 20:20:00+00:00  0.67962  0.67962  0.0  0.0  0.00011  0.331641  0.67962       0
108  AUD_USD 2023-12-21 20:21:00+00:00  0.67958  0.67961  0.0  0.0  0.00012  0.346828  0.67958       0
109  AUD_USD 2023-12-21 20:22:00+00:00  0.67957  0.67954  0.0  0.0  0.00012  0.327696  0.67957       0
110  AUD_USD 2023-12-21 20:23:00+00:00  0.67952  0.67958  0.0  0.0  0.00012  0.344389  0.67952       0
111  AUD_USD 2023-12-21 20:24:00+00:00  0.67954  0.67950  0.0  0.0  0.00013  0.312537  0.67954       0
2023-12-21 21:26:22 CandleManager() new candle:last_candle:23-12-21 20:25 is_ready:True
2023-12-21 21:26:23 tech_manager: max_rows:113.0 candle_time:2023-12-21 20:25:00+00:00 granularity:M1
2023-12-21 21:26:23 process_candles:
        PAIR                      time    mid_c    mid_o   SL   TP   SPREAD      GAIN     LOSS  SIGNAL
107  AUD_USD 2023-12-21 20:21:00+00:00  0.67958  0.67961  0.0  0.0  0.00012  0.346828  0.67958       0
108  AUD_USD 2023-12-21 20:22:00+00:00  0.67957  0.67954  0.0  0.0  0.00012  0.327696  0.67957       0
109  AUD_USD 2023-12-21 20:23:00+00:00  0.67952  0.67958  0.0  0.0  0.00012  0.344389  0.67952       0
110  AUD_USD 2023-12-21 20:24:00+00:00  0.67954  0.67950  0.0  0.0  0.00013  0.312537  0.67954       0
111  AUD_USD 2023-12-21 20:25:00+00:00  0.67958  0.67957  0.0  0.0  0.00011  0.238366  0.67958       0
2023-12-21 21:27:22 CandleManager() new candle:last_candle:23-12-21 20:26 is_ready:True
2023-12-21 21:27:24 tech_manager: max_rows:113.0 candle_time:2023-12-21 20:26:00+00:00 granularity:M1
2023-12-21 21:27:24 process_candles:
        PAIR                      time    mid_c    mid_o        SL        TP   SPREAD      GAIN      LOSS  SIGNAL
107  AUD_USD 2023-12-21 20:22:00+00:00  0.67957  0.67954  0.000000  0.000000  0.00012  0.327696  0.679570       0
108  AUD_USD 2023-12-21 20:23:00+00:00  0.67952  0.67958  0.000000  0.000000  0.00012  0.344389  0.679520       0
109  AUD_USD 2023-12-21 20:24:00+00:00  0.67954  0.67950  0.000000  0.000000  0.00013  0.312537  0.679540       0
110  AUD_USD 2023-12-21 20:25:00+00:00  0.67958  0.67957  0.000000  0.000000  0.00011  0.238366  0.679580       0
111  AUD_USD 2023-12-21 20:26:00+00:00  0.67966  0.67957  0.785623  0.467735  0.00014  0.211925  0.105963      -1
2023-12-21 21:27:24 Place Trade: TradeDecision(pair=AUD_USD, direction=-1, gain=0.2119, sl=0.7856, tp=0.4677)
2023-12-21 21:27:24 get_trade_units() price ApiPrice() AUD_USD 0.67969 0.67954 0.909087 0.909087
2023-12-21 21:27:24 0.0001 1059.627046108108 0.009437282708787855 103.8
2023-12-21 21:27:24 Error placing TradeDecision(pair=AUD_USD, direction=-1, gain=0.2119, sl=0.7856, tp=0.4677): 'Instrument' object has no attribute 'displayPrecision'
2023-12-21 21:28:03 CandleManager() new candle:last_candle:23-12-21 20:27 is_ready:True
2023-12-21 21:28:04 tech_manager: max_rows:113.0 candle_time:2023-12-21 20:27:00+00:00 granularity:M1
2023-12-21 21:28:04 process_candles:
        PAIR                      time    mid_c    mid_o        SL        TP   SPREAD      GAIN      LOSS  SIGNAL
107  AUD_USD 2023-12-21 20:23:00+00:00  0.67952  0.67958  0.000000  0.000000  0.00012  0.344389  0.679520       0
108  AUD_USD 2023-12-21 20:24:00+00:00  0.67954  0.67950  0.000000  0.000000  0.00013  0.312537  0.679540       0
109  AUD_USD 2023-12-21 20:25:00+00:00  0.67958  0.67957  0.000000  0.000000  0.00011  0.238366  0.679580       0
110  AUD_USD 2023-12-21 20:26:00+00:00  0.67966  0.67957  0.785623  0.467735  0.00014  0.211925  0.105963      -1
111  AUD_USD 2023-12-21 20:27:00+00:00  0.67973  0.67966  0.774483  0.490223  0.00014  0.189507  0.094753      -1
2023-12-21 21:28:04 Place Trade: TradeDecision(pair=AUD_USD, direction=-1, gain=0.1895, sl=0.7745, tp=0.4902)
2023-12-21 21:28:04 get_trade_units() price ApiPrice() AUD_USD 0.67982 0.67969 0.908955 0.908955
2023-12-21 21:28:04 0.0001 947.5330091061672 0.01055372203806732 116.1
2023-12-21 21:28:04 Error placing TradeDecision(pair=AUD_USD, direction=-1, gain=0.1895, sl=0.7745, tp=0.4902): 'Instrument' object has no attribute 'displayPrecision'
2023-12-21 21:29:20 CandleManager() new candle:last_candle:23-12-21 20:28 is_ready:True
2023-12-21 21:29:26 tech_manager: max_rows:113.0 candle_time:2023-12-21 20:28:00+00:00 granularity:M1
2023-12-21 21:29:26 process_candles:
        PAIR                      time    mid_c    mid_o        SL        TP   SPREAD      GAIN      LOSS  SIGNAL
107  AUD_USD 2023-12-21 20:24:00+00:00  0.67954  0.67950  0.000000  0.000000  0.00013  0.312537  0.679540       0
108  AUD_USD 2023-12-21 20:25:00+00:00  0.67958  0.67957  0.000000  0.000000  0.00011  0.238366  0.679580       0
109  AUD_USD 2023-12-21 20:26:00+00:00  0.67966  0.67957  0.785623  0.467735  0.00014  0.211925  0.105963      -1
110  AUD_USD 2023-12-21 20:27:00+00:00  0.67973  0.67966  0.774483  0.490223  0.00014  0.189507  0.094753      -1
111  AUD_USD 2023-12-21 20:28:00+00:00  0.67984  0.67975  0.772634  0.494251  0.00013  0.185589  0.092794      -1
2023-12-21 21:29:26 Place Trade: TradeDecision(pair=AUD_USD, direction=-1, gain=0.1856, sl=0.7726, tp=0.4943)
2023-12-21 21:29:26 get_trade_units() price ApiPrice() AUD_USD 0.67989 0.67977 0.909004 0.909004
2023-12-21 21:29:26 0.0001 927.9449138645879 0.010776501762753634 118.6
2023-12-21 21:29:26 Error placing TradeDecision(pair=AUD_USD, direction=-1, gain=0.1856, sl=0.7726, tp=0.4943): 'Instrument' object has no attribute 'displayPrecision'
2023-12-21 21:30:01 CandleManager() new candle:last_candle:23-12-21 20:29 is_ready:True
2023-12-21 21:30:06 tech_manager: max_rows:113.0 candle_time:2023-12-21 20:29:00+00:00 granularity:M1
2023-12-21 21:30:06 process_candles:
        PAIR                      time    mid_c    mid_o        SL        TP   SPREAD      GAIN      LOSS  SIGNAL
107  AUD_USD 2023-12-21 20:25:00+00:00  0.67958  0.67957  0.000000  0.000000  0.00011  0.238366  0.679580       0
108  AUD_USD 2023-12-21 20:26:00+00:00  0.67966  0.67957  0.785623  0.467735  0.00014  0.211925  0.105963      -1
109  AUD_USD 2023-12-21 20:27:00+00:00  0.67973  0.67966  0.774483  0.490223  0.00014  0.189507  0.094753      -1
110  AUD_USD 2023-12-21 20:28:00+00:00  0.67984  0.67975  0.772634  0.494251  0.00013  0.185589  0.092794      -1
111  AUD_USD 2023-12-21 20:29:00+00:00  0.67992  0.67984  0.761354  0.517053  0.00013  0.162867  0.081434      -1
2023-12-21 21:30:06 Place Trade: TradeDecision(pair=AUD_USD, direction=-1, gain=0.1629, sl=0.7614, tp=0.5171)
2023-12-21 21:30:06 get_trade_units() price ApiPrice() AUD_USD 0.67995 0.67983 0.908971 0.908971
2023-12-21 21:30:06 0.0001 814.3356935160095 0.012279948035709433 135.1
2023-12-21 21:30:06 Error placing TradeDecision(pair=AUD_USD, direction=-1, gain=0.1629, sl=0.7614, tp=0.5171): 'Instrument' object has no attribute 'displayPrecision'
2023-12-21 21:31:17 CandleManager() new candle:last_candle:23-12-21 20:30 is_ready:True
2023-12-21 21:31:18 tech_manager: max_rows:113.0 candle_time:2023-12-21 20:30:00+00:00 granularity:M1
2023-12-21 21:31:18 process_candles:
        PAIR                      time    mid_c    mid_o        SL        TP   SPREAD      GAIN      LOSS  SIGNAL
107  AUD_USD 2023-12-21 20:26:00+00:00  0.67966  0.67957  0.785623  0.467735  0.00014  0.211925  0.105963      -1
108  AUD_USD 2023-12-21 20:27:00+00:00  0.67973  0.67966  0.774483  0.490223  0.00014  0.189507  0.094753      -1
109  AUD_USD 2023-12-21 20:28:00+00:00  0.67984  0.67975  0.772634  0.494251  0.00013  0.185589  0.092794      -1
110  AUD_USD 2023-12-21 20:29:00+00:00  0.67992  0.67984  0.761354  0.517053  0.00013  0.162867  0.081434      -1
111  AUD_USD 2023-12-21 20:30:00+00:00  0.67987  0.67994  0.000000  0.000000  0.00014  0.220065  0.679870       0
2023-12-21 21:32:13 CandleManager() new candle:last_candle:23-12-21 20:31 is_ready:True
2023-12-21 21:32:18 tech_manager: max_rows:113.0 candle_time:2023-12-21 20:31:00+00:00 granularity:M1
2023-12-21 21:32:18 process_candles:
        PAIR                      time    mid_c    mid_o        SL        TP   SPREAD      GAIN      LOSS  SIGNAL
107  AUD_USD 2023-12-21 20:27:00+00:00  0.67973  0.67966  0.774483  0.490223  0.00014  0.189507  0.094753      -1
108  AUD_USD 2023-12-21 20:28:00+00:00  0.67984  0.67975  0.772634  0.494251  0.00013  0.185589  0.092794      -1
109  AUD_USD 2023-12-21 20:29:00+00:00  0.67992  0.67984  0.761354  0.517053  0.00013  0.162867  0.081434      -1
110  AUD_USD 2023-12-21 20:30:00+00:00  0.67987  0.67994  0.000000  0.000000  0.00014  0.220065  0.679870       0
111  AUD_USD 2023-12-21 20:31:00+00:00  0.67987  0.67988  0.000000  0.000000  0.00012  0.197585  0.679870       0
