2023-12-21 21:32:55 LogWrapper init() ./logs/AUD_JPY.log
2023-12-21 21:32:55 {'bollinger_bands_settings': {'n_ma': 12.0, 'n_std': 2.5, 'maxspread': 0.04, 'mingain': 0.06, 'riskreward': 2.0}, 'ichimoku_cloud_settings': {'n1': 9.0, 'n2': 26.0, 'n3': 52.0}, 'cmf_settings': {'n_cmf': 20.0}}
2023-12-21 21:33:05 CandleManager() init last_candle:last_candle:23-12-21 20:32 is_ready:False
2023-12-21 21:34:05 CandleManager() new candle:last_candle:23-12-21 20:33 is_ready:True
2023-12-21 21:34:07 tech_manager: max_rows:113.0 candle_time:2023-12-21 20:33:00+00:00 granularity:M1
2023-12-21 21:34:07 process_candles:
        PAIR                      time   mid_c   mid_o          SL         TP  SPREAD       GAIN       LOSS  SIGNAL
107  AUD_JPY 2023-12-21 20:29:00+00:00  96.700  96.690  120.870966  48.358069   0.021  48.341931  24.170966      -1
108  AUD_JPY 2023-12-21 20:30:00+00:00  96.692  96.700    0.000000   0.000000   0.020  48.346749  96.692000       0
109  AUD_JPY 2023-12-21 20:31:00+00:00  96.692  96.692    0.000000   0.000000   0.021  48.349584  96.692000       0
110  AUD_JPY 2023-12-21 20:32:00+00:00  96.715  96.691    0.000000   0.000000   0.020  48.379610  96.715000       0
111  AUD_JPY 2023-12-21 20:33:00+00:00  96.712  96.715    0.000000   0.000000   0.021  48.357065  96.712000       0
2023-12-21 21:35:07 CandleManager() new candle:last_candle:23-12-21 20:34 is_ready:True
2023-12-21 21:35:09 tech_manager: max_rows:113.0 candle_time:2023-12-21 20:34:00+00:00 granularity:M1
2023-12-21 21:35:09 process_candles:
        PAIR                      time   mid_c   mid_o   SL   TP  SPREAD       GAIN    LOSS  SIGNAL
107  AUD_JPY 2023-12-21 20:30:00+00:00  96.692  96.700  0.0  0.0   0.020  48.346749  96.692       0
108  AUD_JPY 2023-12-21 20:31:00+00:00  96.692  96.692  0.0  0.0   0.021  48.349584  96.692       0
109  AUD_JPY 2023-12-21 20:32:00+00:00  96.715  96.691  0.0  0.0   0.020  48.379610  96.715       0
110  AUD_JPY 2023-12-21 20:33:00+00:00  96.712  96.715  0.0  0.0   0.021  48.357065  96.712       0
111  AUD_JPY 2023-12-21 20:34:00+00:00  96.700  96.710  0.0  0.0   0.021  48.384827  96.700       0
2023-12-21 21:36:09 CandleManager() new candle:last_candle:23-12-21 20:35 is_ready:True
2023-12-21 21:36:11 tech_manager: max_rows:113.0 candle_time:2023-12-21 20:35:00+00:00 granularity:M1
2023-12-21 21:36:11 process_candles:
        PAIR                      time   mid_c   mid_o   SL   TP  SPREAD       GAIN    LOSS  SIGNAL
107  AUD_JPY 2023-12-21 20:31:00+00:00  96.692  96.692  0.0  0.0   0.021  48.349584  96.692       0
108  AUD_JPY 2023-12-21 20:32:00+00:00  96.715  96.691  0.0  0.0   0.020  48.379610  96.715       0
109  AUD_JPY 2023-12-21 20:33:00+00:00  96.712  96.715  0.0  0.0   0.021  48.357065  96.712       0
110  AUD_JPY 2023-12-21 20:34:00+00:00  96.700  96.710  0.0  0.0   0.021  48.384827  96.700       0
111  AUD_JPY 2023-12-21 20:35:00+00:00  96.701  96.700  0.0  0.0   0.020  48.358114  96.701       0
2023-12-21 21:37:11 CandleManager() new candle:last_candle:23-12-21 20:36 is_ready:True
2023-12-21 21:37:13 tech_manager: max_rows:113.0 candle_time:2023-12-21 20:36:00+00:00 granularity:M1
2023-12-21 21:37:13 process_candles:
        PAIR                      time   mid_c   mid_o   SL   TP  SPREAD       GAIN    LOSS  SIGNAL
107  AUD_JPY 2023-12-21 20:32:00+00:00  96.715  96.691  0.0  0.0   0.020  48.379610  96.715       0
108  AUD_JPY 2023-12-21 20:33:00+00:00  96.712  96.715  0.0  0.0   0.021  48.357065  96.712       0
109  AUD_JPY 2023-12-21 20:34:00+00:00  96.700  96.710  0.0  0.0   0.021  48.384827  96.700       0
110  AUD_JPY 2023-12-21 20:35:00+00:00  96.701  96.700  0.0  0.0   0.020  48.358114  96.701       0
111  AUD_JPY 2023-12-21 20:36:00+00:00  96.700  96.700  0.0  0.0   0.021  48.378023  96.700       0
2023-12-21 21:38:13 CandleManager() new candle:last_candle:23-12-21 20:37 is_ready:True
2023-12-21 21:38:15 tech_manager: max_rows:113.0 candle_time:2023-12-21 20:37:00+00:00 granularity:M1
2023-12-21 21:38:15 process_candles:
        PAIR                      time   mid_c   mid_o   SL   TP  SPREAD       GAIN    LOSS  SIGNAL
107  AUD_JPY 2023-12-21 20:33:00+00:00  96.712  96.715  0.0  0.0   0.021  48.357065  96.712       0
108  AUD_JPY 2023-12-21 20:34:00+00:00  96.700  96.710  0.0  0.0   0.021  48.384827  96.700       0
109  AUD_JPY 2023-12-21 20:35:00+00:00  96.701  96.700  0.0  0.0   0.020  48.358114  96.701       0
110  AUD_JPY 2023-12-21 20:36:00+00:00  96.700  96.700  0.0  0.0   0.021  48.378023  96.700       0
111  AUD_JPY 2023-12-21 20:37:00+00:00  96.712  96.701  0.0  0.0   0.021  48.398032  96.712       0
2023-12-21 21:39:15 CandleManager() new candle:last_candle:23-12-21 20:38 is_ready:True
2023-12-21 21:39:17 tech_manager: max_rows:113.0 candle_time:2023-12-21 20:38:00+00:00 granularity:M1
2023-12-21 21:39:17 process_candles:
        PAIR                      time   mid_c   mid_o   SL   TP  SPREAD       GAIN    LOSS  SIGNAL
107  AUD_JPY 2023-12-21 20:34:00+00:00  96.700  96.710  0.0  0.0   0.021  48.384827  96.700       0
108  AUD_JPY 2023-12-21 20:35:00+00:00  96.701  96.700  0.0  0.0   0.020  48.358114  96.701       0
109  AUD_JPY 2023-12-21 20:36:00+00:00  96.700  96.700  0.0  0.0   0.021  48.378023  96.700       0
110  AUD_JPY 2023-12-21 20:37:00+00:00  96.712  96.701  0.0  0.0   0.021  48.398032  96.712       0
111  AUD_JPY 2023-12-21 20:38:00+00:00  96.706  96.712  0.0  0.0   0.022  48.391198  96.706       0
2023-12-21 21:40:15 CandleManager() new candle:last_candle:23-12-21 20:39 is_ready:True
2023-12-21 21:40:17 tech_manager: max_rows:113.0 candle_time:2023-12-21 20:39:00+00:00 granularity:M1
2023-12-21 21:40:17 process_candles:
        PAIR                      time   mid_c   mid_o   SL   TP  SPREAD       GAIN    LOSS  SIGNAL
107  AUD_JPY 2023-12-21 20:35:00+00:00  96.701  96.700  0.0  0.0   0.020  48.358114  96.701       0
108  AUD_JPY 2023-12-21 20:36:00+00:00  96.700  96.700  0.0  0.0   0.021  48.378023  96.700       0
109  AUD_JPY 2023-12-21 20:37:00+00:00  96.712  96.701  0.0  0.0   0.021  48.398032  96.712       0
110  AUD_JPY 2023-12-21 20:38:00+00:00  96.706  96.712  0.0  0.0   0.022  48.391198  96.706       0
111  AUD_JPY 2023-12-21 20:39:00+00:00  96.712  96.703  0.0  0.0   0.021  48.365288  96.712       0
2023-12-21 21:41:15 CandleManager() new candle:last_candle:23-12-21 20:40 is_ready:True
2023-12-21 21:41:16 tech_manager: max_rows:113.0 candle_time:2023-12-21 20:40:00+00:00 granularity:M1
2023-12-21 21:41:17 process_candles:
        PAIR                      time   mid_c   mid_o   SL   TP  SPREAD       GAIN    LOSS  SIGNAL
107  AUD_JPY 2023-12-21 20:36:00+00:00  96.700  96.700  0.0  0.0   0.021  48.378023  96.700       0
108  AUD_JPY 2023-12-21 20:37:00+00:00  96.712  96.701  0.0  0.0   0.021  48.398032  96.712       0
109  AUD_JPY 2023-12-21 20:38:00+00:00  96.706  96.712  0.0  0.0   0.022  48.391198  96.706       0
110  AUD_JPY 2023-12-21 20:39:00+00:00  96.712  96.703  0.0  0.0   0.021  48.365288  96.712       0
111  AUD_JPY 2023-12-21 20:40:00+00:00  96.712  96.712  0.0  0.0   0.023  48.361291  96.712       0
2023-12-21 21:42:12 CandleManager() new candle:last_candle:23-12-21 20:41 is_ready:True
2023-12-21 21:42:15 tech_manager: max_rows:113.0 candle_time:2023-12-21 20:41:00+00:00 granularity:M1
2023-12-21 21:42:15 process_candles:
        PAIR                      time   mid_c   mid_o   SL   TP  SPREAD       GAIN    LOSS  SIGNAL
107  AUD_JPY 2023-12-21 20:37:00+00:00  96.712  96.701  0.0  0.0   0.021  48.398032  96.712       0
108  AUD_JPY 2023-12-21 20:38:00+00:00  96.706  96.712  0.0  0.0   0.022  48.391198  96.706       0
109  AUD_JPY 2023-12-21 20:39:00+00:00  96.712  96.703  0.0  0.0   0.021  48.365288  96.712       0
110  AUD_JPY 2023-12-21 20:40:00+00:00  96.712  96.712  0.0  0.0   0.023  48.361291  96.712       0
111  AUD_JPY 2023-12-21 20:41:00+00:00  96.708  96.711  0.0  0.0   0.022  48.337219  96.708       0
2023-12-21 21:43:09 CandleManager() new candle:last_candle:23-12-21 20:42 is_ready:True
2023-12-21 21:43:10 tech_manager: max_rows:113.0 candle_time:2023-12-21 20:42:00+00:00 granularity:M1
2023-12-21 21:43:11 process_candles:
        PAIR                      time   mid_c   mid_o   SL   TP  SPREAD       GAIN    LOSS  SIGNAL
107  AUD_JPY 2023-12-21 20:38:00+00:00  96.706  96.712  0.0  0.0   0.022  48.391198  96.706       0
108  AUD_JPY 2023-12-21 20:39:00+00:00  96.712  96.703  0.0  0.0   0.021  48.365288  96.712       0
109  AUD_JPY 2023-12-21 20:40:00+00:00  96.712  96.712  0.0  0.0   0.023  48.361291  96.712       0
110  AUD_JPY 2023-12-21 20:41:00+00:00  96.708  96.711  0.0  0.0   0.022  48.337219  96.708       0
111  AUD_JPY 2023-12-21 20:42:00+00:00  96.720  96.708  0.0  0.0   0.022  48.318227  96.720       0
2023-12-21 21:44:11 CandleManager() new candle:last_candle:23-12-21 20:43 is_ready:True
2023-12-21 21:44:13 tech_manager: max_rows:113.0 candle_time:2023-12-21 20:43:00+00:00 granularity:M1
2023-12-21 21:44:13 process_candles:
        PAIR                      time   mid_c   mid_o   SL   TP  SPREAD       GAIN    LOSS  SIGNAL
107  AUD_JPY 2023-12-21 20:39:00+00:00  96.712  96.703  0.0  0.0   0.021  48.365288  96.712       0
108  AUD_JPY 2023-12-21 20:40:00+00:00  96.712  96.712  0.0  0.0   0.023  48.361291  96.712       0
109  AUD_JPY 2023-12-21 20:41:00+00:00  96.708  96.711  0.0  0.0   0.022  48.337219  96.708       0
110  AUD_JPY 2023-12-21 20:42:00+00:00  96.720  96.708  0.0  0.0   0.022  48.318227  96.720       0
111  AUD_JPY 2023-12-21 20:43:00+00:00  96.722  96.722  0.0  0.0   0.017  48.345872  96.722       0
2023-12-21 21:45:13 CandleManager() new candle:last_candle:23-12-21 20:44 is_ready:True
2023-12-21 21:45:15 tech_manager: max_rows:113.0 candle_time:2023-12-21 20:44:00+00:00 granularity:M1
2023-12-21 21:45:15 process_candles:
        PAIR                      time   mid_c   mid_o   SL   TP  SPREAD       GAIN    LOSS  SIGNAL
107  AUD_JPY 2023-12-21 20:40:00+00:00  96.712  96.712  0.0  0.0   0.023  48.361291  96.712       0
108  AUD_JPY 2023-12-21 20:41:00+00:00  96.708  96.711  0.0  0.0   0.022  48.337219  96.708       0
109  AUD_JPY 2023-12-21 20:42:00+00:00  96.720  96.708  0.0  0.0   0.022  48.318227  96.720       0
110  AUD_JPY 2023-12-21 20:43:00+00:00  96.722  96.722  0.0  0.0   0.017  48.345872  96.722       0
111  AUD_JPY 2023-12-21 20:44:00+00:00  96.708  96.720  0.0  0.0   0.023  48.361520  96.708       0
2023-12-21 21:46:15 CandleManager() new candle:last_candle:23-12-21 20:45 is_ready:True
2023-12-21 21:46:16 tech_manager: max_rows:113.0 candle_time:2023-12-21 20:45:00+00:00 granularity:M1
2023-12-21 21:46:17 process_candles:
        PAIR                      time   mid_c   mid_o   SL   TP  SPREAD       GAIN    LOSS  SIGNAL
107  AUD_JPY 2023-12-21 20:41:00+00:00  96.708  96.711  0.0  0.0   0.022  48.337219  96.708       0
108  AUD_JPY 2023-12-21 20:42:00+00:00  96.720  96.708  0.0  0.0   0.022  48.318227  96.720       0
109  AUD_JPY 2023-12-21 20:43:00+00:00  96.722  96.722  0.0  0.0   0.017  48.345872  96.722       0
110  AUD_JPY 2023-12-21 20:44:00+00:00  96.708  96.720  0.0  0.0   0.023  48.361520  96.708       0
111  AUD_JPY 2023-12-21 20:45:00+00:00  96.712  96.708  0.0  0.0   0.020  48.327752  96.712       0
