2023-12-21 21:32:55 LogWrapper init() ./logs/EUR_GBP.log
2023-12-21 21:32:55 {'bollinger_bands_settings': {'n_ma': 12.0, 'n_std': 2.5, 'maxspread': 0.0003, 'mingain': 0.0005, 'riskreward': 2.0}, 'ichimoku_cloud_settings': {'n1': 9.0, 'n2': 26.0, 'n3': 52.0}, 'cmf_settings': {'n_cmf': 20.0}}
2023-12-21 21:33:05 CandleManager() init last_candle:last_candle:23-12-21 20:32 is_ready:False
2023-12-21 21:34:04 CandleManager() new candle:last_candle:23-12-21 20:33 is_ready:True
2023-12-21 21:34:06 tech_manager: max_rows:113.0 candle_time:2023-12-21 20:33:00+00:00 granularity:M1
2023-12-21 21:34:06 process_candles:
        PAIR                      time    mid_c    mid_o   SL   TP   SPREAD      GAIN     LOSS  SIGNAL
107  EUR_GBP 2023-12-21 20:29:00+00:00  0.86709  0.86710  0.0  0.0  0.00014  0.376854  0.86709       0
108  EUR_GBP 2023-12-21 20:30:00+00:00  0.86708  0.86709  0.0  0.0  0.00015  0.375989  0.86708       0
109  EUR_GBP 2023-12-21 20:31:00+00:00  0.86712  0.86710  0.0  0.0  0.00015  0.350319  0.86712       0
110  EUR_GBP 2023-12-21 20:32:00+00:00  0.86712  0.86713  0.0  0.0  0.00015  0.357523  0.86712       0
111  EUR_GBP 2023-12-21 20:33:00+00:00  0.86710  0.86713  0.0  0.0  0.00016  0.390089  0.86710       0
2023-12-21 21:35:02 CandleManager() new candle:last_candle:23-12-21 20:34 is_ready:True
2023-12-21 21:35:08 tech_manager: max_rows:113.0 candle_time:2023-12-21 20:34:00+00:00 granularity:M1
2023-12-21 21:35:08 process_candles:
        PAIR                      time    mid_c    mid_o   SL   TP   SPREAD      GAIN     LOSS  SIGNAL
107  EUR_GBP 2023-12-21 20:30:00+00:00  0.86708  0.86709  0.0  0.0  0.00015  0.375989  0.86708       0
108  EUR_GBP 2023-12-21 20:31:00+00:00  0.86712  0.86710  0.0  0.0  0.00015  0.350319  0.86712       0
109  EUR_GBP 2023-12-21 20:32:00+00:00  0.86712  0.86713  0.0  0.0  0.00015  0.357523  0.86712       0
110  EUR_GBP 2023-12-21 20:33:00+00:00  0.86710  0.86713  0.0  0.0  0.00016  0.390089  0.86710       0
111  EUR_GBP 2023-12-21 20:34:00+00:00  0.86709  0.86710  0.0  0.0  0.00014  0.400461  0.86709       0
