2023-12-22 00:44:28 LogWrapper init() ./logs/EUR_USD.log
2023-12-22 00:44:28 TradeSettings(pair=EUR_USD, bollinger_bands={'n_ma': 12, 'n_std': 2.5, 'maxspread': 0.0003, 'mingain': 0.0005, 'riskreward': 2.0}, ichimoku_cloud={'n1': 9, 'n2': 26, 'n3': 52}, cmf={'n_cmf': 20}, atr_settings={'n_atr': 14, 'tp_multiplier': 2.0, 'sl_multiplier': 1.0})
2023-12-22 00:44:37 CandleManager() init last_candle:last_candle:23-12-21 23:43 is_ready:False
2023-12-22 00:45:08 CandleManager() new candle:last_candle:23-12-21 23:44 is_ready:True
2023-12-22 00:45:13 tech_manager: max_rows:113 candle_time:2023-12-21 23:44:00+00:00 granularity:M1
2023-12-22 00:45:14 process_candles:
        PAIR                      time    mid_c    mid_o   SL   TP   SPREAD      GAIN     LOSS  SIGNAL
107  EUR_USD 2023-12-21 23:40:00+00:00  1.10108  1.10112  0.0  0.0  0.00014  0.547683  1.10108       0
108  EUR_USD 2023-12-21 23:41:00+00:00  1.10114  1.10107  0.0  0.0  0.00015  0.518347  1.10114       0
109  EUR_USD 2023-12-21 23:42:00+00:00  1.10116  1.10114  0.0  0.0  0.00015  0.505307  1.10116       0
110  EUR_USD 2023-12-21 23:43:00+00:00  1.10116  1.10115  0.0  0.0  0.00015  0.498516  1.10116       0
111  EUR_USD 2023-12-21 23:44:00+00:00  1.10124  1.10114  0.0  0.0  0.00014  0.488514  1.10124       0
2023-12-22 00:46:06 CandleManager() new candle:last_candle:23-12-21 23:45 is_ready:True
2023-12-22 00:46:11 tech_manager: max_rows:113 candle_time:2023-12-21 23:45:00+00:00 granularity:M1
2023-12-22 00:46:11 process_candles:
        PAIR                      time    mid_c    mid_o   SL   TP   SPREAD      GAIN     LOSS  SIGNAL
107  EUR_USD 2023-12-21 23:41:00+00:00  1.10114  1.10107  0.0  0.0  0.00015  0.518347  1.10114       0
108  EUR_USD 2023-12-21 23:42:00+00:00  1.10116  1.10114  0.0  0.0  0.00015  0.505307  1.10116       0
109  EUR_USD 2023-12-21 23:43:00+00:00  1.10116  1.10115  0.0  0.0  0.00015  0.498516  1.10116       0
110  EUR_USD 2023-12-21 23:44:00+00:00  1.10124  1.10114  0.0  0.0  0.00014  0.488514  1.10124       0
111  EUR_USD 2023-12-21 23:45:00+00:00  1.10118  1.10124  0.0  0.0  0.00015  0.548476  1.10118       0
2023-12-22 00:47:11 CandleManager() new candle:last_candle:23-12-21 23:46 is_ready:True
2023-12-22 00:47:15 tech_manager: max_rows:113 candle_time:2023-12-21 23:46:00+00:00 granularity:M1
2023-12-22 00:47:19 process_candles:
        PAIR                      time    mid_c    mid_o   SL   TP   SPREAD      GAIN     LOSS  SIGNAL
107  EUR_USD 2023-12-21 23:42:00+00:00  1.10116  1.10114  0.0  0.0  0.00015  0.505307  1.10116       0
108  EUR_USD 2023-12-21 23:43:00+00:00  1.10116  1.10115  0.0  0.0  0.00015  0.498516  1.10116       0
109  EUR_USD 2023-12-21 23:44:00+00:00  1.10124  1.10114  0.0  0.0  0.00014  0.488514  1.10124       0
110  EUR_USD 2023-12-21 23:45:00+00:00  1.10118  1.10124  0.0  0.0  0.00015  0.548476  1.10118       0
111  EUR_USD 2023-12-21 23:46:00+00:00  1.10113  1.10116  0.0  0.0  0.00016  0.614138  1.10113       0
2023-12-22 00:48:07 CandleManager() new candle:last_candle:23-12-21 23:47 is_ready:True
2023-12-22 00:48:08 tech_manager: max_rows:113 candle_time:2023-12-21 23:47:00+00:00 granularity:M1
2023-12-22 00:48:08 process_candles:
        PAIR                      time    mid_c    mid_o   SL   TP   SPREAD      GAIN     LOSS  SIGNAL
108  EUR_USD 2023-12-21 23:43:00+00:00  1.10116  1.10115  0.0  0.0  0.00015  0.498516  1.10116       0
109  EUR_USD 2023-12-21 23:44:00+00:00  1.10124  1.10114  0.0  0.0  0.00014  0.488514  1.10124       0
110  EUR_USD 2023-12-21 23:45:00+00:00  1.10118  1.10124  0.0  0.0  0.00015  0.548476  1.10118       0
111  EUR_USD 2023-12-21 23:46:00+00:00  1.10113  1.10116  0.0  0.0  0.00016  0.614138  1.10113       0
112  EUR_USD 2023-12-21 23:47:00+00:00  1.10101  1.10115  0.0  0.0  0.00016  0.652278  1.10101       0
2023-12-22 00:49:02 CandleManager() new candle:last_candle:23-12-21 23:48 is_ready:True
2023-12-22 00:49:03 tech_manager: max_rows:113 candle_time:2023-12-21 23:48:00+00:00 granularity:M1
2023-12-22 00:49:03 process_candles:
        PAIR                      time    mid_c    mid_o   SL   TP   SPREAD      GAIN     LOSS  SIGNAL
107  EUR_USD 2023-12-21 23:44:00+00:00  1.10124  1.10114  0.0  0.0  0.00014  0.488514  1.10124       0
108  EUR_USD 2023-12-21 23:45:00+00:00  1.10118  1.10124  0.0  0.0  0.00015  0.548476  1.10118       0
109  EUR_USD 2023-12-21 23:46:00+00:00  1.10113  1.10116  0.0  0.0  0.00016  0.614138  1.10113       0
110  EUR_USD 2023-12-21 23:47:00+00:00  1.10101  1.10115  0.0  0.0  0.00016  0.652278  1.10101       0
111  EUR_USD 2023-12-21 23:48:00+00:00  1.10081  1.10092  0.0  0.0  0.00018  0.663456  1.10081       0
2023-12-22 00:50:15 CandleManager() new candle:last_candle:23-12-21 23:49 is_ready:True
2023-12-22 00:50:20 tech_manager: max_rows:113 candle_time:2023-12-21 23:49:00+00:00 granularity:M1
2023-12-22 00:50:21 process_candles:
        PAIR                      time    mid_c    mid_o   SL   TP   SPREAD      GAIN     LOSS  SIGNAL
107  EUR_USD 2023-12-21 23:45:00+00:00  1.10118  1.10124  0.0  0.0  0.00015  0.548476  1.10118       0
108  EUR_USD 2023-12-21 23:46:00+00:00  1.10113  1.10116  0.0  0.0  0.00016  0.614138  1.10113       0
109  EUR_USD 2023-12-21 23:47:00+00:00  1.10101  1.10115  0.0  0.0  0.00016  0.652278  1.10101       0
110  EUR_USD 2023-12-21 23:48:00+00:00  1.10081  1.10092  0.0  0.0  0.00018  0.663456  1.10081       0
111  EUR_USD 2023-12-21 23:49:00+00:00  1.10065  1.10082  0.0  0.0  0.00016  0.701290  1.10065       0
2023-12-22 00:51:11 CandleManager() new candle:last_candle:23-12-21 23:50 is_ready:True
2023-12-22 00:51:12 tech_manager: max_rows:113 candle_time:2023-12-21 23:50:00+00:00 granularity:M1
2023-12-22 00:51:12 process_candles:
        PAIR                      time    mid_c    mid_o   SL   TP   SPREAD      GAIN     LOSS  SIGNAL
107  EUR_USD 2023-12-21 23:46:00+00:00  1.10113  1.10116  0.0  0.0  0.00016  0.614138  1.10113       0
108  EUR_USD 2023-12-21 23:47:00+00:00  1.10101  1.10115  0.0  0.0  0.00016  0.652278  1.10101       0
109  EUR_USD 2023-12-21 23:48:00+00:00  1.10081  1.10092  0.0  0.0  0.00018  0.663456  1.10081       0
110  EUR_USD 2023-12-21 23:49:00+00:00  1.10065  1.10082  0.0  0.0  0.00016  0.701290  1.10065       0
111  EUR_USD 2023-12-21 23:50:00+00:00  1.10074  1.10068  0.0  0.0  0.00016  0.679353  1.10074       0
2023-12-22 00:52:02 CandleManager() new candle:last_candle:23-12-21 23:51 is_ready:True
2023-12-22 00:52:06 tech_manager: max_rows:113 candle_time:2023-12-21 23:51:00+00:00 granularity:M1
2023-12-22 00:52:07 process_candles:
        PAIR                      time    mid_c    mid_o   SL   TP   SPREAD      GAIN     LOSS  SIGNAL
107  EUR_USD 2023-12-21 23:47:00+00:00  1.10101  1.10115  0.0  0.0  0.00016  0.652278  1.10101       0
108  EUR_USD 2023-12-21 23:48:00+00:00  1.10081  1.10092  0.0  0.0  0.00018  0.663456  1.10081       0
109  EUR_USD 2023-12-21 23:49:00+00:00  1.10065  1.10082  0.0  0.0  0.00016  0.701290  1.10065       0
110  EUR_USD 2023-12-21 23:50:00+00:00  1.10074  1.10068  0.0  0.0  0.00016  0.679353  1.10074       0
111  EUR_USD 2023-12-21 23:51:00+00:00  1.10082  1.10078  0.0  0.0  0.00017  0.667496  1.10082       0
