2023-12-21 21:32:55 LogWrapper init() ./logs/EUR_JPY.log
2023-12-21 21:32:55 {'bollinger_bands_settings': {'n_ma': 12.0, 'n_std': 2.5, 'maxspread': 0.04, 'mingain': 0.06, 'riskreward': 2.0}, 'ichimoku_cloud_settings': {'n1': 9.0, 'n2': 26.0, 'n3': 52.0}, 'cmf_settings': {'n_cmf': 20.0}}
2023-12-21 21:33:05 CandleManager() init last_candle:last_candle:23-12-21 20:32 is_ready:False
2023-12-21 21:34:05 CandleManager() new candle:last_candle:23-12-21 20:33 is_ready:True
2023-12-21 21:34:07 tech_manager: max_rows:113.0 candle_time:2023-12-21 20:33:00+00:00 granularity:M1
2023-12-21 21:34:07 process_candles:
        PAIR                      time    mid_c    mid_o   SL   TP  SPREAD       GAIN     LOSS  SIGNAL
107  EUR_JPY 2023-12-21 20:29:00+00:00  156.466  156.465  0.0  0.0   0.021  78.276978  156.466       0
108  EUR_JPY 2023-12-21 20:30:00+00:00  156.470  156.468  0.0  0.0   0.017  78.287121  156.470       0
109  EUR_JPY 2023-12-21 20:31:00+00:00  156.478  156.469  0.0  0.0   0.021  78.298650  156.478       0
110  EUR_JPY 2023-12-21 20:32:00+00:00  156.504  156.478  0.0  0.0   0.019  78.300526  156.504       0
111  EUR_JPY 2023-12-21 20:33:00+00:00  156.500  156.504  0.0  0.0   0.022  78.319579  156.500       0
2023-12-21 21:35:07 CandleManager() new candle:last_candle:23-12-21 20:34 is_ready:True
2023-12-21 21:35:09 tech_manager: max_rows:113.0 candle_time:2023-12-21 20:34:00+00:00 granularity:M1
2023-12-21 21:35:09 process_candles:
        PAIR                      time    mid_c    mid_o   SL   TP  SPREAD       GAIN     LOSS  SIGNAL
107  EUR_JPY 2023-12-21 20:30:00+00:00  156.470  156.468  0.0  0.0   0.017  78.287121  156.470       0
108  EUR_JPY 2023-12-21 20:31:00+00:00  156.478  156.469  0.0  0.0   0.021  78.298650  156.478       0
109  EUR_JPY 2023-12-21 20:32:00+00:00  156.504  156.478  0.0  0.0   0.019  78.300526  156.504       0
110  EUR_JPY 2023-12-21 20:33:00+00:00  156.500  156.504  0.0  0.0   0.022  78.319579  156.500       0
111  EUR_JPY 2023-12-21 20:34:00+00:00  156.476  156.500  0.0  0.0   0.021  78.305639  156.476       0
