2023-12-22 06:20:31 LogWrapper init() ./logs/EUR_CHF.log
2023-12-22 06:20:31 TradeSettings(pair=EUR_CHF, bollinger_bands={'n_ma': 12, 'n_std': 2.5, 'maxspread': 0.0003, 'mingain': 0.0005, 'riskreward': 2.0}, ichimoku_cloud={'n1': 9, 'n2': 26, 'n3': 52}, cmf={'n_cmf': 20}, atr_settings={'n_atr': 14, 'tp_multiplier': 2.0, 'sl_multiplier': 1.0})
2023-12-22 06:20:38 CandleManager() init last_candle:last_candle:23-12-22 05:19 is_ready:False
2023-12-22 06:21:20 CandleManager() new candle:last_candle:23-12-22 05:20 is_ready:True
2023-12-22 06:21:25 tech_manager: max_rows:113 candle_time:2023-12-22 05:20:00+00:00 granularity:M1
2023-12-22 06:21:25 process_candles:
        PAIR                      time    mid_c    mid_o  SL  TP   SPREAD      GAIN     LOSS  SIGNAL
107  EUR_CHF 2023-12-22 05:16:00+00:00  0.94274  0.94275   0   0  0.00014  0.343736  0.94274       0
108  EUR_CHF 2023-12-22 05:17:00+00:00  0.94276  0.94275   0   0  0.00017  0.327652  0.94276       0
109  EUR_CHF 2023-12-22 05:18:00+00:00  0.94272  0.94275   0   0  0.00019  0.343389  0.94272       0
110  EUR_CHF 2023-12-22 05:19:00+00:00  0.94272  0.94271   0   0  0.00017  0.349539  0.94272       0
111  EUR_CHF 2023-12-22 05:20:00+00:00  0.94270  0.94272   0   0  0.00015  0.360671  0.94270       0
2023-12-22 06:22:06 CandleManager() new candle:last_candle:23-12-22 05:21 is_ready:True
2023-12-22 06:22:11 tech_manager: max_rows:113 candle_time:2023-12-22 05:21:00+00:00 granularity:M1
2023-12-22 06:22:11 process_candles:
        PAIR                      time    mid_c    mid_o  SL  TP   SPREAD      GAIN     LOSS  SIGNAL
107  EUR_CHF 2023-12-22 05:17:00+00:00  0.94276  0.94275   0   0  0.00017  0.327652  0.94276       0
108  EUR_CHF 2023-12-22 05:18:00+00:00  0.94272  0.94275   0   0  0.00019  0.343389  0.94272       0
109  EUR_CHF 2023-12-22 05:19:00+00:00  0.94272  0.94271   0   0  0.00017  0.349539  0.94272       0
110  EUR_CHF 2023-12-22 05:20:00+00:00  0.94270  0.94272   0   0  0.00015  0.360671  0.94270       0
111  EUR_CHF 2023-12-22 05:21:00+00:00  0.94277  0.94271   0   0  0.00018  0.368619  0.94277       0
2023-12-22 06:23:07 CandleManager() new candle:last_candle:23-12-22 05:22 is_ready:True
2023-12-22 06:23:12 tech_manager: max_rows:113 candle_time:2023-12-22 05:22:00+00:00 granularity:M1
2023-12-22 06:23:12 process_candles:
        PAIR                      time    mid_c    mid_o  SL  TP   SPREAD      GAIN     LOSS  SIGNAL
107  EUR_CHF 2023-12-22 05:18:00+00:00  0.94272  0.94275   0   0  0.00019  0.343389  0.94272       0
108  EUR_CHF 2023-12-22 05:19:00+00:00  0.94272  0.94271   0   0  0.00017  0.349539  0.94272       0
109  EUR_CHF 2023-12-22 05:20:00+00:00  0.94270  0.94272   0   0  0.00015  0.360671  0.94270       0
110  EUR_CHF 2023-12-22 05:21:00+00:00  0.94277  0.94271   0   0  0.00018  0.368619  0.94277       0
111  EUR_CHF 2023-12-22 05:22:00+00:00  0.94278  0.94276   0   0  0.00017  0.367589  0.94278       0
2023-12-22 06:24:09 CandleManager() new candle:last_candle:23-12-22 05:23 is_ready:True
2023-12-22 06:24:14 tech_manager: max_rows:113 candle_time:2023-12-22 05:23:00+00:00 granularity:M1
2023-12-22 06:24:15 process_candles:
        PAIR                      time    mid_c    mid_o  SL  TP   SPREAD      GAIN     LOSS  SIGNAL
108  EUR_CHF 2023-12-22 05:19:00+00:00  0.94272  0.94271   0   0  0.00017  0.349539  0.94272       0
109  EUR_CHF 2023-12-22 05:20:00+00:00  0.94270  0.94272   0   0  0.00015  0.360671  0.94270       0
110  EUR_CHF 2023-12-22 05:21:00+00:00  0.94277  0.94271   0   0  0.00018  0.368619  0.94277       0
111  EUR_CHF 2023-12-22 05:22:00+00:00  0.94278  0.94276   0   0  0.00017  0.367589  0.94278       0
112  EUR_CHF 2023-12-22 05:23:00+00:00  0.94280  0.94277   0   0  0.00018  0.329822  0.94280       0
2023-12-22 06:25:13 CandleManager() new candle:last_candle:23-12-22 05:24 is_ready:True
2023-12-22 06:25:18 tech_manager: max_rows:113 candle_time:2023-12-22 05:24:00+00:00 granularity:M1
2023-12-22 06:25:18 process_candles:
        PAIR                      time    mid_c    mid_o  SL  TP   SPREAD      GAIN     LOSS  SIGNAL
107  EUR_CHF 2023-12-22 05:20:00+00:00  0.94270  0.94272   0   0  0.00015  0.360671  0.94270       0
108  EUR_CHF 2023-12-22 05:21:00+00:00  0.94277  0.94271   0   0  0.00018  0.368619  0.94277       0
109  EUR_CHF 2023-12-22 05:22:00+00:00  0.94278  0.94276   0   0  0.00017  0.367589  0.94278       0
110  EUR_CHF 2023-12-22 05:23:00+00:00  0.94280  0.94277   0   0  0.00018  0.329822  0.94280       0
111  EUR_CHF 2023-12-22 05:24:00+00:00  0.94279  0.94279   0   0  0.00016  0.323628  0.94279       0
2023-12-22 06:26:15 CandleManager() new candle:last_candle:23-12-22 05:25 is_ready:True
2023-12-22 06:26:21 tech_manager: max_rows:113 candle_time:2023-12-22 05:25:00+00:00 granularity:M1
2023-12-22 06:26:21 process_candles:
        PAIR                      time    mid_c    mid_o  SL  TP   SPREAD      GAIN     LOSS  SIGNAL
107  EUR_CHF 2023-12-22 05:21:00+00:00  0.94277  0.94271   0   0  0.00018  0.368619  0.94277       0
108  EUR_CHF 2023-12-22 05:22:00+00:00  0.94278  0.94276   0   0  0.00017  0.367589  0.94278       0
109  EUR_CHF 2023-12-22 05:23:00+00:00  0.94280  0.94277   0   0  0.00018  0.329822  0.94280       0
110  EUR_CHF 2023-12-22 05:24:00+00:00  0.94279  0.94279   0   0  0.00016  0.323628  0.94279       0
111  EUR_CHF 2023-12-22 05:25:00+00:00  0.94274  0.94280   0   0  0.00018  0.373921  0.94274       0
2023-12-22 06:27:22 CandleManager() new candle:last_candle:23-12-22 05:26 is_ready:True
2023-12-22 06:27:23 tech_manager: max_rows:113 candle_time:2023-12-22 05:26:00+00:00 granularity:M1
2023-12-22 06:27:24 process_candles:
        PAIR                      time    mid_c    mid_o  SL  TP   SPREAD      GAIN     LOSS  SIGNAL
107  EUR_CHF 2023-12-22 05:22:00+00:00  0.94278  0.94276   0   0  0.00017  0.367589  0.94278       0
108  EUR_CHF 2023-12-22 05:23:00+00:00  0.94280  0.94277   0   0  0.00018  0.329822  0.94280       0
109  EUR_CHF 2023-12-22 05:24:00+00:00  0.94279  0.94279   0   0  0.00016  0.323628  0.94279       0
110  EUR_CHF 2023-12-22 05:25:00+00:00  0.94274  0.94280   0   0  0.00018  0.373921  0.94274       0
111  EUR_CHF 2023-12-22 05:26:00+00:00  0.94274  0.94274   0   0  0.00019  0.328214  0.94274       0
2023-12-22 06:28:21 CandleManager() new candle:last_candle:23-12-22 05:27 is_ready:True
2023-12-22 06:28:26 tech_manager: max_rows:113 candle_time:2023-12-22 05:27:00+00:00 granularity:M1
2023-12-22 06:28:27 process_candles:
        PAIR                      time    mid_c    mid_o  SL  TP   SPREAD      GAIN     LOSS  SIGNAL
107  EUR_CHF 2023-12-22 05:23:00+00:00  0.94280  0.94277   0   0  0.00018  0.329822  0.94280       0
108  EUR_CHF 2023-12-22 05:24:00+00:00  0.94279  0.94279   0   0  0.00016  0.323628  0.94279       0
109  EUR_CHF 2023-12-22 05:25:00+00:00  0.94274  0.94280   0   0  0.00018  0.373921  0.94274       0
110  EUR_CHF 2023-12-22 05:26:00+00:00  0.94274  0.94274   0   0  0.00019  0.328214  0.94274       0
111  EUR_CHF 2023-12-22 05:27:00+00:00  0.94272  0.94274   0   0  0.00019  0.284523  0.94272       0
2023-12-22 06:29:07 CandleManager() new candle:last_candle:23-12-22 05:28 is_ready:True
2023-12-22 06:29:13 tech_manager: max_rows:113 candle_time:2023-12-22 05:28:00+00:00 granularity:M1
2023-12-22 06:29:13 process_candles:
        PAIR                      time    mid_c    mid_o  SL  TP   SPREAD      GAIN     LOSS  SIGNAL
107  EUR_CHF 2023-12-22 05:24:00+00:00  0.94279  0.94279   0   0  0.00016  0.323628  0.94279       0
108  EUR_CHF 2023-12-22 05:25:00+00:00  0.94274  0.94280   0   0  0.00018  0.373921  0.94274       0
109  EUR_CHF 2023-12-22 05:26:00+00:00  0.94274  0.94274   0   0  0.00019  0.328214  0.94274       0
110  EUR_CHF 2023-12-22 05:27:00+00:00  0.94272  0.94274   0   0  0.00019  0.284523  0.94272       0
111  EUR_CHF 2023-12-22 05:28:00+00:00  0.94274  0.94275   0   0  0.00019  0.332727  0.94274       0
2023-12-22 06:30:10 CandleManager() new candle:last_candle:23-12-22 05:29 is_ready:True
2023-12-22 06:30:11 tech_manager: max_rows:113 candle_time:2023-12-22 05:29:00+00:00 granularity:M1
2023-12-22 06:30:11 process_candles:
        PAIR                      time    mid_c    mid_o  SL  TP   SPREAD      GAIN     LOSS  SIGNAL
107  EUR_CHF 2023-12-22 05:25:00+00:00  0.94274  0.94280   0   0  0.00018  0.373921  0.94274       0
108  EUR_CHF 2023-12-22 05:26:00+00:00  0.94274  0.94274   0   0  0.00019  0.328214  0.94274       0
109  EUR_CHF 2023-12-22 05:27:00+00:00  0.94272  0.94274   0   0  0.00019  0.284523  0.94272       0
110  EUR_CHF 2023-12-22 05:28:00+00:00  0.94274  0.94275   0   0  0.00019  0.332727  0.94274       0
111  EUR_CHF 2023-12-22 05:29:00+00:00  0.94274  0.94274   0   0  0.00020  0.345921  0.94274       0
2023-12-22 06:31:09 CandleManager() new candle:last_candle:23-12-22 05:30 is_ready:True
2023-12-22 06:31:14 tech_manager: max_rows:113 candle_time:2023-12-22 05:30:00+00:00 granularity:M1
2023-12-22 06:31:14 process_candles:
        PAIR                      time    mid_c    mid_o  SL  TP   SPREAD      GAIN     LOSS  SIGNAL
107  EUR_CHF 2023-12-22 05:26:00+00:00  0.94274  0.94274   0   0  0.00019  0.328214  0.94274       0
108  EUR_CHF 2023-12-22 05:27:00+00:00  0.94272  0.94274   0   0  0.00019  0.284523  0.94272       0
109  EUR_CHF 2023-12-22 05:28:00+00:00  0.94274  0.94275   0   0  0.00019  0.332727  0.94274       0
110  EUR_CHF 2023-12-22 05:29:00+00:00  0.94274  0.94274   0   0  0.00020  0.345921  0.94274       0
111  EUR_CHF 2023-12-22 05:30:00+00:00  0.94271  0.94274   0   0  0.00018  0.390917  0.94271       0
2023-12-22 06:32:16 CandleManager() new candle:last_candle:23-12-22 05:31 is_ready:True
2023-12-22 06:32:17 tech_manager: max_rows:113 candle_time:2023-12-22 05:31:00+00:00 granularity:M1
2023-12-22 06:32:17 process_candles:
        PAIR                      time    mid_c    mid_o  SL  TP   SPREAD      GAIN     LOSS  SIGNAL
107  EUR_CHF 2023-12-22 05:27:00+00:00  0.94272  0.94274   0   0  0.00019  0.284523  0.94272       0
108  EUR_CHF 2023-12-22 05:28:00+00:00  0.94274  0.94275   0   0  0.00019  0.332727  0.94274       0
109  EUR_CHF 2023-12-22 05:29:00+00:00  0.94274  0.94274   0   0  0.00020  0.345921  0.94274       0
110  EUR_CHF 2023-12-22 05:30:00+00:00  0.94271  0.94274   0   0  0.00018  0.390917  0.94271       0
111  EUR_CHF 2023-12-22 05:31:00+00:00  0.94272  0.94272   0   0  0.00017  0.431234  0.94272       0
2023-12-22 06:33:14 CandleManager() new candle:last_candle:23-12-22 05:32 is_ready:True
2023-12-22 06:33:20 tech_manager: max_rows:113 candle_time:2023-12-22 05:32:00+00:00 granularity:M1
2023-12-22 06:33:20 process_candles:
        PAIR                      time    mid_c    mid_o  SL  TP   SPREAD      GAIN     LOSS  SIGNAL
108  EUR_CHF 2023-12-22 05:28:00+00:00  0.94274  0.94275   0   0  0.00019  0.332727  0.94274       0
109  EUR_CHF 2023-12-22 05:29:00+00:00  0.94274  0.94274   0   0  0.00020  0.345921  0.94274       0
110  EUR_CHF 2023-12-22 05:30:00+00:00  0.94271  0.94274   0   0  0.00018  0.390917  0.94271       0
111  EUR_CHF 2023-12-22 05:31:00+00:00  0.94272  0.94272   0   0  0.00017  0.431234  0.94272       0
112  EUR_CHF 2023-12-22 05:32:00+00:00  0.94270  0.94270   0   0  0.00019  0.478510  0.94270       0
2023-12-22 06:34:18 CandleManager() new candle:last_candle:23-12-22 05:33 is_ready:True
2023-12-22 06:34:23 tech_manager: max_rows:113 candle_time:2023-12-22 05:33:00+00:00 granularity:M1
2023-12-22 06:34:23 process_candles:
        PAIR                      time    mid_c    mid_o  SL  TP   SPREAD      GAIN     LOSS  SIGNAL
107  EUR_CHF 2023-12-22 05:29:00+00:00  0.94274  0.94274   0   0  0.00020  0.345921  0.94274       0
108  EUR_CHF 2023-12-22 05:30:00+00:00  0.94271  0.94274   0   0  0.00018  0.390917  0.94271       0
109  EUR_CHF 2023-12-22 05:31:00+00:00  0.94272  0.94272   0   0  0.00017  0.431234  0.94272       0
110  EUR_CHF 2023-12-22 05:32:00+00:00  0.94270  0.94270   0   0  0.00019  0.478510  0.94270       0
111  EUR_CHF 2023-12-22 05:33:00+00:00  0.94272  0.94269   0   0  0.00019  0.454802  0.94272       0
2023-12-22 06:35:21 CandleManager() new candle:last_candle:23-12-22 05:34 is_ready:True
2023-12-22 06:35:26 tech_manager: max_rows:113 candle_time:2023-12-22 05:34:00+00:00 granularity:M1
2023-12-22 06:35:26 process_candles:
        PAIR                      time    mid_c    mid_o  SL  TP   SPREAD      GAIN     LOSS  SIGNAL
107  EUR_CHF 2023-12-22 05:30:00+00:00  0.94271  0.94274   0   0  0.00018  0.390917  0.94271       0
108  EUR_CHF 2023-12-22 05:31:00+00:00  0.94272  0.94272   0   0  0.00017  0.431234  0.94272       0
109  EUR_CHF 2023-12-22 05:32:00+00:00  0.94270  0.94270   0   0  0.00019  0.478510  0.94270       0
110  EUR_CHF 2023-12-22 05:33:00+00:00  0.94272  0.94269   0   0  0.00019  0.454802  0.94272       0
111  EUR_CHF 2023-12-22 05:34:00+00:00  0.94270  0.94271   0   0  0.00020  0.462133  0.94270       0
2023-12-22 06:36:07 CandleManager() new candle:last_candle:23-12-22 05:35 is_ready:True
2023-12-22 06:36:12 tech_manager: max_rows:113 candle_time:2023-12-22 05:35:00+00:00 granularity:M1
2023-12-22 06:36:12 process_candles:
        PAIR                      time    mid_c    mid_o  SL  TP   SPREAD      GAIN     LOSS  SIGNAL
107  EUR_CHF 2023-12-22 05:31:00+00:00  0.94272  0.94272   0   0  0.00017  0.431234  0.94272       0
108  EUR_CHF 2023-12-22 05:32:00+00:00  0.94270  0.94270   0   0  0.00019  0.478510  0.94270       0
109  EUR_CHF 2023-12-22 05:33:00+00:00  0.94272  0.94269   0   0  0.00019  0.454802  0.94272       0
110  EUR_CHF 2023-12-22 05:34:00+00:00  0.94270  0.94271   0   0  0.00020  0.462133  0.94270       0
111  EUR_CHF 2023-12-22 05:35:00+00:00  0.94266  0.94268   0   0  0.00018  0.444900  0.94266       0
2023-12-22 06:37:09 CandleManager() new candle:last_candle:23-12-22 05:36 is_ready:True
2023-12-22 06:37:14 tech_manager: max_rows:113 candle_time:2023-12-22 05:36:00+00:00 granularity:M1
2023-12-22 06:37:14 process_candles:
        PAIR                      time    mid_c    mid_o  SL  TP   SPREAD      GAIN     LOSS  SIGNAL
107  EUR_CHF 2023-12-22 05:32:00+00:00  0.94270  0.94270   0   0  0.00019  0.478510  0.94270       0
108  EUR_CHF 2023-12-22 05:33:00+00:00  0.94272  0.94269   0   0  0.00019  0.454802  0.94272       0
109  EUR_CHF 2023-12-22 05:34:00+00:00  0.94270  0.94271   0   0  0.00020  0.462133  0.94270       0
110  EUR_CHF 2023-12-22 05:35:00+00:00  0.94266  0.94268   0   0  0.00018  0.444900  0.94266       0
111  EUR_CHF 2023-12-22 05:36:00+00:00  0.94266  0.94266   0   0  0.00017  0.426456  0.94266       0
2023-12-22 06:38:12 CandleManager() new candle:last_candle:23-12-22 05:37 is_ready:True
2023-12-22 06:38:15 tech_manager: max_rows:113 candle_time:2023-12-22 05:37:00+00:00 granularity:M1
2023-12-22 06:38:16 process_candles:
        PAIR                      time    mid_c    mid_o  SL  TP   SPREAD      GAIN     LOSS  SIGNAL
107  EUR_CHF 2023-12-22 05:33:00+00:00  0.94272  0.94269   0   0  0.00019  0.454802  0.94272       0
108  EUR_CHF 2023-12-22 05:34:00+00:00  0.94270  0.94271   0   0  0.00020  0.462133  0.94270       0
109  EUR_CHF 2023-12-22 05:35:00+00:00  0.94266  0.94268   0   0  0.00018  0.444900  0.94266       0
110  EUR_CHF 2023-12-22 05:36:00+00:00  0.94266  0.94266   0   0  0.00017  0.426456  0.94266       0
111  EUR_CHF 2023-12-22 05:37:00+00:00  0.94271  0.94268   0   0  0.00018  0.437881  0.94271       0
2023-12-22 06:39:13 CandleManager() new candle:last_candle:23-12-22 05:38 is_ready:True
2023-12-22 06:39:18 tech_manager: max_rows:113 candle_time:2023-12-22 05:38:00+00:00 granularity:M1
2023-12-22 06:39:19 process_candles:
        PAIR                      time    mid_c    mid_o  SL  TP   SPREAD      GAIN     LOSS  SIGNAL
107  EUR_CHF 2023-12-22 05:34:00+00:00  0.94270  0.94271   0   0  0.00020  0.462133  0.94270       0
108  EUR_CHF 2023-12-22 05:35:00+00:00  0.94266  0.94268   0   0  0.00018  0.444900  0.94266       0
109  EUR_CHF 2023-12-22 05:36:00+00:00  0.94266  0.94266   0   0  0.00017  0.426456  0.94266       0
110  EUR_CHF 2023-12-22 05:37:00+00:00  0.94271  0.94268   0   0  0.00018  0.437881  0.94271       0
111  EUR_CHF 2023-12-22 05:38:00+00:00  0.94272  0.94272   0   0  0.00018  0.402841  0.94272       0
2023-12-22 06:40:15 CandleManager() new candle:last_candle:23-12-22 05:39 is_ready:True
2023-12-22 06:40:18 tech_manager: max_rows:113 candle_time:2023-12-22 05:39:00+00:00 granularity:M1
2023-12-22 06:40:19 process_candles:
        PAIR                      time    mid_c    mid_o  SL  TP   SPREAD      GAIN     LOSS  SIGNAL
107  EUR_CHF 2023-12-22 05:35:00+00:00  0.94266  0.94268   0   0  0.00018  0.444900  0.94266       0
108  EUR_CHF 2023-12-22 05:36:00+00:00  0.94266  0.94266   0   0  0.00017  0.426456  0.94266       0
109  EUR_CHF 2023-12-22 05:37:00+00:00  0.94271  0.94268   0   0  0.00018  0.437881  0.94271       0
110  EUR_CHF 2023-12-22 05:38:00+00:00  0.94272  0.94272   0   0  0.00018  0.402841  0.94272       0
111  EUR_CHF 2023-12-22 05:39:00+00:00  0.94272  0.94273   0   0  0.00017  0.434377  0.94272       0
2023-12-22 06:41:16 CandleManager() new candle:last_candle:23-12-22 05:40 is_ready:True
2023-12-22 06:41:17 tech_manager: max_rows:113 candle_time:2023-12-22 05:40:00+00:00 granularity:M1
2023-12-22 06:41:17 process_candles:
        PAIR                      time    mid_c    mid_o  SL  TP   SPREAD      GAIN     LOSS  SIGNAL
107  EUR_CHF 2023-12-22 05:36:00+00:00  0.94266  0.94266   0   0  0.00017  0.426456  0.94266       0
108  EUR_CHF 2023-12-22 05:37:00+00:00  0.94271  0.94268   0   0  0.00018  0.437881  0.94271       0
109  EUR_CHF 2023-12-22 05:38:00+00:00  0.94272  0.94272   0   0  0.00018  0.402841  0.94272       0
110  EUR_CHF 2023-12-22 05:39:00+00:00  0.94272  0.94273   0   0  0.00017  0.434377  0.94272       0
111  EUR_CHF 2023-12-22 05:40:00+00:00  0.94271  0.94272   0   0  0.00016  0.441705  0.94271       0
2023-12-22 06:42:07 CandleManager() new candle:last_candle:23-12-22 05:41 is_ready:True
2023-12-22 06:42:20 tech_manager: max_rows:113 candle_time:2023-12-22 05:41:00+00:00 granularity:M1
2023-12-22 06:42:20 process_candles:
        PAIR                      time    mid_c    mid_o  SL  TP   SPREAD      GAIN     LOSS  SIGNAL
107  EUR_CHF 2023-12-22 05:37:00+00:00  0.94271  0.94268   0   0  0.00018  0.437881  0.94271       0
108  EUR_CHF 2023-12-22 05:38:00+00:00  0.94272  0.94272   0   0  0.00018  0.402841  0.94272       0
109  EUR_CHF 2023-12-22 05:39:00+00:00  0.94272  0.94273   0   0  0.00017  0.434377  0.94272       0
110  EUR_CHF 2023-12-22 05:40:00+00:00  0.94271  0.94272   0   0  0.00016  0.441705  0.94271       0
111  EUR_CHF 2023-12-22 05:41:00+00:00  0.94270  0.94270   0   0  0.00015  0.467013  0.94270       0
2023-12-22 06:43:17 CandleManager() new candle:last_candle:23-12-22 05:42 is_ready:True
2023-12-22 06:43:28 tech_manager: max_rows:113 candle_time:2023-12-22 05:42:00+00:00 granularity:M1
2023-12-22 06:43:28 process_candles:
        PAIR                      time    mid_c    mid_o  SL  TP   SPREAD      GAIN     LOSS  SIGNAL
107  EUR_CHF 2023-12-22 05:38:00+00:00  0.94272  0.94272   0   0  0.00018  0.402841  0.94272       0
108  EUR_CHF 2023-12-22 05:39:00+00:00  0.94272  0.94273   0   0  0.00017  0.434377  0.94272       0
109  EUR_CHF 2023-12-22 05:40:00+00:00  0.94271  0.94272   0   0  0.00016  0.441705  0.94271       0
110  EUR_CHF 2023-12-22 05:41:00+00:00  0.94270  0.94270   0   0  0.00015  0.467013  0.94270       0
111  EUR_CHF 2023-12-22 05:42:00+00:00  0.94271  0.94270   0   0  0.00016  0.467019  0.94271       0
2023-12-22 06:44:12 CandleManager() new candle:last_candle:23-12-22 05:43 is_ready:True
2023-12-22 06:44:17 tech_manager: max_rows:113 candle_time:2023-12-22 05:43:00+00:00 granularity:M1
2023-12-22 06:44:17 process_candles:
        PAIR                      time    mid_c    mid_o  SL  TP   SPREAD      GAIN     LOSS  SIGNAL
108  EUR_CHF 2023-12-22 05:39:00+00:00  0.94272  0.94273   0   0  0.00017  0.434377  0.94272       0
109  EUR_CHF 2023-12-22 05:40:00+00:00  0.94271  0.94272   0   0  0.00016  0.441705  0.94271       0
110  EUR_CHF 2023-12-22 05:41:00+00:00  0.94270  0.94270   0   0  0.00015  0.467013  0.94270       0
111  EUR_CHF 2023-12-22 05:42:00+00:00  0.94271  0.94270   0   0  0.00016  0.467019  0.94271       0
112  EUR_CHF 2023-12-22 05:43:00+00:00  0.94271  0.94270   0   0  0.00016  0.477559  0.94271       0
2023-12-22 06:45:16 CandleManager() new candle:last_candle:23-12-22 05:44 is_ready:True
2023-12-22 06:45:21 tech_manager: max_rows:113 candle_time:2023-12-22 05:44:00+00:00 granularity:M1
2023-12-22 06:45:21 process_candles:
        PAIR                      time    mid_c    mid_o  SL  TP   SPREAD      GAIN     LOSS  SIGNAL
107  EUR_CHF 2023-12-22 05:40:00+00:00  0.94271  0.94272   0   0  0.00016  0.441705  0.94271       0
108  EUR_CHF 2023-12-22 05:41:00+00:00  0.94270  0.94270   0   0  0.00015  0.467013  0.94270       0
109  EUR_CHF 2023-12-22 05:42:00+00:00  0.94271  0.94270   0   0  0.00016  0.467019  0.94271       0
110  EUR_CHF 2023-12-22 05:43:00+00:00  0.94271  0.94270   0   0  0.00016  0.477559  0.94271       0
111  EUR_CHF 2023-12-22 05:44:00+00:00  0.94272  0.94270   0   0  0.00015  0.506490  0.94272       0
2023-12-22 06:46:18 CandleManager() new candle:last_candle:23-12-22 05:45 is_ready:True
2023-12-22 06:46:23 tech_manager: max_rows:113 candle_time:2023-12-22 05:45:00+00:00 granularity:M1
2023-12-22 06:46:23 process_candles:
        PAIR                      time    mid_c    mid_o  SL  TP   SPREAD      GAIN     LOSS  SIGNAL
107  EUR_CHF 2023-12-22 05:41:00+00:00  0.94270  0.94270   0   0  0.00015  0.467013  0.94270       0
108  EUR_CHF 2023-12-22 05:42:00+00:00  0.94271  0.94270   0   0  0.00016  0.467019  0.94271       0
109  EUR_CHF 2023-12-22 05:43:00+00:00  0.94271  0.94270   0   0  0.00016  0.477559  0.94271       0
110  EUR_CHF 2023-12-22 05:44:00+00:00  0.94272  0.94270   0   0  0.00015  0.506490  0.94272       0
111  EUR_CHF 2023-12-22 05:45:00+00:00  0.94271  0.94273   0   0  0.00016  0.481040  0.94271       0
2023-12-22 06:47:04 CandleManager() new candle:last_candle:23-12-22 05:46 is_ready:True
2023-12-22 06:47:13 tech_manager: max_rows:113 candle_time:2023-12-22 05:46:00+00:00 granularity:M1
2023-12-22 06:47:14 process_candles:
        PAIR                      time    mid_c    mid_o  SL  TP   SPREAD      GAIN     LOSS  SIGNAL
107  EUR_CHF 2023-12-22 05:42:00+00:00  0.94271  0.94270   0   0  0.00016  0.467019  0.94271       0
108  EUR_CHF 2023-12-22 05:43:00+00:00  0.94271  0.94270   0   0  0.00016  0.477559  0.94271       0
109  EUR_CHF 2023-12-22 05:44:00+00:00  0.94272  0.94270   0   0  0.00015  0.506490  0.94272       0
110  EUR_CHF 2023-12-22 05:45:00+00:00  0.94271  0.94273   0   0  0.00016  0.481040  0.94271       0
111  EUR_CHF 2023-12-22 05:46:00+00:00  0.94270  0.94270   0   0  0.00017  0.571048  0.94270       0
2023-12-22 06:48:18 CandleManager() new candle:last_candle:23-12-22 05:47 is_ready:True
2023-12-22 06:48:27 tech_manager: max_rows:113 candle_time:2023-12-22 05:47:00+00:00 granularity:M1
2023-12-22 06:48:27 process_candles:
        PAIR                      time    mid_c    mid_o  SL  TP   SPREAD      GAIN     LOSS  SIGNAL
107  EUR_CHF 2023-12-22 05:43:00+00:00  0.94271  0.94270   0   0  0.00016  0.477559  0.94271       0
108  EUR_CHF 2023-12-22 05:44:00+00:00  0.94272  0.94270   0   0  0.00015  0.506490  0.94272       0
109  EUR_CHF 2023-12-22 05:45:00+00:00  0.94271  0.94273   0   0  0.00016  0.481040  0.94271       0
110  EUR_CHF 2023-12-22 05:46:00+00:00  0.94270  0.94270   0   0  0.00017  0.571048  0.94270       0
111  EUR_CHF 2023-12-22 05:47:00+00:00  0.94272  0.94270   0   0  0.00014  0.506700  0.94272       0
2023-12-22 06:49:17 CandleManager() new candle:last_candle:23-12-22 05:48 is_ready:True
2023-12-22 06:49:26 tech_manager: max_rows:113 candle_time:2023-12-22 05:48:00+00:00 granularity:M1
2023-12-22 06:49:27 process_candles:
        PAIR                      time    mid_c    mid_o  SL  TP   SPREAD      GAIN     LOSS  SIGNAL
107  EUR_CHF 2023-12-22 05:44:00+00:00  0.94272  0.94270   0   0  0.00015  0.506490  0.94272       0
108  EUR_CHF 2023-12-22 05:45:00+00:00  0.94271  0.94273   0   0  0.00016  0.481040  0.94271       0
109  EUR_CHF 2023-12-22 05:46:00+00:00  0.94270  0.94270   0   0  0.00017  0.571048  0.94270       0
110  EUR_CHF 2023-12-22 05:47:00+00:00  0.94272  0.94270   0   0  0.00014  0.506700  0.94272       0
111  EUR_CHF 2023-12-22 05:48:00+00:00  0.94272  0.94272   0   0  0.00013  0.468149  0.94272       0
2023-12-22 06:50:16 CandleManager() new candle:last_candle:23-12-22 05:49 is_ready:True
2023-12-22 06:50:25 tech_manager: max_rows:113 candle_time:2023-12-22 05:49:00+00:00 granularity:M1
2023-12-22 06:50:25 process_candles:
        PAIR                      time    mid_c    mid_o  SL  TP   SPREAD      GAIN     LOSS  SIGNAL
108  EUR_CHF 2023-12-22 05:45:00+00:00  0.94271  0.94273   0   0  0.00016  0.481040  0.94271       0
109  EUR_CHF 2023-12-22 05:46:00+00:00  0.94270  0.94270   0   0  0.00017  0.571048  0.94270       0
110  EUR_CHF 2023-12-22 05:47:00+00:00  0.94272  0.94270   0   0  0.00014  0.506700  0.94272       0
111  EUR_CHF 2023-12-22 05:48:00+00:00  0.94272  0.94272   0   0  0.00013  0.468149  0.94272       0
112  EUR_CHF 2023-12-22 05:49:00+00:00  0.94270  0.94272   0   0  0.00015  0.479001  0.94270       0
2023-12-22 06:51:15 CandleManager() new candle:last_candle:23-12-22 05:50 is_ready:True
2023-12-22 06:51:24 tech_manager: max_rows:113 candle_time:2023-12-22 05:50:00+00:00 granularity:M1
2023-12-22 06:51:25 process_candles:
        PAIR                      time    mid_c    mid_o  SL  TP   SPREAD      GAIN     LOSS  SIGNAL
108  EUR_CHF 2023-12-22 05:46:00+00:00  0.94270  0.94270   0   0  0.00017  0.571048  0.94270       0
109  EUR_CHF 2023-12-22 05:47:00+00:00  0.94272  0.94270   0   0  0.00014  0.506700  0.94272       0
110  EUR_CHF 2023-12-22 05:48:00+00:00  0.94272  0.94272   0   0  0.00013  0.468149  0.94272       0
111  EUR_CHF 2023-12-22 05:49:00+00:00  0.94270  0.94272   0   0  0.00015  0.479001  0.94270       0
112  EUR_CHF 2023-12-22 05:50:00+00:00  0.94270  0.94270   0   0  0.00013  0.442025  0.94270       0
2023-12-22 06:52:15 CandleManager() new candle:last_candle:23-12-22 05:51 is_ready:True
2023-12-22 06:52:24 tech_manager: max_rows:113 candle_time:2023-12-22 05:51:00+00:00 granularity:M1
2023-12-22 06:52:24 process_candles:
        PAIR                      time    mid_c    mid_o  SL  TP   SPREAD      GAIN     LOSS  SIGNAL
107  EUR_CHF 2023-12-22 05:47:00+00:00  0.94272  0.94270   0   0  0.00014  0.506700  0.94272       0
108  EUR_CHF 2023-12-22 05:48:00+00:00  0.94272  0.94272   0   0  0.00013  0.468149  0.94272       0
109  EUR_CHF 2023-12-22 05:49:00+00:00  0.94270  0.94272   0   0  0.00015  0.479001  0.94270       0
110  EUR_CHF 2023-12-22 05:50:00+00:00  0.94270  0.94270   0   0  0.00013  0.442025  0.94270       0
111  EUR_CHF 2023-12-22 05:51:00+00:00  0.94270  0.94270   0   0  0.00015  0.433005  0.94270       0
2023-12-22 06:53:14 CandleManager() new candle:last_candle:23-12-22 05:52 is_ready:True
2023-12-22 06:53:23 tech_manager: max_rows:113 candle_time:2023-12-22 05:52:00+00:00 granularity:M1
2023-12-22 06:53:23 process_candles:
        PAIR                      time    mid_c    mid_o  SL  TP   SPREAD      GAIN     LOSS  SIGNAL
107  EUR_CHF 2023-12-22 05:48:00+00:00  0.94272  0.94272   0   0  0.00013  0.468149  0.94272       0
108  EUR_CHF 2023-12-22 05:49:00+00:00  0.94270  0.94272   0   0  0.00015  0.479001  0.94270       0
109  EUR_CHF 2023-12-22 05:50:00+00:00  0.94270  0.94270   0   0  0.00013  0.442025  0.94270       0
110  EUR_CHF 2023-12-22 05:51:00+00:00  0.94270  0.94270   0   0  0.00015  0.433005  0.94270       0
111  EUR_CHF 2023-12-22 05:52:00+00:00  0.94268  0.94270   0   0  0.00015  0.438829  0.94268       0
2023-12-22 06:54:08 CandleManager() new candle:last_candle:23-12-22 05:53 is_ready:True
2023-12-22 06:54:14 tech_manager: max_rows:113 candle_time:2023-12-22 05:53:00+00:00 granularity:M1
2023-12-22 06:54:18 process_candles:
        PAIR                      time    mid_c    mid_o  SL  TP   SPREAD      GAIN     LOSS  SIGNAL
107  EUR_CHF 2023-12-22 05:49:00+00:00  0.94270  0.94272   0   0  0.00015  0.479001  0.94270       0
108  EUR_CHF 2023-12-22 05:50:00+00:00  0.94270  0.94270   0   0  0.00013  0.442025  0.94270       0
109  EUR_CHF 2023-12-22 05:51:00+00:00  0.94270  0.94270   0   0  0.00015  0.433005  0.94270       0
110  EUR_CHF 2023-12-22 05:52:00+00:00  0.94268  0.94270   0   0  0.00015  0.438829  0.94268       0
111  EUR_CHF 2023-12-22 05:53:00+00:00  0.94268  0.94268   0   0  0.00015       NaN  0.94268       0
2023-12-22 06:55:08 CandleManager() new candle:last_candle:23-12-22 05:54 is_ready:True
2023-12-22 06:55:13 tech_manager: max_rows:113 candle_time:2023-12-22 05:54:00+00:00 granularity:M1
2023-12-22 06:55:13 process_candles:
        PAIR                      time    mid_c    mid_o  SL  TP   SPREAD      GAIN     LOSS  SIGNAL
107  EUR_CHF 2023-12-22 05:50:00+00:00  0.94270  0.94270   0   0  0.00013  0.442025  0.94270       0
108  EUR_CHF 2023-12-22 05:51:00+00:00  0.94270  0.94270   0   0  0.00015  0.433005  0.94270       0
109  EUR_CHF 2023-12-22 05:52:00+00:00  0.94268  0.94270   0   0  0.00015  0.438829  0.94268       0
110  EUR_CHF 2023-12-22 05:53:00+00:00  0.94268  0.94268   0   0  0.00015       NaN  0.94268       0
111  EUR_CHF 2023-12-22 05:54:00+00:00  0.94268  0.94270   0   0  0.00015       NaN  0.94268       0
2023-12-22 06:56:03 CandleManager() new candle:last_candle:23-12-22 05:55 is_ready:True
2023-12-22 06:56:12 tech_manager: max_rows:113 candle_time:2023-12-22 05:55:00+00:00 granularity:M1
2023-12-22 06:56:12 process_candles:
        PAIR                      time    mid_c    mid_o  SL  TP   SPREAD      GAIN     LOSS  SIGNAL
107  EUR_CHF 2023-12-22 05:51:00+00:00  0.94270  0.94270   0   0  0.00015  0.433005  0.94270       0
108  EUR_CHF 2023-12-22 05:52:00+00:00  0.94268  0.94270   0   0  0.00015  0.438829  0.94268       0
109  EUR_CHF 2023-12-22 05:53:00+00:00  0.94268  0.94268   0   0  0.00015       NaN  0.94268       0
110  EUR_CHF 2023-12-22 05:54:00+00:00  0.94268  0.94270   0   0  0.00015       NaN  0.94268       0
111  EUR_CHF 2023-12-22 05:55:00+00:00  0.94260  0.94268   0   0  0.00015       NaN  0.94260       0
2023-12-22 06:57:18 CandleManager() new candle:last_candle:23-12-22 05:56 is_ready:True
2023-12-22 06:57:23 tech_manager: max_rows:113 candle_time:2023-12-22 05:56:00+00:00 granularity:M1
2023-12-22 06:57:24 process_candles:
        PAIR                      time    mid_c    mid_o  SL  TP   SPREAD      GAIN     LOSS  SIGNAL
107  EUR_CHF 2023-12-22 05:52:00+00:00  0.94268  0.94270   0   0  0.00015  0.438829  0.94268       0
108  EUR_CHF 2023-12-22 05:53:00+00:00  0.94268  0.94268   0   0  0.00015       NaN  0.94268       0
109  EUR_CHF 2023-12-22 05:54:00+00:00  0.94268  0.94270   0   0  0.00015       NaN  0.94268       0
110  EUR_CHF 2023-12-22 05:55:00+00:00  0.94260  0.94268   0   0  0.00015       NaN  0.94260       0
111  EUR_CHF 2023-12-22 05:56:00+00:00  0.94263  0.94260   0   0  0.00016       NaN  0.94263       0
2023-12-22 06:58:18 CandleManager() new candle:last_candle:23-12-22 05:57 is_ready:True
2023-12-22 06:58:27 tech_manager: max_rows:113 candle_time:2023-12-22 05:57:00+00:00 granularity:M1
2023-12-22 06:58:27 process_candles:
        PAIR                      time    mid_c    mid_o  SL  TP   SPREAD  GAIN     LOSS  SIGNAL
107  EUR_CHF 2023-12-22 05:53:00+00:00  0.94268  0.94268   0   0  0.00015   NaN  0.94268       0
108  EUR_CHF 2023-12-22 05:54:00+00:00  0.94268  0.94270   0   0  0.00015   NaN  0.94268       0
109  EUR_CHF 2023-12-22 05:55:00+00:00  0.94260  0.94268   0   0  0.00015   NaN  0.94260       0
110  EUR_CHF 2023-12-22 05:56:00+00:00  0.94263  0.94260   0   0  0.00016   NaN  0.94263       0
111  EUR_CHF 2023-12-22 05:57:00+00:00  0.94262  0.94262   0   0  0.00016   NaN  0.94262       0
2023-12-22 06:59:13 CandleManager() new candle:last_candle:23-12-22 05:58 is_ready:True
2023-12-22 06:59:18 tech_manager: max_rows:113 candle_time:2023-12-22 05:58:00+00:00 granularity:M1
2023-12-22 06:59:18 process_candles:
        PAIR                      time    mid_c    mid_o  SL  TP   SPREAD  GAIN     LOSS  SIGNAL
107  EUR_CHF 2023-12-22 05:54:00+00:00  0.94268  0.94270   0   0  0.00015   NaN  0.94268       0
108  EUR_CHF 2023-12-22 05:55:00+00:00  0.94260  0.94268   0   0  0.00015   NaN  0.94260       0
109  EUR_CHF 2023-12-22 05:56:00+00:00  0.94263  0.94260   0   0  0.00016   NaN  0.94263       0
110  EUR_CHF 2023-12-22 05:57:00+00:00  0.94262  0.94262   0   0  0.00016   NaN  0.94262       0
111  EUR_CHF 2023-12-22 05:58:00+00:00  0.94265  0.94262   0   0  0.00014   NaN  0.94265       0
2023-12-22 07:00:07 CandleManager() new candle:last_candle:23-12-22 05:59 is_ready:True
2023-12-22 07:00:17 tech_manager: max_rows:113 candle_time:2023-12-22 05:59:00+00:00 granularity:M1
2023-12-22 07:00:17 process_candles:
        PAIR                      time    mid_c    mid_o  SL  TP   SPREAD  GAIN     LOSS  SIGNAL
107  EUR_CHF 2023-12-22 05:55:00+00:00  0.94260  0.94268   0   0  0.00015   NaN  0.94260       0
108  EUR_CHF 2023-12-22 05:56:00+00:00  0.94263  0.94260   0   0  0.00016   NaN  0.94263       0
109  EUR_CHF 2023-12-22 05:57:00+00:00  0.94262  0.94262   0   0  0.00016   NaN  0.94262       0
110  EUR_CHF 2023-12-22 05:58:00+00:00  0.94265  0.94262   0   0  0.00014   NaN  0.94265       0
111  EUR_CHF 2023-12-22 05:59:00+00:00  0.94268  0.94266   0   0  0.00019   NaN  0.94268       0
2023-12-22 07:01:05 CandleManager() new candle:last_candle:23-12-22 06:00 is_ready:True
2023-12-22 07:01:14 tech_manager: max_rows:113 candle_time:2023-12-22 06:00:00+00:00 granularity:M1
2023-12-22 07:01:14 process_candles:
        PAIR                      time    mid_c    mid_o  SL  TP   SPREAD  GAIN     LOSS  SIGNAL
107  EUR_CHF 2023-12-22 05:56:00+00:00  0.94263  0.94260   0   0  0.00016   NaN  0.94263       0
108  EUR_CHF 2023-12-22 05:57:00+00:00  0.94262  0.94262   0   0  0.00016   NaN  0.94262       0
109  EUR_CHF 2023-12-22 05:58:00+00:00  0.94265  0.94262   0   0  0.00014   NaN  0.94265       0
110  EUR_CHF 2023-12-22 05:59:00+00:00  0.94268  0.94266   0   0  0.00019   NaN  0.94268       0
111  EUR_CHF 2023-12-22 06:00:00+00:00  0.94274  0.94269   0   0  0.00017   NaN  0.94274       0
2023-12-22 07:02:13 CandleManager() new candle:last_candle:23-12-22 06:01 is_ready:True
2023-12-22 07:02:18 tech_manager: max_rows:113 candle_time:2023-12-22 06:01:00+00:00 granularity:M1
2023-12-22 07:02:18 process_candles:
        PAIR                      time    mid_c    mid_o  SL  TP   SPREAD  GAIN     LOSS  SIGNAL
108  EUR_CHF 2023-12-22 05:57:00+00:00  0.94262  0.94262   0   0  0.00016   NaN  0.94262       0
109  EUR_CHF 2023-12-22 05:58:00+00:00  0.94265  0.94262   0   0  0.00014   NaN  0.94265       0
110  EUR_CHF 2023-12-22 05:59:00+00:00  0.94268  0.94266   0   0  0.00019   NaN  0.94268       0
111  EUR_CHF 2023-12-22 06:00:00+00:00  0.94274  0.94269   0   0  0.00017   NaN  0.94274       0
112  EUR_CHF 2023-12-22 06:01:00+00:00  0.94270  0.94272   0   0  0.00017   NaN  0.94270       0
2023-12-22 07:03:16 CandleManager() new candle:last_candle:23-12-22 06:02 is_ready:True
2023-12-22 07:03:21 tech_manager: max_rows:113 candle_time:2023-12-22 06:02:00+00:00 granularity:M1
2023-12-22 07:03:21 process_candles:
        PAIR                      time    mid_c    mid_o  SL  TP   SPREAD  GAIN     LOSS  SIGNAL
107  EUR_CHF 2023-12-22 05:58:00+00:00  0.94265  0.94262   0   0  0.00014   NaN  0.94265       0
108  EUR_CHF 2023-12-22 05:59:00+00:00  0.94268  0.94266   0   0  0.00019   NaN  0.94268       0
109  EUR_CHF 2023-12-22 06:00:00+00:00  0.94274  0.94269   0   0  0.00017   NaN  0.94274       0
110  EUR_CHF 2023-12-22 06:01:00+00:00  0.94270  0.94272   0   0  0.00017   NaN  0.94270       0
111  EUR_CHF 2023-12-22 06:02:00+00:00  0.94267  0.94270   0   0  0.00016   NaN  0.94267       0
2023-12-22 07:04:16 CandleManager() new candle:last_candle:23-12-22 06:03 is_ready:True
2023-12-22 07:04:21 tech_manager: max_rows:113 candle_time:2023-12-22 06:03:00+00:00 granularity:M1
2023-12-22 07:04:21 process_candles:
        PAIR                      time    mid_c    mid_o  SL  TP   SPREAD  GAIN     LOSS  SIGNAL
107  EUR_CHF 2023-12-22 05:59:00+00:00  0.94268  0.94266   0   0  0.00019   NaN  0.94268       0
108  EUR_CHF 2023-12-22 06:00:00+00:00  0.94274  0.94269   0   0  0.00017   NaN  0.94274       0
109  EUR_CHF 2023-12-22 06:01:00+00:00  0.94270  0.94272   0   0  0.00017   NaN  0.94270       0
110  EUR_CHF 2023-12-22 06:02:00+00:00  0.94267  0.94270   0   0  0.00016   NaN  0.94267       0
111  EUR_CHF 2023-12-22 06:03:00+00:00  0.94265  0.94268   0   0  0.00018   NaN  0.94265       0
2023-12-22 07:05:17 CandleManager() new candle:last_candle:23-12-22 06:04 is_ready:True
2023-12-22 07:05:22 tech_manager: max_rows:113 candle_time:2023-12-22 06:04:00+00:00 granularity:M1
2023-12-22 07:05:22 process_candles:
        PAIR                      time    mid_c    mid_o  SL  TP   SPREAD  GAIN     LOSS  SIGNAL
107  EUR_CHF 2023-12-22 06:00:00+00:00  0.94274  0.94269   0   0  0.00017   NaN  0.94274       0
108  EUR_CHF 2023-12-22 06:01:00+00:00  0.94270  0.94272   0   0  0.00017   NaN  0.94270       0
109  EUR_CHF 2023-12-22 06:02:00+00:00  0.94267  0.94270   0   0  0.00016   NaN  0.94267       0
110  EUR_CHF 2023-12-22 06:03:00+00:00  0.94265  0.94268   0   0  0.00018   NaN  0.94265       0
111  EUR_CHF 2023-12-22 06:04:00+00:00  0.94267  0.94264   0   0  0.00018   NaN  0.94267       0
2023-12-22 07:06:03 CandleManager() new candle:last_candle:23-12-22 06:05 is_ready:True
2023-12-22 07:06:08 tech_manager: max_rows:113 candle_time:2023-12-22 06:05:00+00:00 granularity:M1
2023-12-22 07:06:08 process_candles:
        PAIR                      time    mid_c    mid_o  SL  TP   SPREAD  GAIN     LOSS  SIGNAL
107  EUR_CHF 2023-12-22 06:01:00+00:00  0.94270  0.94272   0   0  0.00017   NaN  0.94270       0
108  EUR_CHF 2023-12-22 06:02:00+00:00  0.94267  0.94270   0   0  0.00016   NaN  0.94267       0
109  EUR_CHF 2023-12-22 06:03:00+00:00  0.94265  0.94268   0   0  0.00018   NaN  0.94265       0
110  EUR_CHF 2023-12-22 06:04:00+00:00  0.94267  0.94264   0   0  0.00018   NaN  0.94267       0
111  EUR_CHF 2023-12-22 06:05:00+00:00  0.94264  0.94268   0   0  0.00017   NaN  0.94264       0
2023-12-22 07:07:05 CandleManager() new candle:last_candle:23-12-22 06:06 is_ready:True
2023-12-22 07:07:08 tech_manager: max_rows:113 candle_time:2023-12-22 06:06:00+00:00 granularity:M1
2023-12-22 07:07:09 process_candles:
        PAIR                      time    mid_c    mid_o  SL  TP   SPREAD  GAIN     LOSS  SIGNAL
107  EUR_CHF 2023-12-22 06:02:00+00:00  0.94267  0.94270   0   0  0.00016   NaN  0.94267       0
108  EUR_CHF 2023-12-22 06:03:00+00:00  0.94265  0.94268   0   0  0.00018   NaN  0.94265       0
109  EUR_CHF 2023-12-22 06:04:00+00:00  0.94267  0.94264   0   0  0.00018   NaN  0.94267       0
110  EUR_CHF 2023-12-22 06:05:00+00:00  0.94264  0.94268   0   0  0.00017   NaN  0.94264       0
111  EUR_CHF 2023-12-22 06:06:00+00:00  0.94256  0.94260   0   0  0.00017   NaN  0.94256       0
2023-12-22 07:08:06 CandleManager() new candle:last_candle:23-12-22 06:07 is_ready:True
2023-12-22 07:08:11 tech_manager: max_rows:113 candle_time:2023-12-22 06:07:00+00:00 granularity:M1
2023-12-22 07:08:11 process_candles:
        PAIR                      time    mid_c    mid_o  SL  TP   SPREAD  GAIN     LOSS  SIGNAL
107  EUR_CHF 2023-12-22 06:03:00+00:00  0.94265  0.94268   0   0  0.00018   NaN  0.94265       0
108  EUR_CHF 2023-12-22 06:04:00+00:00  0.94267  0.94264   0   0  0.00018   NaN  0.94267       0
109  EUR_CHF 2023-12-22 06:05:00+00:00  0.94264  0.94268   0   0  0.00017   NaN  0.94264       0
110  EUR_CHF 2023-12-22 06:06:00+00:00  0.94256  0.94260   0   0  0.00017   NaN  0.94256       0
111  EUR_CHF 2023-12-22 06:07:00+00:00  0.94260  0.94256   0   0  0.00017   NaN  0.94260       0
2023-12-22 07:09:09 CandleManager() new candle:last_candle:23-12-22 06:08 is_ready:True
2023-12-22 07:09:14 tech_manager: max_rows:113 candle_time:2023-12-22 06:08:00+00:00 granularity:M1
2023-12-22 07:09:14 process_candles:
        PAIR                      time    mid_c    mid_o  SL  TP   SPREAD  GAIN     LOSS  SIGNAL
107  EUR_CHF 2023-12-22 06:04:00+00:00  0.94267  0.94264   0   0  0.00018   NaN  0.94267       0
108  EUR_CHF 2023-12-22 06:05:00+00:00  0.94264  0.94268   0   0  0.00017   NaN  0.94264       0
109  EUR_CHF 2023-12-22 06:06:00+00:00  0.94256  0.94260   0   0  0.00017   NaN  0.94256       0
110  EUR_CHF 2023-12-22 06:07:00+00:00  0.94260  0.94256   0   0  0.00017   NaN  0.94260       0
111  EUR_CHF 2023-12-22 06:08:00+00:00  0.94262  0.94260   0   0  0.00015   NaN  0.94262       0
2023-12-22 07:10:12 CandleManager() new candle:last_candle:23-12-22 06:09 is_ready:True
2023-12-22 07:10:17 tech_manager: max_rows:113 candle_time:2023-12-22 06:09:00+00:00 granularity:M1
2023-12-22 07:10:17 process_candles:
        PAIR                      time    mid_c    mid_o  SL  TP   SPREAD  GAIN     LOSS  SIGNAL
107  EUR_CHF 2023-12-22 06:05:00+00:00  0.94264  0.94268   0   0  0.00017   NaN  0.94264       0
108  EUR_CHF 2023-12-22 06:06:00+00:00  0.94256  0.94260   0   0  0.00017   NaN  0.94256       0
109  EUR_CHF 2023-12-22 06:07:00+00:00  0.94260  0.94256   0   0  0.00017   NaN  0.94260       0
110  EUR_CHF 2023-12-22 06:08:00+00:00  0.94262  0.94260   0   0  0.00015   NaN  0.94262       0
111  EUR_CHF 2023-12-22 06:09:00+00:00  0.94268  0.94264   0   0  0.00017   NaN  0.94268       0
2023-12-22 07:11:15 CandleManager() new candle:last_candle:23-12-22 06:10 is_ready:True
2023-12-22 07:11:20 tech_manager: max_rows:113 candle_time:2023-12-22 06:10:00+00:00 granularity:M1
2023-12-22 07:11:20 process_candles:
        PAIR                      time    mid_c    mid_o  SL  TP   SPREAD  GAIN     LOSS  SIGNAL
107  EUR_CHF 2023-12-22 06:06:00+00:00  0.94256  0.94260   0   0  0.00017   NaN  0.94256       0
108  EUR_CHF 2023-12-22 06:07:00+00:00  0.94260  0.94256   0   0  0.00017   NaN  0.94260       0
109  EUR_CHF 2023-12-22 06:08:00+00:00  0.94262  0.94260   0   0  0.00015   NaN  0.94262       0
110  EUR_CHF 2023-12-22 06:09:00+00:00  0.94268  0.94264   0   0  0.00017   NaN  0.94268       0
111  EUR_CHF 2023-12-22 06:10:00+00:00  0.94266  0.94268   0   0  0.00019   NaN  0.94266       0
2023-12-22 07:12:01 CandleManager() new candle:last_candle:23-12-22 06:11 is_ready:True
2023-12-22 07:12:06 tech_manager: max_rows:113 candle_time:2023-12-22 06:11:00+00:00 granularity:M1
2023-12-22 07:12:07 process_candles:
        PAIR                      time    mid_c    mid_o  SL  TP   SPREAD  GAIN     LOSS  SIGNAL
107  EUR_CHF 2023-12-22 06:07:00+00:00  0.94260  0.94256   0   0  0.00017   NaN  0.94260       0
108  EUR_CHF 2023-12-22 06:08:00+00:00  0.94262  0.94260   0   0  0.00015   NaN  0.94262       0
109  EUR_CHF 2023-12-22 06:09:00+00:00  0.94268  0.94264   0   0  0.00017   NaN  0.94268       0
110  EUR_CHF 2023-12-22 06:10:00+00:00  0.94266  0.94268   0   0  0.00019   NaN  0.94266       0
111  EUR_CHF 2023-12-22 06:11:00+00:00  0.94266  0.94268   0   0  0.00016   NaN  0.94266       0
2023-12-22 07:13:04 CandleManager() new candle:last_candle:23-12-22 06:12 is_ready:True
2023-12-22 07:13:09 tech_manager: max_rows:113 candle_time:2023-12-22 06:12:00+00:00 granularity:M1
2023-12-22 07:13:09 process_candles:
        PAIR                      time    mid_c    mid_o  SL  TP   SPREAD  GAIN     LOSS  SIGNAL
107  EUR_CHF 2023-12-22 06:08:00+00:00  0.94262  0.94260   0   0  0.00015   NaN  0.94262       0
108  EUR_CHF 2023-12-22 06:09:00+00:00  0.94268  0.94264   0   0  0.00017   NaN  0.94268       0
109  EUR_CHF 2023-12-22 06:10:00+00:00  0.94266  0.94268   0   0  0.00019   NaN  0.94266       0
110  EUR_CHF 2023-12-22 06:11:00+00:00  0.94266  0.94268   0   0  0.00016   NaN  0.94266       0
111  EUR_CHF 2023-12-22 06:12:00+00:00  0.94266  0.94267   0   0  0.00018   NaN  0.94266       0
2023-12-22 07:14:07 CandleManager() new candle:last_candle:23-12-22 06:13 is_ready:True
2023-12-22 07:14:12 tech_manager: max_rows:113 candle_time:2023-12-22 06:13:00+00:00 granularity:M1
2023-12-22 07:14:12 process_candles:
        PAIR                      time    mid_c    mid_o  SL  TP   SPREAD      GAIN     LOSS  SIGNAL
107  EUR_CHF 2023-12-22 06:09:00+00:00  0.94268  0.94264   0   0  0.00017       NaN  0.94268       0
108  EUR_CHF 2023-12-22 06:10:00+00:00  0.94266  0.94268   0   0  0.00019       NaN  0.94266       0
109  EUR_CHF 2023-12-22 06:11:00+00:00  0.94266  0.94268   0   0  0.00016       NaN  0.94266       0
110  EUR_CHF 2023-12-22 06:12:00+00:00  0.94266  0.94267   0   0  0.00018       NaN  0.94266       0
111  EUR_CHF 2023-12-22 06:13:00+00:00  0.94268  0.94265   0   0  0.00015  0.558775  0.94268       0
2023-12-22 07:15:09 CandleManager() new candle:last_candle:23-12-22 06:14 is_ready:True
2023-12-22 07:15:12 tech_manager: max_rows:113 candle_time:2023-12-22 06:14:00+00:00 granularity:M1
2023-12-22 07:15:13 process_candles:
        PAIR                      time    mid_c    mid_o  SL  TP   SPREAD      GAIN     LOSS  SIGNAL
107  EUR_CHF 2023-12-22 06:10:00+00:00  0.94266  0.94268   0   0  0.00019       NaN  0.94266       0
108  EUR_CHF 2023-12-22 06:11:00+00:00  0.94266  0.94268   0   0  0.00016       NaN  0.94266       0
109  EUR_CHF 2023-12-22 06:12:00+00:00  0.94266  0.94267   0   0  0.00018       NaN  0.94266       0
110  EUR_CHF 2023-12-22 06:13:00+00:00  0.94268  0.94265   0   0  0.00015  0.558775  0.94268       0
111  EUR_CHF 2023-12-22 06:14:00+00:00  0.94266  0.94268   0   0  0.00017  0.543824  0.94266       0
2023-12-22 07:16:10 CandleManager() new candle:last_candle:23-12-22 06:15 is_ready:True
2023-12-22 07:16:15 tech_manager: max_rows:113 candle_time:2023-12-22 06:15:00+00:00 granularity:M1
2023-12-22 07:16:15 process_candles:
        PAIR                      time    mid_c    mid_o  SL  TP   SPREAD      GAIN     LOSS  SIGNAL
107  EUR_CHF 2023-12-22 06:11:00+00:00  0.94266  0.94268   0   0  0.00016       NaN  0.94266       0
108  EUR_CHF 2023-12-22 06:12:00+00:00  0.94266  0.94267   0   0  0.00018       NaN  0.94266       0
109  EUR_CHF 2023-12-22 06:13:00+00:00  0.94268  0.94265   0   0  0.00015  0.558775  0.94268       0
110  EUR_CHF 2023-12-22 06:14:00+00:00  0.94266  0.94268   0   0  0.00017  0.543824  0.94266       0
111  EUR_CHF 2023-12-22 06:15:00+00:00  0.94271  0.94266   0   0  0.00016  0.513680  0.94271       0
2023-12-22 07:17:14 CandleManager() new candle:last_candle:23-12-22 06:16 is_ready:True
2023-12-22 07:17:19 tech_manager: max_rows:113 candle_time:2023-12-22 06:16:00+00:00 granularity:M1
2023-12-22 07:17:19 process_candles:
        PAIR                      time    mid_c    mid_o  SL  TP   SPREAD      GAIN     LOSS  SIGNAL
107  EUR_CHF 2023-12-22 06:12:00+00:00  0.94266  0.94267   0   0  0.00018       NaN  0.94266       0
108  EUR_CHF 2023-12-22 06:13:00+00:00  0.94268  0.94265   0   0  0.00015  0.558775  0.94268       0
109  EUR_CHF 2023-12-22 06:14:00+00:00  0.94266  0.94268   0   0  0.00017  0.543824  0.94266       0
110  EUR_CHF 2023-12-22 06:15:00+00:00  0.94271  0.94266   0   0  0.00016  0.513680  0.94271       0
111  EUR_CHF 2023-12-22 06:16:00+00:00  0.94273  0.94272   0   0  0.00016  0.522082  0.94273       0
2023-12-22 07:18:16 CandleManager() new candle:last_candle:23-12-22 06:17 is_ready:True
2023-12-22 07:18:21 tech_manager: max_rows:113 candle_time:2023-12-22 06:17:00+00:00 granularity:M1
2023-12-22 07:18:21 process_candles:
        PAIR                      time    mid_c    mid_o  SL  TP   SPREAD      GAIN     LOSS  SIGNAL
107  EUR_CHF 2023-12-22 06:13:00+00:00  0.94268  0.94265   0   0  0.00015  0.558775  0.94268       0
108  EUR_CHF 2023-12-22 06:14:00+00:00  0.94266  0.94268   0   0  0.00017  0.543824  0.94266       0
109  EUR_CHF 2023-12-22 06:15:00+00:00  0.94271  0.94266   0   0  0.00016  0.513680  0.94271       0
110  EUR_CHF 2023-12-22 06:16:00+00:00  0.94273  0.94272   0   0  0.00016  0.522082  0.94273       0
111  EUR_CHF 2023-12-22 06:17:00+00:00  0.94272  0.94274   0   0  0.00016  0.533768  0.94272       0
2023-12-22 07:19:02 CandleManager() new candle:last_candle:23-12-22 06:18 is_ready:True
2023-12-22 07:19:07 tech_manager: max_rows:113 candle_time:2023-12-22 06:18:00+00:00 granularity:M1
2023-12-22 07:19:08 process_candles:
        PAIR                      time    mid_c    mid_o  SL  TP   SPREAD      GAIN     LOSS  SIGNAL
107  EUR_CHF 2023-12-22 06:14:00+00:00  0.94266  0.94268   0   0  0.00017  0.543824  0.94266       0
108  EUR_CHF 2023-12-22 06:15:00+00:00  0.94271  0.94266   0   0  0.00016  0.513680  0.94271       0
109  EUR_CHF 2023-12-22 06:16:00+00:00  0.94273  0.94272   0   0  0.00016  0.522082  0.94273       0
110  EUR_CHF 2023-12-22 06:17:00+00:00  0.94272  0.94274   0   0  0.00016  0.533768  0.94272       0
111  EUR_CHF 2023-12-22 06:18:00+00:00  0.94266  0.94271   0   0  0.00019  0.545307  0.94266       0
2023-12-22 07:20:05 CandleManager() new candle:last_candle:23-12-22 06:19 is_ready:True
2023-12-22 07:20:10 tech_manager: max_rows:113 candle_time:2023-12-22 06:19:00+00:00 granularity:M1
2023-12-22 07:20:10 process_candles:
        PAIR                      time    mid_c    mid_o  SL  TP   SPREAD      GAIN     LOSS  SIGNAL
107  EUR_CHF 2023-12-22 06:15:00+00:00  0.94271  0.94266   0   0  0.00016  0.513680  0.94271       0
108  EUR_CHF 2023-12-22 06:16:00+00:00  0.94273  0.94272   0   0  0.00016  0.522082  0.94273       0
109  EUR_CHF 2023-12-22 06:17:00+00:00  0.94272  0.94274   0   0  0.00016  0.533768  0.94272       0
110  EUR_CHF 2023-12-22 06:18:00+00:00  0.94266  0.94271   0   0  0.00019  0.545307  0.94266       0
111  EUR_CHF 2023-12-22 06:19:00+00:00  0.94260  0.94264   0   0  0.00016  0.566868  0.94260       0
2023-12-22 07:21:07 CandleManager() new candle:last_candle:23-12-22 06:20 is_ready:True
2023-12-22 07:21:13 tech_manager: max_rows:113 candle_time:2023-12-22 06:20:00+00:00 granularity:M1
2023-12-22 07:21:13 process_candles:
        PAIR                      time    mid_c    mid_o  SL  TP   SPREAD      GAIN     LOSS  SIGNAL
107  EUR_CHF 2023-12-22 06:16:00+00:00  0.94273  0.94272   0   0  0.00016  0.522082  0.94273       0
108  EUR_CHF 2023-12-22 06:17:00+00:00  0.94272  0.94274   0   0  0.00016  0.533768  0.94272       0
109  EUR_CHF 2023-12-22 06:18:00+00:00  0.94266  0.94271   0   0  0.00019  0.545307  0.94266       0
110  EUR_CHF 2023-12-22 06:19:00+00:00  0.94260  0.94264   0   0  0.00016  0.566868  0.94260       0
111  EUR_CHF 2023-12-22 06:20:00+00:00  0.94256  0.94260   0   0  0.00018  0.598271  0.94256       0
2023-12-22 07:22:10 CandleManager() new candle:last_candle:23-12-22 06:21 is_ready:True
2023-12-22 07:22:15 tech_manager: max_rows:113 candle_time:2023-12-22 06:21:00+00:00 granularity:M1
2023-12-22 07:22:15 process_candles:
        PAIR                      time    mid_c    mid_o  SL  TP   SPREAD      GAIN     LOSS  SIGNAL
108  EUR_CHF 2023-12-22 06:17:00+00:00  0.94272  0.94274   0   0  0.00016  0.533768  0.94272       0
109  EUR_CHF 2023-12-22 06:18:00+00:00  0.94266  0.94271   0   0  0.00019  0.545307  0.94266       0
110  EUR_CHF 2023-12-22 06:19:00+00:00  0.94260  0.94264   0   0  0.00016  0.566868  0.94260       0
111  EUR_CHF 2023-12-22 06:20:00+00:00  0.94256  0.94260   0   0  0.00018  0.598271  0.94256       0
112  EUR_CHF 2023-12-22 06:21:00+00:00  0.94256  0.94256   0   0  0.00018  0.580131  0.94256       0
2023-12-22 07:23:10 CandleManager() new candle:last_candle:23-12-22 06:22 is_ready:True
2023-12-22 07:23:14 tech_manager: max_rows:113 candle_time:2023-12-22 06:22:00+00:00 granularity:M1
2023-12-22 07:23:14 process_candles:
        PAIR                      time    mid_c    mid_o  SL  TP   SPREAD      GAIN     LOSS  SIGNAL
107  EUR_CHF 2023-12-22 06:18:00+00:00  0.94266  0.94271   0   0  0.00019  0.545307  0.94266       0
108  EUR_CHF 2023-12-22 06:19:00+00:00  0.94260  0.94264   0   0  0.00016  0.566868  0.94260       0
109  EUR_CHF 2023-12-22 06:20:00+00:00  0.94256  0.94260   0   0  0.00018  0.598271  0.94256       0
110  EUR_CHF 2023-12-22 06:21:00+00:00  0.94256  0.94256   0   0  0.00018  0.580131  0.94256       0
111  EUR_CHF 2023-12-22 06:22:00+00:00  0.94253  0.94256   0   0  0.00016  0.588862  0.94253       0
2023-12-22 07:24:09 CandleManager() new candle:last_candle:23-12-22 06:23 is_ready:True
2023-12-22 07:24:14 tech_manager: max_rows:113 candle_time:2023-12-22 06:23:00+00:00 granularity:M1
2023-12-22 07:24:14 process_candles:
        PAIR                      time    mid_c    mid_o  SL  TP   SPREAD      GAIN     LOSS  SIGNAL
107  EUR_CHF 2023-12-22 06:19:00+00:00  0.94260  0.94264   0   0  0.00016  0.566868  0.94260       0
108  EUR_CHF 2023-12-22 06:20:00+00:00  0.94256  0.94260   0   0  0.00018  0.598271  0.94256       0
109  EUR_CHF 2023-12-22 06:21:00+00:00  0.94256  0.94256   0   0  0.00018  0.580131  0.94256       0
110  EUR_CHF 2023-12-22 06:22:00+00:00  0.94253  0.94256   0   0  0.00016  0.588862  0.94253       0
111  EUR_CHF 2023-12-22 06:23:00+00:00  0.94253  0.94254   0   0  0.00018  0.545787  0.94253       0
2023-12-22 07:25:12 CandleManager() new candle:last_candle:23-12-22 06:24 is_ready:True
2023-12-22 07:25:17 tech_manager: max_rows:113 candle_time:2023-12-22 06:24:00+00:00 granularity:M1
2023-12-22 07:25:18 process_candles:
        PAIR                      time    mid_c    mid_o  SL  TP   SPREAD      GAIN     LOSS  SIGNAL
107  EUR_CHF 2023-12-22 06:20:00+00:00  0.94256  0.94260   0   0  0.00018  0.598271  0.94256       0
108  EUR_CHF 2023-12-22 06:21:00+00:00  0.94256  0.94256   0   0  0.00018  0.580131  0.94256       0
109  EUR_CHF 2023-12-22 06:22:00+00:00  0.94253  0.94256   0   0  0.00016  0.588862  0.94253       0
110  EUR_CHF 2023-12-22 06:23:00+00:00  0.94253  0.94254   0   0  0.00018  0.545787  0.94253       0
111  EUR_CHF 2023-12-22 06:24:00+00:00  0.94253  0.94252   0   0  0.00018  0.546716  0.94253       0
2023-12-22 07:26:15 CandleManager() new candle:last_candle:23-12-22 06:25 is_ready:True
2023-12-22 07:26:20 tech_manager: max_rows:113 candle_time:2023-12-22 06:25:00+00:00 granularity:M1
2023-12-22 07:26:20 process_candles:
        PAIR                      time    mid_c    mid_o  SL  TP   SPREAD      GAIN     LOSS  SIGNAL
107  EUR_CHF 2023-12-22 06:21:00+00:00  0.94256  0.94256   0   0  0.00018  0.580131  0.94256       0
108  EUR_CHF 2023-12-22 06:22:00+00:00  0.94253  0.94256   0   0  0.00016  0.588862  0.94253       0
109  EUR_CHF 2023-12-22 06:23:00+00:00  0.94253  0.94254   0   0  0.00018  0.545787  0.94253       0
110  EUR_CHF 2023-12-22 06:24:00+00:00  0.94253  0.94252   0   0  0.00018  0.546716  0.94253       0
111  EUR_CHF 2023-12-22 06:25:00+00:00  0.94252  0.94254   0   0  0.00020  0.522689  0.94252       0
2023-12-22 07:27:18 CandleManager() new candle:last_candle:23-12-22 06:26 is_ready:True
2023-12-22 07:27:23 tech_manager: max_rows:113 candle_time:2023-12-22 06:26:00+00:00 granularity:M1
2023-12-22 07:27:23 process_candles:
        PAIR                      time    mid_c    mid_o  SL  TP   SPREAD      GAIN     LOSS  SIGNAL
108  EUR_CHF 2023-12-22 06:22:00+00:00  0.94253  0.94256   0   0  0.00016  0.588862  0.94253       0
109  EUR_CHF 2023-12-22 06:23:00+00:00  0.94253  0.94254   0   0  0.00018  0.545787  0.94253       0
110  EUR_CHF 2023-12-22 06:24:00+00:00  0.94253  0.94252   0   0  0.00018  0.546716  0.94253       0
111  EUR_CHF 2023-12-22 06:25:00+00:00  0.94252  0.94254   0   0  0.00020  0.522689  0.94252       0
112  EUR_CHF 2023-12-22 06:26:00+00:00  0.94260  0.94251   0   0  0.00017  0.485875  0.94260       0
2023-12-22 07:28:20 CandleManager() new candle:last_candle:23-12-22 06:27 is_ready:True
2023-12-22 07:28:25 tech_manager: max_rows:113 candle_time:2023-12-22 06:27:00+00:00 granularity:M1
2023-12-22 07:28:26 process_candles:
        PAIR                      time    mid_c    mid_o  SL  TP   SPREAD      GAIN     LOSS  SIGNAL
107  EUR_CHF 2023-12-22 06:23:00+00:00  0.94253  0.94254   0   0  0.00018  0.545787  0.94253       0
108  EUR_CHF 2023-12-22 06:24:00+00:00  0.94253  0.94252   0   0  0.00018  0.546716  0.94253       0
109  EUR_CHF 2023-12-22 06:25:00+00:00  0.94252  0.94254   0   0  0.00020  0.522689  0.94252       0
110  EUR_CHF 2023-12-22 06:26:00+00:00  0.94260  0.94251   0   0  0.00017  0.485875  0.94260       0
111  EUR_CHF 2023-12-22 06:27:00+00:00  0.94262  0.94262   0   0  0.00019  0.512522  0.94262       0
2023-12-22 07:29:04 CandleManager() new candle:last_candle:23-12-22 06:28 is_ready:True
2023-12-22 07:29:09 tech_manager: max_rows:113 candle_time:2023-12-22 06:28:00+00:00 granularity:M1
2023-12-22 07:29:10 process_candles:
        PAIR                      time    mid_c    mid_o  SL  TP   SPREAD      GAIN     LOSS  SIGNAL
107  EUR_CHF 2023-12-22 06:24:00+00:00  0.94253  0.94252   0   0  0.00018  0.546716  0.94253       0
108  EUR_CHF 2023-12-22 06:25:00+00:00  0.94252  0.94254   0   0  0.00020  0.522689  0.94252       0
109  EUR_CHF 2023-12-22 06:26:00+00:00  0.94260  0.94251   0   0  0.00017  0.485875  0.94260       0
110  EUR_CHF 2023-12-22 06:27:00+00:00  0.94262  0.94262   0   0  0.00019  0.512522  0.94262       0
111  EUR_CHF 2023-12-22 06:28:00+00:00  0.94262  0.94262   0   0  0.00018  0.509188  0.94262       0
2023-12-22 07:30:07 CandleManager() new candle:last_candle:23-12-22 06:29 is_ready:True
2023-12-22 07:30:12 tech_manager: max_rows:113 candle_time:2023-12-22 06:29:00+00:00 granularity:M1
2023-12-22 07:30:12 process_candles:
        PAIR                      time    mid_c    mid_o  SL  TP   SPREAD      GAIN     LOSS  SIGNAL
108  EUR_CHF 2023-12-22 06:25:00+00:00  0.94252  0.94254   0   0  0.00020  0.522689  0.94252       0
109  EUR_CHF 2023-12-22 06:26:00+00:00  0.94260  0.94251   0   0  0.00017  0.485875  0.94260       0
110  EUR_CHF 2023-12-22 06:27:00+00:00  0.94262  0.94262   0   0  0.00019  0.512522  0.94262       0
111  EUR_CHF 2023-12-22 06:28:00+00:00  0.94262  0.94262   0   0  0.00018  0.509188  0.94262       0
112  EUR_CHF 2023-12-22 06:29:00+00:00  0.94264  0.94262   0   0  0.00017  0.514754  0.94264       0
2023-12-22 07:31:13 CandleManager() new candle:last_candle:23-12-22 06:30 is_ready:True
2023-12-22 07:31:15 tech_manager: max_rows:113 candle_time:2023-12-22 06:30:00+00:00 granularity:M1
2023-12-22 07:31:15 process_candles:
        PAIR                      time    mid_c    mid_o  SL  TP   SPREAD      GAIN     LOSS  SIGNAL
107  EUR_CHF 2023-12-22 06:26:00+00:00  0.94260  0.94251   0   0  0.00017  0.485875  0.94260       0
108  EUR_CHF 2023-12-22 06:27:00+00:00  0.94262  0.94262   0   0  0.00019  0.512522  0.94262       0
109  EUR_CHF 2023-12-22 06:28:00+00:00  0.94262  0.94262   0   0  0.00018  0.509188  0.94262       0
110  EUR_CHF 2023-12-22 06:29:00+00:00  0.94264  0.94262   0   0  0.00017  0.514754  0.94264       0
111  EUR_CHF 2023-12-22 06:30:00+00:00  0.94264  0.94265   0   0  0.00019  0.509461  0.94264       0
2023-12-22 07:32:03 CandleManager() new candle:last_candle:23-12-22 06:31 is_ready:True
