2023-12-21 21:19:23 LogWrapper init() ./logs/GBP_CHF.log
2023-12-21 21:19:23 {'bollinger_bands_settings': {'n_ma': 12.0, 'n_std': 2.5, 'maxspread': 0.0003, 'mingain': 0.0005, 'riskreward': 2.0}, 'ichimoku_cloud_settings': {'n1': 9.0, 'n2': 26.0, 'n3': 52.0}, 'cmf_settings': {'n_cmf': 20.0}}
2023-12-21 21:19:33 CandleManager() init last_candle:last_candle:23-12-21 20:18 is_ready:False
2023-12-21 21:20:02 CandleManager() new candle:last_candle:23-12-21 20:19 is_ready:True
2023-12-21 21:20:12 tech_manager: max_rows:113.0 candle_time:2023-12-21 20:19:00+00:00 granularity:M1
2023-12-21 21:20:12 process_candles:
        PAIR                      time    mid_c    mid_o   SL   TP   SPREAD      GAIN     LOSS  SIGNAL
107  GBP_CHF 2023-12-21 20:15:00+00:00  1.08692  1.08696  0.0  0.0  0.00021  0.605049  1.08692       0
108  GBP_CHF 2023-12-21 20:16:00+00:00  1.08698  1.08691  0.0  0.0  0.00023  0.563175  1.08698       0
109  GBP_CHF 2023-12-21 20:17:00+00:00  1.08700  1.08698  0.0  0.0  0.00023  0.524648  1.08700       0
110  GBP_CHF 2023-12-21 20:18:00+00:00  1.08705  1.08699  0.0  0.0  0.00022  0.500384  1.08705       0
111  GBP_CHF 2023-12-21 20:19:00+00:00  1.08704  1.08704  0.0  0.0  0.00020  0.531637  1.08704       0
2023-12-21 21:21:24 CandleManager() new candle:last_candle:23-12-21 20:20 is_ready:True
2023-12-21 21:21:33 tech_manager: max_rows:113.0 candle_time:2023-12-21 20:20:00+00:00 granularity:M1
2023-12-21 21:21:33 process_candles:
        PAIR                      time    mid_c    mid_o   SL   TP   SPREAD      GAIN     LOSS  SIGNAL
107  GBP_CHF 2023-12-21 20:16:00+00:00  1.08698  1.08691  0.0  0.0  0.00023  0.563175  1.08698       0
108  GBP_CHF 2023-12-21 20:17:00+00:00  1.08700  1.08698  0.0  0.0  0.00023  0.524648  1.08700       0
109  GBP_CHF 2023-12-21 20:18:00+00:00  1.08705  1.08699  0.0  0.0  0.00022  0.500384  1.08705       0
110  GBP_CHF 2023-12-21 20:19:00+00:00  1.08704  1.08704  0.0  0.0  0.00020  0.531637  1.08704       0
111  GBP_CHF 2023-12-21 20:20:00+00:00  1.08702  1.08705  0.0  0.0  0.00022  0.518434  1.08702       0
2023-12-21 21:22:03 CandleManager() new candle:last_candle:23-12-21 20:21 is_ready:True
2023-12-21 21:22:12 tech_manager: max_rows:113.0 candle_time:2023-12-21 20:21:00+00:00 granularity:M1
2023-12-21 21:22:12 process_candles:
        PAIR                      time    mid_c    mid_o   SL   TP   SPREAD      GAIN     LOSS  SIGNAL
107  GBP_CHF 2023-12-21 20:17:00+00:00  1.08700  1.08698  0.0  0.0  0.00023  0.524648  1.08700       0
108  GBP_CHF 2023-12-21 20:18:00+00:00  1.08705  1.08699  0.0  0.0  0.00022  0.500384  1.08705       0
109  GBP_CHF 2023-12-21 20:19:00+00:00  1.08704  1.08704  0.0  0.0  0.00020  0.531637  1.08704       0
110  GBP_CHF 2023-12-21 20:20:00+00:00  1.08702  1.08705  0.0  0.0  0.00022  0.518434  1.08702       0
111  GBP_CHF 2023-12-21 20:21:00+00:00  1.08700  1.08698  0.0  0.0  0.00023  0.539760  1.08700       0
