2023-12-21 21:19:23 LogWrapper init() ./logs/GBP_USD.log
2023-12-21 21:19:23 {'bollinger_bands_settings': {'n_ma': 12.0, 'n_std': 2.5, 'maxspread': 0.0003, 'mingain': 0.0005, 'riskreward': 2.0}, 'ichimoku_cloud_settings': {'n1': 9.0, 'n2': 26.0, 'n3': 52.0}, 'cmf_settings': {'n_cmf': 20.0}}
2023-12-21 21:19:33 CandleManager() init last_candle:last_candle:23-12-21 20:18 is_ready:False
2023-12-21 21:20:07 CandleManager() new candle:last_candle:23-12-21 20:19 is_ready:True
2023-12-21 21:20:12 tech_manager: max_rows:113.0 candle_time:2023-12-21 20:19:00+00:00 granularity:M1
2023-12-21 21:20:12 process_candles:
        PAIR                      time    mid_c    mid_o   SL   TP   SPREAD      GAIN     LOSS  SIGNAL
107  GBP_USD 2023-12-21 20:15:00+00:00  1.26812  1.26822  0.0  0.0  0.00017  0.714040  1.26812       0
108  GBP_USD 2023-12-21 20:16:00+00:00  1.26825  1.26811  0.0  0.0  0.00016  0.694760  1.26825       0
109  GBP_USD 2023-12-21 20:17:00+00:00  1.26821  1.26826  0.0  0.0  0.00018  0.675493  1.26821       0
110  GBP_USD 2023-12-21 20:18:00+00:00  1.26826  1.26822  0.0  0.0  0.00021  0.684128  1.26826       0
111  GBP_USD 2023-12-21 20:19:00+00:00  1.26828  1.26824  0.0  0.0  0.00021  0.671175  1.26828       0
2023-12-21 21:21:05 CandleManager() new candle:last_candle:23-12-21 20:20 is_ready:True
2023-12-21 21:21:12 tech_manager: max_rows:113.0 candle_time:2023-12-21 20:20:00+00:00 granularity:M1
2023-12-21 21:21:12 process_candles:
        PAIR                      time    mid_c    mid_o   SL   TP   SPREAD      GAIN     LOSS  SIGNAL
107  GBP_USD 2023-12-21 20:16:00+00:00  1.26825  1.26811  0.0  0.0  0.00016  0.694760  1.26825       0
108  GBP_USD 2023-12-21 20:17:00+00:00  1.26821  1.26826  0.0  0.0  0.00018  0.675493  1.26821       0
109  GBP_USD 2023-12-21 20:18:00+00:00  1.26826  1.26822  0.0  0.0  0.00021  0.684128  1.26826       0
110  GBP_USD 2023-12-21 20:19:00+00:00  1.26828  1.26824  0.0  0.0  0.00021  0.671175  1.26828       0
111  GBP_USD 2023-12-21 20:20:00+00:00  1.26834  1.26828  0.0  0.0  0.00017  0.668814  1.26834       0
2023-12-21 21:22:07 CandleManager() new candle:last_candle:23-12-21 20:21 is_ready:True
2023-12-21 21:22:12 tech_manager: max_rows:113.0 candle_time:2023-12-21 20:21:00+00:00 granularity:M1
2023-12-21 21:22:13 process_candles:
        PAIR                      time    mid_c    mid_o   SL   TP   SPREAD      GAIN     LOSS  SIGNAL
107  GBP_USD 2023-12-21 20:17:00+00:00  1.26821  1.26826  0.0  0.0  0.00018  0.675493  1.26821       0
108  GBP_USD 2023-12-21 20:18:00+00:00  1.26826  1.26822  0.0  0.0  0.00021  0.684128  1.26826       0
109  GBP_USD 2023-12-21 20:19:00+00:00  1.26828  1.26824  0.0  0.0  0.00021  0.671175  1.26828       0
110  GBP_USD 2023-12-21 20:20:00+00:00  1.26834  1.26828  0.0  0.0  0.00017  0.668814  1.26834       0
111  GBP_USD 2023-12-21 20:21:00+00:00  1.26821  1.26835  0.0  0.0  0.00018  0.705730  1.26821       0
