2023-12-22 00:44:28 LogWrapper init() ./logs/GBP_JPY.log
2023-12-22 00:44:28 TradeSettings(pair=GBP_JPY, bollinger_bands={'n_ma': 12, 'n_std': 2.5, 'maxspread': 0.04, 'mingain': 0.06, 'riskreward': 2.0}, ichimoku_cloud={'n1': 9, 'n2': 26, 'n3': 52}, cmf={'n_cmf': 20}, atr_settings={'n_atr': 14, 'tp_multiplier': 1.5, 'sl_multiplier': 1.0})
2023-12-22 00:44:37 CandleManager() init last_candle:last_candle:23-12-21 23:43 is_ready:False
2023-12-22 00:45:07 CandleManager() new candle:last_candle:23-12-21 23:44 is_ready:True
2023-12-22 00:45:08 tech_manager: max_rows:113 candle_time:2023-12-21 23:44:00+00:00 granularity:M1
2023-12-22 00:45:09 process_candles:
        PAIR                      time    mid_c    mid_o   SL   TP  SPREAD       GAIN     LOSS  SIGNAL
107  GBP_JPY 2023-12-21 23:40:00+00:00  180.334  180.336  0.0  0.0   0.039  90.226257  180.334       0
108  GBP_JPY 2023-12-21 23:41:00+00:00  180.322  180.330  0.0  0.0   0.037  90.247850  180.322       0
109  GBP_JPY 2023-12-21 23:42:00+00:00  180.328  180.322  0.0  0.0   0.038  90.224741  180.328       0
110  GBP_JPY 2023-12-21 23:43:00+00:00  180.326  180.328  0.0  0.0   0.038  90.196298  180.326       0
111  GBP_JPY 2023-12-21 23:44:00+00:00  180.315  180.326  0.0  0.0   0.034  90.239431  180.315       0
2023-12-22 00:46:05 CandleManager() new candle:last_candle:23-12-21 23:45 is_ready:True
2023-12-22 00:46:06 tech_manager: max_rows:113 candle_time:2023-12-21 23:45:00+00:00 granularity:M1
2023-12-22 00:46:06 process_candles:
        PAIR                      time    mid_c    mid_o   SL   TP  SPREAD       GAIN     LOSS  SIGNAL
107  GBP_JPY 2023-12-21 23:41:00+00:00  180.322  180.330  0.0  0.0   0.037  90.247850  180.322       0
108  GBP_JPY 2023-12-21 23:42:00+00:00  180.328  180.322  0.0  0.0   0.038  90.224741  180.328       0
109  GBP_JPY 2023-12-21 23:43:00+00:00  180.326  180.328  0.0  0.0   0.038  90.196298  180.326       0
110  GBP_JPY 2023-12-21 23:44:00+00:00  180.315  180.326  0.0  0.0   0.034  90.239431  180.315       0
111  GBP_JPY 2023-12-21 23:45:00+00:00  180.287  180.318  0.0  0.0   0.034  90.271433  180.287       0
2023-12-22 00:47:06 CandleManager() new candle:last_candle:23-12-21 23:46 is_ready:True
2023-12-22 00:47:11 tech_manager: max_rows:113 candle_time:2023-12-21 23:46:00+00:00 granularity:M1
2023-12-22 00:47:12 process_candles:
        PAIR                      time    mid_c    mid_o   SL   TP  SPREAD       GAIN     LOSS  SIGNAL
107  GBP_JPY 2023-12-21 23:42:00+00:00  180.328  180.322  0.0  0.0   0.038  90.224741  180.328       0
108  GBP_JPY 2023-12-21 23:43:00+00:00  180.326  180.328  0.0  0.0   0.038  90.196298  180.326       0
109  GBP_JPY 2023-12-21 23:44:00+00:00  180.315  180.326  0.0  0.0   0.034  90.239431  180.315       0
110  GBP_JPY 2023-12-21 23:45:00+00:00  180.287  180.318  0.0  0.0   0.034  90.271433  180.287       0
111  GBP_JPY 2023-12-21 23:46:00+00:00  180.290  180.284  0.0  0.0   0.033  90.236824  180.290       0
2023-12-22 00:48:04 CandleManager() new candle:last_candle:23-12-21 23:47 is_ready:True
2023-12-22 00:48:07 tech_manager: max_rows:113 candle_time:2023-12-21 23:47:00+00:00 granularity:M1
2023-12-22 00:48:07 process_candles:
        PAIR                      time    mid_c    mid_o   SL   TP  SPREAD       GAIN     LOSS  SIGNAL
107  GBP_JPY 2023-12-21 23:43:00+00:00  180.326  180.328  0.0  0.0   0.038  90.196298  180.326       0
108  GBP_JPY 2023-12-21 23:44:00+00:00  180.315  180.326  0.0  0.0   0.034  90.239431  180.315       0
109  GBP_JPY 2023-12-21 23:45:00+00:00  180.287  180.318  0.0  0.0   0.034  90.271433  180.287       0
110  GBP_JPY 2023-12-21 23:46:00+00:00  180.290  180.284  0.0  0.0   0.033  90.236824  180.290       0
111  GBP_JPY 2023-12-21 23:47:00+00:00  180.294  180.286  0.0  0.0   0.037  90.217715  180.294       0
2023-12-22 00:49:18 CandleManager() new candle:last_candle:23-12-21 23:48 is_ready:True
2023-12-22 00:49:27 tech_manager: max_rows:113 candle_time:2023-12-21 23:48:00+00:00 granularity:M1
2023-12-22 00:49:27 process_candles:
        PAIR                      time    mid_c    mid_o   SL   TP  SPREAD       GAIN     LOSS  SIGNAL
107  GBP_JPY 2023-12-21 23:44:00+00:00  180.315  180.326  0.0  0.0   0.034  90.239431  180.315       0
108  GBP_JPY 2023-12-21 23:45:00+00:00  180.287  180.318  0.0  0.0   0.034  90.271433  180.287       0
109  GBP_JPY 2023-12-21 23:46:00+00:00  180.290  180.284  0.0  0.0   0.033  90.236824  180.290       0
110  GBP_JPY 2023-12-21 23:47:00+00:00  180.294  180.286  0.0  0.0   0.037  90.217715  180.294       0
111  GBP_JPY 2023-12-21 23:48:00+00:00  180.263  180.295  0.0  0.0   0.038  90.235638  180.263       0
2023-12-22 00:50:14 CandleManager() new candle:last_candle:23-12-21 23:49 is_ready:True
2023-12-22 00:50:15 tech_manager: max_rows:113 candle_time:2023-12-21 23:49:00+00:00 granularity:M1
2023-12-22 00:50:20 process_candles:
        PAIR                      time    mid_c    mid_o   SL   TP  SPREAD       GAIN     LOSS  SIGNAL
107  GBP_JPY 2023-12-21 23:45:00+00:00  180.287  180.318  0.0  0.0   0.034  90.271433  180.287       0
108  GBP_JPY 2023-12-21 23:46:00+00:00  180.290  180.284  0.0  0.0   0.033  90.236824  180.290       0
109  GBP_JPY 2023-12-21 23:47:00+00:00  180.294  180.286  0.0  0.0   0.037  90.217715  180.294       0
110  GBP_JPY 2023-12-21 23:48:00+00:00  180.263  180.295  0.0  0.0   0.038  90.235638  180.263       0
111  GBP_JPY 2023-12-21 23:49:00+00:00  180.259  180.262  0.0  0.0   0.036  90.195063  180.259       0
2023-12-22 00:51:10 CandleManager() new candle:last_candle:23-12-21 23:50 is_ready:True
2023-12-22 00:51:11 tech_manager: max_rows:113 candle_time:2023-12-21 23:50:00+00:00 granularity:M1
2023-12-22 00:51:11 process_candles:
        PAIR                      time    mid_c    mid_o   SL   TP  SPREAD       GAIN     LOSS  SIGNAL
107  GBP_JPY 2023-12-21 23:46:00+00:00  180.290  180.284  0.0  0.0   0.033  90.236824  180.290       0
108  GBP_JPY 2023-12-21 23:47:00+00:00  180.294  180.286  0.0  0.0   0.037  90.217715  180.294       0
109  GBP_JPY 2023-12-21 23:48:00+00:00  180.263  180.295  0.0  0.0   0.038  90.235638  180.263       0
110  GBP_JPY 2023-12-21 23:49:00+00:00  180.259  180.262  0.0  0.0   0.036  90.195063  180.259       0
111  GBP_JPY 2023-12-21 23:50:00+00:00  180.275  180.260  0.0  0.0   0.040  90.215871  180.275       0
2023-12-22 00:52:01 CandleManager() new candle:last_candle:23-12-21 23:51 is_ready:True
2023-12-22 00:52:02 tech_manager: max_rows:113 candle_time:2023-12-21 23:51:00+00:00 granularity:M1
2023-12-22 00:52:02 process_candles:
        PAIR                      time    mid_c    mid_o   SL   TP  SPREAD       GAIN     LOSS  SIGNAL
107  GBP_JPY 2023-12-21 23:47:00+00:00  180.294  180.286  0.0  0.0   0.037  90.217715  180.294       0
108  GBP_JPY 2023-12-21 23:48:00+00:00  180.263  180.295  0.0  0.0   0.038  90.235638  180.263       0
109  GBP_JPY 2023-12-21 23:49:00+00:00  180.259  180.262  0.0  0.0   0.036  90.195063  180.259       0
110  GBP_JPY 2023-12-21 23:50:00+00:00  180.275  180.260  0.0  0.0   0.040  90.215871  180.275       0
111  GBP_JPY 2023-12-21 23:51:00+00:00  180.276  180.278  0.0  0.0   0.039  90.203094  180.276       0
