2023-12-21 21:19:23 LogWrapper init() ./logs/main.log
2023-12-21 21:19:23 Bot started with Trade Settings:
GBP_CHF Settings:
    GBP_CHF: {'bollinger_bands_settings': {'n_ma': 12.0, 'n_std': 2.5, 'maxspread': 0.0003, 'mingain': 0.0005, 'riskreward': 2.0}, 'ichimoku_cloud_settings': {'n1': 9.0, 'n2': 26.0, 'n3': 52.0}, 'cmf_settings': {'n_cmf': 20.0}}
EUR_CHF Settings:
    EUR_CHF: {'bollinger_bands_settings': {'n_ma': 12.0, 'n_std': 2.5, 'maxspread': 0.0003, 'mingain': 0.0005, 'riskreward': 2.0}, 'ichimoku_cloud_settings': {'n1': 9.0, 'n2': 26.0, 'n3': 52.0}, 'cmf_settings': {'n_cmf': 20.0}}
GBP_JPY Settings:
    GBP_JPY: {'bollinger_bands_settings': {'n_ma': 12.0, 'n_std': 2.5, 'maxspread': 0.04, 'mingain': 0.06, 'riskreward': 2.0}, 'ichimoku_cloud_settings': {'n1': 9.0, 'n2': 26.0, 'n3': 52.0}, 'cmf_settings': {'n_cmf': 20.0}}
GBP_USD Settings:
    GBP_USD: {'bollinger_bands_settings': {'n_ma': 12.0, 'n_std': 2.5, 'maxspread': 0.0003, 'mingain': 0.0005, 'riskreward': 2.0}, 'ichimoku_cloud_settings': {'n1': 9.0, 'n2': 26.0, 'n3': 52.0}, 'cmf_settings': {'n_cmf': 20.0}}
EUR_GBP Settings:
    EUR_GBP: {'bollinger_bands_settings': {'n_ma': 12.0, 'n_std': 2.5, 'maxspread': 0.0003, 'mingain': 0.0005, 'riskreward': 2.0}, 'ichimoku_cloud_settings': {'n1': 9.0, 'n2': 26.0, 'n3': 52.0}, 'cmf_settings': {'n_cmf': 20.0}}
USD_JPY Settings:
    USD_JPY: {'bollinger_bands_settings': {'n_ma': 12.0, 'n_std': 2.5, 'maxspread': 0.04, 'mingain': 0.06, 'riskreward': 2.0}, 'ichimoku_cloud_settings': {'n1': 9.0, 'n2': 26.0, 'n3': 52.0}, 'cmf_settings': {'n_cmf': 20.0}}
AUD_USD Settings:
    AUD_USD: {'bollinger_bands_settings': {'n_ma': 12.0, 'n_std': 2.5, 'maxspread': 0.0003, 'mingain': 0.0005, 'riskreward': 2.0}, 'ichimoku_cloud_settings': {'n1': 9.0, 'n2': 26.0, 'n3': 52.0}, 'cmf_settings': {'n_cmf': 20.0}}
NZD_USD Settings:
    NZD_USD: {'bollinger_bands_settings': {'n_ma': 12.0, 'n_std': 2.5, 'maxspread': 0.0003, 'mingain': 0.0005, 'riskreward': 2.0}, 'ichimoku_cloud_settings': {'n1': 9.0, 'n2': 26.0, 'n3': 52.0}, 'cmf_settings': {'n_cmf': 20.0}}
USD_CAD Settings:
    USD_CAD: {'bollinger_bands_settings': {'n_ma': 12.0, 'n_std': 2.5, 'maxspread': 0.0003, 'mingain': 0.0005, 'riskreward': 2.0}, 'ichimoku_cloud_settings': {'n1': 9.0, 'n2': 26.0, 'n3': 52.0}, 'cmf_settings': {'n_cmf': 20.0}}
AUD_JPY Settings:
    AUD_JPY: {'bollinger_bands_settings': {'n_ma': 12.0, 'n_std': 2.5, 'maxspread': 0.04, 'mingain': 0.06, 'riskreward': 2.0}, 'ichimoku_cloud_settings': {'n1': 9.0, 'n2': 26.0, 'n3': 52.0}, 'cmf_settings': {'n_cmf': 20.0}}

2023-12-21 21:19:33 Bot started
2023-12-21 21:20:12 process_candles triggered:['GBP_CHF', 'EUR_CHF', 'GBP_JPY', 'GBP_USD', 'EUR_GBP', 'USD_JPY', 'AUD_USD', 'NZD_USD', 'USD_CAD', 'AUD_JPY']
2023-12-21 21:21:12 process_candles triggered:['EUR_CHF', 'GBP_JPY', 'GBP_USD', 'EUR_GBP', 'USD_JPY', 'AUD_USD', 'NZD_USD', 'USD_CAD', 'AUD_JPY']
2023-12-21 21:21:33 process_candles triggered:['GBP_CHF']
2023-12-21 21:22:12 process_candles triggered:['GBP_CHF', 'EUR_CHF', 'GBP_JPY', 'GBP_USD', 'EUR_GBP', 'USD_JPY', 'AUD_USD', 'NZD_USD', 'USD_CAD', 'AUD_JPY']
2023-12-21 21:23:06 process_candles triggered:['GBP_USD', 'EUR_GBP', 'USD_JPY', 'AUD_USD', 'NZD_USD', 'USD_CAD', 'AUD_JPY']
2023-12-21 21:23:25 process_candles triggered:['GBP_CHF', 'EUR_CHF', 'GBP_JPY']
2023-12-21 21:24:04 process_candles triggered:['AUD_JPY']
2023-12-21 21:24:24 process_candles triggered:['GBP_CHF', 'EUR_CHF', 'GBP_JPY', 'GBP_USD', 'EUR_GBP', 'USD_JPY', 'AUD_USD', 'NZD_USD', 'USD_CAD']
2023-12-21 21:25:04 process_candles triggered:['AUD_USD', 'NZD_USD', 'USD_CAD', 'AUD_JPY']
2023-12-21 21:25:24 process_candles triggered:['GBP_CHF', 'EUR_CHF', 'GBP_JPY', 'GBP_USD', 'EUR_GBP', 'USD_JPY']
2023-12-21 21:26:04 process_candles triggered:['NZD_USD', 'USD_CAD', 'AUD_JPY']
2023-12-21 21:26:22 process_candles triggered:['GBP_CHF', 'EUR_CHF', 'GBP_JPY', 'GBP_USD', 'EUR_GBP', 'USD_JPY', 'AUD_USD']
2023-12-21 21:26:22 Place Trade: TradeDecision(pair=EUR_CHF, direction=-1, gain=0.4432, sl=1.1642, tp=0.4994)
2023-12-21 21:27:02 process_candles triggered:['USD_JPY', 'NZD_USD', 'USD_CAD', 'AUD_JPY']
2023-12-21 21:27:02 Place Trade: TradeDecision(pair=USD_JPY, direction=1, gain=71.2888, sl=106.5976, tp=213.5308)
2023-12-21 21:27:03 Place Trade: TradeDecision(pair=NZD_USD, direction=-1, gain=0.1914, sl=0.7243, tp=0.4372)
2023-12-21 21:27:23 process_candles triggered:['GBP_CHF', 'EUR_CHF', 'GBP_JPY', 'GBP_USD', 'EUR_GBP', 'AUD_USD']
2023-12-21 21:27:24 Place Trade: TradeDecision(pair=GBP_USD, direction=-1, gain=0.6107, sl=1.5740, tp=0.6579)
2023-12-21 21:27:24 Place Trade: TradeDecision(pair=AUD_USD, direction=-1, gain=0.2119, sl=0.7856, tp=0.4677)
2023-12-21 21:28:03 process_candles triggered:['USD_JPY', 'AUD_USD', 'NZD_USD', 'USD_CAD', 'AUD_JPY']
2023-12-21 21:28:04 Place Trade: TradeDecision(pair=AUD_USD, direction=-1, gain=0.1895, sl=0.7745, tp=0.4902)
2023-12-21 21:28:04 Place Trade: TradeDecision(pair=NZD_USD, direction=-1, gain=0.1652, sl=0.7112, tp=0.4634)
2023-12-21 21:28:24 process_candles triggered:['GBP_CHF', 'EUR_CHF', 'GBP_JPY', 'GBP_USD', 'EUR_GBP']
2023-12-21 21:28:25 Place Trade: TradeDecision(pair=EUR_GBP, direction=-1, gain=0.3173, sl=1.0258, tp=0.5499)
2023-12-21 21:29:04 process_candles triggered:['NZD_USD', 'USD_CAD', 'AUD_JPY']
2023-12-21 21:29:05 Place Trade: TradeDecision(pair=AUD_JPY, direction=-1, gain=48.3414, sl=120.8587, tp=48.3466)
