2023-12-21 21:32:55 LogWrapper init() ./logs/NZD_USD.log
2023-12-21 21:32:55 {'bollinger_bands_settings': {'n_ma': 12.0, 'n_std': 2.5, 'maxspread': 0.0003, 'mingain': 0.0005, 'riskreward': 2.0}, 'ichimoku_cloud_settings': {'n1': 9.0, 'n2': 26.0, 'n3': 52.0}, 'cmf_settings': {'n_cmf': 20.0}}
2023-12-21 21:33:05 CandleManager() init last_candle:last_candle:23-12-21 20:32 is_ready:False
2023-12-21 21:34:05 CandleManager() new candle:last_candle:23-12-21 20:33 is_ready:True
2023-12-21 21:34:06 tech_manager: max_rows:113.0 candle_time:2023-12-21 20:33:00+00:00 granularity:M1
2023-12-21 21:34:07 process_candles:
        PAIR                      time    mid_c    mid_o   SL   TP   SPREAD      GAIN     LOSS  SIGNAL
107  NZD_USD 2023-12-21 20:29:00+00:00  0.62874  0.62867  0.0  0.0  0.00015  0.176642  0.62874       0
108  NZD_USD 2023-12-21 20:30:00+00:00  0.62877  0.62878  0.0  0.0  0.00014  0.179592  0.62877       0
109  NZD_USD 2023-12-21 20:31:00+00:00  0.62874  0.62877  0.0  0.0  0.00015  0.213455  0.62874       0
110  NZD_USD 2023-12-21 20:32:00+00:00  0.62874  0.62874  0.0  0.0  0.00015  0.207684  0.62874       0
111  NZD_USD 2023-12-21 20:33:00+00:00  0.62873  0.62872  0.0  0.0  0.00014  0.164486  0.62873       0
2023-12-21 21:35:07 CandleManager() new candle:last_candle:23-12-21 20:34 is_ready:True
2023-12-21 21:35:08 tech_manager: max_rows:113.0 candle_time:2023-12-21 20:34:00+00:00 granularity:M1
2023-12-21 21:35:09 process_candles:
        PAIR                      time    mid_c    mid_o   SL   TP   SPREAD      GAIN     LOSS  SIGNAL
107  NZD_USD 2023-12-21 20:30:00+00:00  0.62877  0.62878  0.0  0.0  0.00014  0.179592  0.62877       0
108  NZD_USD 2023-12-21 20:31:00+00:00  0.62874  0.62877  0.0  0.0  0.00015  0.213455  0.62874       0
109  NZD_USD 2023-12-21 20:32:00+00:00  0.62874  0.62874  0.0  0.0  0.00015  0.207684  0.62874       0
110  NZD_USD 2023-12-21 20:33:00+00:00  0.62873  0.62872  0.0  0.0  0.00014  0.164486  0.62873       0
111  NZD_USD 2023-12-21 20:34:00+00:00  0.62873  0.62873  0.0  0.0  0.00014  0.138679  0.62873       0
