2024-02-05 10:27:19 LogWrapper init() ./logs/PriceStreamer.log
2024-02-05 10:27:29 
2024-02-05 10:27:29 
  instrument                             time        ask        bid
0    GBP_CHF 2024-02-05 09:27:29.420517+00:00    1.09569    1.09549
1    EUR_CHF 2024-02-05 09:27:28.708934+00:00    0.93499    0.93482
2    GBP_JPY 2024-02-05 09:27:28.458337+00:00  187.23400  187.20100
3    GBP_USD 2024-02-05 09:27:29.528760+00:00    1.26121    1.26108
4    EUR_GBP 2024-02-05 09:27:27.977939+00:00    0.85340    0.85332
5    USD_CAD 2024-02-05 09:27:28.709179+00:00    1.34860    1.34841
6    AUD_JPY 2024-02-05 09:27:29.370404+00:00   96.53200   96.51300
7    USD_CHF 2024-02-05 09:27:29.411899+00:00    0.86880    0.86865
8    EUR_USD 2024-02-05 09:27:29.557743+00:00    1.07622    1.07614
2024-02-05 10:28:30 
2024-02-05 10:28:30 
  instrument                             time        ask        bid
0    GBP_CHF 2024-02-05 09:28:28.432340+00:00    1.09551    1.09528
1    EUR_CHF 2024-02-05 09:28:27.561742+00:00    0.93501    0.93485
2    GBP_JPY 2024-02-05 09:28:29.709600+00:00  187.20900  187.17700
3    GBP_USD 2024-02-05 09:28:28.458109+00:00    1.26095    1.26083
4    EUR_GBP 2024-02-05 09:28:27.911045+00:00    0.85352    0.85343
5    USD_CAD 2024-02-05 09:28:29.209250+00:00    1.34863    1.34843
6    AUD_JPY 2024-02-05 09:28:29.909228+00:00   96.52300   96.50500
7    USD_CHF 2024-02-05 09:28:28.831064+00:00    0.86885    0.86869
8    EUR_USD 2024-02-05 09:28:29.761587+00:00    1.07619    1.07609
2024-02-05 10:29:30 
2024-02-05 10:29:30 
  instrument                             time        ask        bid
0    GBP_CHF 2024-02-05 09:29:29.514597+00:00    1.09571    1.09546
1    EUR_CHF 2024-02-05 09:29:29.458530+00:00    0.93513    0.93497
2    GBP_JPY 2024-02-05 09:29:29.807308+00:00  187.21800  187.18400
3    GBP_USD 2024-02-05 09:29:29.776882+00:00    1.26094    1.26081
4    EUR_GBP 2024-02-05 09:29:29.518998+00:00    0.85351    0.85342
5    USD_CAD 2024-02-05 09:29:29.981442+00:00    1.34859    1.34842
6    AUD_JPY 2024-02-05 09:29:29.776566+00:00   96.52100   96.50200
7    USD_CHF 2024-02-05 09:29:29.662693+00:00    0.86899    0.86883
8    EUR_USD 2024-02-05 09:29:18.911696+00:00    1.07615    1.07606
2024-02-05 10:30:30 
2024-02-05 10:30:30 
  instrument                             time        ask        bid
0    GBP_CHF 2024-02-05 09:30:28.920436+00:00    1.09595    1.09575
1    EUR_CHF 2024-02-05 09:30:29.048208+00:00    0.93532    0.93513
2    GBP_JPY 2024-02-05 09:30:28.959559+00:00  187.25100  187.21600
3    GBP_USD 2024-02-05 09:30:28.920847+00:00    1.26131    1.26118
4    EUR_GBP 2024-02-05 09:30:27.660286+00:00    0.85345    0.85337
5    USD_CAD 2024-02-05 09:30:29.863755+00:00    1.34863    1.34843
6    AUD_JPY 2024-02-05 09:30:28.909171+00:00   96.51600   96.49800
7    USD_CHF 2024-02-05 09:30:29.958718+00:00    0.86896    0.86882
8    EUR_USD 2024-02-05 09:30:28.910183+00:00    1.07641    1.07633
