2023-12-22 00:44:28 LogWrapper init() ./logs/USD_CHF.log
2023-12-22 00:44:28 TradeSettings(pair=USD_CHF, bollinger_bands={'n_ma': 12, 'n_std': 2.5, 'maxspread': 0.0003, 'mingain': 0.0005, 'riskreward': 2.0}, ichimoku_cloud={'n1': 9, 'n2': 26, 'n3': 52}, cmf={'n_cmf': 20}, atr_settings={'n_atr': 14, 'tp_multiplier': 2.0, 'sl_multiplier': 1.0})
2023-12-22 00:44:37 CandleManager() init last_candle:last_candle:23-12-21 23:43 is_ready:False
2023-12-22 00:45:08 CandleManager() new candle:last_candle:23-12-21 23:44 is_ready:True
2023-12-22 00:45:13 tech_manager: max_rows:113 candle_time:2023-12-21 23:44:00+00:00 granularity:M1
2023-12-22 00:45:13 process_candles:
        PAIR                      time    mid_c    mid_o   SL   TP   SPREAD      GAIN     LOSS  SIGNAL
107  USD_CHF 2023-12-21 23:40:00+00:00  0.85617  0.85618  0.0  0.0  0.00016  0.490795  0.85617       0
108  USD_CHF 2023-12-21 23:41:00+00:00  0.85618  0.85617  0.0  0.0  0.00014  0.514383  0.85618       0
109  USD_CHF 2023-12-21 23:42:00+00:00  0.85605  0.85618  0.0  0.0  0.00016  0.527353  0.85605       0
110  USD_CHF 2023-12-21 23:43:00+00:00  0.85609  0.85607  0.0  0.0  0.00014  0.491740  0.85609       0
111  USD_CHF 2023-12-21 23:44:00+00:00  0.85604  0.85608  0.0  0.0  0.00015  0.510392  0.85604       0
2023-12-22 00:46:06 CandleManager() new candle:last_candle:23-12-21 23:45 is_ready:True
2023-12-22 00:46:11 tech_manager: max_rows:113 candle_time:2023-12-21 23:45:00+00:00 granularity:M1
2023-12-22 00:46:11 process_candles:
        PAIR                      time    mid_c    mid_o   SL   TP   SPREAD      GAIN     LOSS  SIGNAL
107  USD_CHF 2023-12-21 23:41:00+00:00  0.85618  0.85617  0.0  0.0  0.00014  0.514383  0.85618       0
108  USD_CHF 2023-12-21 23:42:00+00:00  0.85605  0.85618  0.0  0.0  0.00016  0.527353  0.85605       0
109  USD_CHF 2023-12-21 23:43:00+00:00  0.85609  0.85607  0.0  0.0  0.00014  0.491740  0.85609       0
110  USD_CHF 2023-12-21 23:44:00+00:00  0.85604  0.85608  0.0  0.0  0.00015  0.510392  0.85604       0
111  USD_CHF 2023-12-21 23:45:00+00:00  0.85607  0.85606  0.0  0.0  0.00016  0.491573  0.85607       0
2023-12-22 00:47:11 CandleManager() new candle:last_candle:23-12-21 23:46 is_ready:True
2023-12-22 00:47:14 tech_manager: max_rows:113 candle_time:2023-12-21 23:46:00+00:00 granularity:M1
2023-12-22 00:47:15 process_candles:
        PAIR                      time    mid_c    mid_o   SL   TP   SPREAD      GAIN     LOSS  SIGNAL
107  USD_CHF 2023-12-21 23:42:00+00:00  0.85605  0.85618  0.0  0.0  0.00016  0.527353  0.85605       0
108  USD_CHF 2023-12-21 23:43:00+00:00  0.85609  0.85607  0.0  0.0  0.00014  0.491740  0.85609       0
109  USD_CHF 2023-12-21 23:44:00+00:00  0.85604  0.85608  0.0  0.0  0.00015  0.510392  0.85604       0
110  USD_CHF 2023-12-21 23:45:00+00:00  0.85607  0.85606  0.0  0.0  0.00016  0.491573  0.85607       0
111  USD_CHF 2023-12-21 23:46:00+00:00  0.85608  0.85608  0.0  0.0  0.00015  0.495992  0.85608       0
2023-12-22 00:48:07 CandleManager() new candle:last_candle:23-12-21 23:47 is_ready:True
2023-12-22 00:48:08 tech_manager: max_rows:113 candle_time:2023-12-21 23:47:00+00:00 granularity:M1
2023-12-22 00:48:08 process_candles:
        PAIR                      time    mid_c    mid_o   SL   TP   SPREAD      GAIN     LOSS  SIGNAL
107  USD_CHF 2023-12-21 23:43:00+00:00  0.85609  0.85607  0.0  0.0  0.00014  0.491740  0.85609       0
108  USD_CHF 2023-12-21 23:44:00+00:00  0.85604  0.85608  0.0  0.0  0.00015  0.510392  0.85604       0
109  USD_CHF 2023-12-21 23:45:00+00:00  0.85607  0.85606  0.0  0.0  0.00016  0.491573  0.85607       0
110  USD_CHF 2023-12-21 23:46:00+00:00  0.85608  0.85608  0.0  0.0  0.00015  0.495992  0.85608       0
111  USD_CHF 2023-12-21 23:47:00+00:00  0.85614  0.85608  0.0  0.0  0.00017  0.490628  0.85614       0
2023-12-22 00:49:02 CandleManager() new candle:last_candle:23-12-21 23:48 is_ready:True
2023-12-22 00:49:03 tech_manager: max_rows:113 candle_time:2023-12-21 23:48:00+00:00 granularity:M1
2023-12-22 00:49:03 process_candles:
        PAIR                      time    mid_c    mid_o   SL   TP   SPREAD      GAIN     LOSS  SIGNAL
107  USD_CHF 2023-12-21 23:44:00+00:00  0.85604  0.85608  0.0  0.0  0.00015  0.510392  0.85604       0
108  USD_CHF 2023-12-21 23:45:00+00:00  0.85607  0.85606  0.0  0.0  0.00016  0.491573  0.85607       0
109  USD_CHF 2023-12-21 23:46:00+00:00  0.85608  0.85608  0.0  0.0  0.00015  0.495992  0.85608       0
110  USD_CHF 2023-12-21 23:47:00+00:00  0.85614  0.85608  0.0  0.0  0.00017  0.490628  0.85614       0
111  USD_CHF 2023-12-21 23:48:00+00:00  0.85620  0.85614  0.0  0.0  0.00016  0.464579  0.85620       0
2023-12-22 00:50:15 CandleManager() new candle:last_candle:23-12-21 23:49 is_ready:True
2023-12-22 00:50:20 tech_manager: max_rows:113 candle_time:2023-12-21 23:49:00+00:00 granularity:M1
2023-12-22 00:50:20 process_candles:
        PAIR                      time    mid_c    mid_o   SL   TP   SPREAD      GAIN     LOSS  SIGNAL
107  USD_CHF 2023-12-21 23:45:00+00:00  0.85607  0.85606  0.0  0.0  0.00016  0.491573  0.85607       0
108  USD_CHF 2023-12-21 23:46:00+00:00  0.85608  0.85608  0.0  0.0  0.00015  0.495992  0.85608       0
109  USD_CHF 2023-12-21 23:47:00+00:00  0.85614  0.85608  0.0  0.0  0.00017  0.490628  0.85614       0
110  USD_CHF 2023-12-21 23:48:00+00:00  0.85620  0.85614  0.0  0.0  0.00016  0.464579  0.85620       0
111  USD_CHF 2023-12-21 23:49:00+00:00  0.85624  0.85620  0.0  0.0  0.00018  0.486054  0.85624       0
2023-12-22 00:51:10 CandleManager() new candle:last_candle:23-12-21 23:50 is_ready:True
2023-12-22 00:51:12 tech_manager: max_rows:113 candle_time:2023-12-21 23:50:00+00:00 granularity:M1
2023-12-22 00:51:12 process_candles:
        PAIR                      time    mid_c    mid_o   SL   TP   SPREAD      GAIN     LOSS  SIGNAL
107  USD_CHF 2023-12-21 23:46:00+00:00  0.85608  0.85608  0.0  0.0  0.00015  0.495992  0.85608       0
108  USD_CHF 2023-12-21 23:47:00+00:00  0.85614  0.85608  0.0  0.0  0.00017  0.490628  0.85614       0
109  USD_CHF 2023-12-21 23:48:00+00:00  0.85620  0.85614  0.0  0.0  0.00016  0.464579  0.85620       0
110  USD_CHF 2023-12-21 23:49:00+00:00  0.85624  0.85620  0.0  0.0  0.00018  0.486054  0.85624       0
111  USD_CHF 2023-12-21 23:50:00+00:00  0.85624  0.85626  0.0  0.0  0.00018  0.482838  0.85624       0
2023-12-22 00:52:02 CandleManager() new candle:last_candle:23-12-21 23:51 is_ready:True
2023-12-22 00:52:06 tech_manager: max_rows:113 candle_time:2023-12-21 23:51:00+00:00 granularity:M1
2023-12-22 00:52:06 process_candles:
        PAIR                      time    mid_c    mid_o   SL   TP   SPREAD      GAIN     LOSS  SIGNAL
107  USD_CHF 2023-12-21 23:47:00+00:00  0.85614  0.85608  0.0  0.0  0.00017  0.490628  0.85614       0
108  USD_CHF 2023-12-21 23:48:00+00:00  0.85620  0.85614  0.0  0.0  0.00016  0.464579  0.85620       0
109  USD_CHF 2023-12-21 23:49:00+00:00  0.85624  0.85620  0.0  0.0  0.00018  0.486054  0.85624       0
110  USD_CHF 2023-12-21 23:50:00+00:00  0.85624  0.85626  0.0  0.0  0.00018  0.482838  0.85624       0
111  USD_CHF 2023-12-21 23:51:00+00:00  0.85622  0.85620  0.0  0.0  0.00018  0.370091  0.85622       0
