2023-12-21 21:19:23 LogWrapper init() ./logs/USD_JPY.log
2023-12-21 21:19:23 {'bollinger_bands_settings': {'n_ma': 12.0, 'n_std': 2.5, 'maxspread': 0.04, 'mingain': 0.06, 'riskreward': 2.0}, 'ichimoku_cloud_settings': {'n1': 9.0, 'n2': 26.0, 'n3': 52.0}, 'cmf_settings': {'n_cmf': 20.0}}
2023-12-21 21:19:33 CandleManager() init last_candle:last_candle:23-12-21 20:18 is_ready:False
2023-12-21 21:20:07 CandleManager() new candle:last_candle:23-12-21 20:19 is_ready:True
2023-12-21 21:20:13 tech_manager: max_rows:113.0 candle_time:2023-12-21 20:19:00+00:00 granularity:M1
2023-12-21 21:20:13 process_candles:
        PAIR                      time    mid_c    mid_o   SL   TP  SPREAD       GAIN     LOSS  SIGNAL
107  USD_JPY 2023-12-21 20:15:00+00:00  142.282  142.288  0.0  0.0   0.018  71.240078  142.282       0
108  USD_JPY 2023-12-21 20:16:00+00:00  142.280  142.282  0.0  0.0   0.022  71.251116  142.280       0
109  USD_JPY 2023-12-21 20:17:00+00:00  142.286  142.280  0.0  0.0   0.021  71.230490  142.286       0
110  USD_JPY 2023-12-21 20:18:00+00:00  142.281  142.287  0.0  0.0   0.018  71.203257  142.281       0
111  USD_JPY 2023-12-21 20:19:00+00:00  142.274  142.282  0.0  0.0   0.018  71.184702  142.274       0
2023-12-21 21:21:07 CandleManager() new candle:last_candle:23-12-21 20:20 is_ready:True
2023-12-21 21:21:13 tech_manager: max_rows:113.0 candle_time:2023-12-21 20:20:00+00:00 granularity:M1
2023-12-21 21:21:13 process_candles:
        PAIR                      time    mid_c    mid_o   SL   TP  SPREAD       GAIN     LOSS  SIGNAL
107  USD_JPY 2023-12-21 20:16:00+00:00  142.280  142.282  0.0  0.0   0.022  71.251116  142.280       0
108  USD_JPY 2023-12-21 20:17:00+00:00  142.286  142.280  0.0  0.0   0.021  71.230490  142.286       0
109  USD_JPY 2023-12-21 20:18:00+00:00  142.281  142.287  0.0  0.0   0.018  71.203257  142.281       0
110  USD_JPY 2023-12-21 20:19:00+00:00  142.274  142.282  0.0  0.0   0.018  71.184702  142.274       0
111  USD_JPY 2023-12-21 20:20:00+00:00  142.268  142.273  0.0  0.0   0.017  71.203199  142.268       0
2023-12-21 21:22:11 CandleManager() new candle:last_candle:23-12-21 20:21 is_ready:True
2023-12-21 21:22:13 tech_manager: max_rows:113.0 candle_time:2023-12-21 20:21:00+00:00 granularity:M1
2023-12-21 21:22:13 process_candles:
        PAIR                      time    mid_c    mid_o   SL   TP  SPREAD       GAIN     LOSS  SIGNAL
107  USD_JPY 2023-12-21 20:17:00+00:00  142.286  142.280  0.0  0.0   0.021  71.230490  142.286       0
108  USD_JPY 2023-12-21 20:18:00+00:00  142.281  142.287  0.0  0.0   0.018  71.203257  142.281       0
109  USD_JPY 2023-12-21 20:19:00+00:00  142.274  142.282  0.0  0.0   0.018  71.184702  142.274       0
110  USD_JPY 2023-12-21 20:20:00+00:00  142.268  142.273  0.0  0.0   0.017  71.203199  142.268       0
111  USD_JPY 2023-12-21 20:21:00+00:00  142.266  142.269  0.0  0.0   0.020  71.206276  142.266       0
2023-12-21 21:23:05 CandleManager() new candle:last_candle:23-12-21 20:22 is_ready:True
2023-12-21 21:23:06 tech_manager: max_rows:113.0 candle_time:2023-12-21 20:22:00+00:00 granularity:M1
2023-12-21 21:23:07 process_candles:
        PAIR                      time    mid_c    mid_o   SL   TP  SPREAD       GAIN     LOSS  SIGNAL
107  USD_JPY 2023-12-21 20:18:00+00:00  142.281  142.287  0.0  0.0   0.018  71.203257  142.281       0
108  USD_JPY 2023-12-21 20:19:00+00:00  142.274  142.282  0.0  0.0   0.018  71.184702  142.274       0
109  USD_JPY 2023-12-21 20:20:00+00:00  142.268  142.273  0.0  0.0   0.017  71.203199  142.268       0
110  USD_JPY 2023-12-21 20:21:00+00:00  142.266  142.269  0.0  0.0   0.020  71.206276  142.266       0
111  USD_JPY 2023-12-21 20:22:00+00:00  142.252  142.267  0.0  0.0   0.017  71.234111  142.252       0
2023-12-21 21:24:19 CandleManager() new candle:last_candle:23-12-21 20:23 is_ready:True
2023-12-21 21:24:24 tech_manager: max_rows:113.0 candle_time:2023-12-21 20:23:00+00:00 granularity:M1
2023-12-21 21:24:25 process_candles:
        PAIR                      time    mid_c    mid_o   SL   TP  SPREAD       GAIN     LOSS  SIGNAL
107  USD_JPY 2023-12-21 20:19:00+00:00  142.274  142.282  0.0  0.0   0.018  71.184702  142.274       0
108  USD_JPY 2023-12-21 20:20:00+00:00  142.268  142.273  0.0  0.0   0.017  71.203199  142.268       0
109  USD_JPY 2023-12-21 20:21:00+00:00  142.266  142.269  0.0  0.0   0.020  71.206276  142.266       0
110  USD_JPY 2023-12-21 20:22:00+00:00  142.252  142.267  0.0  0.0   0.017  71.234111  142.252       0
111  USD_JPY 2023-12-21 20:23:00+00:00  142.280  142.249  0.0  0.0   0.017  71.209924  142.280       0
2023-12-21 21:25:20 CandleManager() new candle:last_candle:23-12-21 20:24 is_ready:True
2023-12-21 21:25:25 tech_manager: max_rows:113.0 candle_time:2023-12-21 20:24:00+00:00 granularity:M1
2023-12-21 21:25:25 process_candles:
        PAIR                      time    mid_c    mid_o   SL   TP  SPREAD       GAIN     LOSS  SIGNAL
107  USD_JPY 2023-12-21 20:20:00+00:00  142.268  142.273  0.0  0.0   0.017  71.203199  142.268       0
108  USD_JPY 2023-12-21 20:21:00+00:00  142.266  142.269  0.0  0.0   0.020  71.206276  142.266       0
109  USD_JPY 2023-12-21 20:22:00+00:00  142.252  142.267  0.0  0.0   0.017  71.234111  142.252       0
110  USD_JPY 2023-12-21 20:23:00+00:00  142.280  142.249  0.0  0.0   0.017  71.209924  142.280       0
111  USD_JPY 2023-12-21 20:24:00+00:00  142.270  142.280  0.0  0.0   0.016  71.232003  142.270       0
2023-12-21 21:26:21 CandleManager() new candle:last_candle:23-12-21 20:25 is_ready:True
2023-12-21 21:26:23 tech_manager: max_rows:113.0 candle_time:2023-12-21 20:25:00+00:00 granularity:M1
2023-12-21 21:26:23 process_candles:
        PAIR                      time    mid_c    mid_o   SL   TP  SPREAD       GAIN     LOSS  SIGNAL
107  USD_JPY 2023-12-21 20:21:00+00:00  142.266  142.269  0.0  0.0   0.020  71.206276  142.266       0
108  USD_JPY 2023-12-21 20:22:00+00:00  142.252  142.267  0.0  0.0   0.017  71.234111  142.252       0
109  USD_JPY 2023-12-21 20:23:00+00:00  142.280  142.249  0.0  0.0   0.017  71.209924  142.280       0
110  USD_JPY 2023-12-21 20:24:00+00:00  142.270  142.280  0.0  0.0   0.016  71.232003  142.270       0
111  USD_JPY 2023-12-21 20:25:00+00:00  142.262  142.271  0.0  0.0   0.017  71.253442  142.262       0
