2023-12-21 21:19:23 LogWrapper init() ./logs/USD_CAD.log
2023-12-21 21:19:23 {'bollinger_bands_settings': {'n_ma': 12.0, 'n_std': 2.5, 'maxspread': 0.0003, 'mingain': 0.0005, 'riskreward': 2.0}, 'ichimoku_cloud_settings': {'n1': 9.0, 'n2': 26.0, 'n3': 52.0}, 'cmf_settings': {'n_cmf': 20.0}}
2023-12-21 21:19:33 CandleManager() init last_candle:last_candle:23-12-21 20:18 is_ready:False
2023-12-21 21:20:12 CandleManager() new candle:last_candle:23-12-21 20:19 is_ready:True
2023-12-21 21:20:13 tech_manager: max_rows:113.0 candle_time:2023-12-21 20:19:00+00:00 granularity:M1
2023-12-21 21:20:13 process_candles:
        PAIR                      time    mid_c    mid_o   SL   TP   SPREAD      GAIN     LOSS  SIGNAL
107  USD_CAD 2023-12-21 20:15:00+00:00  1.32936  1.32921  0.0  0.0  0.00020  0.786962  1.32936       0
108  USD_CAD 2023-12-21 20:16:00+00:00  1.32933  1.32936  0.0  0.0  0.00020  0.793265  1.32933       0
109  USD_CAD 2023-12-21 20:17:00+00:00  1.32926  1.32932  0.0  0.0  0.00019  0.818311  1.32926       0
110  USD_CAD 2023-12-21 20:18:00+00:00  1.32928  1.32929  0.0  0.0  0.00019  0.804055  1.32928       0
111  USD_CAD 2023-12-21 20:19:00+00:00  1.32924  1.32926  0.0  0.0  0.00021  0.777473  1.32924       0
2023-12-21 21:21:12 CandleManager() new candle:last_candle:23-12-21 20:20 is_ready:True
2023-12-21 21:21:13 tech_manager: max_rows:113.0 candle_time:2023-12-21 20:20:00+00:00 granularity:M1
2023-12-21 21:21:13 process_candles:
        PAIR                      time    mid_c    mid_o   SL   TP   SPREAD      GAIN     LOSS  SIGNAL
107  USD_CAD 2023-12-21 20:16:00+00:00  1.32933  1.32936  0.0  0.0  0.00020  0.793265  1.32933       0
108  USD_CAD 2023-12-21 20:17:00+00:00  1.32926  1.32932  0.0  0.0  0.00019  0.818311  1.32926       0
109  USD_CAD 2023-12-21 20:18:00+00:00  1.32928  1.32929  0.0  0.0  0.00019  0.804055  1.32928       0
110  USD_CAD 2023-12-21 20:19:00+00:00  1.32924  1.32926  0.0  0.0  0.00021  0.777473  1.32924       0
111  USD_CAD 2023-12-21 20:20:00+00:00  1.32920  1.32923  0.0  0.0  0.00020  0.812268  1.32920       0
2023-12-21 21:22:12 CandleManager() new candle:last_candle:23-12-21 20:21 is_ready:True
2023-12-21 21:22:13 tech_manager: max_rows:113.0 candle_time:2023-12-21 20:21:00+00:00 granularity:M1
2023-12-21 21:22:13 process_candles:
        PAIR                      time    mid_c    mid_o   SL   TP   SPREAD      GAIN     LOSS  SIGNAL
107  USD_CAD 2023-12-21 20:17:00+00:00  1.32926  1.32932  0.0  0.0  0.00019  0.818311  1.32926       0
108  USD_CAD 2023-12-21 20:18:00+00:00  1.32928  1.32929  0.0  0.0  0.00019  0.804055  1.32928       0
109  USD_CAD 2023-12-21 20:19:00+00:00  1.32924  1.32926  0.0  0.0  0.00021  0.777473  1.32924       0
110  USD_CAD 2023-12-21 20:20:00+00:00  1.32920  1.32923  0.0  0.0  0.00020  0.812268  1.32920       0
111  USD_CAD 2023-12-21 20:21:00+00:00  1.32926  1.32918  0.0  0.0  0.00020  0.772294  1.32926       0
2023-12-21 21:23:06 CandleManager() new candle:last_candle:23-12-21 20:22 is_ready:True
2023-12-21 21:23:07 tech_manager: max_rows:113.0 candle_time:2023-12-21 20:22:00+00:00 granularity:M1
2023-12-21 21:23:07 process_candles:
        PAIR                      time    mid_c    mid_o   SL   TP   SPREAD      GAIN     LOSS  SIGNAL
107  USD_CAD 2023-12-21 20:18:00+00:00  1.32928  1.32929  0.0  0.0  0.00019  0.804055  1.32928       0
108  USD_CAD 2023-12-21 20:19:00+00:00  1.32924  1.32926  0.0  0.0  0.00021  0.777473  1.32924       0
109  USD_CAD 2023-12-21 20:20:00+00:00  1.32920  1.32923  0.0  0.0  0.00020  0.812268  1.32920       0
110  USD_CAD 2023-12-21 20:21:00+00:00  1.32926  1.32918  0.0  0.0  0.00020  0.772294  1.32926       0
111  USD_CAD 2023-12-21 20:22:00+00:00  1.32918  1.32926  0.0  0.0  0.00019  0.781637  1.32918       0
2023-12-21 21:24:23 CandleManager() new candle:last_candle:23-12-21 20:23 is_ready:True
2023-12-21 21:24:25 tech_manager: max_rows:113.0 candle_time:2023-12-21 20:23:00+00:00 granularity:M1
2023-12-21 21:24:25 process_candles:
        PAIR                      time    mid_c    mid_o   SL   TP   SPREAD      GAIN     LOSS  SIGNAL
107  USD_CAD 2023-12-21 20:19:00+00:00  1.32924  1.32926  0.0  0.0  0.00021  0.777473  1.32924       0
108  USD_CAD 2023-12-21 20:20:00+00:00  1.32920  1.32923  0.0  0.0  0.00020  0.812268  1.32920       0
109  USD_CAD 2023-12-21 20:21:00+00:00  1.32926  1.32918  0.0  0.0  0.00020  0.772294  1.32926       0
110  USD_CAD 2023-12-21 20:22:00+00:00  1.32918  1.32926  0.0  0.0  0.00019  0.781637  1.32918       0
111  USD_CAD 2023-12-21 20:23:00+00:00  1.32927  1.32919  0.0  0.0  0.00018  0.768020  1.32927       0
2023-12-21 21:25:04 CandleManager() new candle:last_candle:23-12-21 20:24 is_ready:True
2023-12-21 21:25:04 tech_manager: max_rows:113.0 candle_time:2023-12-21 20:24:00+00:00 granularity:M1
2023-12-21 21:25:04 process_candles:
        PAIR                      time    mid_c    mid_o   SL   TP   SPREAD      GAIN     LOSS  SIGNAL
107  USD_CAD 2023-12-21 20:20:00+00:00  1.32920  1.32923  0.0  0.0  0.00020  0.812268  1.32920       0
108  USD_CAD 2023-12-21 20:21:00+00:00  1.32926  1.32918  0.0  0.0  0.00020  0.772294  1.32926       0
109  USD_CAD 2023-12-21 20:22:00+00:00  1.32918  1.32926  0.0  0.0  0.00019  0.781637  1.32918       0
110  USD_CAD 2023-12-21 20:23:00+00:00  1.32927  1.32919  0.0  0.0  0.00018  0.768020  1.32927       0
111  USD_CAD 2023-12-21 20:24:00+00:00  1.32934  1.32932  0.0  0.0  0.00018  0.800526  1.32934       0
2023-12-21 21:26:04 CandleManager() new candle:last_candle:23-12-21 20:25 is_ready:True
2023-12-21 21:26:04 tech_manager: max_rows:113.0 candle_time:2023-12-21 20:25:00+00:00 granularity:M1
2023-12-21 21:26:04 process_candles:
        PAIR                      time    mid_c    mid_o   SL   TP   SPREAD      GAIN     LOSS  SIGNAL
107  USD_CAD 2023-12-21 20:21:00+00:00  1.32926  1.32918  0.0  0.0  0.00020  0.772294  1.32926       0
108  USD_CAD 2023-12-21 20:22:00+00:00  1.32918  1.32926  0.0  0.0  0.00019  0.781637  1.32918       0
109  USD_CAD 2023-12-21 20:23:00+00:00  1.32927  1.32919  0.0  0.0  0.00018  0.768020  1.32927       0
110  USD_CAD 2023-12-21 20:24:00+00:00  1.32934  1.32932  0.0  0.0  0.00018  0.800526  1.32934       0
111  USD_CAD 2023-12-21 20:25:00+00:00  1.32942  1.32934  0.0  0.0  0.00015  0.802292  1.32942       0
2023-12-21 21:27:02 CandleManager() new candle:last_candle:23-12-21 20:26 is_ready:True
2023-12-21 21:27:03 tech_manager: max_rows:113.0 candle_time:2023-12-21 20:26:00+00:00 granularity:M1
2023-12-21 21:27:03 process_candles:
        PAIR                      time    mid_c    mid_o   SL   TP   SPREAD      GAIN     LOSS  SIGNAL
107  USD_CAD 2023-12-21 20:22:00+00:00  1.32918  1.32926  0.0  0.0  0.00019  0.781637  1.32918       0
108  USD_CAD 2023-12-21 20:23:00+00:00  1.32927  1.32919  0.0  0.0  0.00018  0.768020  1.32927       0
109  USD_CAD 2023-12-21 20:24:00+00:00  1.32934  1.32932  0.0  0.0  0.00018  0.800526  1.32934       0
110  USD_CAD 2023-12-21 20:25:00+00:00  1.32942  1.32934  0.0  0.0  0.00015  0.802292  1.32942       0
111  USD_CAD 2023-12-21 20:26:00+00:00  1.32922  1.32940  0.0  0.0  0.00015  0.822722  1.32922       0
2023-12-21 21:28:03 CandleManager() new candle:last_candle:23-12-21 20:27 is_ready:True
2023-12-21 21:28:04 tech_manager: max_rows:113.0 candle_time:2023-12-21 20:27:00+00:00 granularity:M1
2023-12-21 21:28:05 process_candles:
        PAIR                      time    mid_c    mid_o   SL   TP   SPREAD      GAIN     LOSS  SIGNAL
107  USD_CAD 2023-12-21 20:23:00+00:00  1.32927  1.32919  0.0  0.0  0.00018  0.768020  1.32927       0
108  USD_CAD 2023-12-21 20:24:00+00:00  1.32934  1.32932  0.0  0.0  0.00018  0.800526  1.32934       0
109  USD_CAD 2023-12-21 20:25:00+00:00  1.32942  1.32934  0.0  0.0  0.00015  0.802292  1.32942       0
110  USD_CAD 2023-12-21 20:26:00+00:00  1.32922  1.32940  0.0  0.0  0.00015  0.822722  1.32922       0
111  USD_CAD 2023-12-21 20:27:00+00:00  1.32912  1.32922  0.0  0.0  0.00016  0.835957  1.32912       0
2023-12-21 21:29:04 CandleManager() new candle:last_candle:23-12-21 20:28 is_ready:True
2023-12-21 21:29:04 tech_manager: max_rows:113.0 candle_time:2023-12-21 20:28:00+00:00 granularity:M1
2023-12-21 21:29:05 process_candles:
        PAIR                      time    mid_c    mid_o   SL   TP   SPREAD      GAIN     LOSS  SIGNAL
107  USD_CAD 2023-12-21 20:24:00+00:00  1.32934  1.32932  0.0  0.0  0.00018  0.800526  1.32934       0
108  USD_CAD 2023-12-21 20:25:00+00:00  1.32942  1.32934  0.0  0.0  0.00015  0.802292  1.32942       0
109  USD_CAD 2023-12-21 20:26:00+00:00  1.32922  1.32940  0.0  0.0  0.00015  0.822722  1.32922       0
110  USD_CAD 2023-12-21 20:27:00+00:00  1.32912  1.32922  0.0  0.0  0.00016  0.835957  1.32912       0
111  USD_CAD 2023-12-21 20:28:00+00:00  1.32904  1.32912  0.0  0.0  0.00015  0.841285  1.32904       0
2023-12-21 21:30:05 CandleManager() new candle:last_candle:23-12-21 20:29 is_ready:True
2023-12-21 21:30:06 tech_manager: max_rows:113.0 candle_time:2023-12-21 20:29:00+00:00 granularity:M1
2023-12-21 21:30:07 process_candles:
        PAIR                      time    mid_c    mid_o        SL        TP   SPREAD      GAIN      LOSS  SIGNAL
107  USD_CAD 2023-12-21 20:25:00+00:00  1.32942  1.32934  0.000000  0.000000  0.00015  0.802292  1.329420       0
108  USD_CAD 2023-12-21 20:26:00+00:00  1.32922  1.32940  0.000000  0.000000  0.00015  0.822722  1.329220       0
109  USD_CAD 2023-12-21 20:27:00+00:00  1.32912  1.32922  0.000000  0.000000  0.00016  0.835957  1.329120       0
110  USD_CAD 2023-12-21 20:28:00+00:00  1.32904  1.32912  0.000000  0.000000  0.00015  0.841285  1.329040       0
111  USD_CAD 2023-12-21 20:29:00+00:00  1.32882  1.32900  0.898926  2.188607  0.00018  0.859787  0.429894       1
2023-12-21 21:30:07 Place Trade: TradeDecision(pair=USD_CAD, direction=1, gain=0.8598, sl=0.8989, tp=2.1886)
2023-12-21 21:30:07 get_trade_units() price ApiPrice() USD_CAD 1.32892 1.32871 0.684104 0.684104
2023-12-21 21:30:07 0.0001 4298.935902856364 0.0023261570365251663 34.0
2023-12-21 21:30:07 Error placing TradeDecision(pair=USD_CAD, direction=1, gain=0.8598, sl=0.8989, tp=2.1886): 'Instrument' object has no attribute 'displayPrecision'
2023-12-21 21:31:17 CandleManager() new candle:last_candle:23-12-21 20:30 is_ready:True
2023-12-21 21:31:19 tech_manager: max_rows:113.0 candle_time:2023-12-21 20:30:00+00:00 granularity:M1
2023-12-21 21:31:19 process_candles:
        PAIR                      time    mid_c    mid_o        SL        TP   SPREAD      GAIN      LOSS  SIGNAL
107  USD_CAD 2023-12-21 20:26:00+00:00  1.32922  1.32940  0.000000  0.000000  0.00015  0.822722  1.329220       0
108  USD_CAD 2023-12-21 20:27:00+00:00  1.32912  1.32922  0.000000  0.000000  0.00016  0.835957  1.329120       0
109  USD_CAD 2023-12-21 20:28:00+00:00  1.32904  1.32912  0.000000  0.000000  0.00015  0.841285  1.329040       0
110  USD_CAD 2023-12-21 20:29:00+00:00  1.32882  1.32900  0.898926  2.188607  0.00018  0.859787  0.429894       1
111  USD_CAD 2023-12-21 20:30:00+00:00  1.32895  1.32882  0.000000  0.000000  0.00018  0.816897  1.328950       0
2023-12-21 21:32:17 CandleManager() new candle:last_candle:23-12-21 20:31 is_ready:True
2023-12-21 21:32:19 tech_manager: max_rows:113.0 candle_time:2023-12-21 20:31:00+00:00 granularity:M1
2023-12-21 21:32:19 process_candles:
        PAIR                      time    mid_c    mid_o        SL        TP   SPREAD      GAIN      LOSS  SIGNAL
107  USD_CAD 2023-12-21 20:27:00+00:00  1.32912  1.32922  0.000000  0.000000  0.00016  0.835957  1.329120       0
108  USD_CAD 2023-12-21 20:28:00+00:00  1.32904  1.32912  0.000000  0.000000  0.00015  0.841285  1.329040       0
109  USD_CAD 2023-12-21 20:29:00+00:00  1.32882  1.32900  0.898926  2.188607  0.00018  0.859787  0.429894       1
110  USD_CAD 2023-12-21 20:30:00+00:00  1.32895  1.32882  0.000000  0.000000  0.00018  0.816897  1.328950       0
111  USD_CAD 2023-12-21 20:31:00+00:00  1.32888  1.32894  0.000000  0.000000  0.00021  0.831912  1.328880       0
